<!DOCTYPE html PUBLIC "-//W3C//DTD XHTML 1.0 Transitional//EN" "http://www.w3.org/TR/xhtml1/DTD/xhtml1-transitional.dtd">
<html lang="ja" xmlns:og="http://ogp.me/ns#" xmlns:mixi="http://mixi-platform.com/ns#" xmlns:fb="http://www.facebook.com/2008/fbml">
<head>
<!---京--->
<meta http-equiv="Content-Type" content="text/html; charset=utf-8">
<meta http-equiv="Content-Style-Type" content="text/css">
<meta http-equiv="Content-Script-Type" content="text/javascript">
<title>Yahoo!スポーツ - プロ野球</title>
<meta name="description" content="ソフトバンク vs 楽天のテキスト速報。一球速報、結果、セ・リーグ、パ・リーグの日程、順位、個人成績、プロ野球に関連した最新ニュース、写真ニュースなどの情報が満載な、Yahoo!スポーツ プロ野球サイトのテキスト速報ページです。">
<meta name="keywords" content="テキスト速報,速報,中継,ソフトバンク,楽天,プロ野球,野球">
<link rel="stylesheet" href="http://i.yimg.jp/images/sports/baseball/npb/live/css/master-npb-live-common.css" type="text/css" media="all">
<link rel="stylesheet" href="http://i.yimg.jp/images/sports/baseball/npb/css/master-npb-common.css" type="text/css" media="all">


<meta property="og:title"       content="Yahoo!プロ野球 - 2013年7月6日 ソフトバンクvs.楽天 テキスト速報" />
<meta property="og:type"        content="website" />
<meta property="og:url"         content="http://baseball.yahoo.co.jp/npb/game/2013070606/text" /> 
<meta property="og:image"       content="http://i.yimg.jp/images/sports/promo/pc/facebook/baseball_76x76.png" />
<meta property="og:site_name"   content="Yahoo!スポーツ" />
<meta property="og:description" content="" />
<meta property="og:locale"      content="ja_JP" />
<meta property="fb:app_id"      content="215456371901325" />
<link rel="apple-touch-icon" href="http://i.yimg.jp/images/sports/promo/pc/facebook/baseball.png">
<script type="text/javascript" src="http://i.yimg.jp/images/sports/js/jquery-1.3.2.min.js"></script><script type="text/javascript" src="http://i.yimg.jp/images/sports/v1/js/sports.global-1.1.1.js"></script>
</head>
<body class="yj950-2">

<div id="wrapper"><div id="contents-body" class="yjSNLive">
<!--main start-->
<div id="main">

<!-- ローカルナビ -->
<div id="ch-navi" class="clearfix mb5p">
<ul class="clearfix">

<li><span><a href="/npb/game/2013070606/top"">試合トップ</a></span></li><!--ナビアクティブ-->

<li class="gray"><span><a>一球速報</a></span></li>


<li class="on"><span><a>テキスト速報</a></span></li>


<li><span><a href="/npb/game/2013070606/stats">投打詳細</a></span></li>

 
<li><span><a href="http://rd.yahoo.co.jp/media/sports/baseball/npb/live/tab/comment/SIG=11urgiqs8/*http%3A//textream.yahoo.co.jp/rd/sports/npb/?game=2013070606">コメント</a></span></li>


</ul>
<em><a href="/npb/schedule/?date=20130706">7月6日（土）</a>ソフトバンク vs. 楽天</em>
</div>

<!-- /ローカルナビ -->

<!-- スコアボード -->
<div id="yjSNLiveTextscoreboard">

<div class="inner">
<table width="100%" cellspacing="0" cellpadding="0" border="0">

<tbody><tr class="chs-title yjS">
<th>&nbsp;</th>
<th>1</th>
<th>2</th>
<th>3</th>
<th>4</th>
<th>5</th>
<th>6</th>
<th>7</th>
<th>8</th>
<th>9</th>
<th>計</th>
<th>安</th>
<th>失</th>
</tr>
<tr class="yjMS">
<th class="E">
<b><a href="/npb/teams/376/">楽天</a></b></th><!--チーム選択-->


<td>
<a href=http://rd.yahoo.co.jp/media/sports/baseball/npb/live/sokuho/SIG=11ool365o/*http%3A//baseball.yahoo.co.jp/npb/game/2013070606/text#i1>2</a>
</td>
<td>
<a href=http://rd.yahoo.co.jp/media/sports/baseball/npb/live/sokuho/SIG=11ool365o/*http%3A//baseball.yahoo.co.jp/npb/game/2013070606/text#i2>0</a>
</td>
<td>
<a href=http://rd.yahoo.co.jp/media/sports/baseball/npb/live/sokuho/SIG=11ool365o/*http%3A//baseball.yahoo.co.jp/npb/game/2013070606/text#i3>1</a>
</td>
<td>
<a href=http://rd.yahoo.co.jp/media/sports/baseball/npb/live/sokuho/SIG=11ool365o/*http%3A//baseball.yahoo.co.jp/npb/game/2013070606/text#i4>0</a>
</td>
<td>
<a href=http://rd.yahoo.co.jp/media/sports/baseball/npb/live/sokuho/SIG=11ool365o/*http%3A//baseball.yahoo.co.jp/npb/game/2013070606/text#i5>2</a>
</td>
<td>
<a href=http://rd.yahoo.co.jp/media/sports/baseball/npb/live/sokuho/SIG=11ool365o/*http%3A//baseball.yahoo.co.jp/npb/game/2013070606/text#i6>1</a>
</td>
<td>
<a href=http://rd.yahoo.co.jp/media/sports/baseball/npb/live/sokuho/SIG=11ool365o/*http%3A//baseball.yahoo.co.jp/npb/game/2013070606/text#i7>0</a>
</td>
<td>
<a href=http://rd.yahoo.co.jp/media/sports/baseball/npb/live/sokuho/SIG=11ool365o/*http%3A//baseball.yahoo.co.jp/npb/game/2013070606/text#i8>0</a>
</td>
<td>
<a href=http://rd.yahoo.co.jp/media/sports/baseball/npb/live/sokuho/SIG=11ool365o/*http%3A//baseball.yahoo.co.jp/npb/game/2013070606/text#i9>2</a>
</td>
<td class="sum">8</td>
<td class="fwn">15</td>
<td class="fwn">0</td>
</tr>
<tr class="yjMS">
<th class="H">

<b><a href="/npb/teams/12/">ソフトバンク</a></b></th><!--チーム選択-->
<td>
<a href=http://rd.yahoo.co.jp/media/sports/baseball/npb/live/sokuho/SIG=11ool365o/*http%3A//baseball.yahoo.co.jp/npb/game/2013070606/text#ii1>2</a>
</td>
<td>
<a href=http://rd.yahoo.co.jp/media/sports/baseball/npb/live/sokuho/SIG=11ool365o/*http%3A//baseball.yahoo.co.jp/npb/game/2013070606/text#ii2>1</a>
</td>
<td>
<a href=http://rd.yahoo.co.jp/media/sports/baseball/npb/live/sokuho/SIG=11ool365o/*http%3A//baseball.yahoo.co.jp/npb/game/2013070606/text#ii3>1</a>
</td>
<td>
<a href=http://rd.yahoo.co.jp/media/sports/baseball/npb/live/sokuho/SIG=11ool365o/*http%3A//baseball.yahoo.co.jp/npb/game/2013070606/text#ii4>0</a>
</td>
<td>
<a href=http://rd.yahoo.co.jp/media/sports/baseball/npb/live/sokuho/SIG=11ool365o/*http%3A//baseball.yahoo.co.jp/npb/game/2013070606/text#ii5>0</a>
</td>
<td>
<a href=http://rd.yahoo.co.jp/media/sports/baseball/npb/live/sokuho/SIG=11ool365o/*http%3A//baseball.yahoo.co.jp/npb/game/2013070606/text#ii6>0</a>
</td>
<td>
<a href=http://rd.yahoo.co.jp/media/sports/baseball/npb/live/sokuho/SIG=11ool365o/*http%3A//baseball.yahoo.co.jp/npb/game/2013070606/text#ii7>0</a>
</td>
<td>
<a href=http://rd.yahoo.co.jp/media/sports/baseball/npb/live/sokuho/SIG=11ool365o/*http%3A//baseball.yahoo.co.jp/npb/game/2013070606/text#ii8>0</a>
</td>
<td>
<a href=http://rd.yahoo.co.jp/media/sports/baseball/npb/live/sokuho/SIG=11ool365o/*http%3A//baseball.yahoo.co.jp/npb/game/2013070606/text#ii9>0</a>
</td>
<td class="sum">4</td>
<td class="fwn">10</td>
<td class="fwn">1</td>
</tr>

</tbody></table>
</div>


<div class="navi clearfix">

<div class="column-left">
</div>

<div class="column-right">

<div class="reflesh clearfix">
<ul class="clearfix">
<li class="auto" title="自動更新"><a id="btn_auto" href="http://rd.yahoo.co.jp/media/sports/baseball/npb/live/auto/SIG=11ool365o/*http%3A//baseball.yahoo.co.jp/npb/game/2013070606/text?manual=2"><i>自動更新</i></a></li>
<li class="manual-on" title="手動更新"><a><i>手動更新</i></a></li>
<li title="更新" class="btn_reflesh"><a href="http://rd.yahoo.co.jp/media/sports/baseball/npb/live/refresh/SIG=11ool365o/*http%3A//baseball.yahoo.co.jp/npb/game/2013070606/text?manual=1"><i>更新</i></a></li>
</ul>
<em>自動更新：30秒</em>
</div>

</div>
</div>

</div>
<!-- /スコアボード -->


<!-- テキスト速報 -->
<div class="yjSportsCommonTitle"><h3 class="yjS"><span><strong>テキスト速報</strong></span></h3></div><div id="yjSNLiveTextlive" class="yjMS">

<div id="i1" class="item E clearfix"><!--チーム選択--><!--イニングid-->
<div class="title"><h3 class="yjS"><b>1回表</b>　楽天の攻撃</h3></div>
<ul>
<li>1：試合開始</li>
<li>2：<a href="/npb/player?id=800084">聖沢</a>　ショートゴロ 1アウト</li>
<li>3：<a href="/npb/player?id=500051">藤田</a>　センターへのヒット 1塁</li>
<li>4：<a href="/npb/player?id=600020">銀次</a>　サードゴロ 2アウト2塁</li>
<li>5：<b class="red"><a href="/npb/player?id=1200129">ジョーンズ</a>　2アウト2塁の1-2からバックスクリーンへの２ランホームランで楽天先制！ ソ0-2楽</b></li>
<li>6：<a href="/npb/player?id=1200136">マギー</a>　一度もバットを振ることなく3球三振 3アウトチェンジ</li>
</ul>
<div class="score yjS">
<p>得点: <b class="red">2</b>、 ヒット:<span class="red">2</span>、 四死球:0</p>
</div>
      
<div class="anker"><a href="#wrapper">ページトップへ</a></div>
</div>
<div id="yads_67572_1441_position_01"></div><div id="ii1" class="item H clearfix"><!--チーム選択--><!--イニングid-->
<div class="title"><h3 class="yjS"><b>1回裏</b>　ソフトバンクの攻撃</h3></div>
<ul>
<li>1：<a href="/npb/player?id=800081">中村</a>　セカンドへの内野安打 1塁</li>
<li>2：<a href="/npb/player?id=600087">本多</a>　ショートへの内野安打 1,2塁</li>
<li>3：<a href="/npb/player?id=11983">内川</a>　ランナー1,2塁から外角高めの真っ直ぐを打つもライトフライ 1アウト1,3塁</li>
<li>4：<b class="red"><a href="/npb/player?id=600084">松田</a>　ランナー1,3塁の2-1からライトへの同点タイムリースリーベース！ ソ2-2楽 3塁</b></li>
<li>5：<a href="/npb/player?id=700101">長谷川</a>　ショートゴロ 2アウト</li>
<li>6：<a href="/npb/player?id=500012">江川</a>　フルカウントから空振りの三振を喫する 3アウトチェンジ</li>
</ul>
<div class="score yjS">
<p>得点:<b class="red">2</b> 、 ヒット:<span class="red">3</span> 、 四死球:0</p>
</div>
</div>
<div id="i2" class="item E clearfix"><!--チーム選択--><!--イニングid-->
<div class="title"><h3 class="yjS"><b>2回表</b>　楽天の攻撃</h3></div>
<ul>
<li>1：<a href="/npb/player?id=600021">枡田</a>　ショートゴロ 1アウト</li>
<li>2：<a href="/npb/player?id=11270">松井</a>　空振り三振でバッターアウト 2アウト</li>
<li>3：<a href="/npb/player?id=700072">嶋</a>　ボテボテのピッチャーゴロ 3アウトチェンジ</li>
</ul>
<div class="score yjS">
<p>得点: 0、 ヒット:0、 四死球:0</p>
</div>
      
<div class="anker"><a href="#wrapper">ページトップへ</a></div>
</div>
<div id="ii2" class="item H clearfix"><!--チーム選択--><!--イニングid-->
<div class="title"><h3 class="yjS"><b>2回裏</b>　ソフトバンクの攻撃</h3></div>
<ul>
<li>1：<a href="/npb/player?id=1000035">今宮</a>　一度もバットを振ることなくフォアボールを選ぶ 1塁</li>
<li>2：<a href="/npb/player?id=1200126">ラヘア</a>　ライトへのヒットで出塁 1,3塁</li>
<li>3：<b class="red"><a href="/npb/player?id=12055">山崎</a>　0アウト1,3塁からライトへの犠牲フライを放つ</b></li>
<li>4：<b class="red">ソフトバンク勝ち越し！ ソ3-2楽 1アウト1塁</b></li>
<li>5：<a href="/npb/player?id=800081">中村</a>　外角高めのストレートを打つもレフトフライ</li>
<li>6：1塁走者ラヘアも戻れずダブルプレー！ 3アウトチェンジ</li>
</ul>
<div class="score yjS">
<p>得点:<b class="red">1</b> 、 ヒット:<span class="red">1</span> 、 四死球:1</p>
</div>
</div>
<div id="i3" class="item E clearfix"><!--チーム選択--><!--イニングid-->
<div class="title"><h3 class="yjS"><b>3回表</b>　楽天の攻撃</h3></div>
<ul>
<li>1：<a href="/npb/player?id=1100132">島内</a>　セカンドゴロ 1アウト</li>
<li>2：<a href="/npb/player?id=800084">聖沢</a>　鋭い打球がピッチャーパディーヤのグラブを襲い内野安打 1塁</li>
<li>3：<a href="/npb/player?id=500051">藤田</a>　センターへのヒットで出塁 1,3塁</li>
<li>4：<b class="red"><a href="/npb/player?id=600020">銀次</a>　松田(三)の悪送球により出塁する</b></li>
<li>5：<b class="red">楽天同点！ ソ3-3楽 1,2塁</b></li>
<li>6：<a href="/npb/player?id=1200129">ジョーンズ</a>　高めのスライダーを見送りフォアボール。ソフトバンク、満塁のピンチをまねく 満塁</li>
<li>7：<a href="/npb/player?id=1200136">マギー</a>　セカンドフライ 2アウト</li>
<li>8：<a href="/npb/player?id=600021">枡田</a>　内角の変化球を打つもセカンドフライ 3アウトチェンジ</li>
</ul>
<div class="score yjS">
<p>得点: <b class="red">1</b>、 ヒット:<span class="red">2</span>、 四死球:1</p>
</div>
      
<div class="anker"><a href="#wrapper">ページトップへ</a></div>
</div>
<div id="ii3" class="item H clearfix"><!--チーム選択--><!--イニングid-->
<div class="title"><h3 class="yjS"><b>3回裏</b>　ソフトバンクの攻撃</h3></div>
<ul>
<li>1：<a href="/npb/player?id=600087">本多</a>　粘りを見せて8球目にフォアボールを選ぶ 1塁</li>
<li>2：一塁走者本多:積極的に初球から走って盗塁成功 2塁</li>
<li>3：<a href="/npb/player?id=11983">内川</a>　外角の変化球を打つもライトフライ 1アウト3塁</li>
<li>4：<b class="red"><a href="/npb/player?id=600084">松田</a>　1アウト3塁の3-1からライトへのタイムリーヒットでソフトバンク勝ち越し！ ソ4-3楽 1塁</b></li>
<li>5：<a href="/npb/player?id=700101">長谷川</a>　外角低めのストレートを打つもセンターフライ 2アウト</li>
<li>6：一塁走者松田:盗塁成功 2塁</li>
<li>7：戸村(投):暴投 3塁</li>
<li>8：<a href="/npb/player?id=500012">江川</a>　フォアボールを選ぶ 1,3塁</li>
<li>9：<b class="green">投手交代:戸村→則本</b></li>
<li>10：<a href="/npb/player?id=1000035">今宮</a>　粘りを見せて9球目にフォアボールを選ぶ 満塁</li>
<li>11：<a href="/npb/player?id=1200126">ラヘア</a>　カウント1-2からワンバウンドした球に空振り、三振を喫する 3アウトチェンジ</li>
</ul>
<div class="score yjS">
<p>得点:<b class="red">1</b> 、 ヒット:<span class="red">1</span> 、 四死球:3</p>
</div>
</div>
<div id="i4" class="item E clearfix"><!--チーム選択--><!--イニングid-->
<div class="title"><h3 class="yjS"><b>4回表</b>　楽天の攻撃</h3></div>
<ul>
<li>1：<a href="/npb/player?id=11270">松井</a>　ライトへの二塁打 2塁</li>
<li>2：<a href="/npb/player?id=700072">嶋</a>　見事送りバントを決める 1アウト3塁</li>
<li>3：<a href="/npb/player?id=1100132">島内</a>　内角高めの球を打つもライトフライ</li>
<li>4：3塁走者松井も戻れずダブルプレー！ 3アウトチェンジ</li>
</ul>
<div class="score yjS">
<p>得点: 0、 ヒット:<span class="red">1</span>、 四死球:0</p>
</div>
      
<div class="anker"><a href="#wrapper">ページトップへ</a></div>
</div>
<div id="ii4" class="item H clearfix"><!--チーム選択--><!--イニングid-->
<div class="title"><h3 class="yjS"><b>4回裏</b>　ソフトバンクの攻撃</h3></div>
<ul>
<li>1：<a href="/npb/player?id=12055">山崎</a>　つまった打球はセカンドへの平凡なゴロとなる 1アウト</li>
<li>2：<a href="/npb/player?id=800081">中村</a>　外角のチェンジアップを打つもレフトフライ 2アウト</li>
<li>3：<a href="/npb/player?id=600087">本多</a>　ファーストゴロ 3アウトチェンジ</li>
</ul>
<div class="score yjS">
<p>得点:0 、 ヒット:0 、 四死球:0</p>
</div>
</div>
<div id="i5" class="item E clearfix"><!--チーム選択--><!--イニングid-->
<div class="title"><h3 class="yjS"><b>5回表</b>　楽天の攻撃</h3></div>
<ul>
<li>1：<a href="/npb/player?id=800084">聖沢</a>　センターへのヒットを放つ 1塁</li>
<li>2：<a href="/npb/player?id=500051">藤田</a>　叩きつける打球で内野安打 1,2塁</li>
<li>3：<b class="red"><a href="/npb/player?id=600020">銀次</a>　0アウト1,2塁の2-2からレフトへの同点タイムリーヒット！ ソ4-4楽 2,3塁</b></li>
<li>4：<a href="/npb/player?id=1200129">ジョーンズ</a>　一度もバットを振ることなく3球三振 1アウト</li>
<li>5：<b class="red"><a href="/npb/player?id=1200136">マギー</a>　ショートゴロの間に楽天1点をあげる ソ4-5楽 2アウト3塁</b></li>
<li>6：<a href="/npb/player?id=600021">枡田</a>　カウント0-2から内角低めにズバっと決まり見逃し三振 3アウトチェンジ</li>
</ul>
<div class="score yjS">
<p>得点: <b class="red">2</b>、 ヒット:<span class="red">3</span>、 四死球:0</p>
</div>
      
<div class="anker"><a href="#wrapper">ページトップへ</a></div>
</div>
<div id="ii5" class="item H clearfix"><!--チーム選択--><!--イニングid-->
<div class="title"><h3 class="yjS"><b>5回裏</b>　ソフトバンクの攻撃</h3></div>
<ul>
<li>1：<b class="green">守備交代:レフト森山</b></li>
<li>2：<a href="/npb/player?id=11983">内川</a>　内角高めのストレートを打つもファーストライナー 1アウト</li>
<li>3：<a href="/npb/player?id=600084">松田</a>　空振りの三振を喫する 2アウト</li>
<li>4：<a href="/npb/player?id=700101">長谷川</a>　ど真ん中のストレートをセンターへ打ってヒット 1塁</li>
<li>5：<a href="/npb/player?id=500012">江川</a>　空振りの三振を喫する 3アウトチェンジ</li>
</ul>
<div class="score yjS">
<p>得点:0 、 ヒット:<span class="red">1</span> 、 四死球:0</p>
</div>
</div>
<div id="i6" class="item E clearfix"><!--チーム選択--><!--イニングid-->
<div class="title"><h3 class="yjS"><b>6回表</b>　楽天の攻撃</h3></div>
<ul>
<li>1：<a href="/npb/player?id=11270">松井</a>　レフトへのヒットで出塁 1塁</li>
<li>2：<a href="/npb/player?id=700072">嶋</a>　見事送りバントを決める 1アウト2塁</li>
<li>3：<b class="green">ピッチャーパディーヤに代わって「まかふしぎな投球」嘉弥真がマウンドにあがる</b></li>
<li>4：<a href="/npb/player?id=1100132">島内</a>　1アウト2塁からセカンドゴロ 2アウト3塁</li>
<li>5：<b class="red"><a href="/npb/player?id=800084">聖沢</a>　ランナー3塁の1-0からレフトへのタイムリーヒット ソ4-6楽 1塁</b></li>
<li>6：<a href="/npb/player?id=500051">藤田</a>　外角のスライダーを打つもレフトフライ 3アウトチェンジ</li>
</ul>
<div class="score yjS">
<p>得点: <b class="red">1</b>、 ヒット:<span class="red">2</span>、 四死球:0</p>
</div>
      
<div class="anker"><a href="#wrapper">ページトップへ</a></div>
</div>
<div id="ii6" class="item H clearfix"><!--チーム選択--><!--イニングid-->
<div class="title"><h3 class="yjS"><b>6回裏</b>　ソフトバンクの攻撃</h3></div>
<ul>
<li>1：<a href="/npb/player?id=1000035">今宮</a>　ライトへのヒットで出塁 1塁</li>
<li>2：則本(投):暴投 2塁</li>
<li>3：<a href="/npb/player?id=1200126">ラヘア</a>　0アウト2塁からセカンドフライ 1アウト</li>
<li>4：<a href="/npb/player?id=12055">山崎</a>　則本のスライダーを引っかけサードゴロ 2アウト</li>
<li>5：<a href="/npb/player?id=800081">中村</a>　外角の落ちる球を打つもレフトフライ 3アウトチェンジ</li>
</ul>
<div class="score yjS">
<p>得点:0 、 ヒット:<span class="red">1</span> 、 四死球:0</p>
</div>
</div>
<div id="i7" class="item E clearfix"><!--チーム選択--><!--イニングid-->
<div class="title"><h3 class="yjS"><b>7回表</b>　楽天の攻撃</h3></div>
<ul>
<li>1：<a href="/npb/player?id=600020">銀次</a>　ハーフスイングを取られて空振りの三振を喫する 1アウト</li>
<li>2：<b class="green">投手交代:嘉弥真→金沢</b></li>
<li>3：<a href="/npb/player?id=1200129">ジョーンズ</a>　外角のスライダーに空振り三振でバッターアウト 2アウト</li>
<li>4：<a href="/npb/player?id=1200136">マギー</a>　高めのスライダーを打つもセンターフライ 3アウトチェンジ</li>
</ul>
<div class="score yjS">
<p>得点: 0、 ヒット:0、 四死球:0</p>
</div>
      
<div class="anker"><a href="#wrapper">ページトップへ</a></div>
</div>
<div id="ii7" class="item H clearfix"><!--チーム選択--><!--イニングid-->
<div class="title"><h3 class="yjS"><b>7回裏</b>　ソフトバンクの攻撃</h3></div>
<ul>
<li>1：<b class="green">ピッチャー則本に代わって小山伸がマウンドにあがる</b></li>
<li>2：<a href="/npb/player?id=600087">本多</a>　ショートゴロ 1アウト</li>
<li>3：<a href="/npb/player?id=11983">内川</a>　センターへのヒット 1塁</li>
<li>4：<a href="/npb/player?id=600084">松田</a>　外角低めの球を打つもセンターフライ 2アウト</li>
<li>5：<a href="/npb/player?id=700101">長谷川</a>　外角低めの落ちる球を打つもセンターフライ 3アウトチェンジ</li>
</ul>
<div class="score yjS">
<p>得点:0 、 ヒット:<span class="red">1</span> 、 四死球:0</p>
</div>
</div>
<div id="i8" class="item E clearfix"><!--チーム選択--><!--イニングid-->
<div class="title"><h3 class="yjS"><b>8回表</b>　楽天の攻撃</h3></div>
<ul>
<li>1：<b class="green">ピッチャー金沢に代わって「闘志を込めた剛速球」星野がマウンドにあがる</b></li>
<li>2：<a href="/npb/player?id=600068">森山</a>　一塁側へセーフティバントを試み、一塁セーフ 1塁</li>
<li>3：<a href="/npb/player?id=11270">松井</a>　外角のストレートを打つもレフトフライ 1アウト</li>
<li>4：<a href="/npb/player?id=700072">嶋</a>　空振りの三振を喫する 2アウト</li>
<li>5：一塁走者森山:盗塁成功 2塁</li>
<li>6：<b class="green">投手交代:星野→森福</b></li>
<li>7：<a href="/npb/player?id=1100132">島内</a>　8球粘るも内角高めの真っ直ぐに空振り三振 3アウトチェンジ</li>
</ul>
<div class="score yjS">
<p>得点: 0、 ヒット:<span class="red">1</span>、 四死球:0</p>
</div>
      
<div class="anker"><a href="#wrapper">ページトップへ</a></div>
</div>
<div id="ii8" class="item H clearfix"><!--チーム選択--><!--イニングid-->
<div class="title"><h3 class="yjS"><b>8回裏</b>　ソフトバンクの攻撃</h3></div>
<ul>
<li>1：<b class="green">ピッチャー小山伸に代わって「局面打開のスライダー」青山がマウンドにあがる</b></li>
<li>2：<a href="/npb/player?id=500012">江川</a>　外角のスライダーを打つもライトフライ 1アウト</li>
<li>3：<a href="/npb/player?id=1000035">今宮</a>　ライトへのヒットを放つ 1塁</li>
<li>4：<a href="/npb/player?id=1200126">ラヘア</a>　外角のフォークボールに空振り三振 2アウト</li>
<li>5：<b class="green">バッター山崎に代わり、「若鷹軍団のラッキーボーイ」福田</b></li>
<li>6：青山(投):暴投 2塁</li>
<li>7：<a href="/npb/player?id=700095">福田</a>　ベンチの期待に応えることができず見逃し三振に倒れる 3アウトチェンジ</li>
</ul>
<div class="score yjS">
<p>得点:0 、 ヒット:<span class="red">1</span> 、 四死球:0</p>
</div>
</div>
<div id="i9" class="item E clearfix"><!--チーム選択--><!--イニングid-->
<div class="title"><h3 class="yjS"><b>9回表</b>　楽天の攻撃</h3></div>
<ul>
<li>1：<b class="green">「屈強捕手」細川がキャッチャーの守備につく　守備変更:中村ライト→ファースト　守備変更:福田→ライト</b></li>
<li>2：<a href="/npb/player?id=800084">聖沢</a>　レフトへのヒットで出塁 1塁</li>
<li>3：<a href="/npb/player?id=500051">藤田</a>　見事送りバントを成功させる 1アウト2塁</li>
<li>4：<a href="/npb/player?id=600020">銀次</a>　ピッチャーゴロ 2アウト</li>
<li>5：<b class="red"><a href="/npb/player?id=1200129">ジョーンズ</a>　2アウト2塁の2-2からタイムリースリーベース！ ソ4-7楽 3塁</b></li>
<li>6：<a href="/npb/player?id=1200136">マギー</a>　敬遠ぎみのフォアボールで歩かされる 1,3塁</li>
<li>7：<b class="red"><a href="/npb/player?id=600068">森山</a>　ランナー1,3塁の0-1からライトへのタイムリーヒット ソ4-8楽 1,2塁</b></li>
<li>8：<b class="green">ピッチャー森福に代わって遅れてきたサブマリン山中がマウンドにあがる</b></li>
<li>9：<a href="/npb/player?id=11270">松井</a>　2アウト1,2塁からセンターへのヒットを放つ</li>
<li>10：2塁走者マギーは走塁死 3アウトチェンジ</li>
</ul>
<div class="score yjS">
<p>得点: <b class="red">2</b>、 ヒット:<span class="red">4</span>、 四死球:1</p>
</div>
      
<div class="anker"><a href="#wrapper">ページトップへ</a></div>
</div>
<div id="ii9" class="item H clearfix"><!--チーム選択--><!--イニングid-->
<div class="title"><h3 class="yjS"><b>9回裏</b>　ソフトバンクの攻撃</h3></div>
<ul>
<li>1：<b class="green">投手交代:青山→ラズナー　「名将が認めたディフェンス」岩崎がサードの守備につく</b></li>
<li>2：<a href="/npb/player?id=800081">中村</a>　ライトへのヒットで出塁 1塁</li>
<li>3：<a href="/npb/player?id=600087">本多</a>　外角のストレートに空振り三振でバッターアウト 1アウト</li>
<li>4：<a href="/npb/player?id=11983">内川</a>　6-4-3のダブルプレー ゲームセット</li>
<li>5：試合終了</li>
</ul>
<div class="score yjS">
<p>得点:0 、 ヒット:<span class="red">1</span> 、 四死球:0</p>
</div>
</div>
</div>
<!-- テキスト速報 -->

<div id="yads_67572_1441_position_02"></div>
</div><!--/#main-->
<!--main end-->

<!--sub start-->
<div id="sub">
<!-- SpaceID=0 robot -->
<!--/#pos-lrec-->

<!-- 他球団モジュール -->
<div class="yjSNLiveCommonsubtitle"><h4 class="yjS"><span>7/6(土)　そのほかの試合</span></h4></div>
<div id="yjSNLiveOthergame">
<table width=100% cellpadding=0 cellspacing=0 border=0>
<tr><td class=''><a alt='そのほかの試合' href='/npb/game/2013070602/'><dl>
<dt>中</dt>
<dd>0 - <b>4</b></dd>
<dt><b>ヤ</b></dt>
</dl>
<div class="none">結果</div></a></td>
<td class=''><a alt='そのほかの試合' href='/npb/game/2013070603/'><dl>
<dt>広</dt>
<dd>2 - <b>3</b></dd>
<dt><b>神</b></dt>
</dl>
<div class="none">結果</div></a></td>
<td class=''><a alt='そのほかの試合' href='/npb/game/2013070604/'><dl>
<dt>日</dt>
<dd>0 - <b>4</b></dd>
<dt><b>オ</b></dt>
</dl>
<div class="none">結果</div></a></td>
</tr><tr><td class=''><a alt='そのほかの試合' href='/npb/game/2013070605/'><dl>
<dt><b>西</b></dt>
<dd><b>7</b> - 3</dd>
<dt>ロ</dt>
</dl>
<div class="none">結果</div></a></td>
<td class='act'><dl>
<dt>ソ</dt>
<dd>4 - <b>8</b></dd>
<dt><b>楽</b></dt>
</dl>
<div>観戦中</div></td>
<td class=''><a alt='そのほかの試合' href='/npb/game/2013070601/'><dl>
<dt>巨</dt>
<dd>3 - <b>4</b></dd>
<dt><b>Ｄ</b></dt>
</dl>
<div class="none">結果</div></a></td>
</tr></table>
</div>

<!-- /他球団モジュール -->
<!--打順-->
<div class="yjSNLiveCommonsubtitle"><h4 class="yjS"><span>打順</span></h4></div>
<div id="yjSNLiveBattinglist" class="clearfix">

<table class="column-left" width=100% cellpadding=0 cellspacing=0 border=0>
<tr class="teamborder">
<th colspan=3 class="E">&nbsp;</th>
<th colspan=3 class="H">&nbsp;</th>
</tr>
<tr class="teamlogo">
<th colspan=3 class="E"><a href="/npb/teams/376/">楽天</a></th>
<th colspan=3 class="H"><a href="/npb/teams/12/">ソフトバンク</a></th>
</tr>

<tr>
<td class="nm">1</td>
<td>中</td>
<td class="pn"><a href="/npb/player?id=800084">聖沢諒</a></td>
<td class="nm">1</td>
<td>一</td>
<td class="pn"><a href="/npb/player?id=800081">中村晃</a></td>
</tr>
<tr>
<td class="nm">2</td>
<td>二</td>
<td class="pn"><a href="/npb/player?id=500051">藤田一也</a></td>
<td class="nm">2</td>
<td>二</td>
<td class="pn"><a href="/npb/player?id=600087">本多雄一</a></td>
</tr>
<tr>
<td class="nm">3</td>
<td>一</td>
<td class="pn"><a href="/npb/player?id=600020">銀次</a></td>
<td class="nm act">3</td>
<td class="act">指</td>
<td class="pn act"><a href="/npb/player?id=11983">内川聖一</a></td>
</tr>
<tr>
<td class="nm">4</td>
<td>指</td>
<td class="pn"><a href="/npb/player?id=1200129">ジョーンズ</a></td>
<td class="nm">4</td>
<td>三</td>
<td class="pn"><a href="/npb/player?id=600084">松田宣浩</a></td>
</tr>
<tr>
<td class="nm">5</td>
<td>三</td>
<td class="pn"><a href="/npb/player?id=700039">岩崎達郎</a></td>
<td class="nm">5</td>
<td>中</td>
<td class="pn"><a href="/npb/player?id=700101">長谷川勇也</a></td>
</tr>
<tr>
<td class="nm">6</td>
<td>左</td>
<td class="pn"><a href="/npb/player?id=600068">森山周</a></td>
<td class="nm">6</td>
<td>左</td>
<td class="pn"><a href="/npb/player?id=500012">江川智晃</a></td>
</tr>
<tr>
<td class="nm">7</td>
<td>遊</td>
<td class="pn"><a href="/npb/player?id=11270">松井稼頭央</a></td>
<td class="nm">7</td>
<td>遊</td>
<td class="pn"><a href="/npb/player?id=1000035">今宮健太</a></td>
</tr>
<tr>
<td class="nm">8</td>
<td>捕</td>
<td class="pn"><a href="/npb/player?id=700072">嶋基宏</a></td>
<td class="nm">8</td>
<td>捕</td>
<td class="pn"><a href="/npb/player?id=12100">細川亨</a></td>
</tr>
<tr>
<td class="nm">9</td>
<td>右</td>
<td class="pn"><a href="/npb/player?id=1100132">島内宏明</a></td>
<td class="nm">9</td>
<td>右</td>
<td class="pn"><a href="/npb/player?id=700095">福田秀平</a></td>
</tr>

</table>

</div>

<!--打順-->

<!--ゲーム差-->
<!--ゲーム差-->


<!--球団情報-->

<!-- /新IM -->

</div><!--/#contents-body-->

 
</div><!-- Facebook -->
<div id="fb-root"></div>
<!-- / Facebook -->
</body>
</html>
