<!DOCTYPE html PUBLIC "-//W3C//DTD XHTML 1.0 Transitional//EN" "http://www.w3.org/TR/xhtml1/DTD/xhtml1-transitional.dtd">
<html lang="ja" xmlns:og="http://ogp.me/ns#" xmlns:mixi="http://mixi-platform.com/ns#" xmlns:fb="http://www.facebook.com/2008/fbml">
<head>
<!---京--->
<meta http-equiv="Content-Type" content="text/html; charset=utf-8">
<meta http-equiv="Content-Style-Type" content="text/css">
<meta http-equiv="Content-Script-Type" content="text/javascript">
<title>Yahoo!スポーツ - プロ野球</title>
<meta name="description" content="日本ハム vs オリックスのテキスト速報。一球速報、結果、セ・リーグ、パ・リーグの日程、順位、個人成績、プロ野球に関連した最新ニュース、写真ニュースなどの情報が満載な、Yahoo!スポーツ プロ野球サイトのテキスト速報ページです。">
<meta name="keywords" content="テキスト速報,速報,中継,日本ハム,オリックス,プロ野球,野球">
<link rel="stylesheet" href="http://i.yimg.jp/images/sports/baseball/npb/live/css/master-npb-live-common.css" type="text/css" media="all">
<link rel="stylesheet" href="http://i.yimg.jp/images/sports/baseball/npb/css/master-npb-common.css" type="text/css" media="all">


<meta property="og:title"       content="Yahoo!プロ野球 - 2013年7月7日 日本ハムvs.オリックス テキスト速報" />
<meta property="og:type"        content="website" />
<meta property="og:url"         content="http://baseball.yahoo.co.jp/npb/game/2013070704/text" /> 
<meta property="og:image"       content="http://i.yimg.jp/images/sports/promo/pc/facebook/baseball_76x76.png" />
<meta property="og:site_name"   content="Yahoo!スポーツ" />
<meta property="og:description" content="" />
<meta property="og:locale"      content="ja_JP" />
<meta property="fb:app_id"      content="215456371901325" />
<link rel="apple-touch-icon" href="http://i.yimg.jp/images/sports/promo/pc/facebook/baseball.png">
<script type="text/javascript" src="http://i.yimg.jp/images/sports/js/jquery-1.3.2.min.js"></script><script type="text/javascript" src="http://i.yimg.jp/images/sports/v1/js/sports.global-1.1.1.js"></script>
</head>
<body class="yj950-2">

<div id="wrapper"><div id="contents-body" class="yjSNLive">
<!--main start-->
<div id="main">

<!-- ローカルナビ -->
<div id="ch-navi" class="clearfix mb5p">
<ul class="clearfix">

<li><span><a href="/npb/game/2013070704/top"">試合トップ</a></span></li><!--ナビアクティブ-->

<li class="gray"><span><a>一球速報</a></span></li>


<li class="on"><span><a>テキスト速報</a></span></li>


<li><span><a href="/npb/game/2013070704/stats">投打詳細</a></span></li>

 
<li><span><a href="http://rd.yahoo.co.jp/media/sports/baseball/npb/live/tab/comment/SIG=11umg84ul/*http%3A//textream.yahoo.co.jp/rd/sports/npb/?game=2013070704">コメント</a></span></li>


</ul>
<em><a href="/npb/schedule/?date=20130707">7月7日（日）</a>日本ハム vs. オリックス</em>
</div>

<!-- /ローカルナビ -->

<!-- スコアボード -->
<div id="yjSNLiveTextscoreboard">

<div class="inner">
<table width="100%" cellspacing="0" cellpadding="0" border="0">

<tbody><tr class="chs-title yjS">
<th>&nbsp;</th>
<th>1</th>
<th>2</th>
<th>3</th>
<th>4</th>
<th>5</th>
<th>6</th>
<th>7</th>
<th>8</th>
<th>9</th>
<th>計</th>
<th>安</th>
<th>失</th>
</tr>
<tr class="yjMS">
<th class="Bs">
<b><a href="/npb/teams/11/">オリックス</a></b></th><!--チーム選択-->


<td>
<a href=http://rd.yahoo.co.jp/media/sports/baseball/npb/live/sokuho/SIG=11oih3r1h/*http%3A//baseball.yahoo.co.jp/npb/game/2013070704/text#i1>0</a>
</td>
<td>
<a href=http://rd.yahoo.co.jp/media/sports/baseball/npb/live/sokuho/SIG=11oih3r1h/*http%3A//baseball.yahoo.co.jp/npb/game/2013070704/text#i2>0</a>
</td>
<td>
<a href=http://rd.yahoo.co.jp/media/sports/baseball/npb/live/sokuho/SIG=11oih3r1h/*http%3A//baseball.yahoo.co.jp/npb/game/2013070704/text#i3>0</a>
</td>
<td>
<a href=http://rd.yahoo.co.jp/media/sports/baseball/npb/live/sokuho/SIG=11oih3r1h/*http%3A//baseball.yahoo.co.jp/npb/game/2013070704/text#i4>0</a>
</td>
<td>
<a href=http://rd.yahoo.co.jp/media/sports/baseball/npb/live/sokuho/SIG=11oih3r1h/*http%3A//baseball.yahoo.co.jp/npb/game/2013070704/text#i5>1</a>
</td>
<td>
<a href=http://rd.yahoo.co.jp/media/sports/baseball/npb/live/sokuho/SIG=11oih3r1h/*http%3A//baseball.yahoo.co.jp/npb/game/2013070704/text#i6>0</a>
</td>
<td>
<a href=http://rd.yahoo.co.jp/media/sports/baseball/npb/live/sokuho/SIG=11oih3r1h/*http%3A//baseball.yahoo.co.jp/npb/game/2013070704/text#i7>0</a>
</td>
<td>
<a href=http://rd.yahoo.co.jp/media/sports/baseball/npb/live/sokuho/SIG=11oih3r1h/*http%3A//baseball.yahoo.co.jp/npb/game/2013070704/text#i8>0</a>
</td>
<td>
<a href=http://rd.yahoo.co.jp/media/sports/baseball/npb/live/sokuho/SIG=11oih3r1h/*http%3A//baseball.yahoo.co.jp/npb/game/2013070704/text#i9>0</a>
</td>
<td class="sum">1</td>
<td class="fwn">8</td>
<td class="fwn">1</td>
</tr>
<tr class="yjMS">
<th class="F">

<b><a href="/npb/teams/8/">日本ハム</a></b></th><!--チーム選択-->
<td>
<a href=http://rd.yahoo.co.jp/media/sports/baseball/npb/live/sokuho/SIG=11oih3r1h/*http%3A//baseball.yahoo.co.jp/npb/game/2013070704/text#ii1>0</a>
</td>
<td>
<a href=http://rd.yahoo.co.jp/media/sports/baseball/npb/live/sokuho/SIG=11oih3r1h/*http%3A//baseball.yahoo.co.jp/npb/game/2013070704/text#ii2>1</a>
</td>
<td>
<a href=http://rd.yahoo.co.jp/media/sports/baseball/npb/live/sokuho/SIG=11oih3r1h/*http%3A//baseball.yahoo.co.jp/npb/game/2013070704/text#ii3>3</a>
</td>
<td>
<a href=http://rd.yahoo.co.jp/media/sports/baseball/npb/live/sokuho/SIG=11oih3r1h/*http%3A//baseball.yahoo.co.jp/npb/game/2013070704/text#ii4>0</a>
</td>
<td>
<a href=http://rd.yahoo.co.jp/media/sports/baseball/npb/live/sokuho/SIG=11oih3r1h/*http%3A//baseball.yahoo.co.jp/npb/game/2013070704/text#ii5>2</a>
</td>
<td>
<a href=http://rd.yahoo.co.jp/media/sports/baseball/npb/live/sokuho/SIG=11oih3r1h/*http%3A//baseball.yahoo.co.jp/npb/game/2013070704/text#ii6>0</a>
</td>
<td>
<a href=http://rd.yahoo.co.jp/media/sports/baseball/npb/live/sokuho/SIG=11oih3r1h/*http%3A//baseball.yahoo.co.jp/npb/game/2013070704/text#ii7>0</a>
</td>
<td>
<a href=http://rd.yahoo.co.jp/media/sports/baseball/npb/live/sokuho/SIG=11oih3r1h/*http%3A//baseball.yahoo.co.jp/npb/game/2013070704/text#ii8>0</a>
</td>
<td>
<a href=http://rd.yahoo.co.jp/media/sports/baseball/npb/live/sokuho/SIG=11oih3r1h/*http%3A//baseball.yahoo.co.jp/npb/game/2013070704/text#ii9>X</a>
</td>
<td class="sum">6</td>
<td class="fwn">8</td>
<td class="fwn">0</td>
</tr>

</tbody></table>
</div>


<div class="navi clearfix">

<div class="column-left">
</div>

<div class="column-right">

<div class="reflesh clearfix">
<ul class="clearfix">
<li class="auto" title="自動更新"><a id="btn_auto" href="http://rd.yahoo.co.jp/media/sports/baseball/npb/live/auto/SIG=11oih3r1h/*http%3A//baseball.yahoo.co.jp/npb/game/2013070704/text?manual=2"><i>自動更新</i></a></li>
<li class="manual-on" title="手動更新"><a><i>手動更新</i></a></li>
<li title="更新" class="btn_reflesh"><a href="http://rd.yahoo.co.jp/media/sports/baseball/npb/live/refresh/SIG=11oih3r1h/*http%3A//baseball.yahoo.co.jp/npb/game/2013070704/text?manual=1"><i>更新</i></a></li>
</ul>
<em>自動更新：30秒</em>
</div>

</div>
</div>

</div>
<!-- /スコアボード -->


<!-- テキスト速報 -->
<div class="yjSportsCommonTitle"><h3 class="yjS"><span><strong>テキスト速報</strong></span></h3></div><div id="yjSNLiveTextlive" class="yjMS">

<div id="i1" class="item Bs clearfix"><!--チーム選択--><!--イニングid-->
<div class="title"><h3 class="yjS"><b>1回表</b>　オリックスの攻撃</h3></div>
<ul>
<li>1：試合開始</li>
<li>2：<a href="/npb/player?id=1000108">駿太</a>　外角の変化球を打つもセカンドゴロ 1アウト</li>
<li>3：<a href="/npb/player?id=700067">原拓</a>　低めのフォークボールを打つもライトフライ 2アウト</li>
<li>4：<a href="/npb/player?id=400057">糸井</a>　一度もバットを振ることなくフォアボールを選ぶ 1塁</li>
<li>5：一塁走者糸井:積極的に初球から走って盗塁成功 2塁</li>
<li>6：<a href="/npb/player?id=700389">李大浩</a>　一打先制の場面で内角のスライダーを打つもファーストゴロ 3アウトチェンジ</li>
</ul>
<div class="score yjS">
<p>得点: 0、 ヒット:0、 四死球:1</p>
</div>
      
<div class="anker"><a href="#wrapper">ページトップへ</a></div>
</div>
<div id="yads_67572_1441_position_01"></div><div id="ii1" class="item F clearfix"><!--チーム選択--><!--イニングid-->
<div class="title"><h3 class="yjS"><b>1回裏</b>　日本ハムの攻撃</h3></div>
<ul>
<li>1：<a href="/npb/player?id=600037">陽</a>　外角のストレートを打つもショートゴロ 1アウト</li>
<li>2：<a href="/npb/player?id=700094">大引</a>　外角のカーブを打つもファーストゴロ 2アウト</li>
<li>3：<a href="/npb/player?id=1300009">アブレイユ</a>　外角のストレートに見逃し三振でバッターアウト！ 3アウトチェンジ</li>
</ul>
<div class="score yjS">
<p>得点:0 、 ヒット:0 、 四死球:0</p>
</div>
</div>
<div id="i2" class="item Bs clearfix"><!--チーム選択--><!--イニングid-->
<div class="title"><h3 class="yjS"><b>2回表</b>　オリックスの攻撃</h3></div>
<ul>
<li>1：<a href="/npb/player?id=20199">坂口</a>　外角のストレートを打つもショートゴロ 1アウト</li>
<li>2：<a href="/npb/player?id=800103">バルディリス</a>　内角のカーブに見逃し三振 2アウト</li>
<li>3：<a href="/npb/player?id=600024">Ｔ－岡田</a>　内角のカーブを打つもセカンドゴロ 3アウトチェンジ</li>
</ul>
<div class="score yjS">
<p>得点: 0、 ヒット:0、 四死球:0</p>
</div>
      
<div class="anker"><a href="#wrapper">ページトップへ</a></div>
</div>
<div id="ii2" class="item F clearfix"><!--チーム選択--><!--イニングid-->
<div class="title"><h3 class="yjS"><b>2回裏</b>　日本ハムの攻撃</h3></div>
<ul>
<li>1：<a href="/npb/player?id=800054">中田</a>　センターへポテンヒットを放つ 1塁</li>
<li>2：<a href="/npb/player?id=11331">稲葉</a>　外角のストレートを見送り四球を選ぶ 1,2塁</li>
<li>3：<a href="/npb/player?id=20227">小谷野</a>　バントするもＴ－岡田(一)のエラーにより出塁する 満塁</li>
<li>4：<a href="/npb/player?id=1200087">大谷</a>　低めのストレートを打つもファーストゴロ 1アウト満塁</li>
<li>5：<b class="red"><a href="/npb/player?id=20225">鶴岡</a>　ランナーフルベースの2-2から押し出し死球 日1-0オ 満塁</b></li>
<li>6：<a href="/npb/player?id=900069">中島卓</a>　外角の落ちる球を打つもセカンドゴロ 2アウト満塁</li>
<li>7：<a href="/npb/player?id=600037">陽</a>　カウント2-2から空振りの三振を喫する 3アウトチェンジ</li>
</ul>
<div class="score yjS">
<p>得点:<b class="red">1</b> 、 ヒット:<span class="red">1</span> 、 四死球:2</p>
</div>
</div>
<div id="i3" class="item Bs clearfix"><!--チーム選択--><!--イニングid-->
<div class="title"><h3 class="yjS"><b>3回表</b>　オリックスの攻撃</h3></div>
<ul>
<li>1：<a href="/npb/player?id=800075">伊藤</a>　外角のカーブを打つもサードゴロ 1アウト</li>
<li>2：<a href="/npb/player?id=1100105">安達</a>　外角のカーブを打つもセカンドゴロ 2アウト</li>
<li>3：<a href="/npb/player?id=1000108">駿太</a>　外角のストレートに空振り三振 3アウトチェンジ</li>
</ul>
<div class="score yjS">
<p>得点: 0、 ヒット:0、 四死球:0</p>
</div>
      
<div class="anker"><a href="#wrapper">ページトップへ</a></div>
</div>
<div id="ii3" class="item F clearfix"><!--チーム選択--><!--イニングid-->
<div class="title"><h3 class="yjS"><b>3回裏</b>　日本ハムの攻撃</h3></div>
<ul>
<li>1：<a href="/npb/player?id=700094">大引</a>　ど真ん中のストレートを打つもライトフライ 1アウト</li>
<li>2：<a href="/npb/player?id=1300009">アブレイユ</a>　内角のストレートを打つもセカンドゴロ 2アウト</li>
<li>3：<a href="/npb/player?id=800054">中田</a>　外角のストレートをライトへ打ってヒット 1塁</li>
<li>4：<a href="/npb/player?id=11331">稲葉</a>　一度もバットを振ることなくフォアボールを選ぶ 1,2塁</li>
<li>5：<a href="/npb/player?id=20227">小谷野</a>　2アウト1,2塁からレフトへのヒット 満塁</li>
<li>6：<b class="red"><a href="/npb/player?id=1200087">大谷</a>　ランナーフルベースからセンターへ走者一掃となるタイムリーツーベース！ 日4-0オ 3塁</b></li>
<li>7：<a href="/npb/player?id=20225">鶴岡</a>　外角のカーブを打つもショートゴロ 3アウトチェンジ</li>
</ul>
<div class="score yjS">
<p>得点:<b class="red">3</b> 、 ヒット:<span class="red">3</span> 、 四死球:1</p>
</div>
</div>
<div id="i4" class="item Bs clearfix"><!--チーム選択--><!--イニングid-->
<div class="title"><h3 class="yjS"><b>4回表</b>　オリックスの攻撃</h3></div>
<ul>
<li>1：<a href="/npb/player?id=700067">原拓</a>　一度もバットを振ることなくフォアボールを選ぶ 1塁</li>
<li>2：<a href="/npb/player?id=400057">糸井</a>　ど真ん中のカーブを打つもセカンドライナー 1アウト</li>
<li>3：<a href="/npb/player?id=700389">李大浩</a>　レフトへのヒットで出塁 1,2塁</li>
<li>4：<a href="/npb/player?id=20199">坂口</a>　一度もバットを振ることなくストレートのフォアボールを選ぶ 満塁</li>
<li>5：<a href="/npb/player?id=800103">バルディリス</a>　高めのストレートに空振り三振でバッターアウト 2アウト</li>
<li>6：<a href="/npb/player?id=600024">Ｔ－岡田</a>　外角の真っ直ぐを打つもセカンドゴロ 3アウトチェンジ</li>
</ul>
<div class="score yjS">
<p>得点: 0、 ヒット:<span class="red">1</span>、 四死球:2</p>
</div>
      
<div class="anker"><a href="#wrapper">ページトップへ</a></div>
</div>
<div id="ii4" class="item F clearfix"><!--チーム選択--><!--イニングid-->
<div class="title"><h3 class="yjS"><b>4回裏</b>　日本ハムの攻撃</h3></div>
<ul>
<li>1：<a href="/npb/player?id=900069">中島卓</a>　外角のストレートに空振り三振でバッターアウト 1アウト</li>
<li>2：<a href="/npb/player?id=600037">陽</a>　空振りの三振を喫する 2アウト</li>
<li>3：<a href="/npb/player?id=700094">大引</a>　外角のカーブを打つもサードゴロ 3アウトチェンジ</li>
</ul>
<div class="score yjS">
<p>得点:0 、 ヒット:0 、 四死球:0</p>
</div>
</div>
<div id="i5" class="item Bs clearfix"><!--チーム選択--><!--イニングid-->
<div class="title"><h3 class="yjS"><b>5回表</b>　オリックスの攻撃</h3></div>
<ul>
<li>1：<a href="/npb/player?id=800075">伊藤</a>　ど真ん中のストレートを打つもセンターフライ 1アウト</li>
<li>2：<a href="/npb/player?id=1100105">安達</a>　ワンバウンドした球を空振り三振 2アウト</li>
<li>3：<a href="/npb/player?id=1000108">駿太</a>　ライトへのヒット 1塁</li>
<li>4：<a href="/npb/player?id=700067">原拓</a>　レフトへのヒットを放つ 1,2塁</li>
<li>5：<b class="red"><a href="/npb/player?id=400057">糸井</a>　2アウト1,2塁の2-1からセンターへのタイムリーヒット 日4-1オ 1,2塁</b></li>
<li>6：<b class="green">投手交代:中村→石井</b></li>
<li>7：<a href="/npb/player?id=700389">李大浩</a>　2アウト1,2塁からレフトへのヒット 満塁</li>
<li>8：<a href="/npb/player?id=20199">坂口</a>　ファウルフライを小谷野(三)が捕球してバッターアウト 3アウトチェンジ</li>
</ul>
<div class="score yjS">
<p>得点: <b class="red">1</b>、 ヒット:<span class="red">4</span>、 四死球:0</p>
</div>
      
<div class="anker"><a href="#wrapper">ページトップへ</a></div>
</div>
<div id="ii5" class="item F clearfix"><!--チーム選択--><!--イニングid-->
<div class="title"><h3 class="yjS"><b>5回裏</b>　日本ハムの攻撃</h3></div>
<ul>
<li>1：<b class="red"><a href="/npb/player?id=1300009">アブレイユ</a>　1-1からライトスタンドへのホームラン 日5-1オ</b></li>
<li>2：<a href="/npb/player?id=800054">中田</a>　レフトへの二塁打 2塁</li>
<li>3：<b class="green">投手交代:西→小松</b></li>
<li>4：<a href="/npb/player?id=11331">稲葉</a>　外角のストレートを打つもセカンドゴロ 1アウト3塁</li>
<li>5：<a href="/npb/player?id=20227">小谷野</a>　一度もバットを振ることなくフォアボールを選ぶ 1,3塁</li>
<li>6：<a href="/npb/player?id=1200087">大谷</a>　空振りの三振を喫する 2アウト</li>
<li>7：<b class="red"><a href="/npb/player?id=20225">鶴岡</a>　ランナー1,3塁の2-2からセンターへのタイムリーヒット 日6-1オ 1,2塁</b></li>
<li>8：<a href="/npb/player?id=900069">中島卓</a>　ランナー1,2塁から外角のストレートを打つもセンターライナー 3アウトチェンジ</li>
</ul>
<div class="score yjS">
<p>得点:<b class="red">2</b> 、 ヒット:<span class="red">3</span> 、 四死球:1</p>
</div>
</div>
<div id="i6" class="item Bs clearfix"><!--チーム選択--><!--イニングid-->
<div class="title"><h3 class="yjS"><b>6回表</b>　オリックスの攻撃</h3></div>
<ul>
<li>1：<b class="green">投手交代:石井→矢貫</b></li>
<li>2：<a href="/npb/player?id=800103">バルディリス</a>　ライトへのヒットで出塁 1塁</li>
<li>3：<a href="/npb/player?id=600024">Ｔ－岡田</a>　ライトへのヒットを放つ</li>
<li>4：1塁走者バルディリスは2塁を回って3塁に向かうもアウト！ 1アウト1塁</li>
<li>5：<a href="/npb/player?id=800075">伊藤</a>　7球粘った末に空振りの三振を喫する 2アウト</li>
<li>6：<a href="/npb/player?id=1100105">安達</a>　低めのストレートをライトへ打ってヒット 1,2塁</li>
<li>7：<a href="/npb/player?id=1000108">駿太</a>　150キロの真っ直ぐを見送り四球を選ぶ 満塁</li>
<li>8：<b class="green">原拓→代打:高橋信</b></li>
<li>9：<a href="/npb/player?id=11548">高橋信</a>　外角のストレートを打つもセカンドゴロ 3アウトチェンジ</li>
</ul>
<div class="score yjS">
<p>得点: 0、 ヒット:<span class="red">3</span>、 四死球:1</p>
</div>
      
<div class="anker"><a href="#wrapper">ページトップへ</a></div>
</div>
<div id="ii6" class="item F clearfix"><!--チーム選択--><!--イニングid-->
<div class="title"><h3 class="yjS"><b>6回裏</b>　日本ハムの攻撃</h3></div>
<ul>
<li>1：<b class="green">守備交代:セカンド三ツ俣</b></li>
<li>2：<a href="/npb/player?id=600037">陽</a>　高めのフォークボールをレフトへ打ってヒット 1塁</li>
<li>3：一塁走者陽:盗塁を試みるもアウト 1アウト</li>
<li>4：<a href="/npb/player?id=700094">大引</a>　外角のストレートを打つもショートゴロ 2アウト</li>
<li>5：<a href="/npb/player?id=1300009">アブレイユ</a>　外角のストレートを見送りフォアボールを選ぶ 1塁</li>
<li>6：<a href="/npb/player?id=800054">中田</a>　外角の変化球を打つもセカンドフライ 3アウトチェンジ</li>
</ul>
<div class="score yjS">
<p>得点:0 、 ヒット:<span class="red">1</span> 、 四死球:1</p>
</div>
</div>
<div id="i7" class="item Bs clearfix"><!--チーム選択--><!--イニングid-->
<div class="title"><h3 class="yjS"><b>7回表</b>　オリックスの攻撃</h3></div>
<ul>
<li>1：<b class="green">投手交代:矢貫→宮西</b></li>
<li>2：<a href="/npb/player?id=400057">糸井</a>　一度もバットを振ることなくフォアボールを選ぶ 1塁</li>
<li>3：<a href="/npb/player?id=700389">李大浩</a>　外角のスライダーを打つも6-4-3のダブルプレー 2アウト</li>
<li>4：<a href="/npb/player?id=20199">坂口</a>　内角の変化球を打つもセカンドゴロ 3アウトチェンジ</li>
</ul>
<div class="score yjS">
<p>得点: 0、 ヒット:0、 四死球:1</p>
</div>
      
<div class="anker"><a href="#wrapper">ページトップへ</a></div>
</div>
<div id="ii7" class="item F clearfix"><!--チーム選択--><!--イニングid-->
<div class="title"><h3 class="yjS"><b>7回裏</b>　日本ハムの攻撃</h3></div>
<ul>
<li>1：<b class="green">ピッチャー小松に代わって「実践型左腕」海田がマウンドにあがる　正捕手確保にトライする伏見がキャッチャーの守備につく</b></li>
<li>2：<a href="/npb/player?id=11331">稲葉</a>　高めのカットボールを打つもショートライナー 1アウト</li>
<li>3：<a href="/npb/player?id=20227">小谷野</a>　内角の真っ直ぐを打つもショートゴロ 2アウト</li>
<li>4：<a href="/npb/player?id=1200087">大谷</a>　外角のストレートを見送りフォアボールを選ぶ 1塁</li>
<li>5：<a href="/npb/player?id=20225">鶴岡</a>　ファウルフライをＴ－岡田(一)がつかんでバッターアウト 3アウトチェンジ</li>
</ul>
<div class="score yjS">
<p>得点:0 、 ヒット:0 、 四死球:1</p>
</div>
</div>
<div id="i8" class="item Bs clearfix"><!--チーム選択--><!--イニングid-->
<div class="title"><h3 class="yjS"><b>8回表</b>　オリックスの攻撃</h3></div>
<ul>
<li>1：<b class="green">投手交代:宮西→増井　守備交代:サード飯山　守備変更:小谷野サード→ファースト</b></li>
<li>2：<a href="/npb/player?id=800103">バルディリス</a>　ワンバウンドした球に空振り、三振を喫する 1アウト</li>
<li>3：<a href="/npb/player?id=600024">Ｔ－岡田</a>　151キロのストレートを打つもレフトフライ 2アウト</li>
<li>4：<a href="/npb/player?id=1200100">伏見</a>　153キロのストレートに見逃し三振 3アウトチェンジ</li>
</ul>
<div class="score yjS">
<p>得点: 0、 ヒット:0、 四死球:0</p>
</div>
      
<div class="anker"><a href="#wrapper">ページトップへ</a></div>
</div>
<div id="ii8" class="item F clearfix"><!--チーム選択--><!--イニングid-->
<div class="title"><h3 class="yjS"><b>8回裏</b>　日本ハムの攻撃</h3></div>
<ul>
<li>1：<b class="green">ピッチャー海田に代わって躍動感あふれる近藤がマウンドにあがる</b></li>
<li>2：<a href="/npb/player?id=900069">中島卓</a>　低めの落ちる球を打つもセンターフライ 1アウト</li>
<li>3：<a href="/npb/player?id=600037">陽</a>　低めのカーブを打つもサードゴロ 2アウト</li>
<li>4：<a href="/npb/player?id=700094">大引</a>　低めのストレートを打つもファーストライナー 3アウトチェンジ</li>
</ul>
<div class="score yjS">
<p>得点:0 、 ヒット:0 、 四死球:0</p>
</div>
</div>
<div id="i9" class="item Bs clearfix"><!--チーム選択--><!--イニングid-->
<div class="title"><h3 class="yjS"><b>9回表</b>　オリックスの攻撃</h3></div>
<ul>
<li>1：<b class="green">ピッチャー増井に代わって「フランチャイズキーパーソン」鍵谷がマウンドにあがる</b></li>
<li>2：<a href="/npb/player?id=1100105">安達</a>　内角の真っ直ぐを打つもサードゴロ 1アウト</li>
<li>3：<a href="/npb/player?id=1000108">駿太</a>　高めのストレートに空振り三振 2アウト</li>
<li>4：<b class="green">バッター三ツ俣に代わり、「内野安打量産」深江</b></li>
<li>5：<a href="/npb/player?id=1000112">深江</a>　高めのボール球につられて空振り三振 ゲームセット</li>
<li>6：試合終了</li>
</ul>
<div class="score yjS">
<p>得点: 0、 ヒット:0、 四死球:0</p>
</div>
      
<div class="anker"><a href="#wrapper">ページトップへ</a></div>
</div>
</div>
<!-- テキスト速報 -->

<div id="yads_67572_1441_position_02"></div>
</div><!--/#main-->
<!--main end-->

<!--sub start-->
<div id="sub">
<!-- SpaceID=0 robot -->
<!--/#pos-lrec-->

<!-- 他球団モジュール -->
<div class="yjSNLiveCommonsubtitle"><h4 class="yjS"><span>7/7(日)　そのほかの試合</span></h4></div>
<div id="yjSNLiveOthergame">
<table width=100% cellpadding=0 cellspacing=0 border=0>
<tr><td class='act'><dl>
<dt><b>日</b></dt>
<dd><b>6</b> - 1</dd>
<dt>オ</dt>
</dl>
<div>観戦中</div></td>
<td class=''><a alt='そのほかの試合' href='/npb/game/2013070705/'><dl>
<dt><b>西</b></dt>
<dd><b>11</b> - 2</dd>
<dt>ロ</dt>
</dl>
<div class="none">結果</div></a></td>
<td class=''><a alt='そのほかの試合' href='/npb/game/2013070706/'><dl>
<dt>ソ</dt>
<dd>0 - <b>7</b></dd>
<dt><b>楽</b></dt>
</dl>
<div class="none">結果</div></a></td>
</tr><tr><td class=''><a alt='そのほかの試合' href='/npb/game/2013070703/'><dl>
<dt>広</dt>
<dd>0 - <b>4</b></dd>
<dt><b>神</b></dt>
</dl>
<div class="none">結果</div></a></td>
<td class=''><a alt='そのほかの試合' href='/npb/game/2013070701/'><dl>
<dt><b>巨</b></dt>
<dd><b>2</b> - 0</dd>
<dt>Ｄ</dt>
</dl>
<div class="none">結果</div></a></td>
<td class=''><a alt='そのほかの試合' href='/npb/game/2013070702/'><dl>
<dt>中</dt>
<dd>3 - <b>5</b></dd>
<dt><b>ヤ</b></dt>
</dl>
<div class="none">結果</div></a></td>
</tr></table>
</div>

<!-- /他球団モジュール -->
<!--打順-->
<div class="yjSNLiveCommonsubtitle"><h4 class="yjS"><span>打順</span></h4></div>
<div id="yjSNLiveBattinglist" class="clearfix">

<table class="column-left" width=100% cellpadding=0 cellspacing=0 border=0>
<tr class="teamborder">
<th colspan=3 class="Bs">&nbsp;</th>
<th colspan=3 class="F">&nbsp;</th>
</tr>
<tr class="teamlogo">
<th colspan=3 class="Bs"><a href="/npb/teams/11/">オリックス</a></th>
<th colspan=3 class="F"><a href="/npb/teams/8/">日本ハム</a></th>
</tr>

<tr>
<td class="nm">1</td>
<td>中</td>
<td class="pn"><a href="/npb/player?id=1000108">駿太</a></td>
<td class="nm">1</td>
<td>中</td>
<td class="pn"><a href="/npb/player?id=600037">陽岱鋼</a></td>
</tr>
<tr>
<td class="nm act">2</td>
<td class="act">代</td>
<td class="pn act"><a href="/npb/player?id=1000112">深江真登</a></td>
<td class="nm">2</td>
<td>遊</td>
<td class="pn"><a href="/npb/player?id=700094">大引啓次</a></td>
</tr>
<tr>
<td class="nm">3</td>
<td>右</td>
<td class="pn"><a href="/npb/player?id=400057">糸井嘉男</a></td>
<td class="nm">3</td>
<td>指</td>
<td class="pn"><a href="/npb/player?id=1300009">アブレイユ</a></td>
</tr>
<tr>
<td class="nm">4</td>
<td>指</td>
<td class="pn"><a href="/npb/player?id=700389">李大浩</a></td>
<td class="nm">4</td>
<td>左</td>
<td class="pn"><a href="/npb/player?id=800054">中田翔</a></td>
</tr>
<tr>
<td class="nm">5</td>
<td>左</td>
<td class="pn"><a href="/npb/player?id=20199">坂口智隆</a></td>
<td class="nm">5</td>
<td>三</td>
<td class="pn"><a href="/npb/player?id=11686">飯山裕志</a></td>
</tr>
<tr>
<td class="nm">6</td>
<td>三</td>
<td class="pn"><a href="/npb/player?id=800103">バルディリス</a></td>
<td class="nm">6</td>
<td>一</td>
<td class="pn"><a href="/npb/player?id=20227">小谷野栄一</a></td>
</tr>
<tr>
<td class="nm">7</td>
<td>一</td>
<td class="pn"><a href="/npb/player?id=600024">Ｔ−岡田</a></td>
<td class="nm">7</td>
<td>右</td>
<td class="pn"><a href="/npb/player?id=1200087">大谷翔平</a></td>
</tr>
<tr>
<td class="nm">8</td>
<td>捕</td>
<td class="pn"><a href="/npb/player?id=1200100">伏見寅威</a></td>
<td class="nm">8</td>
<td>捕</td>
<td class="pn"><a href="/npb/player?id=20225">鶴岡慎也</a></td>
</tr>
<tr>
<td class="nm">9</td>
<td>遊</td>
<td class="pn"><a href="/npb/player?id=1100105">安達了一</a></td>
<td class="nm">9</td>
<td>二</td>
<td class="pn"><a href="/npb/player?id=900069">中島卓也</a></td>
</tr>

</table>

</div>

<!--打順-->

<!--ゲーム差-->
<!--ゲーム差-->


<!--球団情報-->

<!-- /新IM -->

</div><!--/#contents-body-->

 
</div><!-- Facebook -->
<div id="fb-root"></div>
<!-- / Facebook -->
</body>
</html>
