<!DOCTYPE html PUBLIC "-//W3C//DTD XHTML 1.0 Transitional//EN" "http://www.w3.org/TR/xhtml1/DTD/xhtml1-transitional.dtd">
<html lang="ja" xmlns:og="http://ogp.me/ns#" xmlns:mixi="http://mixi-platform.com/ns#" xmlns:fb="http://www.facebook.com/2008/fbml">
<head>
<!---京--->
<meta http-equiv="Content-Type" content="text/html; charset=utf-8">
<meta http-equiv="Content-Style-Type" content="text/css">
<meta http-equiv="Content-Script-Type" content="text/javascript">
<title>Yahoo!スポーツ - プロ野球</title>
<meta name="description" content="ソフトバンク vs 日本ハムのテキスト速報。一球速報、結果、セ・リーグ、パ・リーグの日程、順位、個人成績、プロ野球に関連した最新ニュース、写真ニュースなどの情報が満載な、Yahoo!スポーツ プロ野球サイトのテキスト速報ページです。">
<meta name="keywords" content="テキスト速報,速報,中継,ソフトバンク,日本ハム,プロ野球,野球">
<link rel="stylesheet" href="http://i.yimg.jp/images/sports/baseball/npb/live/css/master-npb-live-common.css" type="text/css" media="all">
<link rel="stylesheet" href="http://i.yimg.jp/images/sports/baseball/npb/css/master-npb-common.css" type="text/css" media="all">


<meta property="og:title"       content="Yahoo!プロ野球 - 2013年7月1日 ソフトバンクvs.日本ハム テキスト速報" />
<meta property="og:type"        content="website" />
<meta property="og:url"         content="http://baseball.yahoo.co.jp/npb/game/2013070101/text" /> 
<meta property="og:image"       content="http://i.yimg.jp/images/sports/promo/pc/facebook/baseball_76x76.png" />
<meta property="og:site_name"   content="Yahoo!スポーツ" />
<meta property="og:description" content="" />
<meta property="og:locale"      content="ja_JP" />
<meta property="fb:app_id"      content="215456371901325" />
<link rel="apple-touch-icon" href="http://i.yimg.jp/images/sports/promo/pc/facebook/baseball.png">
<script type="text/javascript" src="http://i.yimg.jp/images/sports/js/jquery-1.3.2.min.js"></script><script type="text/javascript" src="http://i.yimg.jp/images/sports/v1/js/sports.global-1.1.1.js"></script>
</head>
<body class="yj950-2">

<div id="wrapper"><div id="contents-body" class="yjSNLive">
<!--main start-->
<div id="main">

<!-- ローカルナビ -->
<div id="ch-navi" class="clearfix mb5p">
<ul class="clearfix">

<li><span><a href="/npb/game/2013070101/top"">試合トップ</a></span></li><!--ナビアクティブ-->

<li class="gray"><span><a>一球速報</a></span></li>


<li class="on"><span><a>テキスト速報</a></span></li>


<li><span><a href="/npb/game/2013070101/stats">投打詳細</a></span></li>

 
<li><span><a href="http://rd.yahoo.co.jp/media/sports/baseball/npb/live/tab/comment/SIG=11uii5fki/*http%3A//textream.yahoo.co.jp/rd/sports/npb/?game=2013070101">コメント</a></span></li>


</ul>
<em><a href="/npb/schedule/?date=20130701">7月1日（月）</a>ソフトバンク vs. 日本ハム</em>
</div>

<!-- /ローカルナビ -->

<!-- スコアボード -->
<div id="yjSNLiveTextscoreboard">

<div class="inner">
<table width="100%" cellspacing="0" cellpadding="0" border="0">

<tbody><tr class="chs-title yjS">
<th>&nbsp;</th>
<th>1</th>
<th>2</th>
<th>3</th>
<th>4</th>
<th>5</th>
<th>6</th>
<th>7</th>
<th>8</th>
<th>9</th>
<th>計</th>
<th>安</th>
<th>失</th>
</tr>
<tr class="yjMS">
<th class="F">
<b><a href="/npb/teams/8/">日本ハム</a></b></th><!--チーム選択-->


<td>
<a href=http://rd.yahoo.co.jp/media/sports/baseball/npb/live/sokuho/SIG=11omhhm3v/*http%3A//baseball.yahoo.co.jp/npb/game/2013070101/text#i1>3</a>
</td>
<td>
<a href=http://rd.yahoo.co.jp/media/sports/baseball/npb/live/sokuho/SIG=11omhhm3v/*http%3A//baseball.yahoo.co.jp/npb/game/2013070101/text#i2>2</a>
</td>
<td>
<a href=http://rd.yahoo.co.jp/media/sports/baseball/npb/live/sokuho/SIG=11omhhm3v/*http%3A//baseball.yahoo.co.jp/npb/game/2013070101/text#i3>1</a>
</td>
<td>
<a href=http://rd.yahoo.co.jp/media/sports/baseball/npb/live/sokuho/SIG=11omhhm3v/*http%3A//baseball.yahoo.co.jp/npb/game/2013070101/text#i4>0</a>
</td>
<td>
<a href=http://rd.yahoo.co.jp/media/sports/baseball/npb/live/sokuho/SIG=11omhhm3v/*http%3A//baseball.yahoo.co.jp/npb/game/2013070101/text#i5>0</a>
</td>
<td>
<a href=http://rd.yahoo.co.jp/media/sports/baseball/npb/live/sokuho/SIG=11omhhm3v/*http%3A//baseball.yahoo.co.jp/npb/game/2013070101/text#i6>0</a>
</td>
<td>
<a href=http://rd.yahoo.co.jp/media/sports/baseball/npb/live/sokuho/SIG=11omhhm3v/*http%3A//baseball.yahoo.co.jp/npb/game/2013070101/text#i7>1</a>
</td>
<td>
<a href=http://rd.yahoo.co.jp/media/sports/baseball/npb/live/sokuho/SIG=11omhhm3v/*http%3A//baseball.yahoo.co.jp/npb/game/2013070101/text#i8>0</a>
</td>
<td>
<a href=http://rd.yahoo.co.jp/media/sports/baseball/npb/live/sokuho/SIG=11omhhm3v/*http%3A//baseball.yahoo.co.jp/npb/game/2013070101/text#i9>0</a>
</td>
<td class="sum">7</td>
<td class="fwn">13</td>
<td class="fwn">1</td>
</tr>
<tr class="yjMS">
<th class="H">

<b><a href="/npb/teams/12/">ソフトバンク</a></b></th><!--チーム選択-->
<td>
<a href=http://rd.yahoo.co.jp/media/sports/baseball/npb/live/sokuho/SIG=11omhhm3v/*http%3A//baseball.yahoo.co.jp/npb/game/2013070101/text#ii1>0</a>
</td>
<td>
<a href=http://rd.yahoo.co.jp/media/sports/baseball/npb/live/sokuho/SIG=11omhhm3v/*http%3A//baseball.yahoo.co.jp/npb/game/2013070101/text#ii2>1</a>
</td>
<td>
<a href=http://rd.yahoo.co.jp/media/sports/baseball/npb/live/sokuho/SIG=11omhhm3v/*http%3A//baseball.yahoo.co.jp/npb/game/2013070101/text#ii3>2</a>
</td>
<td>
<a href=http://rd.yahoo.co.jp/media/sports/baseball/npb/live/sokuho/SIG=11omhhm3v/*http%3A//baseball.yahoo.co.jp/npb/game/2013070101/text#ii4>3</a>
</td>
<td>
<a href=http://rd.yahoo.co.jp/media/sports/baseball/npb/live/sokuho/SIG=11omhhm3v/*http%3A//baseball.yahoo.co.jp/npb/game/2013070101/text#ii5>0</a>
</td>
<td>
<a href=http://rd.yahoo.co.jp/media/sports/baseball/npb/live/sokuho/SIG=11omhhm3v/*http%3A//baseball.yahoo.co.jp/npb/game/2013070101/text#ii6>0</a>
</td>
<td>
<a href=http://rd.yahoo.co.jp/media/sports/baseball/npb/live/sokuho/SIG=11omhhm3v/*http%3A//baseball.yahoo.co.jp/npb/game/2013070101/text#ii7>0</a>
</td>
<td>
<a href=http://rd.yahoo.co.jp/media/sports/baseball/npb/live/sokuho/SIG=11omhhm3v/*http%3A//baseball.yahoo.co.jp/npb/game/2013070101/text#ii8>0</a>
</td>
<td>
<a href=http://rd.yahoo.co.jp/media/sports/baseball/npb/live/sokuho/SIG=11omhhm3v/*http%3A//baseball.yahoo.co.jp/npb/game/2013070101/text#ii9>0</a>
</td>
<td class="sum">6</td>
<td class="fwn">13</td>
<td class="fwn">0</td>
</tr>

</tbody></table>
</div>


<div class="navi clearfix">

<div class="column-left">
</div>

<div class="column-right">

<div class="reflesh clearfix">
<ul class="clearfix">
<li class="auto" title="自動更新"><a id="btn_auto" href="http://rd.yahoo.co.jp/media/sports/baseball/npb/live/auto/SIG=11omhhm3v/*http%3A//baseball.yahoo.co.jp/npb/game/2013070101/text?manual=2"><i>自動更新</i></a></li>
<li class="manual-on" title="手動更新"><a><i>手動更新</i></a></li>
<li title="更新" class="btn_reflesh"><a href="http://rd.yahoo.co.jp/media/sports/baseball/npb/live/refresh/SIG=11omhhm3v/*http%3A//baseball.yahoo.co.jp/npb/game/2013070101/text?manual=1"><i>更新</i></a></li>
</ul>
<em>自動更新：30秒</em>
</div>

</div>
</div>

</div>
<!-- /スコアボード -->


<!-- テキスト速報 -->
<div class="yjSportsCommonTitle"><h3 class="yjS"><span><strong>テキスト速報</strong></span></h3></div><div id="yjSNLiveTextlive" class="yjMS">

<div id="i1" class="item F clearfix"><!--チーム選択--><!--イニングid-->
<div class="title"><h3 class="yjS"><b>1回表</b>　日本ハムの攻撃</h3></div>
<ul>
<li>1：試合開始</li>
<li>2：<a href="/npb/player?id=600037">陽</a>　高めのストレートをレフトへ打ってヒット 1塁</li>
<li>3：<a href="/npb/player?id=700094">大引</a>　外角の真っ直ぐを打つもショートゴロ 1アウト2塁</li>
<li>4：<a href="/npb/player?id=1300009">アブレイユ</a>　一度もバットを振ることなくストレートのフォアボールを選ぶ 1,2塁</li>
<li>5：<a href="/npb/player?id=800054">中田</a>　ファウルフライを中村(一)がつかんでバッターアウト 2アウト</li>
<li>6：<b class="red"><a href="/npb/player?id=20227">小谷野</a>　2アウト1,2塁の3-1からレフトへのタイムリーヒットで日本ハム先制！ ソ0-1日 1,2塁</b></li>
<li>7：<b class="red"><a href="/npb/player?id=500026">鵜久森</a>　ランナー1,2塁の0-1からセンターへのタイムリーヒット ソ0-2日 1,3塁</b></li>
<li>8：<b class="red"><a href="/npb/player?id=11274">金子誠</a>　2アウト1,3塁の2-1からレフトへのタイムリーヒット ソ0-3日 1,2塁</b></li>
<li>9：<a href="/npb/player?id=900065">大野</a>　2アウト1,2塁から高めの真っ直ぐを打つもセンターフライ 3アウトチェンジ</li>
</ul>
<div class="score yjS">
<p>得点: <b class="red">3</b>、 ヒット:<span class="red">4</span>、 四死球:1</p>
</div>
      
<div class="anker"><a href="#wrapper">ページトップへ</a></div>
</div>
<div id="yads_67572_1441_position_01"></div><div id="ii1" class="item H clearfix"><!--チーム選択--><!--イニングid-->
<div class="title"><h3 class="yjS"><b>1回裏</b>　ソフトバンクの攻撃</h3></div>
<ul>
<li>1：<a href="/npb/player?id=800081">中村</a>　内角のシュートを打つもファーストゴロ 1アウト</li>
<li>2：<a href="/npb/player?id=600087">本多</a>　外角のストレートを打つもセンターフライ 2アウト</li>
<li>3：<a href="/npb/player?id=11983">内川</a>　センターへのヒット 1塁</li>
<li>4：<a href="/npb/player?id=600084">松田</a>　ワンバウンドした球を空振り三振 3アウトチェンジ</li>
</ul>
<div class="score yjS">
<p>得点:0 、 ヒット:<span class="red">1</span> 、 四死球:0</p>
</div>
</div>
<div id="i2" class="item F clearfix"><!--チーム選択--><!--イニングid-->
<div class="title"><h3 class="yjS"><b>2回表</b>　日本ハムの攻撃</h3></div>
<ul>
<li>1：<b class="green">投手交代:山田→岩崎　守備交代:キャッチャー山崎</b></li>
<li>2：<a href="/npb/player?id=11686">飯山</a>　外角の真っ直ぐをライトへ打ってヒット 1塁</li>
<li>3：岩崎(投):暴投 2塁</li>
<li>4：<b class="red"><a href="/npb/player?id=600037">陽</a>　0アウト2塁の3-2からライトへタイムリーツーベース！ ソ0-4日 2塁</b></li>
<li>5：<a href="/npb/player?id=700094">大引</a>　空振りの三振を喫する 1アウト</li>
<li>6：<a href="/npb/player?id=1300009">アブレイユ</a>　内角の真っ直ぐを打つもショートゴロ 2アウト3塁</li>
<li>7：<b class="red"><a href="/npb/player?id=800054">中田</a>　2アウト3塁の1-0からライトへのタイムリーヒット ソ0-5日 1塁</b></li>
<li>8：<a href="/npb/player?id=20227">小谷野</a>　外角の変化球に見逃し三振 3アウトチェンジ</li>
</ul>
<div class="score yjS">
<p>得点: <b class="red">2</b>、 ヒット:<span class="red">3</span>、 四死球:0</p>
</div>
      
<div class="anker"><a href="#wrapper">ページトップへ</a></div>
</div>
<div id="ii2" class="item H clearfix"><!--チーム選択--><!--イニングid-->
<div class="title"><h3 class="yjS"><b>2回裏</b>　ソフトバンクの攻撃</h3></div>
<ul>
<li>1：<b class="red"><a href="/npb/player?id=700101">長谷川</a>　カウント1-2から右中間へのホームラン ソ1-5日</b></li>
<li>2：<a href="/npb/player?id=500012">江川</a>　内角のスライダーを打つもセンターフライ 1アウト</li>
<li>3：<a href="/npb/player?id=500010">中西</a>　外角のチェンジアップを打つもセンターフライ 2アウト</li>
<li>4：<a href="/npb/player?id=1000035">今宮</a>　ライトへのヒットで出塁 1塁</li>
<li>5：<a href="/npb/player?id=12055">山崎</a>　ワンバウンドした球を空振り三振 3アウトチェンジ</li>
</ul>
<div class="score yjS">
<p>得点:<b class="red">1</b> 、 ヒット:<span class="red">2</span> 、 四死球:0</p>
</div>
</div>
<div id="i3" class="item F clearfix"><!--チーム選択--><!--イニングid-->
<div class="title"><h3 class="yjS"><b>3回表</b>　日本ハムの攻撃</h3></div>
<ul>
<li>1：<a href="/npb/player?id=500026">鵜久森</a>　外角の変化球を打つもレフトフライ 1アウト</li>
<li>2：<a href="/npb/player?id=11274">金子誠</a>　死球を受ける 1塁</li>
<li>3：<a href="/npb/player?id=900065">大野</a>　ライトへのヒット 1,3塁</li>
<li>4：<b class="red"><a href="/npb/player?id=11686">飯山</a>　1アウト1,3塁の2-2からセンターへの犠牲フライを放つ ソ1-6日 2アウト1塁</b></li>
<li>5：<a href="/npb/player?id=600037">陽</a>　センターへのヒットで出塁 1,2塁</li>
<li>6：<a href="/npb/player?id=700094">大引</a>　外角の変化球を打つもショートライナー 3アウトチェンジ</li>
</ul>
<div class="score yjS">
<p>得点: <b class="red">1</b>、 ヒット:<span class="red">2</span>、 四死球:1</p>
</div>
      
<div class="anker"><a href="#wrapper">ページトップへ</a></div>
</div>
<div id="ii3" class="item H clearfix"><!--チーム選択--><!--イニングid-->
<div class="title"><h3 class="yjS"><b>3回裏</b>　ソフトバンクの攻撃</h3></div>
<ul>
<li>1：<a href="/npb/player?id=800081">中村</a>　ライトへのヒットを放つ 1塁</li>
<li>2：<a href="/npb/player?id=600087">本多</a>　金子誠(二)のトンネルにより出塁する 1,3塁</li>
<li>3：<b class="red"><a href="/npb/player?id=11983">内川</a>　0アウト1,3塁の1-0からセンターへ2点タイムリーツーベース！ ソ3-6日 2塁</b></li>
<li>4：<a href="/npb/player?id=600084">松田</a>　内角のストレートを打つもショートフライ 1アウト</li>
<li>5：<a href="/npb/player?id=700101">長谷川</a>　ランナー2塁からど真ん中の真っ直ぐを打つもファーストゴロ 2アウト3塁</li>
<li>6：<a href="/npb/player?id=500012">江川</a>　一度もバットを振ることなく四球を選ぶ 1,3塁</li>
<li>7：<a href="/npb/player?id=500010">中西</a>　低めのチェンジアップを打つもサードゴロ 3アウトチェンジ</li>
</ul>
<div class="score yjS">
<p>得点:<b class="red">2</b> 、 ヒット:<span class="red">2</span> 、 四死球:1</p>
</div>
</div>
<div id="i4" class="item F clearfix"><!--チーム選択--><!--イニングid-->
<div class="title"><h3 class="yjS"><b>4回表</b>　日本ハムの攻撃</h3></div>
<ul>
<li>1：<a href="/npb/player?id=1300009">アブレイユ</a>　内角のフォークボールに空振り三振でバッターアウト 1アウト</li>
<li>2：<a href="/npb/player?id=800054">中田</a>　低めのカーブを打つもショートゴロ 2アウト</li>
<li>3：<a href="/npb/player?id=20227">小谷野</a>　10球目の落ちる球を打つもショートライナー 3アウトチェンジ</li>
</ul>
<div class="score yjS">
<p>得点: 0、 ヒット:0、 四死球:0</p>
</div>
      
<div class="anker"><a href="#wrapper">ページトップへ</a></div>
</div>
<div id="ii4" class="item H clearfix"><!--チーム選択--><!--イニングid-->
<div class="title"><h3 class="yjS"><b>4回裏</b>　ソフトバンクの攻撃</h3></div>
<ul>
<li>1：<a href="/npb/player?id=1000035">今宮</a>　センターへのヒットを放つ 1塁</li>
<li>2：<a href="/npb/player?id=12055">山崎</a>　見事送りバントを決める 1アウト2塁</li>
<li>3：<b class="red"><a href="/npb/player?id=800081">中村</a>　1アウト2塁の1-1からセンターへのタイムリーヒット ソ4-6日 1塁</b></li>
<li>4：<a href="/npb/player?id=600087">本多</a>　内角のチェンジアップを見送りフォアボールを選ぶ 1,2塁</li>
<li>5：<b class="green">投手交代:武田勝→鍵谷</b></li>
<li>6：<a href="/npb/player?id=11983">内川</a>　ランナー1,2塁からレフトへのヒットを放つ 満塁</li>
<li>7：<b class="red"><a href="/npb/player?id=600084">松田</a>　1アウト満塁の2-0からレフトへのタイムリーヒットでソフトバンク同点！ ソ6-6日 1,2塁</b></li>
<li>8：<a href="/npb/player?id=700101">長谷川</a>　外角の真っ直ぐに空振り三振でバッターアウト 2アウト</li>
<li>9：<a href="/npb/player?id=500012">江川</a>　カウント2-2から外角のスライダーに空振り三振でバッターアウト 3アウトチェンジ</li>
</ul>
<div class="score yjS">
<p>得点:<b class="red">3</b> 、 ヒット:<span class="red">4</span> 、 四死球:1</p>
</div>
</div>
<div id="i5" class="item F clearfix"><!--チーム選択--><!--イニングid-->
<div class="title"><h3 class="yjS"><b>5回表</b>　日本ハムの攻撃</h3></div>
<ul>
<li>1：<a href="/npb/player?id=500026">鵜久森</a>　高めのストレートを打つもセンターフライ 1アウト</li>
<li>2：<b class="green">金子誠→代打:今浪</b></li>
<li>3：<a href="/npb/player?id=700063">今浪</a>　ワンバウンドした球に空振り、三振を喫する 2アウト</li>
<li>4：<a href="/npb/player?id=900065">大野</a>　低めの落ちる球を打つもセカンドゴロ 3アウトチェンジ</li>
</ul>
<div class="score yjS">
<p>得点: 0、 ヒット:0、 四死球:0</p>
</div>
      
<div class="anker"><a href="#wrapper">ページトップへ</a></div>
</div>
<div id="ii5" class="item H clearfix"><!--チーム選択--><!--イニングid-->
<div class="title"><h3 class="yjS"><b>5回裏</b>　ソフトバンクの攻撃</h3></div>
<ul>
<li>1：<b class="green">守備交代:ファースト稲葉　守備交代:ライト谷口　守備変更:今浪→セカンド</b></li>
<li>2：<a href="/npb/player?id=500010">中西</a>　ど真ん中のストレートを打つもセンターフライ 1アウト</li>
<li>3：<a href="/npb/player?id=1000035">今宮</a>　空振りの三振を喫する 2アウト</li>
<li>4：<a href="/npb/player?id=12055">山崎</a>　ど真ん中のストレートを打つもサードゴロ 3アウトチェンジ</li>
</ul>
<div class="score yjS">
<p>得点:0 、 ヒット:0 、 四死球:0</p>
</div>
</div>
<div id="i6" class="item F clearfix"><!--チーム選択--><!--イニングid-->
<div class="title"><h3 class="yjS"><b>6回表</b>　日本ハムの攻撃</h3></div>
<ul>
<li>1：<a href="/npb/player?id=1000103">谷口</a>　外角の落ちる球を打つもセカンドゴロ 1アウト</li>
<li>2：<a href="/npb/player?id=600037">陽</a>　死球を受ける 1塁</li>
<li>3：<a href="/npb/player?id=700094">大引</a>　外角のストレートを打つもセンターフライ 2アウト</li>
<li>4：<a href="/npb/player?id=11331">稲葉</a>　高めのストレートをライトへ打ってヒット 1,2塁</li>
<li>5：<b class="green">投手交代:岩崎→千賀</b></li>
<li>6：千賀(投):暴投 1,3塁</li>
<li>7：<a href="/npb/player?id=800054">中田</a>　一打勝ち越しの場面で内角の落ちる球を打つもレフトフライ 3アウトチェンジ</li>
</ul>
<div class="score yjS">
<p>得点: 0、 ヒット:<span class="red">1</span>、 四死球:1</p>
</div>
      
<div class="anker"><a href="#wrapper">ページトップへ</a></div>
</div>
<div id="ii6" class="item H clearfix"><!--チーム選択--><!--イニングid-->
<div class="title"><h3 class="yjS"><b>6回裏</b>　ソフトバンクの攻撃</h3></div>
<ul>
<li>1：<a href="/npb/player?id=800081">中村</a>　一度もバットを振ることなくフォアボールを選ぶ 1塁</li>
<li>2：<a href="/npb/player?id=600087">本多</a>　ど真ん中の真っ直ぐを打つもセカンドフライ 1アウト</li>
<li>3：<a href="/npb/player?id=11983">内川</a>　センターへのヒットを放つ 1,2塁</li>
<li>4：<a href="/npb/player?id=600084">松田</a>　ファウルフライを小谷野(三)が捕球してバッターアウト 2アウト</li>
<li>5：<b class="green">投手交代:鍵谷→宮西</b></li>
<li>6：<a href="/npb/player?id=700101">長谷川</a>　一打勝ち越しの場面で内角の真っ直ぐを打つもピッチャーゴロ 3アウトチェンジ</li>
</ul>
<div class="score yjS">
<p>得点:0 、 ヒット:<span class="red">1</span> 、 四死球:1</p>
</div>
</div>
<div id="i7" class="item F clearfix"><!--チーム選択--><!--イニングid-->
<div class="title"><h3 class="yjS"><b>7回表</b>　日本ハムの攻撃</h3></div>
<ul>
<li>1：<a href="/npb/player?id=20227">小谷野</a>　内角のスライダーをセンターへ打ってヒット 1塁</li>
<li>2：<a href="/npb/player?id=500026">鵜久森</a>　送りバントを試みるもファウルフライとなりアウト 1アウト</li>
<li>3：<a href="/npb/player?id=700063">今浪</a>　一度もバットを振ることなくフォアボールを選ぶ 1,2塁</li>
<li>4：<a href="/npb/player?id=900065">大野</a>　内角のストレートを見送りフォアボール。ソフトバンク、満塁のピンチをまねく 満塁</li>
<li>5：<a href="/npb/player?id=1000103">谷口</a>　高めのボール球につられて空振り三振 2アウト</li>
<li>6：<b class="red"><a href="/npb/player?id=600037">陽</a>　2アウト満塁の3-2から押し出しのフォアボール ソ6-7日 満塁</b></li>
<li>7：<b class="green">大引→代打:ホフパワー</b></li>
<li>8：<b class="green">ピッチャー千賀に代わって「まかふしぎな投球」嘉弥真がマウンドにあがる</b></li>
<li>9：<a href="/npb/player?id=900142">ホフパワー</a>　カウント1-2からワンバウンドした球に空振り、三振を喫する 3アウトチェンジ</li>
</ul>
<div class="score yjS">
<p>得点: <b class="red">1</b>、 ヒット:<span class="red">1</span>、 四死球:3</p>
</div>
      
<div class="anker"><a href="#wrapper">ページトップへ</a></div>
</div>
<div id="ii7" class="item H clearfix"><!--チーム選択--><!--イニングid-->
<div class="title"><h3 class="yjS"><b>7回裏</b>　ソフトバンクの攻撃</h3></div>
<ul>
<li>1：<b class="green">守備交代:ショート中島卓</b></li>
<li>2：<a href="/npb/player?id=500012">江川</a>　レフトへの二塁打 2塁</li>
<li>3：<a href="/npb/player?id=500010">中西</a>　見事送りバントを決める 1アウト3塁</li>
<li>4：<b class="green">ピッチャー宮西に代わって矢貫がマウンドにあがる</b></li>
<li>5：<a href="/npb/player?id=1000035">今宮</a>　ファウルフライを稲葉(一)が捕球してバッターアウト 2アウト</li>
<li>6：<b class="green">バッター山崎に代わり、「バリバリのメジャーリーガー」ラヘア</b></li>
<li>7：<a href="/npb/player?id=1200126">ラヘア</a>　一打同点の場面で外角のフォークボールを打つもサードゴロ 3アウトチェンジ</li>
</ul>
<div class="score yjS">
<p>得点:0 、 ヒット:<span class="red">1</span> 、 四死球:0</p>
</div>
</div>
<div id="i8" class="item F clearfix"><!--チーム選択--><!--イニングid-->
<div class="title"><h3 class="yjS"><b>8回表</b>　日本ハムの攻撃</h3></div>
<ul>
<li>1：<b class="green">「屈強捕手」細川がキャッチャーの守備につく</b></li>
<li>2：<a href="/npb/player?id=11331">稲葉</a>　高めのストレートを打つもレフトフライ 1アウト</li>
<li>3：<b class="green">ピッチャー嘉弥真に代わって「不死鳥セットアップ」柳瀬がマウンドにあがる</b></li>
<li>4：<a href="/npb/player?id=800054">中田</a>　外角のフォークボールを打つもピッチャーゴロ 2アウト</li>
<li>5：<a href="/npb/player?id=20227">小谷野</a>　センターへのヒット 1塁</li>
<li>6：一塁走者小谷野:盗塁を試みるもアウト 3アウトチェンジ</li>
</ul>
<div class="score yjS">
<p>得点: 0、 ヒット:<span class="red">1</span>、 四死球:0</p>
</div>
      
<div class="anker"><a href="#wrapper">ページトップへ</a></div>
</div>
<div id="ii8" class="item H clearfix"><!--チーム選択--><!--イニングid-->
<div class="title"><h3 class="yjS"><b>8回裏</b>　ソフトバンクの攻撃</h3></div>
<ul>
<li>1：<b class="green">ピッチャー矢貫に代わって増井がマウンドにあがる</b></li>
<li>2：<a href="/npb/player?id=800081">中村</a>　外角のストレートを打つもセンターフライ 1アウト</li>
<li>3：<a href="/npb/player?id=600087">本多</a>　空振りの三振を喫する 2アウト</li>
<li>4：<a href="/npb/player?id=11983">内川</a>　ファウルフライを谷口(右)が捕球してバッターアウト 3アウトチェンジ</li>
</ul>
<div class="score yjS">
<p>得点:0 、 ヒット:0 、 四死球:0</p>
</div>
</div>
<div id="i9" class="item F clearfix"><!--チーム選択--><!--イニングid-->
<div class="title"><h3 class="yjS"><b>9回表</b>　日本ハムの攻撃</h3></div>
<ul>
<li>1：<a href="/npb/player?id=500026">鵜久森</a>　レフトへのヒットを放つ 1塁</li>
<li>2：<b class="green">1塁走者鵜久森に代わり、ハイスピードでかき回す村田</b></li>
<li>3：<a href="/npb/player?id=700063">今浪</a>　見事送りバントを決める 1アウト2塁</li>
<li>4：<a href="/npb/player?id=900065">大野</a>　ランナー2塁から高めのストレートを打つもセカンドゴロ 2アウト3塁</li>
<li>5：<a href="/npb/player?id=1000103">谷口</a>　内角のフォークボールを打つもサードゴロ 3アウトチェンジ</li>
</ul>
<div class="score yjS">
<p>得点: 0、 ヒット:<span class="red">1</span>、 四死球:0</p>
</div>
      
<div class="anker"><a href="#wrapper">ページトップへ</a></div>
</div>
<div id="ii9" class="item H clearfix"><!--チーム選択--><!--イニングid-->
<div class="title"><h3 class="yjS"><b>9回裏</b>　ソフトバンクの攻撃</h3></div>
<ul>
<li>1：<b class="green">ピッチャー増井に代わって「パーフェクト・コントロール」武田久がマウンドにあがる　チームのために体を張る鶴岡がキャッチャーの守備につく　守備変更:村田→ライト　守備変更:谷口ライト→レフト</b></li>
<li>2：<a href="/npb/player?id=600084">松田</a>　外角のスライダーに空振り三振 1アウト</li>
<li>3：<a href="/npb/player?id=700101">長谷川</a>　ライトへのヒットを放つ 1塁</li>
<li>4：<a href="/npb/player?id=500012">江川</a>　内角のシュートを打つもピッチャーフライ 2アウト</li>
<li>5：<a href="/npb/player?id=500010">中西</a>　ショートへの内野安打 1,2塁</li>
<li>6：<a href="/npb/player?id=1000035">今宮</a>　外角の変化球を見送りフォアボールを選ぶ 満塁</li>
<li>7：<b class="green">2塁走者中西に代わり、俊足自慢の金子</b></li>
<li>8：<a href="/npb/player?id=12100">細川</a>　一打逆転サヨナラの場面で外角の真っ直ぐに空振り三振！決定機を逃す ゲームセット</li>
<li>9：試合終了</li>
</ul>
<div class="score yjS">
<p>得点:0 、 ヒット:<span class="red">2</span> 、 四死球:1</p>
</div>
</div>
</div>
<!-- テキスト速報 -->

<div id="yads_67572_1441_position_02"></div>
</div><!--/#main-->
<!--main end-->

<!--sub start-->
<div id="sub">
<!-- SpaceID=0 robot -->
<!--/#pos-lrec-->

<!-- 他球団モジュール -->
<div class="yjSNLiveCommonsubtitle"><h4 class="yjS"><span>7/1(月)　そのほかの試合</span></h4></div>
<div id="yjSNLiveOthergame">
<table width=100% cellpadding=0 cellspacing=0 border=0>
<tr><td class='act'><dl>
<dt>ソ</dt>
<dd>6 - <b>7</b></dd>
<dt><b>日</b></dt>
</dl>
<div>観戦中</div></td>
<td class='nogame'>&nbsp;</td><td class='nogame'>&nbsp;</td></tr><tr><td class='nogame'>&nbsp;</td><td class='nogame'>&nbsp;</td><td class='nogame'>&nbsp;</td></tr></table>
</div>

<!-- /他球団モジュール -->
<!--打順-->
<div class="yjSNLiveCommonsubtitle"><h4 class="yjS"><span>打順</span></h4></div>
<div id="yjSNLiveBattinglist" class="clearfix">

<table class="column-left" width=100% cellpadding=0 cellspacing=0 border=0>
<tr class="teamborder">
<th colspan=3 class="F">&nbsp;</th>
<th colspan=3 class="H">&nbsp;</th>
</tr>
<tr class="teamlogo">
<th colspan=3 class="F"><a href="/npb/teams/8/">日本ハム</a></th>
<th colspan=3 class="H"><a href="/npb/teams/12/">ソフトバンク</a></th>
</tr>

<tr>
<td class="nm">1</td>
<td>中</td>
<td class="pn"><a href="/npb/player?id=600037">陽岱鋼</a></td>
<td class="nm">1</td>
<td>一</td>
<td class="pn"><a href="/npb/player?id=800081">中村晃</a></td>
</tr>
<tr>
<td class="nm">2</td>
<td>遊</td>
<td class="pn"><a href="/npb/player?id=900069">中島卓也</a></td>
<td class="nm">2</td>
<td>二</td>
<td class="pn"><a href="/npb/player?id=600087">本多雄一</a></td>
</tr>
<tr>
<td class="nm">3</td>
<td>一</td>
<td class="pn"><a href="/npb/player?id=11331">稲葉篤紀</a></td>
<td class="nm">3</td>
<td>左</td>
<td class="pn"><a href="/npb/player?id=11983">内川聖一</a></td>
</tr>
<tr>
<td class="nm">4</td>
<td>指</td>
<td class="pn"><a href="/npb/player?id=800054">中田翔</a></td>
<td class="nm">4</td>
<td>三</td>
<td class="pn"><a href="/npb/player?id=600084">松田宣浩</a></td>
</tr>
<tr>
<td class="nm">5</td>
<td>三</td>
<td class="pn"><a href="/npb/player?id=20227">小谷野栄一</a></td>
<td class="nm">5</td>
<td>中</td>
<td class="pn"><a href="/npb/player?id=700101">長谷川勇也</a></td>
</tr>
<tr>
<td class="nm">6</td>
<td>右</td>
<td class="pn"><a href="/npb/player?id=800053">村田和哉</a></td>
<td class="nm">6</td>
<td>右</td>
<td class="pn"><a href="/npb/player?id=500012">江川智晃</a></td>
</tr>
<tr>
<td class="nm">7</td>
<td>二</td>
<td class="pn"><a href="/npb/player?id=700063">今浪隆博</a></td>
<td class="nm">7</td>
<td>走</td>
<td class="pn"><a href="/npb/player?id=400028">金子圭輔</a></td>
</tr>
<tr>
<td class="nm">8</td>
<td>捕</td>
<td class="pn"><a href="/npb/player?id=20225">鶴岡慎也</a></td>
<td class="nm">8</td>
<td>遊</td>
<td class="pn"><a href="/npb/player?id=1000035">今宮健太</a></td>
</tr>
<tr>
<td class="nm">9</td>
<td>左</td>
<td class="pn"><a href="/npb/player?id=1000103">谷口雄也</a></td>
<td class="nm act">9</td>
<td class="act">捕</td>
<td class="pn act"><a href="/npb/player?id=12100">細川亨</a></td>
</tr>

</table>

</div>

<!--打順-->

<!--ゲーム差-->
<!--ゲーム差-->


<!--球団情報-->

<!-- /新IM -->

</div><!--/#contents-body-->

 
</div><!-- Facebook -->
<div id="fb-root"></div>
<!-- / Facebook -->
</body>
</html>
