<!DOCTYPE html PUBLIC "-//W3C//DTD XHTML 1.0 Transitional//EN" "http://www.w3.org/TR/xhtml1/DTD/xhtml1-transitional.dtd">
<html lang="ja" xmlns:og="http://ogp.me/ns#" xmlns:mixi="http://mixi-platform.com/ns#" xmlns:fb="http://www.facebook.com/2008/fbml">
<head>
<!---京--->
<meta http-equiv="Content-Type" content="text/html; charset=utf-8">
<meta http-equiv="Content-Style-Type" content="text/css">
<meta http-equiv="Content-Script-Type" content="text/javascript">
<title>Yahoo!スポーツ - プロ野球</title>
<meta name="description" content="中日 vs 広島のテキスト速報。一球速報、結果、セ・リーグ、パ・リーグの日程、順位、個人成績、プロ野球に関連した最新ニュース、写真ニュースなどの情報が満載な、Yahoo!スポーツ プロ野球サイトのテキスト速報ページです。">
<meta name="keywords" content="テキスト速報,速報,中継,中日,広島,プロ野球,野球">
<link rel="stylesheet" href="http://i.yimg.jp/images/sports/baseball/npb/live/css/master-npb-live-common.css" type="text/css" media="all">
<link rel="stylesheet" href="http://i.yimg.jp/images/sports/baseball/npb/css/master-npb-common.css" type="text/css" media="all">


<meta property="og:title"       content="Yahoo!プロ野球 - 2013年7月3日 中日vs.広島 テキスト速報" />
<meta property="og:type"        content="website" />
<meta property="og:url"         content="http://baseball.yahoo.co.jp/npb/game/2013070302/text" /> 
<meta property="og:image"       content="http://i.yimg.jp/images/sports/promo/pc/facebook/baseball_76x76.png" />
<meta property="og:site_name"   content="Yahoo!スポーツ" />
<meta property="og:description" content="" />
<meta property="og:locale"      content="ja_JP" />
<meta property="fb:app_id"      content="215456371901325" />
<link rel="apple-touch-icon" href="http://i.yimg.jp/images/sports/promo/pc/facebook/baseball.png">
<script type="text/javascript" src="http://i.yimg.jp/images/sports/js/jquery-1.3.2.min.js"></script><script type="text/javascript" src="http://i.yimg.jp/images/sports/v1/js/sports.global-1.1.1.js"></script>
</head>
<body class="yj950-2">

<div id="wrapper"><div id="contents-body" class="yjSNLive">
<!--main start-->
<div id="main">

<!-- ローカルナビ -->
<div id="ch-navi" class="clearfix mb5p">
<ul class="clearfix">

<li><span><a href="/npb/game/2013070302/top"">試合トップ</a></span></li><!--ナビアクティブ-->

<li class="gray"><span><a>一球速報</a></span></li>


<li class="on"><span><a>テキスト速報</a></span></li>


<li><span><a href="/npb/game/2013070302/stats">投打詳細</a></span></li>

 
<li><span><a href="http://rd.yahoo.co.jp/media/sports/baseball/npb/live/tab/comment/SIG=11ua4v3u6/*http%3A//textream.yahoo.co.jp/rd/sports/npb/?game=2013070302">コメント</a></span></li>


</ul>
<em><a href="/npb/schedule/?date=20130703">7月3日（水）</a>中日 vs. 広島</em>
</div>

<!-- /ローカルナビ -->

<!-- スコアボード -->
<div id="yjSNLiveTextscoreboard">

<div class="inner">
<table width="100%" cellspacing="0" cellpadding="0" border="0">

<tbody><tr class="chs-title yjS">
<th>&nbsp;</th>
<th>1</th>
<th>2</th>
<th>3</th>
<th>4</th>
<th>5</th>
<th>6</th>
<th>7</th>
<th>8</th>
<th>9</th>
<th>計</th>
<th>安</th>
<th>失</th>
</tr>
<tr class="yjMS">
<th class="C">
<b><a href="/npb/teams/6/">広島</a></b></th><!--チーム選択-->


<td>
<a href=http://rd.yahoo.co.jp/media/sports/baseball/npb/live/sokuho/SIG=11obfnrei/*http%3A//baseball.yahoo.co.jp/npb/game/2013070302/text#i1>0</a>
</td>
<td>
<a href=http://rd.yahoo.co.jp/media/sports/baseball/npb/live/sokuho/SIG=11obfnrei/*http%3A//baseball.yahoo.co.jp/npb/game/2013070302/text#i2>0</a>
</td>
<td>
<a href=http://rd.yahoo.co.jp/media/sports/baseball/npb/live/sokuho/SIG=11obfnrei/*http%3A//baseball.yahoo.co.jp/npb/game/2013070302/text#i3>0</a>
</td>
<td>
<a href=http://rd.yahoo.co.jp/media/sports/baseball/npb/live/sokuho/SIG=11obfnrei/*http%3A//baseball.yahoo.co.jp/npb/game/2013070302/text#i4>0</a>
</td>
<td>
<a href=http://rd.yahoo.co.jp/media/sports/baseball/npb/live/sokuho/SIG=11obfnrei/*http%3A//baseball.yahoo.co.jp/npb/game/2013070302/text#i5>0</a>
</td>
<td>
<a href=http://rd.yahoo.co.jp/media/sports/baseball/npb/live/sokuho/SIG=11obfnrei/*http%3A//baseball.yahoo.co.jp/npb/game/2013070302/text#i6>1</a>
</td>
<td>
<a href=http://rd.yahoo.co.jp/media/sports/baseball/npb/live/sokuho/SIG=11obfnrei/*http%3A//baseball.yahoo.co.jp/npb/game/2013070302/text#i7>0</a>
</td>
<td>
<a href=http://rd.yahoo.co.jp/media/sports/baseball/npb/live/sokuho/SIG=11obfnrei/*http%3A//baseball.yahoo.co.jp/npb/game/2013070302/text#i8>2</a>
</td>
<td>
<a href=http://rd.yahoo.co.jp/media/sports/baseball/npb/live/sokuho/SIG=11obfnrei/*http%3A//baseball.yahoo.co.jp/npb/game/2013070302/text#i9>0</a>
</td>
<td class="sum">3</td>
<td class="fwn">3</td>
<td class="fwn">1</td>
</tr>
<tr class="yjMS">
<th class="D">

<b><a href="/npb/teams/4/">中日</a></b></th><!--チーム選択-->
<td>
<a href=http://rd.yahoo.co.jp/media/sports/baseball/npb/live/sokuho/SIG=11obfnrei/*http%3A//baseball.yahoo.co.jp/npb/game/2013070302/text#ii1>0</a>
</td>
<td>
<a href=http://rd.yahoo.co.jp/media/sports/baseball/npb/live/sokuho/SIG=11obfnrei/*http%3A//baseball.yahoo.co.jp/npb/game/2013070302/text#ii2>0</a>
</td>
<td>
<a href=http://rd.yahoo.co.jp/media/sports/baseball/npb/live/sokuho/SIG=11obfnrei/*http%3A//baseball.yahoo.co.jp/npb/game/2013070302/text#ii3>0</a>
</td>
<td>
<a href=http://rd.yahoo.co.jp/media/sports/baseball/npb/live/sokuho/SIG=11obfnrei/*http%3A//baseball.yahoo.co.jp/npb/game/2013070302/text#ii4>2</a>
</td>
<td>
<a href=http://rd.yahoo.co.jp/media/sports/baseball/npb/live/sokuho/SIG=11obfnrei/*http%3A//baseball.yahoo.co.jp/npb/game/2013070302/text#ii5>0</a>
</td>
<td>
<a href=http://rd.yahoo.co.jp/media/sports/baseball/npb/live/sokuho/SIG=11obfnrei/*http%3A//baseball.yahoo.co.jp/npb/game/2013070302/text#ii6>0</a>
</td>
<td>
<a href=http://rd.yahoo.co.jp/media/sports/baseball/npb/live/sokuho/SIG=11obfnrei/*http%3A//baseball.yahoo.co.jp/npb/game/2013070302/text#ii7>0</a>
</td>
<td>
<a href=http://rd.yahoo.co.jp/media/sports/baseball/npb/live/sokuho/SIG=11obfnrei/*http%3A//baseball.yahoo.co.jp/npb/game/2013070302/text#ii8>0</a>
</td>
<td>
<a href=http://rd.yahoo.co.jp/media/sports/baseball/npb/live/sokuho/SIG=11obfnrei/*http%3A//baseball.yahoo.co.jp/npb/game/2013070302/text#ii9>0</a>
</td>
<td class="sum">2</td>
<td class="fwn">5</td>
<td class="fwn">1</td>
</tr>

</tbody></table>
</div>


<div class="navi clearfix">

<div class="column-left">
</div>

<div class="column-right">

<div class="reflesh clearfix">
<ul class="clearfix">
<li class="auto" title="自動更新"><a id="btn_auto" href="http://rd.yahoo.co.jp/media/sports/baseball/npb/live/auto/SIG=11obfnrei/*http%3A//baseball.yahoo.co.jp/npb/game/2013070302/text?manual=2"><i>自動更新</i></a></li>
<li class="manual-on" title="手動更新"><a><i>手動更新</i></a></li>
<li title="更新" class="btn_reflesh"><a href="http://rd.yahoo.co.jp/media/sports/baseball/npb/live/refresh/SIG=11obfnrei/*http%3A//baseball.yahoo.co.jp/npb/game/2013070302/text?manual=1"><i>更新</i></a></li>
</ul>
<em>自動更新：30秒</em>
</div>

</div>
</div>

</div>
<!-- /スコアボード -->


<!-- テキスト速報 -->
<div class="yjSportsCommonTitle"><h3 class="yjS"><span><strong>テキスト速報</strong></span></h3></div><div id="yjSNLiveTextlive" class="yjMS">

<div id="i1" class="item C clearfix"><!--チーム選択--><!--イニングid-->
<div class="title"><h3 class="yjS"><b>1回表</b>　広島の攻撃</h3></div>
<ul>
<li>1：試合開始</li>
<li>2：<a href="/npb/player?id=1200133">ルイス</a>　内角のストレートに見逃し三振でバッターアウト！ 1アウト</li>
<li>3：<a href="/npb/player?id=1100082">菊池</a>　外角のスライダーを打つもショートライナー 2アウト</li>
<li>4：<a href="/npb/player?id=800043">丸</a>　内角の真っ直ぐに見逃し三振でバッターアウト！ 3アウトチェンジ</li>
</ul>
<div class="score yjS">
<p>得点: 0、 ヒット:0、 四死球:0</p>
</div>
      
<div class="anker"><a href="#wrapper">ページトップへ</a></div>
</div>
<div id="yads_67572_1441_position_01"></div><div id="ii1" class="item D clearfix"><!--チーム選択--><!--イニングid-->
<div class="title"><h3 class="yjS"><b>1回裏</b>　中日の攻撃</h3></div>
<ul>
<li>1：<a href="/npb/player?id=900410">大島</a>　低めの変化球を打つもセカンドゴロ 1アウト</li>
<li>2：<a href="/npb/player?id=11511">森野</a>　内角のスライダーを打つもセカンドフライ 2アウト</li>
<li>3：<a href="/npb/player?id=1300004">クラーク</a>　ど真ん中のストレートに見逃し三振 3アウトチェンジ</li>
</ul>
<div class="score yjS">
<p>得点:0 、 ヒット:0 、 四死球:0</p>
</div>
</div>
<div id="i2" class="item C clearfix"><!--チーム選択--><!--イニングid-->
<div class="title"><h3 class="yjS"><b>2回表</b>　広島の攻撃</h3></div>
<ul>
<li>1：<a href="/npb/player?id=1200031">エルドレッド</a>　ど真ん中のカーブを打つもピッチャーゴロ 1アウト</li>
<li>2：<a href="/npb/player?id=800041">松山</a>　外角のストレートを打つもセンターフライ 2アウト</li>
<li>3：<a href="/npb/player?id=700050">会沢</a>　外角の落ちる球を見送りフォアボールを選ぶ 1塁</li>
<li>4：<a href="/npb/player?id=800042">安部</a>　内角の真っ直ぐを打つもショートフライ 3アウトチェンジ</li>
</ul>
<div class="score yjS">
<p>得点: 0、 ヒット:0、 四死球:1</p>
</div>
      
<div class="anker"><a href="#wrapper">ページトップへ</a></div>
</div>
<div id="ii2" class="item D clearfix"><!--チーム選択--><!--イニングid-->
<div class="title"><h3 class="yjS"><b>2回裏</b>　中日の攻撃</h3></div>
<ul>
<li>1：<a href="/npb/player?id=1200127">ルナ</a>　高めの変化球を打つもセンターフライ 1アウト</li>
<li>2：<a href="/npb/player?id=11558">和田</a>　ファウルフライをエルドレッド(一)がつかんでバッターアウト 2アウト</li>
<li>3：<a href="/npb/player?id=10278">谷繁</a>　外角の変化球に空振り三振でバッターアウト 3アウトチェンジ</li>
</ul>
<div class="score yjS">
<p>得点:0 、 ヒット:0 、 四死球:0</p>
</div>
</div>
<div id="i3" class="item C clearfix"><!--チーム選択--><!--イニングid-->
<div class="title"><h3 class="yjS"><b>3回表</b>　広島の攻撃</h3></div>
<ul>
<li>1：<a href="/npb/player?id=900430">堂林</a>　ど真ん中の真っ直ぐを打つもセンターフライ 1アウト</li>
<li>2：<a href="/npb/player?id=1000116">中崎</a>　一度もバットを振ることなく見逃し三振 2アウト</li>
<li>3：<a href="/npb/player?id=1200133">ルイス</a>　高めのストレートを打つもセンターフライ 3アウトチェンジ</li>
</ul>
<div class="score yjS">
<p>得点: 0、 ヒット:0、 四死球:0</p>
</div>
      
<div class="anker"><a href="#wrapper">ページトップへ</a></div>
</div>
<div id="ii3" class="item D clearfix"><!--チーム選択--><!--イニングid-->
<div class="title"><h3 class="yjS"><b>3回裏</b>　中日の攻撃</h3></div>
<ul>
<li>1：<a href="/npb/player?id=600004">平田</a>　ファウルフライをエルドレッド(一)が捕球してバッターアウト 1アウト</li>
<li>2：<a href="/npb/player?id=11652">井端</a>　外角の真っ直ぐを打つもショートゴロ 2アウト</li>
<li>3：<a href="/npb/player?id=1100070">西川</a>　高めのストレートを打つもファーストゴロ 3アウトチェンジ</li>
</ul>
<div class="score yjS">
<p>得点:0 、 ヒット:0 、 四死球:0</p>
</div>
</div>
<div id="i4" class="item C clearfix"><!--チーム選択--><!--イニングid-->
<div class="title"><h3 class="yjS"><b>4回表</b>　広島の攻撃</h3></div>
<ul>
<li>1：<a href="/npb/player?id=1100082">菊池</a>　ど真ん中の真っ直ぐを打つもセンターフライ 1アウト</li>
<li>2：<a href="/npb/player?id=800043">丸</a>　一度もバットを振ることなくストレートのフォアボールを選ぶ 1塁</li>
<li>3：<a href="/npb/player?id=1200031">エルドレッド</a>　レフトへのヒットを放つ 1,2塁</li>
<li>4：<a href="/npb/player?id=800041">松山</a>　外角のストレートに空振り三振 2アウト</li>
<li>5：<a href="/npb/player?id=700050">会沢</a>　一打先制の場面で内角のストレートを打つもライトフライ 3アウトチェンジ</li>
</ul>
<div class="score yjS">
<p>得点: 0、 ヒット:<span class="red">1</span>、 四死球:1</p>
</div>
      
<div class="anker"><a href="#wrapper">ページトップへ</a></div>
</div>
<div id="ii4" class="item D clearfix"><!--チーム選択--><!--イニングid-->
<div class="title"><h3 class="yjS"><b>4回裏</b>　中日の攻撃</h3></div>
<ul>
<li>1：<a href="/npb/player?id=900410">大島</a>　セカンドへの内野安打 1塁</li>
<li>2：<a href="/npb/player?id=11511">森野</a>　低めの落ちる球を打つもファーストゴロ 1アウト2塁</li>
<li>3：<a href="/npb/player?id=1300004">クラーク</a>　1アウト2塁から高めのストレートをライトへ打ってヒット 1,3塁</li>
<li>4：<b class="red"><a href="/npb/player?id=1200127">ルナ</a>　ランナー1,3塁の3-2からセンターへの先制タイムリーヒット！ 中1-0広 1,3塁</b></li>
<li>5：<b class="red"><a href="/npb/player?id=11558">和田</a>　1アウト1,3塁から犠牲フライ 中2-0広 2アウト1塁</b></li>
<li>6：<a href="/npb/player?id=10278">谷繁</a>　外角のストレートを打つもセカンドゴロ 3アウトチェンジ</li>
</ul>
<div class="score yjS">
<p>得点:<b class="red">2</b> 、 ヒット:<span class="red">3</span> 、 四死球:0</p>
</div>
</div>
<div id="i5" class="item C clearfix"><!--チーム選択--><!--イニングid-->
<div class="title"><h3 class="yjS"><b>5回表</b>　広島の攻撃</h3></div>
<ul>
<li>1：<a href="/npb/player?id=800042">安部</a>　高めのストレートを打つもセンターフライ 1アウト</li>
<li>2：<a href="/npb/player?id=900430">堂林</a>　高めの真っ直ぐを打つもショートゴロ 2アウト</li>
<li>3：<a href="/npb/player?id=1000116">中崎</a>　低めの真っ直ぐに見逃し三振でバッターアウト！ 3アウトチェンジ</li>
</ul>
<div class="score yjS">
<p>得点: 0、 ヒット:0、 四死球:0</p>
</div>
      
<div class="anker"><a href="#wrapper">ページトップへ</a></div>
</div>
<div id="ii5" class="item D clearfix"><!--チーム選択--><!--イニングid-->
<div class="title"><h3 class="yjS"><b>5回裏</b>　中日の攻撃</h3></div>
<ul>
<li>1：<a href="/npb/player?id=600004">平田</a>　外角の変化球を打つもセカンドゴロ 1アウト</li>
<li>2：<a href="/npb/player?id=11652">井端</a>　低めのカーブを打つもセンターフライ 2アウト</li>
<li>3：<a href="/npb/player?id=1100070">西川</a>　安部(遊)の悪送球により出塁する 1塁</li>
<li>4：<a href="/npb/player?id=900410">大島</a>　レフトへのヒットで出塁 1,2塁</li>
<li>5：<b class="green">投手交代:中崎→河内</b></li>
<li>6：<a href="/npb/player?id=11511">森野</a>　カウント2-2からど真ん中のスライダーに空振り三振！決定機を逃す 3アウトチェンジ</li>
</ul>
<div class="score yjS">
<p>得点:0 、 ヒット:<span class="red">1</span> 、 四死球:0</p>
</div>
</div>
<div id="i6" class="item C clearfix"><!--チーム選択--><!--イニングid-->
<div class="title"><h3 class="yjS"><b>6回表</b>　広島の攻撃</h3></div>
<ul>
<li>1：<a href="/npb/player?id=1200133">ルイス</a>　空振りの三振を喫する 1アウト</li>
<li>2：<a href="/npb/player?id=1100082">菊池</a>　外角のストレートに見逃し三振 2アウト</li>
<li>3：<b class="red"><a href="/npb/player?id=800043">丸</a>　カウント2-1からホームラン 中2-1広</b></li>
<li>4：<a href="/npb/player?id=1200031">エルドレッド</a>　一度もバットを振ることなくストレートのフォアボールを選ぶ 1塁</li>
<li>5：<b class="green">投手交代:西川→岡田</b></li>
<li>6：一塁走者エルドレッド:積極的に初球から走って盗塁成功 2塁</li>
<li>7：<a href="/npb/player?id=800041">松山</a>　一打同点の場面で外角の変化球を打つもセカンドゴロ 3アウトチェンジ</li>
</ul>
<div class="score yjS">
<p>得点: <b class="red">1</b>、 ヒット:<span class="red">1</span>、 四死球:1</p>
</div>
      
<div class="anker"><a href="#wrapper">ページトップへ</a></div>
</div>
<div id="ii6" class="item D clearfix"><!--チーム選択--><!--イニングid-->
<div class="title"><h3 class="yjS"><b>6回裏</b>　中日の攻撃</h3></div>
<ul>
<li>1：<a href="/npb/player?id=1300004">クラーク</a>　外角のスライダーを打つもライトフライ 1アウト</li>
<li>2：<b class="green">投手交代:河内→上野</b></li>
<li>3：<a href="/npb/player?id=1200127">ルナ</a>　内角のストレートを打つもレフトフライ 2アウト</li>
<li>4：<a href="/npb/player?id=11558">和田</a>　フェンス直撃の二塁打を放つ 2塁</li>
<li>5：<a href="/npb/player?id=10278">谷繁</a>　内角のカーブを打つもサードフライ 3アウトチェンジ</li>
</ul>
<div class="score yjS">
<p>得点:0 、 ヒット:<span class="red">1</span> 、 四死球:0</p>
</div>
</div>
<div id="i7" class="item C clearfix"><!--チーム選択--><!--イニングid-->
<div class="title"><h3 class="yjS"><b>7回表</b>　広島の攻撃</h3></div>
<ul>
<li>1：<b class="green">ピッチャー岡田に代わって中田賢がマウンドにあがる　守備交代:セカンド荒木</b></li>
<li>2：<a href="/npb/player?id=700050">会沢</a>　外角のストレートを打つもショートゴロ 1アウト</li>
<li>3：<a href="/npb/player?id=800042">安部</a>　低めのストレートを打つもセンターフライ 2アウト</li>
<li>4：<a href="/npb/player?id=900430">堂林</a>　空振りの三振を喫する 3アウトチェンジ</li>
</ul>
<div class="score yjS">
<p>得点: 0、 ヒット:0、 四死球:0</p>
</div>
      
<div class="anker"><a href="#wrapper">ページトップへ</a></div>
</div>
<div id="ii7" class="item D clearfix"><!--チーム選択--><!--イニングid-->
<div class="title"><h3 class="yjS"><b>7回裏</b>　中日の攻撃</h3></div>
<ul>
<li>1：<a href="/npb/player?id=600004">平田</a>　空振りの三振を喫する 1アウト</li>
<li>2：<a href="/npb/player?id=11652">井端</a>　ど真ん中のカーブを打つもライトフライ 2アウト</li>
<li>3：<b class="green">中田賢→代打:山崎</b></li>
<li>4：<a href="/npb/player?id=10236">山崎</a>　外角の変化球を打つもショートゴロ 3アウトチェンジ</li>
</ul>
<div class="score yjS">
<p>得点:0 、 ヒット:0 、 四死球:0</p>
</div>
</div>
<div id="i8" class="item C clearfix"><!--チーム選択--><!--イニングid-->
<div class="title"><h3 class="yjS"><b>8回表</b>　広島の攻撃</h3></div>
<ul>
<li>1：<b class="green">ピッチャー中田賢に代わって高橋聡がマウンドにあがる　守備交代:ショート堂上直</b></li>
<li>2：<b class="green">バッター上野に代わり、パンチ力が魅力の迎</b></li>
<li>3：<a href="/npb/player?id=11917">迎</a>　内角のストレートを打つもセンターフライ 1アウト</li>
<li>4：<a href="/npb/player?id=1200133">ルイス</a>　一度もバットを振ることなくフォアボールを選ぶ 1塁</li>
<li>5：<a href="/npb/player?id=1100082">菊池</a>　ルナ(三)のトンネルにより出塁する 2,3塁</li>
<li>6：<b class="red"><a href="/npb/player?id=800043">丸</a>　1アウト2,3塁からレフトへのタイムリーヒットで広島逆転！</b></li>
<li>7：<b class="red">打者丸は1塁を回って2塁に向かうもアウト！ 中2-3広 2アウト</b></li>
<li>8：<a href="/npb/player?id=1200031">エルドレッド</a>　ど真ん中のスライダーを打つもセンターフライ 3アウトチェンジ</li>
</ul>
<div class="score yjS">
<p>得点: <b class="red">2</b>、 ヒット:<span class="red">1</span>、 四死球:1</p>
</div>
      
<div class="anker"><a href="#wrapper">ページトップへ</a></div>
</div>
<div id="ii8" class="item D clearfix"><!--チーム選択--><!--イニングid-->
<div class="title"><h3 class="yjS"><b>8回裏</b>　中日の攻撃</h3></div>
<ul>
<li>1：<b class="green">ピッチャー上野に代わって「あふれんばかりの全力投球」菊地原がマウンドにあがる</b></li>
<li>2：<a href="/npb/player?id=900410">大島</a>　高めの変化球を打つもセカンドゴロ 1アウト</li>
<li>3：<a href="/npb/player?id=11436">荒木</a>　内角のストレートを打つもセカンドゴロ 2アウト</li>
<li>4：<a href="/npb/player?id=1300004">クラーク</a>　ど真ん中のストレートを打つもファーストゴロ 3アウトチェンジ</li>
</ul>
<div class="score yjS">
<p>得点:0 、 ヒット:0 、 四死球:0</p>
</div>
</div>
<div id="i9" class="item C clearfix"><!--チーム選択--><!--イニングid-->
<div class="title"><h3 class="yjS"><b>9回表</b>　広島の攻撃</h3></div>
<ul>
<li>1：<b class="green">投手交代:高橋聡→小熊</b></li>
<li>2：<a href="/npb/player?id=800041">松山</a>　外角のフォークボールを打つもセンターフライ 1アウト</li>
<li>3：<a href="/npb/player?id=700050">会沢</a>　ファウルフライを谷繁(捕)がつかんでバッターアウト 2アウト</li>
<li>4：<a href="/npb/player?id=800042">安部</a>　外角のストレートを打つもセカンドゴロ 3アウトチェンジ</li>
</ul>
<div class="score yjS">
<p>得点: 0、 ヒット:0、 四死球:0</p>
</div>
      
<div class="anker"><a href="#wrapper">ページトップへ</a></div>
</div>
<div id="ii9" class="item D clearfix"><!--チーム選択--><!--イニングid-->
<div class="title"><h3 class="yjS"><b>9回裏</b>　中日の攻撃</h3></div>
<ul>
<li>1：<b class="green">ピッチャー菊地原に代わって「ストレングス・ストレート」ミコライオがマウンドにあがる　守備交代:センター赤松　守備交代:キャッチャー石原　守備交代:ショート木村　守備変更:丸センター→ライト</b></li>
<li>2：<a href="/npb/player?id=1200127">ルナ</a>　高めのシュートを打つもショートゴロ 1アウト</li>
<li>3：<a href="/npb/player?id=11558">和田</a>　外角のスライダーに空振り三振 2アウト</li>
<li>4：<a href="/npb/player?id=10278">谷繁</a>　一発出れば同点の場面で外角のスライダーを打つもショートゴロ ゲームセット</li>
<li>5：試合終了</li>
</ul>
<div class="score yjS">
<p>得点:0 、 ヒット:0 、 四死球:0</p>
</div>
</div>
</div>
<!-- テキスト速報 -->

<div id="yads_67572_1441_position_02"></div>
</div><!--/#main-->
<!--main end-->

<!--sub start-->
<div id="sub">
<!-- SpaceID=0 robot -->
<!--/#pos-lrec-->

<!-- 他球団モジュール -->
<div class="yjSNLiveCommonsubtitle"><h4 class="yjS"><span>7/3(水)　そのほかの試合</span></h4></div>
<div id="yjSNLiveOthergame">
<table width=100% cellpadding=0 cellspacing=0 border=0>
<tr><td class=''><a alt='そのほかの試合' href='/npb/game/2013070301/'><dl>
<dt>Ｄ</dt>
<dd>6 - <b>8</b></dd>
<dt><b>ヤ</b></dt>
</dl>
<div class="none">結果</div></a></td>
<td class='act'><dl>
<dt>中</dt>
<dd>2 - <b>3</b></dd>
<dt><b>広</b></dt>
</dl>
<div>観戦中</div></td>
<td class=''><a alt='そのほかの試合' href='/npb/game/2013070303/'><dl>
<dt>神</dt>
<dd> - </dd>
<dt>巨</dt>
</dl>
<div class="none">中止</div></a></td>
</tr><tr><td class=''><a alt='そのほかの試合' href='/npb/game/2013070304/'><dl>
<dt>楽</dt>
<dd> - </dd>
<dt>ロ</dt>
</dl>
<div class="none">中止</div></a></td>
<td class=''><a alt='そのほかの試合' href='/npb/game/2013070305/'><dl>
<dt>オ</dt>
<dd>4 - <b>9</b></dd>
<dt><b>西</b></dt>
</dl>
<div class="none">結果</div></a></td>
<td class=''><a alt='そのほかの試合' href='/npb/game/2013070306/'><dl>
<dt>ソ</dt>
<dd>3 - <b>6</b></dd>
<dt><b>日</b></dt>
</dl>
<div class="none">結果</div></a></td>
</tr></table>
</div>

<!-- /他球団モジュール -->
<!--打順-->
<div class="yjSNLiveCommonsubtitle"><h4 class="yjS"><span>打順</span></h4></div>
<div id="yjSNLiveBattinglist" class="clearfix">

<table class="column-left" width=100% cellpadding=0 cellspacing=0 border=0>
<tr class="teamborder">
<th colspan=3 class="C">&nbsp;</th>
<th colspan=3 class="D">&nbsp;</th>
</tr>
<tr class="teamlogo">
<th colspan=3 class="C"><a href="/npb/teams/6/">広島</a></th>
<th colspan=3 class="D"><a href="/npb/teams/4/">中日</a></th>
</tr>

<tr>
<td class="nm">1</td>
<td>左</td>
<td class="pn"><a href="/npb/player?id=1200133">ルイス</a></td>
<td class="nm">1</td>
<td>中</td>
<td class="pn"><a href="/npb/player?id=900410">大島洋平</a></td>
</tr>
<tr>
<td class="nm">2</td>
<td>二</td>
<td class="pn"><a href="/npb/player?id=1100082">菊池涼介</a></td>
<td class="nm">2</td>
<td>二</td>
<td class="pn"><a href="/npb/player?id=11436">荒木雅博</a></td>
</tr>
<tr>
<td class="nm">3</td>
<td>右</td>
<td class="pn"><a href="/npb/player?id=800043">丸佳浩</a></td>
<td class="nm">3</td>
<td>一</td>
<td class="pn"><a href="/npb/player?id=1300004">クラーク</a></td>
</tr>
<tr>
<td class="nm">4</td>
<td>一</td>
<td class="pn"><a href="/npb/player?id=1200031">エルドレッド</a></td>
<td class="nm">4</td>
<td>三</td>
<td class="pn"><a href="/npb/player?id=1200127">ルナ</a></td>
</tr>
<tr>
<td class="nm">5</td>
<td>中</td>
<td class="pn"><a href="/npb/player?id=500068">赤松真人</a></td>
<td class="nm">5</td>
<td>左</td>
<td class="pn"><a href="/npb/player?id=11558">和田一浩</a></td>
</tr>
<tr>
<td class="nm">6</td>
<td>捕</td>
<td class="pn"><a href="/npb/player?id=12186">石原慶幸</a></td>
<td class="nm act">6</td>
<td class="act">捕</td>
<td class="pn act"><a href="/npb/player?id=10278">谷繁元信</a></td>
</tr>
<tr>
<td class="nm">7</td>
<td>遊</td>
<td class="pn"><a href="/npb/player?id=20185">木村昇吾</a></td>
<td class="nm">7</td>
<td>右</td>
<td class="pn"><a href="/npb/player?id=600004">平田良介</a></td>
</tr>
<tr>
<td class="nm">8</td>
<td>三</td>
<td class="pn"><a href="/npb/player?id=900430">堂林翔太</a></td>
<td class="nm">8</td>
<td>遊</td>
<td class="pn"><a href="/npb/player?id=700034">堂上直倫</a></td>
</tr>
<tr>
<td class="nm">9</td>
<td>投</td>
<td class="pn"><a href="/npb/player?id=1200008">ミコライオ</a></td>
<td class="nm">9</td>
<td>投</td>
<td class="pn"><a href="/npb/player?id=900033">小熊凌祐</a></td>
</tr>

</table>

</div>

<!--打順-->

<!--ゲーム差-->
<!--ゲーム差-->


<!--球団情報-->

<!-- /新IM -->

</div><!--/#contents-body-->

 
</div><!-- Facebook -->
<div id="fb-root"></div>
<!-- / Facebook -->
</body>
</html>
