<!DOCTYPE html PUBLIC "-//W3C//DTD XHTML 1.0 Transitional//EN" "http://www.w3.org/TR/xhtml1/DTD/xhtml1-transitional.dtd">
<html lang="ja" xmlns:og="http://ogp.me/ns#" xmlns:mixi="http://mixi-platform.com/ns#" xmlns:fb="http://www.facebook.com/2008/fbml">
<head>
<!---京--->
<meta http-equiv="Content-Type" content="text/html; charset=utf-8">
<meta http-equiv="Content-Style-Type" content="text/css">
<meta http-equiv="Content-Script-Type" content="text/javascript">
<title>Yahoo!スポーツ - プロ野球</title>
<meta name="description" content="中日 vs ヤクルトのテキスト速報。一球速報、結果、セ・リーグ、パ・リーグの日程、順位、個人成績、プロ野球に関連した最新ニュース、写真ニュースなどの情報が満載な、Yahoo!スポーツ プロ野球サイトのテキスト速報ページです。">
<meta name="keywords" content="テキスト速報,速報,中継,中日,ヤクルト,プロ野球,野球">
<link rel="stylesheet" href="http://i.yimg.jp/images/sports/baseball/npb/live/css/master-npb-live-common.css" type="text/css" media="all">
<link rel="stylesheet" href="http://i.yimg.jp/images/sports/baseball/npb/css/master-npb-common.css" type="text/css" media="all">


<meta property="og:title"       content="Yahoo!プロ野球 - 2013年7月6日 中日vs.ヤクルト テキスト速報" />
<meta property="og:type"        content="website" />
<meta property="og:url"         content="http://baseball.yahoo.co.jp/npb/game/2013070602/text" /> 
<meta property="og:image"       content="http://i.yimg.jp/images/sports/promo/pc/facebook/baseball_76x76.png" />
<meta property="og:site_name"   content="Yahoo!スポーツ" />
<meta property="og:description" content="" />
<meta property="og:locale"      content="ja_JP" />
<meta property="fb:app_id"      content="215456371901325" />
<link rel="apple-touch-icon" href="http://i.yimg.jp/images/sports/promo/pc/facebook/baseball.png">
<script type="text/javascript" src="http://i.yimg.jp/images/sports/js/jquery-1.3.2.min.js"></script><script type="text/javascript" src="http://i.yimg.jp/images/sports/v1/js/sports.global-1.1.1.js"></script>
</head>
<body class="yj950-2">

<div id="wrapper"><div id="contents-body" class="yjSNLive">
<!--main start-->
<div id="main">

<!-- ローカルナビ -->
<div id="ch-navi" class="clearfix mb5p">
<ul class="clearfix">

<li><span><a href="/npb/game/2013070602/top"">試合トップ</a></span></li><!--ナビアクティブ-->

<li class="gray"><span><a>一球速報</a></span></li>


<li class="on"><span><a>テキスト速報</a></span></li>


<li><span><a href="/npb/game/2013070602/stats">投打詳細</a></span></li>

 
<li><span><a href="http://rd.yahoo.co.jp/media/sports/baseball/npb/live/tab/comment/SIG=11ucv5be8/*http%3A//textream.yahoo.co.jp/rd/sports/npb/?game=2013070602">コメント</a></span></li>


</ul>
<em><a href="/npb/schedule/?date=20130706">7月6日（土）</a>中日 vs. ヤクルト</em>
</div>

<!-- /ローカルナビ -->

<!-- スコアボード -->
<div id="yjSNLiveTextscoreboard">

<div class="inner">
<table width="100%" cellspacing="0" cellpadding="0" border="0">

<tbody><tr class="chs-title yjS">
<th>&nbsp;</th>
<th>1</th>
<th>2</th>
<th>3</th>
<th>4</th>
<th>5</th>
<th>6</th>
<th>7</th>
<th>8</th>
<th>9</th>
<th>計</th>
<th>安</th>
<th>失</th>
</tr>
<tr class="yjMS">
<th class="S">
<b><a href="/npb/teams/2/">ヤクルト</a></b></th><!--チーム選択-->


<td>
<a href=http://rd.yahoo.co.jp/media/sports/baseball/npb/live/sokuho/SIG=11okkeig2/*http%3A//baseball.yahoo.co.jp/npb/game/2013070602/text#i1>0</a>
</td>
<td>
<a href=http://rd.yahoo.co.jp/media/sports/baseball/npb/live/sokuho/SIG=11okkeig2/*http%3A//baseball.yahoo.co.jp/npb/game/2013070602/text#i2>0</a>
</td>
<td>
<a href=http://rd.yahoo.co.jp/media/sports/baseball/npb/live/sokuho/SIG=11okkeig2/*http%3A//baseball.yahoo.co.jp/npb/game/2013070602/text#i3>0</a>
</td>
<td>
<a href=http://rd.yahoo.co.jp/media/sports/baseball/npb/live/sokuho/SIG=11okkeig2/*http%3A//baseball.yahoo.co.jp/npb/game/2013070602/text#i4>2</a>
</td>
<td>
<a href=http://rd.yahoo.co.jp/media/sports/baseball/npb/live/sokuho/SIG=11okkeig2/*http%3A//baseball.yahoo.co.jp/npb/game/2013070602/text#i5>0</a>
</td>
<td>
<a href=http://rd.yahoo.co.jp/media/sports/baseball/npb/live/sokuho/SIG=11okkeig2/*http%3A//baseball.yahoo.co.jp/npb/game/2013070602/text#i6>0</a>
</td>
<td>
<a href=http://rd.yahoo.co.jp/media/sports/baseball/npb/live/sokuho/SIG=11okkeig2/*http%3A//baseball.yahoo.co.jp/npb/game/2013070602/text#i7>2</a>
</td>
<td>
<a href=http://rd.yahoo.co.jp/media/sports/baseball/npb/live/sokuho/SIG=11okkeig2/*http%3A//baseball.yahoo.co.jp/npb/game/2013070602/text#i8>0</a>
</td>
<td>
<a href=http://rd.yahoo.co.jp/media/sports/baseball/npb/live/sokuho/SIG=11okkeig2/*http%3A//baseball.yahoo.co.jp/npb/game/2013070602/text#i9>0</a>
</td>
<td class="sum">4</td>
<td class="fwn">7</td>
<td class="fwn">0</td>
</tr>
<tr class="yjMS">
<th class="D">

<b><a href="/npb/teams/4/">中日</a></b></th><!--チーム選択-->
<td>
<a href=http://rd.yahoo.co.jp/media/sports/baseball/npb/live/sokuho/SIG=11okkeig2/*http%3A//baseball.yahoo.co.jp/npb/game/2013070602/text#ii1>0</a>
</td>
<td>
<a href=http://rd.yahoo.co.jp/media/sports/baseball/npb/live/sokuho/SIG=11okkeig2/*http%3A//baseball.yahoo.co.jp/npb/game/2013070602/text#ii2>0</a>
</td>
<td>
<a href=http://rd.yahoo.co.jp/media/sports/baseball/npb/live/sokuho/SIG=11okkeig2/*http%3A//baseball.yahoo.co.jp/npb/game/2013070602/text#ii3>0</a>
</td>
<td>
<a href=http://rd.yahoo.co.jp/media/sports/baseball/npb/live/sokuho/SIG=11okkeig2/*http%3A//baseball.yahoo.co.jp/npb/game/2013070602/text#ii4>0</a>
</td>
<td>
<a href=http://rd.yahoo.co.jp/media/sports/baseball/npb/live/sokuho/SIG=11okkeig2/*http%3A//baseball.yahoo.co.jp/npb/game/2013070602/text#ii5>0</a>
</td>
<td>
<a href=http://rd.yahoo.co.jp/media/sports/baseball/npb/live/sokuho/SIG=11okkeig2/*http%3A//baseball.yahoo.co.jp/npb/game/2013070602/text#ii6>0</a>
</td>
<td>
<a href=http://rd.yahoo.co.jp/media/sports/baseball/npb/live/sokuho/SIG=11okkeig2/*http%3A//baseball.yahoo.co.jp/npb/game/2013070602/text#ii7>0</a>
</td>
<td>
<a href=http://rd.yahoo.co.jp/media/sports/baseball/npb/live/sokuho/SIG=11okkeig2/*http%3A//baseball.yahoo.co.jp/npb/game/2013070602/text#ii8>0</a>
</td>
<td>
<a href=http://rd.yahoo.co.jp/media/sports/baseball/npb/live/sokuho/SIG=11okkeig2/*http%3A//baseball.yahoo.co.jp/npb/game/2013070602/text#ii9>0</a>
</td>
<td class="sum">0</td>
<td class="fwn">8</td>
<td class="fwn">0</td>
</tr>

</tbody></table>
</div>


<div class="navi clearfix">

<div class="column-left">
</div>

<div class="column-right">

<div class="reflesh clearfix">
<ul class="clearfix">
<li class="auto" title="自動更新"><a id="btn_auto" href="http://rd.yahoo.co.jp/media/sports/baseball/npb/live/auto/SIG=11okkeig2/*http%3A//baseball.yahoo.co.jp/npb/game/2013070602/text?manual=2"><i>自動更新</i></a></li>
<li class="manual-on" title="手動更新"><a><i>手動更新</i></a></li>
<li title="更新" class="btn_reflesh"><a href="http://rd.yahoo.co.jp/media/sports/baseball/npb/live/refresh/SIG=11okkeig2/*http%3A//baseball.yahoo.co.jp/npb/game/2013070602/text?manual=1"><i>更新</i></a></li>
</ul>
<em>自動更新：30秒</em>
</div>

</div>
</div>

</div>
<!-- /スコアボード -->


<!-- テキスト速報 -->
<div class="yjSportsCommonTitle"><h3 class="yjS"><span><strong>テキスト速報</strong></span></h3></div><div id="yjSNLiveTextlive" class="yjMS">

<div id="i1" class="item S clearfix"><!--チーム選択--><!--イニングid-->
<div class="title"><h3 class="yjS"><b>1回表</b>　ヤクルトの攻撃</h3></div>
<ul>
<li>1：試合開始</li>
<li>2：<a href="/npb/player?id=1000132">山田</a>　ど真ん中のストレートを打つもライトフライ 1アウト</li>
<li>3：<a href="/npb/player?id=700020">上田</a>　高めのスライダーを打つもレフトフライ 2アウト</li>
<li>4：<a href="/npb/player?id=1200015">ミレッジ</a>　一度もバットを振ることなくストレートのフォアボールを選ぶ 1塁</li>
<li>5：<a href="/npb/player?id=500480">バレンティン</a>　ショートゴロ 3アウトチェンジ</li>
</ul>
<div class="score yjS">
<p>得点: 0、 ヒット:0、 四死球:1</p>
</div>
      
<div class="anker"><a href="#wrapper">ページトップへ</a></div>
</div>
<div id="yads_67572_1441_position_01"></div><div id="ii1" class="item D clearfix"><!--チーム選択--><!--イニングid-->
<div class="title"><h3 class="yjS"><b>1回裏</b>　中日の攻撃</h3></div>
<ul>
<li>1：<a href="/npb/player?id=900410">大島</a>　セカンドゴロ 1アウト</li>
<li>2：<a href="/npb/player?id=11436">荒木</a>　ファウルフライを畠山(一)がつかんでバッターアウト 2アウト</li>
<li>3：<a href="/npb/player?id=1300004">クラーク</a>　外角低めのストレートを打つもライトフライ 3アウトチェンジ</li>
</ul>
<div class="score yjS">
<p>得点:0 、 ヒット:0 、 四死球:0</p>
</div>
</div>
<div id="i2" class="item S clearfix"><!--チーム選択--><!--イニングid-->
<div class="title"><h3 class="yjS"><b>2回表</b>　ヤクルトの攻撃</h3></div>
<ul>
<li>1：<a href="/npb/player?id=11992">畠山</a>　高めのストレートを打つもレフトフライ 1アウト</li>
<li>2：<a href="/npb/player?id=11330">宮本</a>　外角高めのシュートを打つもライトフライ 2アウト</li>
<li>3：<a href="/npb/player?id=600057">川島</a>　ファーストゴロ 3アウトチェンジ</li>
</ul>
<div class="score yjS">
<p>得点: 0、 ヒット:0、 四死球:0</p>
</div>
      
<div class="anker"><a href="#wrapper">ページトップへ</a></div>
</div>
<div id="ii2" class="item D clearfix"><!--チーム選択--><!--イニングid-->
<div class="title"><h3 class="yjS"><b>2回裏</b>　中日の攻撃</h3></div>
<ul>
<li>1：<a href="/npb/player?id=1200127">ルナ</a>　サードゴロ 1アウト</li>
<li>2：<a href="/npb/player?id=11558">和田</a>　ワンバウンドした球に空振り、三振を喫する 2アウト</li>
<li>3：<a href="/npb/player?id=600004">平田</a>　空振りの三振を喫する 3アウトチェンジ</li>
</ul>
<div class="score yjS">
<p>得点:0 、 ヒット:0 、 四死球:0</p>
</div>
</div>
<div id="i3" class="item S clearfix"><!--チーム選択--><!--イニングid-->
<div class="title"><h3 class="yjS"><b>3回表</b>　ヤクルトの攻撃</h3></div>
<ul>
<li>1：<b class="green">守備交代:サード森野</b></li>
<li>2：<a href="/npb/player?id=900044">中村</a>　一度もバットを振ることなく四球を選ぶ 1塁</li>
<li>3：<a href="/npb/player?id=1200076">小川</a>　スリーバントを試みるも失敗！ 1アウト</li>
<li>4：<a href="/npb/player?id=1000132">山田</a>　高めのストレートを打つもレフトフライ 2アウト</li>
<li>5：<a href="/npb/player?id=700020">上田</a>　セカンドフライ 3アウトチェンジ</li>
</ul>
<div class="score yjS">
<p>得点: 0、 ヒット:0、 四死球:1</p>
</div>
      
<div class="anker"><a href="#wrapper">ページトップへ</a></div>
</div>
<div id="ii3" class="item D clearfix"><!--チーム選択--><!--イニングid-->
<div class="title"><h3 class="yjS"><b>3回裏</b>　中日の攻撃</h3></div>
<ul>
<li>1：<a href="/npb/player?id=10278">谷繁</a>　ショートフライ 1アウト</li>
<li>2：<a href="/npb/player?id=11652">井端</a>　レフトへのヒットで出塁</li>
<li>3：打者井端は1塁を回って2塁に向かうもアウト！ 2アウト</li>
<li>4：<a href="/npb/player?id=1000138">大野</a>　レフトへのツーベース 2塁</li>
<li>5：<a href="/npb/player?id=900410">大島</a>　一打先制の場面で見逃し三振！決定機を逃す 3アウトチェンジ</li>
</ul>
<div class="score yjS">
<p>得点:0 、 ヒット:<span class="red">2</span> 、 四死球:0</p>
</div>
</div>
<div id="i4" class="item S clearfix"><!--チーム選択--><!--イニングid-->
<div class="title"><h3 class="yjS"><b>4回表</b>　ヤクルトの攻撃</h3></div>
<ul>
<li>1：<a href="/npb/player?id=1200015">ミレッジ</a>　フォアボールを選ぶ 1塁</li>
<li>2：<b class="red"><a href="/npb/player?id=500480">バレンティン</a>　2-1からレフトスタンドへの先制２ランホームラン！ 中0-2ヤ</b></li>
<li>3：<a href="/npb/player?id=11992">畠山</a>　キャッチャーフライ 1アウト</li>
<li>4：<a href="/npb/player?id=11330">宮本</a>　空振り三振でバッターアウト 2アウト</li>
<li>5：<a href="/npb/player?id=600057">川島</a>　高めのストレートを打つもレフトフライ 3アウトチェンジ</li>
</ul>
<div class="score yjS">
<p>得点: <b class="red">2</b>、 ヒット:<span class="red">1</span>、 四死球:1</p>
</div>
      
<div class="anker"><a href="#wrapper">ページトップへ</a></div>
</div>
<div id="ii4" class="item D clearfix"><!--チーム選択--><!--イニングid-->
<div class="title"><h3 class="yjS"><b>4回裏</b>　中日の攻撃</h3></div>
<ul>
<li>1：<a href="/npb/player?id=11436">荒木</a>　セーフティバントを試みるもサードゴロとなる 1アウト</li>
<li>2：<a href="/npb/player?id=1300004">クラーク</a>　空振り三振 2アウト</li>
<li>3：<a href="/npb/player?id=11511">森野</a>　レフトへの二塁打 2塁</li>
<li>4：<a href="/npb/player?id=11558">和田</a>　サードゴロ 3アウトチェンジ</li>
</ul>
<div class="score yjS">
<p>得点:0 、 ヒット:<span class="red">1</span> 、 四死球:0</p>
</div>
</div>
<div id="i5" class="item S clearfix"><!--チーム選択--><!--イニングid-->
<div class="title"><h3 class="yjS"><b>5回表</b>　ヤクルトの攻撃</h3></div>
<ul>
<li>1：<a href="/npb/player?id=900044">中村</a>　ど真ん中のストレートを打つもライトフライ 1アウト</li>
<li>2：<a href="/npb/player?id=1200076">小川</a>　見逃し三振でバッターアウト！ 2アウト</li>
<li>3：<a href="/npb/player?id=1000132">山田</a>　外角高めのストレートを打つもセンターフライ 3アウトチェンジ</li>
</ul>
<div class="score yjS">
<p>得点: 0、 ヒット:0、 四死球:0</p>
</div>
      
<div class="anker"><a href="#wrapper">ページトップへ</a></div>
</div>
<div id="ii5" class="item D clearfix"><!--チーム選択--><!--イニングid-->
<div class="title"><h3 class="yjS"><b>5回裏</b>　中日の攻撃</h3></div>
<ul>
<li>1：<a href="/npb/player?id=600004">平田</a>　高めのカーブを打つもライトフライ 1アウト</li>
<li>2：<a href="/npb/player?id=10278">谷繁</a>　外角低めの変化球を打つもセンターフライ 2アウト</li>
<li>3：<a href="/npb/player?id=11652">井端</a>　空振りの三振を喫する 3アウトチェンジ</li>
</ul>
<div class="score yjS">
<p>得点:0 、 ヒット:0 、 四死球:0</p>
</div>
</div>
<div id="i6" class="item S clearfix"><!--チーム選択--><!--イニングid-->
<div class="title"><h3 class="yjS"><b>6回表</b>　ヤクルトの攻撃</h3></div>
<ul>
<li>1：<a href="/npb/player?id=700020">上田</a>　サードへの痛烈な打球の内野安打 1塁</li>
<li>2：<a href="/npb/player?id=1200015">ミレッジ</a>　見事送りバントを決める 1アウト2塁</li>
<li>3：<a href="/npb/player?id=500480">バレンティン</a>　敬遠ぎみのフォアボールで歩かされる 1,2塁</li>
<li>4：<a href="/npb/player?id=11992">畠山</a>　1アウト1,2塁から低めのストレートを打つもセンターフライ 2アウト</li>
<li>5：<a href="/npb/player?id=11330">宮本</a>　セカンドゴロ 3アウトチェンジ</li>
</ul>
<div class="score yjS">
<p>得点: 0、 ヒット:<span class="red">1</span>、 四死球:1</p>
</div>
      
<div class="anker"><a href="#wrapper">ページトップへ</a></div>
</div>
<div id="ii6" class="item D clearfix"><!--チーム選択--><!--イニングid-->
<div class="title"><h3 class="yjS"><b>6回裏</b>　中日の攻撃</h3></div>
<ul>
<li>1：<a href="/npb/player?id=1000138">大野</a>　ピッチャーゴロ 1アウト</li>
<li>2：<a href="/npb/player?id=900410">大島</a>　ショートゴロ 2アウト</li>
<li>3：<a href="/npb/player?id=11436">荒木</a>　ど真ん中のストレートを打つもライトフライ 3アウトチェンジ</li>
</ul>
<div class="score yjS">
<p>得点:0 、 ヒット:0 、 四死球:0</p>
</div>
</div>
<div id="i7" class="item S clearfix"><!--チーム選択--><!--イニングid-->
<div class="title"><h3 class="yjS"><b>7回表</b>　ヤクルトの攻撃</h3></div>
<ul>
<li>1：<a href="/npb/player?id=600057">川島</a>　ライトへのヒットを放つ 1塁</li>
<li>2：<a href="/npb/player?id=900044">中村</a>　見事送りバントを成功させる 1アウト2塁</li>
<li>3：<a href="/npb/player?id=1200076">小川</a>　外角の球を打つもセンターフライ 2アウト</li>
<li>4：<a href="/npb/player?id=1000132">山田</a>　敬遠ぎみのフォアボールで歩かされる 1,2塁</li>
<li>5：<b class="red"><a href="/npb/player?id=700020">上田</a>　2アウト1,2塁の3-2からレフトへのタイムリースリーベース！ 中0-4ヤ 3塁</b></li>
<li>6：<a href="/npb/player?id=1200015">ミレッジ</a>　ファーストへのファウルフライに倒れる 3アウトチェンジ</li>
</ul>
<div class="score yjS">
<p>得点: <b class="red">2</b>、 ヒット:<span class="red">2</span>、 四死球:1</p>
</div>
      
<div class="anker"><a href="#wrapper">ページトップへ</a></div>
</div>
<div id="ii7" class="item D clearfix"><!--チーム選択--><!--イニングid-->
<div class="title"><h3 class="yjS"><b>7回裏</b>　中日の攻撃</h3></div>
<ul>
<li>1：<a href="/npb/player?id=1300004">クラーク</a>　センターへのヒットを放つ 1塁</li>
<li>2：<a href="/npb/player?id=11511">森野</a>　ライトへのヒットを放つ 1,2塁</li>
<li>3：<a href="/npb/player?id=11558">和田</a>　0アウト1,2塁からライトへのヒットを放つ 満塁</li>
<li>4：<a href="/npb/player?id=600004">平田</a>　空振り三振でバッターアウト 1アウト</li>
<li>5：<a href="/npb/player?id=10278">谷繁</a>　高めのシュートを打つもセンターフライ 2アウト</li>
<li>6：<a href="/npb/player?id=11652">井端</a>　2アウト満塁からセカンドゴロ 3アウトチェンジ</li>
</ul>
<div class="score yjS">
<p>得点:0 、 ヒット:<span class="red">3</span> 、 四死球:0</p>
</div>
</div>
<div id="i8" class="item S clearfix"><!--チーム選択--><!--イニングid-->
<div class="title"><h3 class="yjS"><b>8回表</b>　ヤクルトの攻撃</h3></div>
<ul>
<li>1：<b class="green">投手交代:大野→マドリガル</b></li>
<li>2：<a href="/npb/player?id=500480">バレンティン</a>　外角低めの球を打つもセンターフライ 1アウト</li>
<li>3：<a href="/npb/player?id=11992">畠山</a>　レフトへのヒット 1塁</li>
<li>4：<a href="/npb/player?id=11330">宮本</a>　ライトへのヒットで出塁 1,2塁</li>
<li>5：<a href="/npb/player?id=600057">川島</a>　内角高めのストレートを打つもセンターフライ 2アウト</li>
<li>6：<a href="/npb/player?id=900044">中村</a>　ランナー1,2塁からど真ん中の球を打つもセンターフライ 3アウトチェンジ</li>
</ul>
<div class="score yjS">
<p>得点: 0、 ヒット:<span class="red">2</span>、 四死球:0</p>
</div>
      
<div class="anker"><a href="#wrapper">ページトップへ</a></div>
</div>
<div id="ii8" class="item D clearfix"><!--チーム選択--><!--イニングid-->
<div class="title"><h3 class="yjS"><b>8回裏</b>　中日の攻撃</h3></div>
<ul>
<li>1：<b class="green">バッターマドリガルに代わり、長打力を秘めている松井佑</b></li>
<li>2：<a href="/npb/player?id=900409">松井佑</a>　ショートゴロ 1アウト</li>
<li>3：<a href="/npb/player?id=900410">大島</a>　ライトへのヒット 1塁</li>
<li>4：<a href="/npb/player?id=11436">荒木</a>　6-4-3のダブルプレー 3アウトチェンジ</li>
</ul>
<div class="score yjS">
<p>得点:0 、 ヒット:<span class="red">1</span> 、 四死球:0</p>
</div>
</div>
<div id="i9" class="item S clearfix"><!--チーム選択--><!--イニングid-->
<div class="title"><h3 class="yjS"><b>9回表</b>　ヤクルトの攻撃</h3></div>
<ul>
<li>1：<b class="green">投手交代:マドリガル→鈴木</b></li>
<li>2：<a href="/npb/player?id=1200076">小川</a>　一度もバットを振ることなく3球三振 1アウト</li>
<li>3：<a href="/npb/player?id=1000132">山田</a>　セカンドゴロ 2アウト</li>
<li>4：<a href="/npb/player?id=700020">上田</a>　ライトへのヒットで出塁 1塁</li>
<li>5：一塁走者上田:盗塁成功 2塁</li>
<li>6：<a href="/npb/player?id=1200015">ミレッジ</a>　ショートフライ 3アウトチェンジ</li>
</ul>
<div class="score yjS">
<p>得点: 0、 ヒット:<span class="red">1</span>、 四死球:0</p>
</div>
      
<div class="anker"><a href="#wrapper">ページトップへ</a></div>
</div>
<div id="ii9" class="item D clearfix"><!--チーム選択--><!--イニングid-->
<div class="title"><h3 class="yjS"><b>9回裏</b>　中日の攻撃</h3></div>
<ul>
<li>1：<a href="/npb/player?id=1300004">クラーク</a>　フォアボールを選ぶ 1塁</li>
<li>2：<a href="/npb/player?id=11511">森野</a>　外角のフォークボールをセンターへ打ってヒット 1,2塁</li>
<li>3：<a href="/npb/player?id=11558">和田</a>　外角高めの変化球を打つもセンターフライ 1アウト1,3塁</li>
<li>4：<a href="/npb/player?id=600004">平田</a>　1アウト1,3塁から6-4-3のダブルプレー ゲームセット</li>
<li>5：試合終了</li>
</ul>
<div class="score yjS">
<p>得点:0 、 ヒット:<span class="red">1</span> 、 四死球:1</p>
</div>
</div>
</div>
<!-- テキスト速報 -->

<div id="yads_67572_1441_position_02"></div>
</div><!--/#main-->
<!--main end-->

<!--sub start-->
<div id="sub">
<!-- SpaceID=0 robot -->
<!--/#pos-lrec-->

<!-- 他球団モジュール -->
<div class="yjSNLiveCommonsubtitle"><h4 class="yjS"><span>7/6(土)　そのほかの試合</span></h4></div>
<div id="yjSNLiveOthergame">
<table width=100% cellpadding=0 cellspacing=0 border=0>
<tr><td class='act'><dl>
<dt>中</dt>
<dd>0 - <b>4</b></dd>
<dt><b>ヤ</b></dt>
</dl>
<div>観戦中</div></td>
<td class=''><a alt='そのほかの試合' href='/npb/game/2013070603/'><dl>
<dt>広</dt>
<dd>2 - <b>3</b></dd>
<dt><b>神</b></dt>
</dl>
<div class="none">結果</div></a></td>
<td class=''><a alt='そのほかの試合' href='/npb/game/2013070604/'><dl>
<dt>日</dt>
<dd>0 - <b>4</b></dd>
<dt><b>オ</b></dt>
</dl>
<div class="none">結果</div></a></td>
</tr><tr><td class=''><a alt='そのほかの試合' href='/npb/game/2013070605/'><dl>
<dt><b>西</b></dt>
<dd><b>7</b> - 3</dd>
<dt>ロ</dt>
</dl>
<div class="none">結果</div></a></td>
<td class=''><a alt='そのほかの試合' href='/npb/game/2013070606/'><dl>
<dt>ソ</dt>
<dd>4 - <b>8</b></dd>
<dt><b>楽</b></dt>
</dl>
<div class="none">結果</div></a></td>
<td class=''><a alt='そのほかの試合' href='/npb/game/2013070601/'><dl>
<dt>巨</dt>
<dd>3 - <b>4</b></dd>
<dt><b>Ｄ</b></dt>
</dl>
<div class="none">結果</div></a></td>
</tr></table>
</div>

<!-- /他球団モジュール -->
<!--打順-->
<div class="yjSNLiveCommonsubtitle"><h4 class="yjS"><span>打順</span></h4></div>
<div id="yjSNLiveBattinglist" class="clearfix">

<table class="column-left" width=100% cellpadding=0 cellspacing=0 border=0>
<tr class="teamborder">
<th colspan=3 class="S">&nbsp;</th>
<th colspan=3 class="D">&nbsp;</th>
</tr>
<tr class="teamlogo">
<th colspan=3 class="S"><a href="/npb/teams/2/">ヤクルト</a></th>
<th colspan=3 class="D"><a href="/npb/teams/4/">中日</a></th>
</tr>

<tr>
<td class="nm">1</td>
<td>二</td>
<td class="pn"><a href="/npb/player?id=1000132">山田哲人</a></td>
<td class="nm">1</td>
<td>中</td>
<td class="pn"><a href="/npb/player?id=900410">大島洋平</a></td>
</tr>
<tr>
<td class="nm">2</td>
<td>中</td>
<td class="pn"><a href="/npb/player?id=700020">上田剛史</a></td>
<td class="nm">2</td>
<td>二</td>
<td class="pn"><a href="/npb/player?id=11436">荒木雅博</a></td>
</tr>
<tr>
<td class="nm">3</td>
<td>左</td>
<td class="pn"><a href="/npb/player?id=1200015">ミレッジ</a></td>
<td class="nm">3</td>
<td>一</td>
<td class="pn"><a href="/npb/player?id=1300004">クラーク</a></td>
</tr>
<tr>
<td class="nm">4</td>
<td>右</td>
<td class="pn"><a href="/npb/player?id=500480">バレンティン</a></td>
<td class="nm">4</td>
<td>三</td>
<td class="pn"><a href="/npb/player?id=11511">森野将彦</a></td>
</tr>
<tr>
<td class="nm">5</td>
<td>一</td>
<td class="pn"><a href="/npb/player?id=11992">畠山和洋</a></td>
<td class="nm">5</td>
<td>左</td>
<td class="pn"><a href="/npb/player?id=11558">和田一浩</a></td>
</tr>
<tr>
<td class="nm">6</td>
<td>三</td>
<td class="pn"><a href="/npb/player?id=11330">宮本慎也</a></td>
<td class="nm act">6</td>
<td class="act">右</td>
<td class="pn act"><a href="/npb/player?id=600004">平田良介</a></td>
</tr>
<tr>
<td class="nm">7</td>
<td>遊</td>
<td class="pn"><a href="/npb/player?id=600057">川島慶三</a></td>
<td class="nm">7</td>
<td>捕</td>
<td class="pn"><a href="/npb/player?id=10278">谷繁元信</a></td>
</tr>
<tr>
<td class="nm">8</td>
<td>捕</td>
<td class="pn"><a href="/npb/player?id=900044">中村悠平</a></td>
<td class="nm">8</td>
<td>遊</td>
<td class="pn"><a href="/npb/player?id=11652">井端弘和</a></td>
</tr>
<tr>
<td class="nm">9</td>
<td>投</td>
<td class="pn"><a href="/npb/player?id=1200076">小川泰弘</a></td>
<td class="nm">9</td>
<td>投</td>
<td class="pn"><a href="/npb/player?id=500070">鈴木義広</a></td>
</tr>

</table>

</div>

<!--打順-->

<!--ゲーム差-->
<!--ゲーム差-->


<!--球団情報-->

<!-- /新IM -->

</div><!--/#contents-body-->

 
</div><!-- Facebook -->
<div id="fb-root"></div>
<!-- / Facebook -->
</body>
</html>
