<!DOCTYPE html PUBLIC "-//W3C//DTD XHTML 1.0 Transitional//EN" "http://www.w3.org/TR/xhtml1/DTD/xhtml1-transitional.dtd">
<html lang="ja" xmlns:og="http://ogp.me/ns#" xmlns:mixi="http://mixi-platform.com/ns#" xmlns:fb="http://www.facebook.com/2008/fbml">
<head>
<!---京--->
<meta http-equiv="Content-Type" content="text/html; charset=utf-8">
<meta http-equiv="Content-Style-Type" content="text/css">
<meta http-equiv="Content-Script-Type" content="text/javascript">
<title>Yahoo!スポーツ - プロ野球</title>
<meta name="description" content="ＤｅＮＡ vs 広島のテキスト速報。一球速報、結果、セ・リーグ、パ・リーグの日程、順位、個人成績、プロ野球に関連した最新ニュース、写真ニュースなどの情報が満載な、Yahoo!スポーツ プロ野球サイトのテキスト速報ページです。">
<meta name="keywords" content="テキスト速報,速報,中継,ＤｅＮＡ,広島,プロ野球,野球">
<link rel="stylesheet" href="http://i.yimg.jp/images/sports/baseball/npb/live/css/master-npb-live-common.css" type="text/css" media="all">
<link rel="stylesheet" href="http://i.yimg.jp/images/sports/baseball/npb/css/master-npb-common.css" type="text/css" media="all">


<meta property="og:title"       content="Yahoo!プロ野球 - 2013年7月9日 ＤｅＮＡvs.広島 テキスト速報" />
<meta property="og:type"        content="website" />
<meta property="og:url"         content="http://baseball.yahoo.co.jp/npb/game/2013070902/text" /> 
<meta property="og:image"       content="http://i.yimg.jp/images/sports/promo/pc/facebook/baseball_76x76.png" />
<meta property="og:site_name"   content="Yahoo!スポーツ" />
<meta property="og:description" content="" />
<meta property="og:locale"      content="ja_JP" />
<meta property="fb:app_id"      content="215456371901325" />
<link rel="apple-touch-icon" href="http://i.yimg.jp/images/sports/promo/pc/facebook/baseball.png">
<script type="text/javascript" src="http://i.yimg.jp/images/sports/js/jquery-1.3.2.min.js"></script><script type="text/javascript" src="http://i.yimg.jp/images/sports/v1/js/sports.global-1.1.1.js"></script>
</head>
<body class="yj950-2">

<div id="wrapper"><div id="contents-body" class="yjSNLive">
<!--main start-->
<div id="main">

<!-- ローカルナビ -->
<div id="ch-navi" class="clearfix mb5p">
<ul class="clearfix">

<li><span><a href="/npb/game/2013070902/top"">試合トップ</a></span></li><!--ナビアクティブ-->

<li class="gray"><span><a>一球速報</a></span></li>


<li class="on"><span><a>テキスト速報</a></span></li>


<li><span><a href="/npb/game/2013070902/stats">投打詳細</a></span></li>

 
<li><span><a href="http://rd.yahoo.co.jp/media/sports/baseball/npb/live/tab/comment/SIG=11uarth82/*http%3A//textream.yahoo.co.jp/rd/sports/npb/?game=2013070902">コメント</a></span></li>


</ul>
<em><a href="/npb/schedule/?date=20130709">7月9日（火）</a>ＤｅＮＡ vs. 広島</em>
</div>

<!-- /ローカルナビ -->

<!-- スコアボード -->
<div id="yjSNLiveTextscoreboard">

<div class="inner">
<table width="100%" cellspacing="0" cellpadding="0" border="0">

<tbody><tr class="chs-title yjS">
<th>&nbsp;</th>
<th>1</th>
<th>2</th>
<th>3</th>
<th>4</th>
<th>5</th>
<th>6</th>
<th>7</th>
<th>8</th>
<th>9</th>
<th>計</th>
<th>安</th>
<th>失</th>
</tr>
<tr class="yjMS">
<th class="C">
<b><a href="/npb/teams/6/">広島</a></b></th><!--チーム選択-->


<td>
<a href=http://rd.yahoo.co.jp/media/sports/baseball/npb/live/sokuho/SIG=11of0rvtg/*http%3A//baseball.yahoo.co.jp/npb/game/2013070902/text#i1>0</a>
</td>
<td>
<a href=http://rd.yahoo.co.jp/media/sports/baseball/npb/live/sokuho/SIG=11of0rvtg/*http%3A//baseball.yahoo.co.jp/npb/game/2013070902/text#i2>0</a>
</td>
<td>
<a href=http://rd.yahoo.co.jp/media/sports/baseball/npb/live/sokuho/SIG=11of0rvtg/*http%3A//baseball.yahoo.co.jp/npb/game/2013070902/text#i3>0</a>
</td>
<td>
<a href=http://rd.yahoo.co.jp/media/sports/baseball/npb/live/sokuho/SIG=11of0rvtg/*http%3A//baseball.yahoo.co.jp/npb/game/2013070902/text#i4>0</a>
</td>
<td>
<a href=http://rd.yahoo.co.jp/media/sports/baseball/npb/live/sokuho/SIG=11of0rvtg/*http%3A//baseball.yahoo.co.jp/npb/game/2013070902/text#i5>0</a>
</td>
<td>
<a href=http://rd.yahoo.co.jp/media/sports/baseball/npb/live/sokuho/SIG=11of0rvtg/*http%3A//baseball.yahoo.co.jp/npb/game/2013070902/text#i6>2</a>
</td>
<td>
<a href=http://rd.yahoo.co.jp/media/sports/baseball/npb/live/sokuho/SIG=11of0rvtg/*http%3A//baseball.yahoo.co.jp/npb/game/2013070902/text#i7>2</a>
</td>
<td>
<a href=http://rd.yahoo.co.jp/media/sports/baseball/npb/live/sokuho/SIG=11of0rvtg/*http%3A//baseball.yahoo.co.jp/npb/game/2013070902/text#i8>0</a>
</td>
<td>
<a href=http://rd.yahoo.co.jp/media/sports/baseball/npb/live/sokuho/SIG=11of0rvtg/*http%3A//baseball.yahoo.co.jp/npb/game/2013070902/text#i9>0</a>
</td>
<td class="sum">4</td>
<td class="fwn">8</td>
<td class="fwn">0</td>
</tr>
<tr class="yjMS">
<th class="DB">

<b><a href="/npb/teams/3/">ＤｅＮＡ</a></b></th><!--チーム選択-->
<td>
<a href=http://rd.yahoo.co.jp/media/sports/baseball/npb/live/sokuho/SIG=11of0rvtg/*http%3A//baseball.yahoo.co.jp/npb/game/2013070902/text#ii1>0</a>
</td>
<td>
<a href=http://rd.yahoo.co.jp/media/sports/baseball/npb/live/sokuho/SIG=11of0rvtg/*http%3A//baseball.yahoo.co.jp/npb/game/2013070902/text#ii2>0</a>
</td>
<td>
<a href=http://rd.yahoo.co.jp/media/sports/baseball/npb/live/sokuho/SIG=11of0rvtg/*http%3A//baseball.yahoo.co.jp/npb/game/2013070902/text#ii3>1</a>
</td>
<td>
<a href=http://rd.yahoo.co.jp/media/sports/baseball/npb/live/sokuho/SIG=11of0rvtg/*http%3A//baseball.yahoo.co.jp/npb/game/2013070902/text#ii4>0</a>
</td>
<td>
<a href=http://rd.yahoo.co.jp/media/sports/baseball/npb/live/sokuho/SIG=11of0rvtg/*http%3A//baseball.yahoo.co.jp/npb/game/2013070902/text#ii5>0</a>
</td>
<td>
<a href=http://rd.yahoo.co.jp/media/sports/baseball/npb/live/sokuho/SIG=11of0rvtg/*http%3A//baseball.yahoo.co.jp/npb/game/2013070902/text#ii6>0</a>
</td>
<td>
<a href=http://rd.yahoo.co.jp/media/sports/baseball/npb/live/sokuho/SIG=11of0rvtg/*http%3A//baseball.yahoo.co.jp/npb/game/2013070902/text#ii7>0</a>
</td>
<td>
<a href=http://rd.yahoo.co.jp/media/sports/baseball/npb/live/sokuho/SIG=11of0rvtg/*http%3A//baseball.yahoo.co.jp/npb/game/2013070902/text#ii8>1</a>
</td>
<td>
<a href=http://rd.yahoo.co.jp/media/sports/baseball/npb/live/sokuho/SIG=11of0rvtg/*http%3A//baseball.yahoo.co.jp/npb/game/2013070902/text#ii9>0</a>
</td>
<td class="sum">2</td>
<td class="fwn">6</td>
<td class="fwn">0</td>
</tr>

</tbody></table>
</div>


<div class="navi clearfix">

<div class="column-left">
</div>

<div class="column-right">

<div class="reflesh clearfix">
<ul class="clearfix">
<li class="auto" title="自動更新"><a id="btn_auto" href="http://rd.yahoo.co.jp/media/sports/baseball/npb/live/auto/SIG=11of0rvtg/*http%3A//baseball.yahoo.co.jp/npb/game/2013070902/text?manual=2"><i>自動更新</i></a></li>
<li class="manual-on" title="手動更新"><a><i>手動更新</i></a></li>
<li title="更新" class="btn_reflesh"><a href="http://rd.yahoo.co.jp/media/sports/baseball/npb/live/refresh/SIG=11of0rvtg/*http%3A//baseball.yahoo.co.jp/npb/game/2013070902/text?manual=1"><i>更新</i></a></li>
</ul>
<em>自動更新：30秒</em>
</div>

</div>
</div>

</div>
<!-- /スコアボード -->


<!-- テキスト速報 -->
<div class="yjSportsCommonTitle"><h3 class="yjS"><span><strong>テキスト速報</strong></span></h3></div><div id="yjSNLiveTextlive" class="yjMS">

<div id="i1" class="item C clearfix"><!--チーム選択--><!--イニングid-->
<div class="title"><h3 class="yjS"><b>1回表</b>　広島の攻撃</h3></div>
<ul>
<li>1：試合開始</li>
<li>2：<a href="/npb/player?id=1200133">ルイス</a>　外角の真っ直ぐを打つもレフトフライ 1アウト</li>
<li>3：<a href="/npb/player?id=1100082">菊池</a>　空振りの三振を喫する 2アウト</li>
<li>4：<a href="/npb/player?id=800043">丸</a>　ハーフスイングを取られて空振り三振 3アウトチェンジ</li>
</ul>
<div class="score yjS">
<p>得点: 0、 ヒット:0、 四死球:0</p>
</div>
      
<div class="anker"><a href="#wrapper">ページトップへ</a></div>
</div>
<div id="yads_67572_1441_position_01"></div><div id="ii1" class="item DB clearfix"><!--チーム選択--><!--イニングid-->
<div class="title"><h3 class="yjS"><b>1回裏</b>　ＤｅＮＡの攻撃</h3></div>
<ul>
<li>1：<a href="/npb/player?id=1000095">荒波</a>　セーフティバントを試みるもピッチャーゴロとなる 1アウト</li>
<li>2：<a href="/npb/player?id=800088">内村</a>　外角のチェンジアップを打つもセカンドゴロ 2アウト</li>
<li>3：<a href="/npb/player?id=1300006">モーガン</a>　外角のカーブを打つもセカンドゴロ 3アウトチェンジ</li>
</ul>
<div class="score yjS">
<p>得点:0 、 ヒット:0 、 四死球:0</p>
</div>
</div>
<div id="i2" class="item C clearfix"><!--チーム選択--><!--イニングid-->
<div class="title"><h3 class="yjS"><b>2回表</b>　広島の攻撃</h3></div>
<ul>
<li>1：<a href="/npb/player?id=800041">松山</a>　センターへの二塁打 2塁</li>
<li>2：<a href="/npb/player?id=1300016">キラ</a>　外角のスライダーを見送りフォアボールを選ぶ 1,2塁</li>
<li>3：<a href="/npb/player?id=600038">梵</a>　見事送りバントを決める 1アウト2,3塁</li>
<li>4：<a href="/npb/player?id=900430">堂林</a>　空振りの三振を喫する 2アウト</li>
<li>5：<a href="/npb/player?id=12186">石原</a>　敬遠ぎみのフォアボールで歩かされる 満塁</li>
<li>6：<a href="/npb/player?id=1100081">野村</a>　一打先制の場面で外角のスライダーを打つもサードゴロ 3アウトチェンジ</li>
</ul>
<div class="score yjS">
<p>得点: 0、 ヒット:<span class="red">1</span>、 四死球:2</p>
</div>
      
<div class="anker"><a href="#wrapper">ページトップへ</a></div>
</div>
<div id="ii2" class="item DB clearfix"><!--チーム選択--><!--イニングid-->
<div class="title"><h3 class="yjS"><b>2回裏</b>　ＤｅＮＡの攻撃</h3></div>
<ul>
<li>1：<a href="/npb/player?id=500518">ブランコ</a>　内角のチェンジアップを打つもレフトフライ 1アウト</li>
<li>2：<a href="/npb/player?id=11089">中村</a>　外角のスライダーを打つもサードゴロ 2アウト</li>
<li>3：<a href="/npb/player?id=1000002">筒香</a>　内角のストレートに見逃し三振 3アウトチェンジ</li>
</ul>
<div class="score yjS">
<p>得点:0 、 ヒット:0 、 四死球:0</p>
</div>
</div>
<div id="i3" class="item C clearfix"><!--チーム選択--><!--イニングid-->
<div class="title"><h3 class="yjS"><b>3回表</b>　広島の攻撃</h3></div>
<ul>
<li>1：<a href="/npb/player?id=1200133">ルイス</a>　内角の真っ直ぐを打つもレフトフライ 1アウト</li>
<li>2：<a href="/npb/player?id=1100082">菊池</a>　低めのストレートに見逃し三振でバッターアウト！ 2アウト</li>
<li>3：<a href="/npb/player?id=800043">丸</a>　外角のフォークボールをライトへ打ってヒット 1塁</li>
<li>4：<a href="/npb/player?id=800041">松山</a>　内角のスライダーを打つもショートフライ 3アウトチェンジ</li>
</ul>
<div class="score yjS">
<p>得点: 0、 ヒット:<span class="red">1</span>、 四死球:0</p>
</div>
      
<div class="anker"><a href="#wrapper">ページトップへ</a></div>
</div>
<div id="ii3" class="item DB clearfix"><!--チーム選択--><!--イニングid-->
<div class="title"><h3 class="yjS"><b>3回裏</b>　ＤｅＮＡの攻撃</h3></div>
<ul>
<li>1：<a href="/npb/player?id=900051">山崎</a>　ど真ん中のスライダーを打つもセカンドフライ 1アウト</li>
<li>2：<a href="/npb/player?id=11430">鶴岡一</a>　レフトへのツーベース 2塁</li>
<li>3：<a href="/npb/player?id=1200049">三嶋</a>　高めのつり球に空振り三振 2アウト</li>
<li>4：<b class="red"><a href="/npb/player?id=1000095">荒波</a>　2アウト2塁の3-2からセンターへの先制タイムリーヒット！ Ｄ1-0広 1塁</b></li>
<li>5：一塁走者荒波:盗塁を試みるもアウト 3アウトチェンジ</li>
</ul>
<div class="score yjS">
<p>得点:<b class="red">1</b> 、 ヒット:<span class="red">2</span> 、 四死球:0</p>
</div>
</div>
<div id="i4" class="item C clearfix"><!--チーム選択--><!--イニングid-->
<div class="title"><h3 class="yjS"><b>4回表</b>　広島の攻撃</h3></div>
<ul>
<li>1：<a href="/npb/player?id=1300016">キラ</a>　低めのスライダーを見送り四球を選ぶ 1塁</li>
<li>2：<a href="/npb/player?id=600038">梵</a>　一度もバットを振ることなく四球を選ぶ 1,2塁</li>
<li>3：<a href="/npb/player?id=900430">堂林</a>　外角のスライダーに空振り三振 1アウト</li>
<li>4：<a href="/npb/player?id=12186">石原</a>　低めの変化球を打つも5-4-3のダブルプレー 3アウトチェンジ</li>
</ul>
<div class="score yjS">
<p>得点: 0、 ヒット:0、 四死球:2</p>
</div>
      
<div class="anker"><a href="#wrapper">ページトップへ</a></div>
</div>
<div id="ii4" class="item DB clearfix"><!--チーム選択--><!--イニングid-->
<div class="title"><h3 class="yjS"><b>4回裏</b>　ＤｅＮＡの攻撃</h3></div>
<ul>
<li>1：<a href="/npb/player?id=800088">内村</a>　内角のストレートを打つもファーストゴロ 1アウト</li>
<li>2：<a href="/npb/player?id=1300006">モーガン</a>　セーフティバントを試みるもピッチャーゴロとなる 2アウト</li>
<li>3：<a href="/npb/player?id=500518">ブランコ</a>　外角の真っ直ぐに見逃し三振でバッターアウト！ 3アウトチェンジ</li>
</ul>
<div class="score yjS">
<p>得点:0 、 ヒット:0 、 四死球:0</p>
</div>
</div>
<div id="i5" class="item C clearfix"><!--チーム選択--><!--イニングid-->
<div class="title"><h3 class="yjS"><b>5回表</b>　広島の攻撃</h3></div>
<ul>
<li>1：<a href="/npb/player?id=1100081">野村</a>　ど真ん中の変化球を打つもショートゴロ 1アウト</li>
<li>2：<a href="/npb/player?id=1200133">ルイス</a>　150キロのストレートを見送りフォアボールを選ぶ 1塁</li>
<li>3：<a href="/npb/player?id=1100082">菊池</a>　空振り三振に倒れるもスタートを切っていた一塁走者ルイスが盗塁成功 2アウト2塁</li>
<li>4：<a href="/npb/player?id=800043">丸</a>　一度もバットを振ることなくストレートのフォアボールを選ぶ 1,2塁</li>
<li>5：<a href="/npb/player?id=800041">松山</a>　内角のストレートを打つもセンターフライ 3アウトチェンジ</li>
</ul>
<div class="score yjS">
<p>得点: 0、 ヒット:0、 四死球:2</p>
</div>
      
<div class="anker"><a href="#wrapper">ページトップへ</a></div>
</div>
<div id="ii5" class="item DB clearfix"><!--チーム選択--><!--イニングid-->
<div class="title"><h3 class="yjS"><b>5回裏</b>　ＤｅＮＡの攻撃</h3></div>
<ul>
<li>1：<a href="/npb/player?id=11089">中村</a>　低めの変化球を打つもライトフライ 1アウト</li>
<li>2：<a href="/npb/player?id=1000002">筒香</a>　ライトへのヒットを放つ 1塁</li>
<li>3：<a href="/npb/player?id=900051">山崎</a>　内角のストレートを打つもファーストフライ</li>
<li>4：1塁走者筒香も戻れずダブルプレー！ 3アウトチェンジ</li>
</ul>
<div class="score yjS">
<p>得点:0 、 ヒット:<span class="red">1</span> 、 四死球:0</p>
</div>
</div>
<div id="i6" class="item C clearfix"><!--チーム選択--><!--イニングid-->
<div class="title"><h3 class="yjS"><b>6回表</b>　広島の攻撃</h3></div>
<ul>
<li>1：<b class="red"><a href="/npb/player?id=1300016">キラ</a>　1-2からバックスクリーンへの同点ホームラン！ Ｄ1-1広</b></li>
<li>2：<a href="/npb/player?id=600038">梵</a>　ライトへのツーベース 2塁</li>
<li>3：<a href="/npb/player?id=900430">堂林</a>　見事送りバントを成功させる 1アウト3塁</li>
<li>4：<b class="red"><a href="/npb/player?id=12186">石原</a>　ランナー3塁の1-1からライトへの犠牲フライを放つ</b></li>
<li>5：<b class="red">広島勝ち越し！ Ｄ1-2広 2アウト</b></li>
<li>6：<a href="/npb/player?id=1100081">野村</a>　内角のストレートを見送りフォアボールを選ぶ 1塁</li>
<li>7：<a href="/npb/player?id=1200133">ルイス</a>　空振りの三振を喫する 3アウトチェンジ</li>
</ul>
<div class="score yjS">
<p>得点: <b class="red">2</b>、 ヒット:<span class="red">2</span>、 四死球:1</p>
</div>
      
<div class="anker"><a href="#wrapper">ページトップへ</a></div>
</div>
<div id="ii6" class="item DB clearfix"><!--チーム選択--><!--イニングid-->
<div class="title"><h3 class="yjS"><b>6回裏</b>　ＤｅＮＡの攻撃</h3></div>
<ul>
<li>1：<a href="/npb/player?id=11430">鶴岡一</a>　高めの変化球に空振り三振 1アウト</li>
<li>2：<b class="green">三嶋→代打:下園</b></li>
<li>3：<a href="/npb/player?id=700030">下園</a>　レフトへのヒットを放つ 1塁</li>
<li>4：<a href="/npb/player?id=1000095">荒波</a>　外角のストレートを打つもファーストゴロ 2アウト1塁</li>
<li>5：<a href="/npb/player?id=800088">内村</a>　内角の真っ直ぐを打つもライトフライ 3アウトチェンジ</li>
</ul>
<div class="score yjS">
<p>得点:0 、 ヒット:<span class="red">1</span> 、 四死球:0</p>
</div>
</div>
<div id="i7" class="item C clearfix"><!--チーム選択--><!--イニングid-->
<div class="title"><h3 class="yjS"><b>7回表</b>　広島の攻撃</h3></div>
<ul>
<li>1：<b class="green">投手交代:三嶋→大原</b></li>
<li>2：<a href="/npb/player?id=1100082">菊池</a>　内角のストレートを見送りフォアボールを選ぶ 1塁</li>
<li>3：<a href="/npb/player?id=800043">丸</a>　ライトへのヒットで出塁 1,3塁</li>
<li>4：<b class="green">松山→代打:広瀬</b></li>
<li>5：<a href="/npb/player?id=12068">広瀬</a>　外角のシュートを打つもショートゴロ</li>
<li>6：3塁走者菊池は走塁死 1アウト1,2塁</li>
<li>7：<a href="/npb/player?id=1300016">キラ</a>　空振り三振に倒れるも一塁走者広瀬、二塁走者丸ダブルスチール成功！ 2アウト2,3塁</li>
<li>8：<b class="green">投手交代:大原→加賀</b></li>
<li>9：<b class="red"><a href="/npb/player?id=600038">梵</a>　ランナー2,3塁の3-1から2点タイムリーツーベース！ Ｄ1-4広 2塁</b></li>
<li>10：<a href="/npb/player?id=900430">堂林</a>　フルカウントから外角のスライダーに空振り三振でバッターアウト 3アウトチェンジ</li>
</ul>
<div class="score yjS">
<p>得点: <b class="red">2</b>、 ヒット:<span class="red">2</span>、 四死球:1</p>
</div>
      
<div class="anker"><a href="#wrapper">ページトップへ</a></div>
</div>
<div id="ii7" class="item DB clearfix"><!--チーム選択--><!--イニングid-->
<div class="title"><h3 class="yjS"><b>7回裏</b>　ＤｅＮＡの攻撃</h3></div>
<ul>
<li>1：<b class="green">守備変更:広瀬→ライト</b></li>
<li>2：<a href="/npb/player?id=1300006">モーガン</a>　内角のカーブを打つもファーストゴロ 1アウト</li>
<li>3：<a href="/npb/player?id=500518">ブランコ</a>　外角のスライダーを打つもサードゴロ 2アウト</li>
<li>4：<a href="/npb/player?id=11089">中村</a>　内角の落ちる球を打つもセカンドフライ 3アウトチェンジ</li>
</ul>
<div class="score yjS">
<p>得点:0 、 ヒット:0 、 四死球:0</p>
</div>
</div>
<div id="i8" class="item C clearfix"><!--チーム選択--><!--イニングid-->
<div class="title"><h3 class="yjS"><b>8回表</b>　広島の攻撃</h3></div>
<ul>
<li>1：<b class="green">ピッチャー加賀に代わってありったけの力で投げ込む大田がマウンドにあがる</b></li>
<li>2：<a href="/npb/player?id=12186">石原</a>　低めのフォークボールに空振り三振でバッターアウト 1アウト</li>
<li>3：<a href="/npb/player?id=1100081">野村</a>　空振りの三振を喫する 2アウト</li>
<li>4：<a href="/npb/player?id=1200133">ルイス</a>　低めのフォークボールを打つもサードフライ 3アウトチェンジ</li>
</ul>
<div class="score yjS">
<p>得点: 0、 ヒット:0、 四死球:0</p>
</div>
      
<div class="anker"><a href="#wrapper">ページトップへ</a></div>
</div>
<div id="ii8" class="item DB clearfix"><!--チーム選択--><!--イニングid-->
<div class="title"><h3 class="yjS"><b>8回裏</b>　ＤｅＮＡの攻撃</h3></div>
<ul>
<li>1：<b class="green">縦横無尽に駆け回る赤松がセンターの守備につく　守備変更:丸センター→ライト　守備変更:広瀬ライト→レフト</b></li>
<li>2：<a href="/npb/player?id=1000002">筒香</a>　ファーストへの痛烈な打球の内野安打 1塁</li>
<li>3：<a href="/npb/player?id=900051">山崎</a>　ど真ん中の落ちる球を打つもセンターフライ 1アウト</li>
<li>4：<b class="red"><a href="/npb/player?id=11430">鶴岡一</a>　カウント2-2からセンターへタイムリーツーベース！ Ｄ2-4広 2塁</b></li>
<li>5：<b class="green">大田→代打:ラミレス</b></li>
<li>6：<a href="/npb/player?id=11993">ラミレス</a>　外角のストレートを打つもセカンドゴロ 2アウト3塁</li>
<li>7：<a href="/npb/player?id=1000095">荒波</a>　低めのストレートを打つもセカンドゴロ 3アウトチェンジ</li>
</ul>
<div class="score yjS">
<p>得点:<b class="red">1</b> 、 ヒット:<span class="red">2</span> 、 四死球:0</p>
</div>
</div>
<div id="i9" class="item C clearfix"><!--チーム選択--><!--イニングid-->
<div class="title"><h3 class="yjS"><b>9回表</b>　広島の攻撃</h3></div>
<ul>
<li>1：<b class="green">投手交代:大田→菊地</b></li>
<li>2：<a href="/npb/player?id=1100082">菊池</a>　レフトへのツーベース 2塁</li>
<li>3：<a href="/npb/player?id=800043">丸</a>　ランナー2塁からライトへのヒットを放つ 1,3塁</li>
<li>4：<a href="/npb/player?id=12068">広瀬</a>　外角の変化球を打つもショートライナー</li>
<li>5：1塁走者丸は塁を飛び出しておりダブルプレー！ 2アウト3塁</li>
<li>6：<a href="/npb/player?id=1300016">キラ</a>　内角のカットボールを打つもショートゴロ 3アウトチェンジ</li>
</ul>
<div class="score yjS">
<p>得点: 0、 ヒット:<span class="red">2</span>、 四死球:0</p>
</div>
      
<div class="anker"><a href="#wrapper">ページトップへ</a></div>
</div>
<div id="ii9" class="item DB clearfix"><!--チーム選択--><!--イニングid-->
<div class="title"><h3 class="yjS"><b>9回裏</b>　ＤｅＮＡの攻撃</h3></div>
<ul>
<li>1：<b class="green">「安心と信頼のフィールディング」木村がファーストの守備につく</b></li>
<li>2：<a href="/npb/player?id=800088">内村</a>　15球目のカーブを打つもレフトフライ 1アウト</li>
<li>3：<a href="/npb/player?id=1300006">モーガン</a>　外角のチェンジアップを打つもファーストゴロ 2アウト</li>
<li>4：<a href="/npb/player?id=500518">ブランコ</a>　高めのカーブを打つもセンターフライ ゲームセット</li>
<li>5：試合終了</li>
</ul>
<div class="score yjS">
<p>得点:0 、 ヒット:0 、 四死球:0</p>
</div>
</div>
</div>
<!-- テキスト速報 -->

<div id="yads_67572_1441_position_02"></div>
</div><!--/#main-->
<!--main end-->

<!--sub start-->
<div id="sub">
<!-- SpaceID=0 robot -->
<!--/#pos-lrec-->

<!-- 他球団モジュール -->
<div class="yjSNLiveCommonsubtitle"><h4 class="yjS"><span>7/9(火)　そのほかの試合</span></h4></div>
<div id="yjSNLiveOthergame">
<table width=100% cellpadding=0 cellspacing=0 border=0>
<tr><td class=''><a alt='そのほかの試合' href='/npb/game/2013070901/'><dl>
<dt><b>巨</b></dt>
<dd><b>6</b> - 3</dd>
<dt>ヤ</dt>
</dl>
<div class="none">結果</div></a></td>
<td class='act'><dl>
<dt>Ｄ</dt>
<dd>2 - <b>4</b></dd>
<dt><b>広</b></dt>
</dl>
<div>観戦中</div></td>
<td class=''><a alt='そのほかの試合' href='/npb/game/2013070904/'><dl>
<dt><b>楽</b></dt>
<dd><b>5</b> - 0</dd>
<dt>日</dt>
</dl>
<div class="none">結果</div></a></td>
</tr><tr><td class=''><a alt='そのほかの試合' href='/npb/game/2013070905/'><dl>
<dt>西</dt>
<dd>4 - <b>5</b></dd>
<dt><b>ソ</b></dt>
</dl>
<div class="none">結果</div></a></td>
<td class=''><a alt='そのほかの試合' href='/npb/game/2013070906/'><dl>
<dt>ロ</dt>
<dd>3 - 3</dd>
<dt>オ</dt>
</dl>
<div class="none">結果</div></a></td>
<td class=''><a alt='そのほかの試合' href='/npb/game/2013070903/'><dl>
<dt><b>神</b></dt>
<dd><b>6</b> - 2</dd>
<dt>中</dt>
</dl>
<div class="none">結果</div></a></td>
</tr></table>
</div>

<!-- /他球団モジュール -->
<!--打順-->
<div class="yjSNLiveCommonsubtitle"><h4 class="yjS"><span>打順</span></h4></div>
<div id="yjSNLiveBattinglist" class="clearfix">

<table class="column-left" width=100% cellpadding=0 cellspacing=0 border=0>
<tr class="teamborder">
<th colspan=3 class="C">&nbsp;</th>
<th colspan=3 class="DB">&nbsp;</th>
</tr>
<tr class="teamlogo">
<th colspan=3 class="C"><a href="/npb/teams/6/">広島</a></th>
<th colspan=3 class="DB"><a href="/npb/teams/3/">ＤｅＮＡ</a></th>
</tr>

<tr>
<td class="nm">1</td>
<td>中</td>
<td class="pn"><a href="/npb/player?id=500068">赤松真人</a></td>
<td class="nm">1</td>
<td>右</td>
<td class="pn"><a href="/npb/player?id=1000095">荒波翔</a></td>
</tr>
<tr>
<td class="nm">2</td>
<td>二</td>
<td class="pn"><a href="/npb/player?id=1100082">菊池涼介</a></td>
<td class="nm">2</td>
<td>二</td>
<td class="pn"><a href="/npb/player?id=800088">内村賢介</a></td>
</tr>
<tr>
<td class="nm">3</td>
<td>右</td>
<td class="pn"><a href="/npb/player?id=800043">丸佳浩</a></td>
<td class="nm">3</td>
<td>中</td>
<td class="pn"><a href="/npb/player?id=1300006">モーガン</a></td>
</tr>
<tr>
<td class="nm">4</td>
<td>左</td>
<td class="pn"><a href="/npb/player?id=12068">広瀬純</a></td>
<td class="nm act">4</td>
<td class="act">一</td>
<td class="pn act"><a href="/npb/player?id=500518">ブランコ</a></td>
</tr>
<tr>
<td class="nm">5</td>
<td>一</td>
<td class="pn"><a href="/npb/player?id=20185">木村昇吾</a></td>
<td class="nm">5</td>
<td>三</td>
<td class="pn"><a href="/npb/player?id=11089">中村紀洋</a></td>
</tr>
<tr>
<td class="nm">6</td>
<td>遊</td>
<td class="pn"><a href="/npb/player?id=600038">梵英心</a></td>
<td class="nm">6</td>
<td>左</td>
<td class="pn"><a href="/npb/player?id=1000002">筒香嘉智</a></td>
</tr>
<tr>
<td class="nm">7</td>
<td>三</td>
<td class="pn"><a href="/npb/player?id=900430">堂林翔太</a></td>
<td class="nm">7</td>
<td>遊</td>
<td class="pn"><a href="/npb/player?id=900051">山崎憲晴</a></td>
</tr>
<tr>
<td class="nm">8</td>
<td>捕</td>
<td class="pn"><a href="/npb/player?id=12186">石原慶幸</a></td>
<td class="nm">8</td>
<td>捕</td>
<td class="pn"><a href="/npb/player?id=11430">鶴岡一成</a></td>
</tr>
<tr>
<td class="nm">9</td>
<td>投</td>
<td class="pn"><a href="/npb/player?id=1100081">野村祐輔</a></td>
<td class="nm">9</td>
<td>投</td>
<td class="pn"><a href="/npb/player?id=500021">菊地和正</a></td>
</tr>

</table>

</div>

<!--打順-->

<!--ゲーム差-->
<!--ゲーム差-->


<!--球団情報-->

<!-- /新IM -->

</div><!--/#contents-body-->

 
</div><!-- Facebook -->
<div id="fb-root"></div>
<!-- / Facebook -->
</body>
</html>
