<!DOCTYPE html PUBLIC "-//W3C//DTD XHTML 1.0 Transitional//EN" "http://www.w3.org/TR/xhtml1/DTD/xhtml1-transitional.dtd">
<html lang="ja" xmlns:og="http://ogp.me/ns#" xmlns:mixi="http://mixi-platform.com/ns#" xmlns:fb="http://www.facebook.com/2008/fbml">
<head>
<!---京--->
<meta http-equiv="Content-Type" content="text/html; charset=utf-8">
<meta http-equiv="Content-Style-Type" content="text/css">
<meta http-equiv="Content-Script-Type" content="text/javascript">
<title>Yahoo!スポーツ - プロ野球</title>
<meta name="description" content="阪神 vs 中日のテキスト速報。一球速報、結果、セ・リーグ、パ・リーグの日程、順位、個人成績、プロ野球に関連した最新ニュース、写真ニュースなどの情報が満載な、Yahoo!スポーツ プロ野球サイトのテキスト速報ページです。">
<meta name="keywords" content="テキスト速報,速報,中継,阪神,中日,プロ野球,野球">
<link rel="stylesheet" href="http://i.yimg.jp/images/sports/baseball/npb/live/css/master-npb-live-common.css" type="text/css" media="all">
<link rel="stylesheet" href="http://i.yimg.jp/images/sports/baseball/npb/css/master-npb-common.css" type="text/css" media="all">


<meta property="og:title"       content="Yahoo!プロ野球 - 2013年7月10日 阪神vs.中日 テキスト速報" />
<meta property="og:type"        content="website" />
<meta property="og:url"         content="http://baseball.yahoo.co.jp/npb/game/2013071003/text" /> 
<meta property="og:image"       content="http://i.yimg.jp/images/sports/promo/pc/facebook/baseball_76x76.png" />
<meta property="og:site_name"   content="Yahoo!スポーツ" />
<meta property="og:description" content="" />
<meta property="og:locale"      content="ja_JP" />
<meta property="fb:app_id"      content="215456371901325" />
<link rel="apple-touch-icon" href="http://i.yimg.jp/images/sports/promo/pc/facebook/baseball.png">
<script type="text/javascript" src="http://i.yimg.jp/images/sports/js/jquery-1.3.2.min.js"></script><script type="text/javascript" src="http://i.yimg.jp/images/sports/v1/js/sports.global-1.1.1.js"></script>
</head>
<body class="yj950-2">

<div id="wrapper"><div id="contents-body" class="yjSNLive">
<!--main start-->
<div id="main">

<!-- ローカルナビ -->
<div id="ch-navi" class="clearfix mb5p">
<ul class="clearfix">

<li><span><a href="/npb/game/2013071003/top"">試合トップ</a></span></li><!--ナビアクティブ-->

<li class="gray"><span><a>一球速報</a></span></li>


<li class="on"><span><a>テキスト速報</a></span></li>


<li><span><a href="/npb/game/2013071003/stats">投打詳細</a></span></li>

 
<li><span><a href="http://rd.yahoo.co.jp/media/sports/baseball/npb/live/tab/comment/SIG=11u0e5m0u/*http%3A//textream.yahoo.co.jp/rd/sports/npb/?game=2013071003">コメント</a></span></li>


</ul>
<em><a href="/npb/schedule/?date=20130710">7月10日（水）</a>阪神 vs. 中日</em>
</div>

<!-- /ローカルナビ -->

<!-- スコアボード -->
<div id="yjSNLiveTextscoreboard">

<div class="inner">
<table width="100%" cellspacing="0" cellpadding="0" border="0">

<tbody><tr class="chs-title yjS">
<th>&nbsp;</th>
<th>1</th>
<th>2</th>
<th>3</th>
<th>4</th>
<th>5</th>
<th>6</th>
<th>7</th>
<th>8</th>
<th>9</th>
<th>計</th>
<th>安</th>
<th>失</th>
</tr>
<tr class="yjMS">
<th class="D">
<b><a href="/npb/teams/4/">中日</a></b></th><!--チーム選択-->


<td>
<a href=http://rd.yahoo.co.jp/media/sports/baseball/npb/live/sokuho/SIG=11o53bt7b/*http%3A//baseball.yahoo.co.jp/npb/game/2013071003/text#i1>0</a>
</td>
<td>
<a href=http://rd.yahoo.co.jp/media/sports/baseball/npb/live/sokuho/SIG=11o53bt7b/*http%3A//baseball.yahoo.co.jp/npb/game/2013071003/text#i2>0</a>
</td>
<td>
<a href=http://rd.yahoo.co.jp/media/sports/baseball/npb/live/sokuho/SIG=11o53bt7b/*http%3A//baseball.yahoo.co.jp/npb/game/2013071003/text#i3>0</a>
</td>
<td>
<a href=http://rd.yahoo.co.jp/media/sports/baseball/npb/live/sokuho/SIG=11o53bt7b/*http%3A//baseball.yahoo.co.jp/npb/game/2013071003/text#i4>0</a>
</td>
<td>
<a href=http://rd.yahoo.co.jp/media/sports/baseball/npb/live/sokuho/SIG=11o53bt7b/*http%3A//baseball.yahoo.co.jp/npb/game/2013071003/text#i5>0</a>
</td>
<td>
<a href=http://rd.yahoo.co.jp/media/sports/baseball/npb/live/sokuho/SIG=11o53bt7b/*http%3A//baseball.yahoo.co.jp/npb/game/2013071003/text#i6>0</a>
</td>
<td>
<a href=http://rd.yahoo.co.jp/media/sports/baseball/npb/live/sokuho/SIG=11o53bt7b/*http%3A//baseball.yahoo.co.jp/npb/game/2013071003/text#i7>1</a>
</td>
<td>
<a href=http://rd.yahoo.co.jp/media/sports/baseball/npb/live/sokuho/SIG=11o53bt7b/*http%3A//baseball.yahoo.co.jp/npb/game/2013071003/text#i8>0</a>
</td>
<td>
<a href=http://rd.yahoo.co.jp/media/sports/baseball/npb/live/sokuho/SIG=11o53bt7b/*http%3A//baseball.yahoo.co.jp/npb/game/2013071003/text#i9>0</a>
</td>
<td class="sum">1</td>
<td class="fwn">5</td>
<td class="fwn">0</td>
</tr>
<tr class="yjMS">
<th class="T">

<b><a href="/npb/teams/5/">阪神</a></b></th><!--チーム選択-->
<td>
<a href=http://rd.yahoo.co.jp/media/sports/baseball/npb/live/sokuho/SIG=11o53bt7b/*http%3A//baseball.yahoo.co.jp/npb/game/2013071003/text#ii1>0</a>
</td>
<td>
<a href=http://rd.yahoo.co.jp/media/sports/baseball/npb/live/sokuho/SIG=11o53bt7b/*http%3A//baseball.yahoo.co.jp/npb/game/2013071003/text#ii2>0</a>
</td>
<td>
<a href=http://rd.yahoo.co.jp/media/sports/baseball/npb/live/sokuho/SIG=11o53bt7b/*http%3A//baseball.yahoo.co.jp/npb/game/2013071003/text#ii3>0</a>
</td>
<td>
<a href=http://rd.yahoo.co.jp/media/sports/baseball/npb/live/sokuho/SIG=11o53bt7b/*http%3A//baseball.yahoo.co.jp/npb/game/2013071003/text#ii4>1</a>
</td>
<td>
<a href=http://rd.yahoo.co.jp/media/sports/baseball/npb/live/sokuho/SIG=11o53bt7b/*http%3A//baseball.yahoo.co.jp/npb/game/2013071003/text#ii5>1</a>
</td>
<td>
<a href=http://rd.yahoo.co.jp/media/sports/baseball/npb/live/sokuho/SIG=11o53bt7b/*http%3A//baseball.yahoo.co.jp/npb/game/2013071003/text#ii6>3</a>
</td>
<td>
<a href=http://rd.yahoo.co.jp/media/sports/baseball/npb/live/sokuho/SIG=11o53bt7b/*http%3A//baseball.yahoo.co.jp/npb/game/2013071003/text#ii7>0</a>
</td>
<td>
<a href=http://rd.yahoo.co.jp/media/sports/baseball/npb/live/sokuho/SIG=11o53bt7b/*http%3A//baseball.yahoo.co.jp/npb/game/2013071003/text#ii8>1</a>
</td>
<td>
<a href=http://rd.yahoo.co.jp/media/sports/baseball/npb/live/sokuho/SIG=11o53bt7b/*http%3A//baseball.yahoo.co.jp/npb/game/2013071003/text#ii9>X</a>
</td>
<td class="sum">6</td>
<td class="fwn">12</td>
<td class="fwn">2</td>
</tr>

</tbody></table>
</div>


<div class="navi clearfix">

<div class="column-left">
</div>

<div class="column-right">

<div class="reflesh clearfix">
<ul class="clearfix">
<li class="auto" title="自動更新"><a id="btn_auto" href="http://rd.yahoo.co.jp/media/sports/baseball/npb/live/auto/SIG=11o53bt7b/*http%3A//baseball.yahoo.co.jp/npb/game/2013071003/text?manual=2"><i>自動更新</i></a></li>
<li class="manual-on" title="手動更新"><a><i>手動更新</i></a></li>
<li title="更新" class="btn_reflesh"><a href="http://rd.yahoo.co.jp/media/sports/baseball/npb/live/refresh/SIG=11o53bt7b/*http%3A//baseball.yahoo.co.jp/npb/game/2013071003/text?manual=1"><i>更新</i></a></li>
</ul>
<em>自動更新：30秒</em>
</div>

</div>
</div>

</div>
<!-- /スコアボード -->


<!-- テキスト速報 -->
<div class="yjSportsCommonTitle"><h3 class="yjS"><span><strong>テキスト速報</strong></span></h3></div><div id="yjSNLiveTextlive" class="yjMS">

<div id="i1" class="item D clearfix"><!--チーム選択--><!--イニングid-->
<div class="title"><h3 class="yjS"><b>1回表</b>　中日の攻撃</h3></div>
<ul>
<li>1：試合開始</li>
<li>2：<a href="/npb/player?id=900410">大島</a>　高めのスライダーを打つもセカンドフライ 1アウト</li>
<li>3：<a href="/npb/player?id=11436">荒木</a>　レフトへのツーベース 2塁</li>
<li>4：<a href="/npb/player?id=1300004">クラーク</a>　外角の変化球を打つもセカンドゴロ 2アウト3塁</li>
<li>5：<a href="/npb/player?id=11558">和田</a>　一打先制の場面で外角のストレートを打つもショートゴロ 3アウトチェンジ</li>
</ul>
<div class="score yjS">
<p>得点: 0、 ヒット:<span class="red">1</span>、 四死球:0</p>
</div>
      
<div class="anker"><a href="#wrapper">ページトップへ</a></div>
</div>
<div id="yads_67572_1441_position_01"></div><div id="ii1" class="item T clearfix"><!--チーム選択--><!--イニングid-->
<div class="title"><h3 class="yjS"><b>1回裏</b>　阪神の攻撃</h3></div>
<ul>
<li>1：<a href="/npb/player?id=20219">西岡</a>　ファウルフライを和田(左)がつかんでバッターアウト 1アウト</li>
<li>2：<a href="/npb/player?id=600003">大和</a>　外角の真っ直ぐを打つもセカンドゴロ 2アウト</li>
<li>3：<a href="/npb/player?id=400001">鳥谷</a>　外角のシュートを打つもセカンドゴロ 3アウトチェンジ</li>
</ul>
<div class="score yjS">
<p>得点:0 、 ヒット:0 、 四死球:0</p>
</div>
</div>
<div id="i2" class="item D clearfix"><!--チーム選択--><!--イニングid-->
<div class="title"><h3 class="yjS"><b>2回表</b>　中日の攻撃</h3></div>
<ul>
<li>1：<a href="/npb/player?id=600004">平田</a>　坂(三)の後逸により出塁する 1塁</li>
<li>2：<a href="/npb/player?id=11511">森野</a>　空振り三振！一塁走者平田も盗塁失敗でダブルプレー 2アウト</li>
<li>3：<a href="/npb/player?id=11652">井端</a>　外角の真っ直ぐを打つもショートゴロ 3アウトチェンジ</li>
</ul>
<div class="score yjS">
<p>得点: 0、 ヒット:0、 四死球:0</p>
</div>
      
<div class="anker"><a href="#wrapper">ページトップへ</a></div>
</div>
<div id="ii2" class="item T clearfix"><!--チーム選択--><!--イニングid-->
<div class="title"><h3 class="yjS"><b>2回裏</b>　阪神の攻撃</h3></div>
<ul>
<li>1：<a href="/npb/player?id=500612">マートン</a>　高めのカーブを打つもショートゴロ 1アウト</li>
<li>2：<a href="/npb/player?id=11802">新井貴</a>　内角の真っ直ぐを打つもライトフライ 2アウト</li>
<li>3：<a href="/npb/player?id=600023">今成</a>　外角のフォークボールを打つもサードゴロ 3アウトチェンジ</li>
</ul>
<div class="score yjS">
<p>得点:0 、 ヒット:0 、 四死球:0</p>
</div>
</div>
<div id="i3" class="item D clearfix"><!--チーム選択--><!--イニングid-->
<div class="title"><h3 class="yjS"><b>3回表</b>　中日の攻撃</h3></div>
<ul>
<li>1：<a href="/npb/player?id=10278">谷繁</a>　坂(三)のファンブルにより出塁する 1塁</li>
<li>2：<a href="/npb/player?id=1100070">西川</a>　見事送りバントを決める 1アウト2塁</li>
<li>3：<a href="/npb/player?id=900410">大島</a>　内角のカーブに空振り三振でバッターアウト 2アウト</li>
<li>4：<a href="/npb/player?id=11436">荒木</a>　ファウルフライを新井貴(一)がつかんでバッターアウト 3アウトチェンジ</li>
</ul>
<div class="score yjS">
<p>得点: 0、 ヒット:0、 四死球:0</p>
</div>
      
<div class="anker"><a href="#wrapper">ページトップへ</a></div>
</div>
<div id="ii3" class="item T clearfix"><!--チーム選択--><!--イニングid-->
<div class="title"><h3 class="yjS"><b>3回裏</b>　阪神の攻撃</h3></div>
<ul>
<li>1：<a href="/npb/player?id=400040">坂</a>　外角の真っ直ぐを打つもレフトフライ 1アウト</li>
<li>2：<a href="/npb/player?id=11747">藤井彰</a>　外角の変化球を打つもピッチャーゴロ 2アウト</li>
<li>3：<a href="/npb/player?id=300363">スタンリッジ</a>　一度もバットを振ることなくストレートのフォアボールを選ぶ 1塁</li>
<li>4：<a href="/npb/player?id=20219">西岡</a>　センターへのヒットを放つ 2,3塁</li>
<li>5：<a href="/npb/player?id=600003">大和</a>　一度もバットを振ることなくフォアボールを選ぶ 満塁</li>
<li>6：<a href="/npb/player?id=400001">鳥谷</a>　一打先制の場面で外角のフォークボールを打つもショートゴロ 3アウトチェンジ</li>
</ul>
<div class="score yjS">
<p>得点:0 、 ヒット:<span class="red">1</span> 、 四死球:2</p>
</div>
</div>
<div id="i4" class="item D clearfix"><!--チーム選択--><!--イニングid-->
<div class="title"><h3 class="yjS"><b>4回表</b>　中日の攻撃</h3></div>
<ul>
<li>1：<a href="/npb/player?id=1300004">クラーク</a>　内角のストレートに見逃し三振 1アウト</li>
<li>2：<a href="/npb/player?id=11558">和田</a>　外角のストレートを打つもファーストゴロ 2アウト</li>
<li>3：<a href="/npb/player?id=600004">平田</a>　一度もバットを振ることなくストレートのフォアボールを選ぶ 1塁</li>
<li>4：<a href="/npb/player?id=11511">森野</a>　空振りの三振を喫する 3アウトチェンジ</li>
</ul>
<div class="score yjS">
<p>得点: 0、 ヒット:0、 四死球:1</p>
</div>
      
<div class="anker"><a href="#wrapper">ページトップへ</a></div>
</div>
<div id="ii4" class="item T clearfix"><!--チーム選択--><!--イニングid-->
<div class="title"><h3 class="yjS"><b>4回裏</b>　阪神の攻撃</h3></div>
<ul>
<li>1：<a href="/npb/player?id=500612">マートン</a>　高めのストレートを打つもライトフライ 1アウト</li>
<li>2：<a href="/npb/player?id=11802">新井貴</a>　粘りを見せて9球目にフォアボールを選ぶ 1塁</li>
<li>3：<a href="/npb/player?id=600023">今成</a>　ライトへのヒットで出塁 1,3塁</li>
<li>4：<b class="red"><a href="/npb/player?id=400040">坂</a>　1アウト1,3塁の3-2からレフトへの先制タイムリーヒット！ 神1-0中 1,3塁</b></li>
<li>5：<a href="/npb/player?id=11747">藤井彰</a>　1-6-3のダブルプレー 3アウトチェンジ</li>
</ul>
<div class="score yjS">
<p>得点:<b class="red">1</b> 、 ヒット:<span class="red">2</span> 、 四死球:1</p>
</div>
</div>
<div id="i5" class="item D clearfix"><!--チーム選択--><!--イニングid-->
<div class="title"><h3 class="yjS"><b>5回表</b>　中日の攻撃</h3></div>
<ul>
<li>1：<a href="/npb/player?id=11652">井端</a>　一度もバットを振ることなくストレートのフォアボールを選ぶ 1塁</li>
<li>2：<a href="/npb/player?id=10278">谷繁</a>　内角の真っ直ぐを打つもセカンドゴロ 1アウト2塁</li>
<li>3：<a href="/npb/player?id=1100070">西川</a>　ボテボテのピッチャーゴロ 2アウト</li>
<li>4：<a href="/npb/player?id=900410">大島</a>　高めのスライダーを打つもライトフライ 3アウトチェンジ</li>
</ul>
<div class="score yjS">
<p>得点: 0、 ヒット:0、 四死球:1</p>
</div>
      
<div class="anker"><a href="#wrapper">ページトップへ</a></div>
</div>
<div id="ii5" class="item T clearfix"><!--チーム選択--><!--イニングid-->
<div class="title"><h3 class="yjS"><b>5回裏</b>　阪神の攻撃</h3></div>
<ul>
<li>1：<a href="/npb/player?id=300363">スタンリッジ</a>　高めのスライダーをレフトへ打ってヒット 1塁</li>
<li>2：<a href="/npb/player?id=20219">西岡</a>　外角のフォークボールを打つもレフトフライ 1アウト</li>
<li>3：<a href="/npb/player?id=600003">大和</a>　外角のスライダーを打つもライトフライ 2アウト</li>
<li>4：<a href="/npb/player?id=400001">鳥谷</a>　一度もバットを振ることなくフォアボールを選ぶ 1,2塁</li>
<li>5：<b class="red"><a href="/npb/player?id=500612">マートン</a>　ランナー1,2塁の1-0からライトへタイムリーツーベース！ 神2-0中 2,3塁</b></li>
<li>6：<a href="/npb/player?id=11802">新井貴</a>　ランナー2,3塁から内角のストレートを打つもセンターフライ 3アウトチェンジ</li>
</ul>
<div class="score yjS">
<p>得点:<b class="red">1</b> 、 ヒット:<span class="red">2</span> 、 四死球:1</p>
</div>
</div>
<div id="i6" class="item D clearfix"><!--チーム選択--><!--イニングid-->
<div class="title"><h3 class="yjS"><b>6回表</b>　中日の攻撃</h3></div>
<ul>
<li>1：<a href="/npb/player?id=11436">荒木</a>　高めのカーブを打つもセンターフライ 1アウト</li>
<li>2：<a href="/npb/player?id=1300004">クラーク</a>　外角の落ちる球を打つもセカンドゴロ 2アウト</li>
<li>3：<a href="/npb/player?id=11558">和田</a>　ライトへのヒットで出塁 1塁</li>
<li>4：<a href="/npb/player?id=600004">平田</a>　外角のスライダーを打つもライトフライ 3アウトチェンジ</li>
</ul>
<div class="score yjS">
<p>得点: 0、 ヒット:<span class="red">1</span>、 四死球:0</p>
</div>
      
<div class="anker"><a href="#wrapper">ページトップへ</a></div>
</div>
<div id="ii6" class="item T clearfix"><!--チーム選択--><!--イニングid-->
<div class="title"><h3 class="yjS"><b>6回裏</b>　阪神の攻撃</h3></div>
<ul>
<li>1：<a href="/npb/player?id=600023">今成</a>　ライトへのヒットを放つ 1塁</li>
<li>2：<a href="/npb/player?id=400040">坂</a>　ど真ん中のストレートを打つもセカンドフライ 1アウト</li>
<li>3：<a href="/npb/player?id=11747">藤井彰</a>　外角のフォークボールを打つもセカンドゴロ 2アウト1塁</li>
<li>4：<a href="/npb/player?id=300363">スタンリッジ</a>　センターへのヒットを放つ 1,3塁</li>
<li>5：<b class="red"><a href="/npb/player?id=20219">西岡</a>　2アウト1,3塁からライトスタンドへの３ランホームラン 神5-0中</b></li>
<li>6：<a href="/npb/player?id=600003">大和</a>　ショートへの内野安打 1塁</li>
<li>7：一塁走者大和:盗塁成功 2塁</li>
<li>8：<a href="/npb/player?id=400001">鳥谷</a>　ど真ん中のスライダーを打つもレフトフライ 3アウトチェンジ</li>
</ul>
<div class="score yjS">
<p>得点:<b class="red">3</b> 、 ヒット:<span class="red">4</span> 、 四死球:0</p>
</div>
</div>
<div id="i7" class="item D clearfix"><!--チーム選択--><!--イニングid-->
<div class="title"><h3 class="yjS"><b>7回表</b>　中日の攻撃</h3></div>
<ul>
<li>1：<a href="/npb/player?id=11511">森野</a>　外角のチェンジアップを打つもサードゴロ 1アウト</li>
<li>2：<a href="/npb/player?id=11652">井端</a>　一度もバットを振ることなくストレートのフォアボールを選ぶ 1塁</li>
<li>3：<a href="/npb/player?id=10278">谷繁</a>　見逃し三振 2アウト</li>
<li>4：<b class="green">西川→代打:山崎</b></li>
<li>5：<a href="/npb/player?id=10236">山崎</a>　センターへポテンヒットを放つ 1,3塁</li>
<li>6：<b class="green">1塁山崎→代走:松井雅</b></li>
<li>7：<b class="red"><a href="/npb/player?id=900410">大島</a>　ランナー1,3塁の2-1からタイムリーヒット 神5-1中 1,3塁</b></li>
<li>8：<a href="/npb/player?id=11436">荒木</a>　ランナー1,3塁からど真ん中のスライダーを打つもセカンドフライ 3アウトチェンジ</li>
</ul>
<div class="score yjS">
<p>得点: <b class="red">1</b>、 ヒット:<span class="red">2</span>、 四死球:1</p>
</div>
      
<div class="anker"><a href="#wrapper">ページトップへ</a></div>
</div>
<div id="ii7" class="item T clearfix"><!--チーム選択--><!--イニングid-->
<div class="title"><h3 class="yjS"><b>7回裏</b>　阪神の攻撃</h3></div>
<ul>
<li>1：<b class="green">投手交代:西川→鈴木　「華麗なるプリンス」岩崎がセカンドの守備につく　守備変更:松井雅→キャッチャー</b></li>
<li>2：<a href="/npb/player?id=500612">マートン</a>　内角のストレートを打つもセカンドライナー 1アウト</li>
<li>3：<a href="/npb/player?id=11802">新井貴</a>　内角のシュートを打つもサードゴロ 2アウト</li>
<li>4：<a href="/npb/player?id=600023">今成</a>　外角のシュートを打つもレフトフライ 3アウトチェンジ</li>
</ul>
<div class="score yjS">
<p>得点:0 、 ヒット:0 、 四死球:0</p>
</div>
</div>
<div id="i8" class="item D clearfix"><!--チーム選択--><!--イニングid-->
<div class="title"><h3 class="yjS"><b>8回表</b>　中日の攻撃</h3></div>
<ul>
<li>1：<b class="green">投手交代:スタンリッジ→筒井　俊足好守の俊介がライトの守備につく</b></li>
<li>2：<a href="/npb/player?id=1300004">クラーク</a>　ファウルフライを藤井彰(捕)が捕球してバッターアウト 1アウト</li>
<li>3：<a href="/npb/player?id=11558">和田</a>　レフトへのツーベース 2塁</li>
<li>4：<a href="/npb/player?id=600004">平田</a>　ランナー2塁から外角の真っ直ぐを打つもライトフライ 2アウト3塁</li>
<li>5：<a href="/npb/player?id=11511">森野</a>　外角のスライダーを打つもサードフライ 3アウトチェンジ</li>
</ul>
<div class="score yjS">
<p>得点: 0、 ヒット:<span class="red">1</span>、 四死球:0</p>
</div>
      
<div class="anker"><a href="#wrapper">ページトップへ</a></div>
</div>
<div id="ii8" class="item T clearfix"><!--チーム選択--><!--イニングid-->
<div class="title"><h3 class="yjS"><b>8回裏</b>　阪神の攻撃</h3></div>
<ul>
<li>1：<a href="/npb/player?id=400040">坂</a>　10球目の真っ直ぐを打つもセカンドゴロ 1アウト</li>
<li>2：<a href="/npb/player?id=11747">藤井彰</a>　ライトへのヒットを放つ 1塁</li>
<li>3：<a href="/npb/player?id=1000001">俊介</a>　あたりそこないの打球がサードへ転がり内野安打で出塁 1,2塁</li>
<li>4：<b class="red"><a href="/npb/player?id=20219">西岡</a>　ランナー1,2塁の0-1からショートへのタイムリー内野安打 神6-1中 1,3塁</b></li>
<li>5：<a href="/npb/player?id=600003">大和</a>　外角の変化球に空振り三振 2アウト</li>
<li>6：<a href="/npb/player?id=400001">鳥谷</a>　一度もバットを振ることなくフォアボールを選ぶ 満塁</li>
<li>7：<a href="/npb/player?id=500612">マートン</a>　ランナーフルベースから外角のストレートを打つもサードゴロ 3アウトチェンジ</li>
</ul>
<div class="score yjS">
<p>得点:<b class="red">1</b> 、 ヒット:<span class="red">3</span> 、 四死球:1</p>
</div>
</div>
<div id="i9" class="item D clearfix"><!--チーム選択--><!--イニングid-->
<div class="title"><h3 class="yjS"><b>9回表</b>　中日の攻撃</h3></div>
<ul>
<li>1：<b class="green">投手交代:筒井→渡辺　「ユーティリティプレーヤー」関本がサードの守備につく　守備変更:坂サード→セカンド</b></li>
<li>2：<a href="/npb/player?id=11652">井端</a>　外角のストレートを打つもショートゴロ 1アウト</li>
<li>3：<b class="green">バッター鈴木に代わり、「スター候補生」堂上直</b></li>
<li>4：<a href="/npb/player?id=700034">堂上直</a>　高めのストレートを打つもセカンドゴロ 2アウト</li>
<li>5：<a href="/npb/player?id=900411">松井雅</a>　外角の真っ直ぐを打つもライトフライ ゲームセット</li>
<li>6：試合終了</li>
</ul>
<div class="score yjS">
<p>得点: 0、 ヒット:0、 四死球:0</p>
</div>
      
<div class="anker"><a href="#wrapper">ページトップへ</a></div>
</div>
</div>
<!-- テキスト速報 -->

<div id="yads_67572_1441_position_02"></div>
</div><!--/#main-->
<!--main end-->

<!--sub start-->
<div id="sub">
<!-- SpaceID=0 robot -->
<!--/#pos-lrec-->

<!-- 他球団モジュール -->
<div class="yjSNLiveCommonsubtitle"><h4 class="yjS"><span>7/10(水)　そのほかの試合</span></h4></div>
<div id="yjSNLiveOthergame">
<table width=100% cellpadding=0 cellspacing=0 border=0>
<tr><td class=''><a alt='そのほかの試合' href='/npb/game/2013071001/'><dl>
<dt><b>巨</b></dt>
<dd><b>6</b> - 2</dd>
<dt>ヤ</dt>
</dl>
<div class="none">結果</div></a></td>
<td class=''><a alt='そのほかの試合' href='/npb/game/2013071002/'><dl>
<dt><b>Ｄ</b></dt>
<dd><b>17</b> - 8</dd>
<dt>広</dt>
</dl>
<div class="none">結果</div></a></td>
<td class=''><a alt='そのほかの試合' href='/npb/game/2013071004/'><dl>
<dt>楽</dt>
<dd>1 - <b>4</b></dd>
<dt><b>日</b></dt>
</dl>
<div class="none">結果</div></a></td>
</tr><tr><td class=''><a alt='そのほかの試合' href='/npb/game/2013071005/'><dl>
<dt><b>西</b></dt>
<dd><b>3</b> - 2</dd>
<dt>ソ</dt>
</dl>
<div class="none">結果</div></a></td>
<td class=''><a alt='そのほかの試合' href='/npb/game/2013071006/'><dl>
<dt>ロ</dt>
<dd>3 - <b>4</b></dd>
<dt><b>オ</b></dt>
</dl>
<div class="none">結果</div></a></td>
<td class='act'><dl>
<dt><b>神</b></dt>
<dd><b>6</b> - 1</dd>
<dt>中</dt>
</dl>
<div>観戦中</div></td>
</tr></table>
</div>

<!-- /他球団モジュール -->
<!--打順-->
<div class="yjSNLiveCommonsubtitle"><h4 class="yjS"><span>打順</span></h4></div>
<div id="yjSNLiveBattinglist" class="clearfix">

<table class="column-left" width=100% cellpadding=0 cellspacing=0 border=0>
<tr class="teamborder">
<th colspan=3 class="D">&nbsp;</th>
<th colspan=3 class="T">&nbsp;</th>
</tr>
<tr class="teamlogo">
<th colspan=3 class="D"><a href="/npb/teams/4/">中日</a></th>
<th colspan=3 class="T"><a href="/npb/teams/5/">阪神</a></th>
</tr>

<tr>
<td class="nm">1</td>
<td>中</td>
<td class="pn"><a href="/npb/player?id=900410">大島洋平</a></td>
<td class="nm">1</td>
<td>投</td>
<td class="pn"><a href="/npb/player?id=600091">渡辺亮</a></td>
</tr>
<tr>
<td class="nm">2</td>
<td>二</td>
<td class="pn"><a href="/npb/player?id=900030">岩崎恭平</a></td>
<td class="nm">2</td>
<td>中</td>
<td class="pn"><a href="/npb/player?id=600003">大和</a></td>
</tr>
<tr>
<td class="nm">3</td>
<td>一</td>
<td class="pn"><a href="/npb/player?id=1300004">クラーク</a></td>
<td class="nm">3</td>
<td>遊</td>
<td class="pn"><a href="/npb/player?id=400001">鳥谷敬</a></td>
</tr>
<tr>
<td class="nm">4</td>
<td>左</td>
<td class="pn"><a href="/npb/player?id=11558">和田一浩</a></td>
<td class="nm">4</td>
<td>左</td>
<td class="pn"><a href="/npb/player?id=500612">マートン</a></td>
</tr>
<tr>
<td class="nm">5</td>
<td>右</td>
<td class="pn"><a href="/npb/player?id=600004">平田良介</a></td>
<td class="nm">5</td>
<td>一</td>
<td class="pn"><a href="/npb/player?id=11802">新井貴浩</a></td>
</tr>
<tr>
<td class="nm">6</td>
<td>三</td>
<td class="pn"><a href="/npb/player?id=11511">森野将彦</a></td>
<td class="nm">6</td>
<td>三</td>
<td class="pn"><a href="/npb/player?id=11534">関本賢太郎</a></td>
</tr>
<tr>
<td class="nm">7</td>
<td>遊</td>
<td class="pn"><a href="/npb/player?id=11652">井端弘和</a></td>
<td class="nm">7</td>
<td>二</td>
<td class="pn"><a href="/npb/player?id=400040">坂克彦</a></td>
</tr>
<tr>
<td class="nm">8</td>
<td>代</td>
<td class="pn"><a href="/npb/player?id=700034">堂上直倫</a></td>
<td class="nm">8</td>
<td>捕</td>
<td class="pn"><a href="/npb/player?id=11747">藤井彰人</a></td>
</tr>
<tr>
<td class="nm act">9</td>
<td class="act">捕</td>
<td class="pn act"><a href="/npb/player?id=900411">松井雅人</a></td>
<td class="nm">9</td>
<td>右</td>
<td class="pn"><a href="/npb/player?id=1000001">俊介</a></td>
</tr>

</table>

</div>

<!--打順-->

<!--ゲーム差-->
<!--ゲーム差-->


<!--球団情報-->

<!-- /新IM -->

</div><!--/#contents-body-->

 
</div><!-- Facebook -->
<div id="fb-root"></div>
<!-- / Facebook -->
</body>
</html>
