<!DOCTYPE html PUBLIC "-//W3C//DTD XHTML 1.0 Transitional//EN" "http://www.w3.org/TR/xhtml1/DTD/xhtml1-transitional.dtd">
<html lang="ja" xmlns:og="http://ogp.me/ns#" xmlns:mixi="http://mixi-platform.com/ns#" xmlns:fb="http://www.facebook.com/2008/fbml">
<head>
<!---京--->
<meta http-equiv="Content-Type" content="text/html; charset=utf-8">
<meta http-equiv="Content-Style-Type" content="text/css">
<meta http-equiv="Content-Script-Type" content="text/javascript">
<title>Yahoo!スポーツ - プロ野球</title>
<meta name="description" content="日本ハム vs オリックスのテキスト速報。一球速報、結果、セ・リーグ、パ・リーグの日程、順位、個人成績、プロ野球に関連した最新ニュース、写真ニュースなどの情報が満載な、Yahoo!スポーツ プロ野球サイトのテキスト速報ページです。">
<meta name="keywords" content="テキスト速報,速報,中継,日本ハム,オリックス,プロ野球,野球">
<link rel="stylesheet" href="http://i.yimg.jp/images/sports/baseball/npb/live/css/master-npb-live-common.css" type="text/css" media="all">
<link rel="stylesheet" href="http://i.yimg.jp/images/sports/baseball/npb/css/master-npb-common.css" type="text/css" media="all">


<meta property="og:title"       content="Yahoo!プロ野球 - 2013年7月6日 日本ハムvs.オリックス テキスト速報" />
<meta property="og:type"        content="website" />
<meta property="og:url"         content="http://baseball.yahoo.co.jp/npb/game/2013070604/text" /> 
<meta property="og:image"       content="http://i.yimg.jp/images/sports/promo/pc/facebook/baseball_76x76.png" />
<meta property="og:site_name"   content="Yahoo!スポーツ" />
<meta property="og:description" content="" />
<meta property="og:locale"      content="ja_JP" />
<meta property="fb:app_id"      content="215456371901325" />
<link rel="apple-touch-icon" href="http://i.yimg.jp/images/sports/promo/pc/facebook/baseball.png">
<script type="text/javascript" src="http://i.yimg.jp/images/sports/js/jquery-1.3.2.min.js"></script><script type="text/javascript" src="http://i.yimg.jp/images/sports/v1/js/sports.global-1.1.1.js"></script>
</head>
<body class="yj950-2">

<div id="wrapper"><div id="contents-body" class="yjSNLive">
<!--main start-->
<div id="main">

<!-- ローカルナビ -->
<div id="ch-navi" class="clearfix mb5p">
<ul class="clearfix">

<li><span><a href="/npb/game/2013070604/top"">試合トップ</a></span></li><!--ナビアクティブ-->

<li class="gray"><span><a>一球速報</a></span></li>


<li class="on"><span><a>テキスト速報</a></span></li>


<li><span><a href="/npb/game/2013070604/stats">投打詳細</a></span></li>

 
<li><span><a href="http://rd.yahoo.co.jp/media/sports/baseball/npb/live/tab/comment/SIG=11ujb58v4/*http%3A//textream.yahoo.co.jp/rd/sports/npb/?game=2013070604">コメント</a></span></li>


</ul>
<em><a href="/npb/schedule/?date=20130706">7月6日（土）</a>日本ハム vs. オリックス</em>
</div>

<!-- /ローカルナビ -->

<!-- スコアボード -->
<div id="yjSNLiveTextscoreboard">

<div class="inner">
<table width="100%" cellspacing="0" cellpadding="0" border="0">

<tbody><tr class="chs-title yjS">
<th>&nbsp;</th>
<th>1</th>
<th>2</th>
<th>3</th>
<th>4</th>
<th>5</th>
<th>6</th>
<th>7</th>
<th>8</th>
<th>9</th>
<th>計</th>
<th>安</th>
<th>失</th>
</tr>
<tr class="yjMS">
<th class="Bs">
<b><a href="/npb/teams/11/">オリックス</a></b></th><!--チーム選択-->


<td>
<a href=http://rd.yahoo.co.jp/media/sports/baseball/npb/live/sokuho/SIG=11o7630qc/*http%3A//baseball.yahoo.co.jp/npb/game/2013070604/text#i1>0</a>
</td>
<td>
<a href=http://rd.yahoo.co.jp/media/sports/baseball/npb/live/sokuho/SIG=11o7630qc/*http%3A//baseball.yahoo.co.jp/npb/game/2013070604/text#i2>0</a>
</td>
<td>
<a href=http://rd.yahoo.co.jp/media/sports/baseball/npb/live/sokuho/SIG=11o7630qc/*http%3A//baseball.yahoo.co.jp/npb/game/2013070604/text#i3>1</a>
</td>
<td>
<a href=http://rd.yahoo.co.jp/media/sports/baseball/npb/live/sokuho/SIG=11o7630qc/*http%3A//baseball.yahoo.co.jp/npb/game/2013070604/text#i4>0</a>
</td>
<td>
<a href=http://rd.yahoo.co.jp/media/sports/baseball/npb/live/sokuho/SIG=11o7630qc/*http%3A//baseball.yahoo.co.jp/npb/game/2013070604/text#i5>0</a>
</td>
<td>
<a href=http://rd.yahoo.co.jp/media/sports/baseball/npb/live/sokuho/SIG=11o7630qc/*http%3A//baseball.yahoo.co.jp/npb/game/2013070604/text#i6>3</a>
</td>
<td>
<a href=http://rd.yahoo.co.jp/media/sports/baseball/npb/live/sokuho/SIG=11o7630qc/*http%3A//baseball.yahoo.co.jp/npb/game/2013070604/text#i7>0</a>
</td>
<td>
<a href=http://rd.yahoo.co.jp/media/sports/baseball/npb/live/sokuho/SIG=11o7630qc/*http%3A//baseball.yahoo.co.jp/npb/game/2013070604/text#i8>0</a>
</td>
<td>
<a href=http://rd.yahoo.co.jp/media/sports/baseball/npb/live/sokuho/SIG=11o7630qc/*http%3A//baseball.yahoo.co.jp/npb/game/2013070604/text#i9>0</a>
</td>
<td class="sum">4</td>
<td class="fwn">14</td>
<td class="fwn">0</td>
</tr>
<tr class="yjMS">
<th class="F">

<b><a href="/npb/teams/8/">日本ハム</a></b></th><!--チーム選択-->
<td>
<a href=http://rd.yahoo.co.jp/media/sports/baseball/npb/live/sokuho/SIG=11o7630qc/*http%3A//baseball.yahoo.co.jp/npb/game/2013070604/text#ii1>0</a>
</td>
<td>
<a href=http://rd.yahoo.co.jp/media/sports/baseball/npb/live/sokuho/SIG=11o7630qc/*http%3A//baseball.yahoo.co.jp/npb/game/2013070604/text#ii2>0</a>
</td>
<td>
<a href=http://rd.yahoo.co.jp/media/sports/baseball/npb/live/sokuho/SIG=11o7630qc/*http%3A//baseball.yahoo.co.jp/npb/game/2013070604/text#ii3>0</a>
</td>
<td>
<a href=http://rd.yahoo.co.jp/media/sports/baseball/npb/live/sokuho/SIG=11o7630qc/*http%3A//baseball.yahoo.co.jp/npb/game/2013070604/text#ii4>0</a>
</td>
<td>
<a href=http://rd.yahoo.co.jp/media/sports/baseball/npb/live/sokuho/SIG=11o7630qc/*http%3A//baseball.yahoo.co.jp/npb/game/2013070604/text#ii5>0</a>
</td>
<td>
<a href=http://rd.yahoo.co.jp/media/sports/baseball/npb/live/sokuho/SIG=11o7630qc/*http%3A//baseball.yahoo.co.jp/npb/game/2013070604/text#ii6>0</a>
</td>
<td>
<a href=http://rd.yahoo.co.jp/media/sports/baseball/npb/live/sokuho/SIG=11o7630qc/*http%3A//baseball.yahoo.co.jp/npb/game/2013070604/text#ii7>0</a>
</td>
<td>
<a href=http://rd.yahoo.co.jp/media/sports/baseball/npb/live/sokuho/SIG=11o7630qc/*http%3A//baseball.yahoo.co.jp/npb/game/2013070604/text#ii8>0</a>
</td>
<td>
<a href=http://rd.yahoo.co.jp/media/sports/baseball/npb/live/sokuho/SIG=11o7630qc/*http%3A//baseball.yahoo.co.jp/npb/game/2013070604/text#ii9>0</a>
</td>
<td class="sum">0</td>
<td class="fwn">4</td>
<td class="fwn">0</td>
</tr>

</tbody></table>
</div>


<div class="navi clearfix">

<div class="column-left">
</div>

<div class="column-right">

<div class="reflesh clearfix">
<ul class="clearfix">
<li class="auto" title="自動更新"><a id="btn_auto" href="http://rd.yahoo.co.jp/media/sports/baseball/npb/live/auto/SIG=11o7630qc/*http%3A//baseball.yahoo.co.jp/npb/game/2013070604/text?manual=2"><i>自動更新</i></a></li>
<li class="manual-on" title="手動更新"><a><i>手動更新</i></a></li>
<li title="更新" class="btn_reflesh"><a href="http://rd.yahoo.co.jp/media/sports/baseball/npb/live/refresh/SIG=11o7630qc/*http%3A//baseball.yahoo.co.jp/npb/game/2013070604/text?manual=1"><i>更新</i></a></li>
</ul>
<em>自動更新：30秒</em>
</div>

</div>
</div>

</div>
<!-- /スコアボード -->


<!-- テキスト速報 -->
<div class="yjSportsCommonTitle"><h3 class="yjS"><span><strong>テキスト速報</strong></span></h3></div><div id="yjSNLiveTextlive" class="yjMS">

<div id="i1" class="item Bs clearfix"><!--チーム選択--><!--イニングid-->
<div class="title"><h3 class="yjS"><b>1回表</b>　オリックスの攻撃</h3></div>
<ul>
<li>1：試合開始</li>
<li>2：<a href="/npb/player?id=1000108">駿太</a>　高めのストレートに見逃し三振 1アウト</li>
<li>3：<a href="/npb/player?id=700067">原拓</a>　一度もバットを振ることなく3球三振 2アウト</li>
<li>4：<a href="/npb/player?id=400057">糸井</a>　ピッチャーへの内野安打 1塁</li>
<li>5：一塁走者糸井:盗塁成功 2塁</li>
<li>6：<a href="/npb/player?id=700389">李大浩</a>　一打先制の場面でど真ん中のフォークボールを打つもサードゴロ 3アウトチェンジ</li>
</ul>
<div class="score yjS">
<p>得点: 0、 ヒット:<span class="red">1</span>、 四死球:0</p>
</div>
      
<div class="anker"><a href="#wrapper">ページトップへ</a></div>
</div>
<div id="yads_67572_1441_position_01"></div><div id="ii1" class="item F clearfix"><!--チーム選択--><!--イニングid-->
<div class="title"><h3 class="yjS"><b>1回裏</b>　日本ハムの攻撃</h3></div>
<ul>
<li>1：<a href="/npb/player?id=600037">陽</a>　内角の真っ直ぐを打つもサードゴロ 1アウト</li>
<li>2：<a href="/npb/player?id=700094">大引</a>　外角のスライダーを打つもショートライナー 2アウト</li>
<li>3：<a href="/npb/player?id=1300009">アブレイユ</a>　ライトへのファウルフライに倒れる 3アウトチェンジ</li>
</ul>
<div class="score yjS">
<p>得点:0 、 ヒット:0 、 四死球:0</p>
</div>
</div>
<div id="i2" class="item Bs clearfix"><!--チーム選択--><!--イニングid-->
<div class="title"><h3 class="yjS"><b>2回表</b>　オリックスの攻撃</h3></div>
<ul>
<li>1：<a href="/npb/player?id=20199">坂口</a>　ライトへの二塁打 2塁</li>
<li>2：<a href="/npb/player?id=800103">バルディリス</a>　内角のシュートを打つもセンターフライ 1アウト</li>
<li>3：<a href="/npb/player?id=600024">Ｔ－岡田</a>　外角のフォークボールを打つもセカンドゴロ 2アウト3塁</li>
<li>4：<a href="/npb/player?id=800075">伊藤</a>　一打先制の場面で内角の真っ直ぐを打つもセカンドフライ 3アウトチェンジ</li>
</ul>
<div class="score yjS">
<p>得点: 0、 ヒット:<span class="red">1</span>、 四死球:0</p>
</div>
      
<div class="anker"><a href="#wrapper">ページトップへ</a></div>
</div>
<div id="ii2" class="item F clearfix"><!--チーム選択--><!--イニングid-->
<div class="title"><h3 class="yjS"><b>2回裏</b>　日本ハムの攻撃</h3></div>
<ul>
<li>1：<a href="/npb/player?id=800054">中田</a>　レフトへのヒットで出塁 1塁</li>
<li>2：<a href="/npb/player?id=20227">小谷野</a>　内角の変化球を見送りフォアボールを選ぶ 1,2塁</li>
<li>3：<a href="/npb/player?id=20225">鶴岡</a>　見事送りバントを決める 1アウト2,3塁</li>
<li>4：<a href="/npb/player?id=500026">鵜久森</a>　ファウルフライをＴ－岡田(一)がつかんでバッターアウト 2アウト</li>
<li>5：<a href="/npb/player?id=700063">今浪</a>　一打先制の場面で内角のストレートを打つもセカンドフライ 3アウトチェンジ</li>
</ul>
<div class="score yjS">
<p>得点:0 、 ヒット:<span class="red">1</span> 、 四死球:1</p>
</div>
</div>
<div id="i3" class="item Bs clearfix"><!--チーム選択--><!--イニングid-->
<div class="title"><h3 class="yjS"><b>3回表</b>　オリックスの攻撃</h3></div>
<ul>
<li>1：<a href="/npb/player?id=1100105">安達</a>　内角の真っ直ぐを打つもショートゴロ 1アウト</li>
<li>2：<a href="/npb/player?id=1000108">駿太</a>　外角の変化球を打つもファーストゴロ 2アウト</li>
<li>3：<a href="/npb/player?id=700067">原拓</a>　フェンス直撃の二塁打を放つ 2塁</li>
<li>4：<a href="/npb/player?id=400057">糸井</a>　ランナー2塁からショートへの内野安打 1,3塁</li>
<li>5：<b class="red"><a href="/npb/player?id=700389">李大浩</a>　ランナー1,3塁の2-2から先制のタイムリーヒット！ 日0-1オ 1,3塁</b></li>
<li>6：<a href="/npb/player?id=20199">坂口</a>　外角の真っ直ぐを見送りフォアボールを選ぶ 満塁</li>
<li>7：<a href="/npb/player?id=800103">バルディリス</a>　粘りを見せるも8球目を空振り三振でバッターアウト 3アウトチェンジ</li>
</ul>
<div class="score yjS">
<p>得点: <b class="red">1</b>、 ヒット:<span class="red">3</span>、 四死球:1</p>
</div>
      
<div class="anker"><a href="#wrapper">ページトップへ</a></div>
</div>
<div id="ii3" class="item F clearfix"><!--チーム選択--><!--イニングid-->
<div class="title"><h3 class="yjS"><b>3回裏</b>　日本ハムの攻撃</h3></div>
<ul>
<li>1：<a href="/npb/player?id=11686">飯山</a>　空振りの三振を喫する 1アウト</li>
<li>2：<a href="/npb/player?id=600037">陽</a>　内角の変化球を打つもサードゴロ 2アウト</li>
<li>3：<a href="/npb/player?id=700094">大引</a>　外角のストレートを打つもセンターフライ 3アウトチェンジ</li>
</ul>
<div class="score yjS">
<p>得点:0 、 ヒット:0 、 四死球:0</p>
</div>
</div>
<div id="i4" class="item Bs clearfix"><!--チーム選択--><!--イニングid-->
<div class="title"><h3 class="yjS"><b>4回表</b>　オリックスの攻撃</h3></div>
<ul>
<li>1：<a href="/npb/player?id=600024">Ｔ－岡田</a>　レフトへのヒットを放つ</li>
<li>2：打者Ｔ－岡田は1塁を回って2塁に向かうもアウト！ 1アウト</li>
<li>3：<a href="/npb/player?id=800075">伊藤</a>　レフトへのヒットを放つ 1塁</li>
<li>4：<a href="/npb/player?id=1100105">安達</a>　ど真ん中のシュートを打つもダブルプレー 3アウトチェンジ</li>
</ul>
<div class="score yjS">
<p>得点: 0、 ヒット:<span class="red">2</span>、 四死球:0</p>
</div>
      
<div class="anker"><a href="#wrapper">ページトップへ</a></div>
</div>
<div id="ii4" class="item F clearfix"><!--チーム選択--><!--イニングid-->
<div class="title"><h3 class="yjS"><b>4回裏</b>　日本ハムの攻撃</h3></div>
<ul>
<li>1：<a href="/npb/player?id=1300009">アブレイユ</a>　外角の変化球を打つもサードゴロ 1アウト</li>
<li>2：<a href="/npb/player?id=800054">中田</a>　内角のストレートを打つもピッチャーゴロ 2アウト</li>
<li>3：<a href="/npb/player?id=20227">小谷野</a>　センターへのヒットを放つ 1塁</li>
<li>4：<a href="/npb/player?id=20225">鶴岡</a>　ライトへのヒットで出塁 1,2塁</li>
<li>5：<a href="/npb/player?id=500026">鵜久森</a>　カウント1-2からハーフスイングを取られて空振り三振！決定機を逃す 3アウトチェンジ</li>
</ul>
<div class="score yjS">
<p>得点:0 、 ヒット:<span class="red">2</span> 、 四死球:0</p>
</div>
</div>
<div id="i5" class="item Bs clearfix"><!--チーム選択--><!--イニングid-->
<div class="title"><h3 class="yjS"><b>5回表</b>　オリックスの攻撃</h3></div>
<ul>
<li>1：<a href="/npb/player?id=1000108">駿太</a>　外角のフォークボールを打つもセカンドゴロ 1アウト</li>
<li>2：<a href="/npb/player?id=700067">原拓</a>　外角のフォークボールを打つもセンターフライ 2アウト</li>
<li>3：<a href="/npb/player?id=400057">糸井</a>　外角のストレートを打つもセンターフライ 3アウトチェンジ</li>
</ul>
<div class="score yjS">
<p>得点: 0、 ヒット:0、 四死球:0</p>
</div>
      
<div class="anker"><a href="#wrapper">ページトップへ</a></div>
</div>
<div id="ii5" class="item F clearfix"><!--チーム選択--><!--イニングid-->
<div class="title"><h3 class="yjS"><b>5回裏</b>　日本ハムの攻撃</h3></div>
<ul>
<li>1：<a href="/npb/player?id=700063">今浪</a>　外角のスライダーを打つもライトフライ 1アウト</li>
<li>2：<a href="/npb/player?id=11686">飯山</a>　内角の真っ直ぐを打つもサードライナー 2アウト</li>
<li>3：<a href="/npb/player?id=600037">陽</a>　外角の落ちる球に空振り三振 3アウトチェンジ</li>
</ul>
<div class="score yjS">
<p>得点:0 、 ヒット:0 、 四死球:0</p>
</div>
</div>
<div id="i6" class="item Bs clearfix"><!--チーム選択--><!--イニングid-->
<div class="title"><h3 class="yjS"><b>6回表</b>　オリックスの攻撃</h3></div>
<ul>
<li>1：<b class="red"><a href="/npb/player?id=700389">李大浩</a>　カウント0-1からスタンド上段に飛び込むホームランを放つ 日0-2オ</b></li>
<li>2：<a href="/npb/player?id=20199">坂口</a>　空振りの三振を喫する 1アウト</li>
<li>3：<a href="/npb/player?id=800103">バルディリス</a>　高めのストレートをライトへ打ってヒット 1塁</li>
<li>4：<a href="/npb/player?id=600024">Ｔ－岡田</a>　ライトへの二塁打 2,3塁</li>
<li>5：<b class="red"><a href="/npb/player?id=800075">伊藤</a>　ランナー2,3塁の1-2からタイムリーヒット 日0-4オ 1塁</b></li>
<li>6：<b class="green">ピッチャー木佐貫に代わって横の変化で打ち取る河野がマウンドにあがる</b></li>
<li>7：<a href="/npb/player?id=1100105">安達</a>　低めのスライダーを打つもサードライナー 2アウト</li>
<li>8：<a href="/npb/player?id=1000108">駿太</a>　ライトへの二塁打 2,3塁</li>
<li>9：<a href="/npb/player?id=700067">原拓</a>　カウント2-2から空振りの三振を喫する 3アウトチェンジ</li>
</ul>
<div class="score yjS">
<p>得点: <b class="red">3</b>、 ヒット:<span class="red">5</span>、 四死球:0</p>
</div>
      
<div class="anker"><a href="#wrapper">ページトップへ</a></div>
</div>
<div id="ii6" class="item F clearfix"><!--チーム選択--><!--イニングid-->
<div class="title"><h3 class="yjS"><b>6回裏</b>　日本ハムの攻撃</h3></div>
<ul>
<li>1：<a href="/npb/player?id=700094">大引</a>　内角のスライダーに空振り三振でバッターアウト 1アウト</li>
<li>2：<a href="/npb/player?id=1300009">アブレイユ</a>　外角のストレートに見逃し三振 2アウト</li>
<li>3：<a href="/npb/player?id=800054">中田</a>　ショートへのファウルフライに倒れる 3アウトチェンジ</li>
</ul>
<div class="score yjS">
<p>得点:0 、 ヒット:0 、 四死球:0</p>
</div>
</div>
<div id="i7" class="item Bs clearfix"><!--チーム選択--><!--イニングid-->
<div class="title"><h3 class="yjS"><b>7回表</b>　オリックスの攻撃</h3></div>
<ul>
<li>1：<a href="/npb/player?id=400057">糸井</a>　一度もバットを振ることなくストレートのフォアボールを選ぶ 1塁</li>
<li>2：<a href="/npb/player?id=700389">李大浩</a>　低めのストレートを打つもライトフライ 1アウト</li>
<li>3：<a href="/npb/player?id=20199">坂口</a>　外角のスライダーを打つもレフトフライ 2アウト</li>
<li>4：一塁走者糸井:盗塁成功 2塁</li>
<li>5：<a href="/npb/player?id=800103">バルディリス</a>　外角の変化球を打つもサードゴロ 3アウトチェンジ</li>
</ul>
<div class="score yjS">
<p>得点: 0、 ヒット:0、 四死球:1</p>
</div>
      
<div class="anker"><a href="#wrapper">ページトップへ</a></div>
</div>
<div id="ii7" class="item F clearfix"><!--チーム選択--><!--イニングid-->
<div class="title"><h3 class="yjS"><b>7回裏</b>　日本ハムの攻撃</h3></div>
<ul>
<li>1：<a href="/npb/player?id=20227">小谷野</a>　内角のストレートを打つもセンターフライ 1アウト</li>
<li>2：<a href="/npb/player?id=20225">鶴岡</a>　内角のスライダーを打つもライトフライ 2アウト</li>
<li>3：<a href="/npb/player?id=500026">鵜久森</a>　低めの真っ直ぐに見逃し三振でバッターアウト！ 3アウトチェンジ</li>
</ul>
<div class="score yjS">
<p>得点:0 、 ヒット:0 、 四死球:0</p>
</div>
</div>
<div id="i8" class="item Bs clearfix"><!--チーム選択--><!--イニングid-->
<div class="title"><h3 class="yjS"><b>8回表</b>　オリックスの攻撃</h3></div>
<ul>
<li>1：<b class="green">ピッチャー河野に代わって「マウンド上のピアニスト」乾がマウンドにあがる</b></li>
<li>2：<a href="/npb/player?id=600024">Ｔ－岡田</a>　低めの真っ直ぐを打つもセンターフライ 1アウト</li>
<li>3：<a href="/npb/player?id=800075">伊藤</a>　ライトへのヒットで出塁 1塁</li>
<li>4：<a href="/npb/player?id=1100105">安達</a>　空振り三振に倒れるもスタートを切っていた一塁走者伊藤が盗塁成功 2アウト2塁</li>
<li>5：<a href="/npb/player?id=1000108">駿太</a>　ファウルフライを飯山(三)がつかんでバッターアウト 3アウトチェンジ</li>
</ul>
<div class="score yjS">
<p>得点: 0、 ヒット:<span class="red">1</span>、 四死球:0</p>
</div>
      
<div class="anker"><a href="#wrapper">ページトップへ</a></div>
</div>
<div id="ii8" class="item F clearfix"><!--チーム選択--><!--イニングid-->
<div class="title"><h3 class="yjS"><b>8回裏</b>　日本ハムの攻撃</h3></div>
<ul>
<li>1：<b class="green">バッター今浪に代わり、「ベテランの読み」金子誠</b></li>
<li>2：<a href="/npb/player?id=11274">金子誠</a>　高めのつり球に空振り三振 1アウト</li>
<li>3：<a href="/npb/player?id=11686">飯山</a>　高めのストレートを打つもセンターフライ 2アウト</li>
<li>4：<a href="/npb/player?id=600037">陽</a>　センターへの二塁打 2塁</li>
<li>5：<b class="green">投手交代:井川→佐藤達</b></li>
<li>6：<b class="green">大引→代打:ホフパワー</b></li>
<li>7：<a href="/npb/player?id=900142">ホフパワー</a>　ランナー2塁から152キロのストレートを打つもセンターフライ 3アウトチェンジ</li>
</ul>
<div class="score yjS">
<p>得点:0 、 ヒット:<span class="red">1</span> 、 四死球:0</p>
</div>
</div>
<div id="i9" class="item Bs clearfix"><!--チーム選択--><!--イニングid-->
<div class="title"><h3 class="yjS"><b>9回表</b>　オリックスの攻撃</h3></div>
<ul>
<li>1：<b class="green">守備交代:ショート中島卓　守備変更:金子誠→セカンド</b></li>
<li>2：<b class="green">バッター原拓に代わり、長打力を秘めた三ツ俣</b></li>
<li>3：<a href="/npb/player?id=1000109">三ツ俣</a>　内角のスライダーを打つもサードライナー 1アウト</li>
<li>4：<a href="/npb/player?id=400057">糸井</a>　外角のスライダーを打つもレフトフライ 2アウト</li>
<li>5：<a href="/npb/player?id=700389">李大浩</a>　低めのスライダーをライトへ打ってヒット 1塁</li>
<li>6：<b class="green">1塁走者李大浩に代わり、「快速ソルジャー」深江</b></li>
<li>7：一塁走者深江:積極的に初球から盗塁を試みるもアウト 3アウトチェンジ</li>
</ul>
<div class="score yjS">
<p>得点: 0、 ヒット:<span class="red">1</span>、 四死球:0</p>
</div>
      
<div class="anker"><a href="#wrapper">ページトップへ</a></div>
</div>
<div id="ii9" class="item F clearfix"><!--チーム選択--><!--イニングid-->
<div class="title"><h3 class="yjS"><b>9回裏</b>　日本ハムの攻撃</h3></div>
<ul>
<li>1：<b class="green">投手交代:佐藤達→比嘉　広範なポジションを守る山本がサードの守備につく　守備変更:三ツ俣→セカンド</b></li>
<li>2：<a href="/npb/player?id=1300009">アブレイユ</a>　空振りの三振を喫する 1アウト</li>
<li>3：<a href="/npb/player?id=800054">中田</a>　ワンバウンドした球を空振り三振 2アウト</li>
<li>4：<a href="/npb/player?id=20227">小谷野</a>　ワンバウンドした球を空振り三振 ゲームセット</li>
<li>5：試合終了</li>
</ul>
<div class="score yjS">
<p>得点:0 、 ヒット:0 、 四死球:0</p>
</div>
</div>
</div>
<!-- テキスト速報 -->

<div id="yads_67572_1441_position_02"></div>
</div><!--/#main-->
<!--main end-->

<!--sub start-->
<div id="sub">
<!-- SpaceID=0 robot -->
<!--/#pos-lrec-->

<!-- 他球団モジュール -->
<div class="yjSNLiveCommonsubtitle"><h4 class="yjS"><span>7/6(土)　そのほかの試合</span></h4></div>
<div id="yjSNLiveOthergame">
<table width=100% cellpadding=0 cellspacing=0 border=0>
<tr><td class=''><a alt='そのほかの試合' href='/npb/game/2013070602/'><dl>
<dt>中</dt>
<dd>0 - <b>4</b></dd>
<dt><b>ヤ</b></dt>
</dl>
<div class="none">結果</div></a></td>
<td class=''><a alt='そのほかの試合' href='/npb/game/2013070603/'><dl>
<dt>広</dt>
<dd>2 - <b>3</b></dd>
<dt><b>神</b></dt>
</dl>
<div class="none">結果</div></a></td>
<td class='act'><dl>
<dt>日</dt>
<dd>0 - <b>4</b></dd>
<dt><b>オ</b></dt>
</dl>
<div>観戦中</div></td>
</tr><tr><td class=''><a alt='そのほかの試合' href='/npb/game/2013070605/'><dl>
<dt><b>西</b></dt>
<dd><b>7</b> - 3</dd>
<dt>ロ</dt>
</dl>
<div class="none">結果</div></a></td>
<td class=''><a alt='そのほかの試合' href='/npb/game/2013070606/'><dl>
<dt>ソ</dt>
<dd>4 - <b>8</b></dd>
<dt><b>楽</b></dt>
</dl>
<div class="none">結果</div></a></td>
<td class=''><a alt='そのほかの試合' href='/npb/game/2013070601/'><dl>
<dt>巨</dt>
<dd>3 - <b>4</b></dd>
<dt><b>Ｄ</b></dt>
</dl>
<div class="none">結果</div></a></td>
</tr></table>
</div>

<!-- /他球団モジュール -->
<!--打順-->
<div class="yjSNLiveCommonsubtitle"><h4 class="yjS"><span>打順</span></h4></div>
<div id="yjSNLiveBattinglist" class="clearfix">

<table class="column-left" width=100% cellpadding=0 cellspacing=0 border=0>
<tr class="teamborder">
<th colspan=3 class="Bs">&nbsp;</th>
<th colspan=3 class="F">&nbsp;</th>
</tr>
<tr class="teamlogo">
<th colspan=3 class="Bs"><a href="/npb/teams/11/">オリックス</a></th>
<th colspan=3 class="F"><a href="/npb/teams/8/">日本ハム</a></th>
</tr>

<tr>
<td class="nm">1</td>
<td>中</td>
<td class="pn"><a href="/npb/player?id=1000108">駿太</a></td>
<td class="nm">1</td>
<td>中</td>
<td class="pn"><a href="/npb/player?id=600037">陽岱鋼</a></td>
</tr>
<tr>
<td class="nm">2</td>
<td>二</td>
<td class="pn"><a href="/npb/player?id=1000109">三ツ俣大樹</a></td>
<td class="nm">2</td>
<td>遊</td>
<td class="pn"><a href="/npb/player?id=900069">中島卓也</a></td>
</tr>
<tr>
<td class="nm">3</td>
<td>右</td>
<td class="pn"><a href="/npb/player?id=400057">糸井嘉男</a></td>
<td class="nm">3</td>
<td>指</td>
<td class="pn"><a href="/npb/player?id=1300009">アブレイユ</a></td>
</tr>
<tr>
<td class="nm">4</td>
<td>指</td>
<td class="pn"><a href="/npb/player?id=1000112">深江真登</a></td>
<td class="nm">4</td>
<td>左</td>
<td class="pn"><a href="/npb/player?id=800054">中田翔</a></td>
</tr>
<tr>
<td class="nm">5</td>
<td>左</td>
<td class="pn"><a href="/npb/player?id=20199">坂口智隆</a></td>
<td class="nm act">5</td>
<td class="act">一</td>
<td class="pn act"><a href="/npb/player?id=20227">小谷野栄一</a></td>
</tr>
<tr>
<td class="nm">6</td>
<td>三</td>
<td class="pn"><a href="/npb/player?id=900019">山本和作</a></td>
<td class="nm">6</td>
<td>捕</td>
<td class="pn"><a href="/npb/player?id=20225">鶴岡慎也</a></td>
</tr>
<tr>
<td class="nm">7</td>
<td>一</td>
<td class="pn"><a href="/npb/player?id=600024">Ｔ−岡田</a></td>
<td class="nm">7</td>
<td>右</td>
<td class="pn"><a href="/npb/player?id=500026">鵜久森淳志</a></td>
</tr>
<tr>
<td class="nm">8</td>
<td>捕</td>
<td class="pn"><a href="/npb/player?id=800075">伊藤光</a></td>
<td class="nm">8</td>
<td>二</td>
<td class="pn"><a href="/npb/player?id=11274">金子誠</a></td>
</tr>
<tr>
<td class="nm">9</td>
<td>遊</td>
<td class="pn"><a href="/npb/player?id=1100105">安達了一</a></td>
<td class="nm">9</td>
<td>三</td>
<td class="pn"><a href="/npb/player?id=11686">飯山裕志</a></td>
</tr>

</table>

</div>

<!--打順-->

<!--ゲーム差-->
<!--ゲーム差-->


<!--球団情報-->

<!-- /新IM -->

</div><!--/#contents-body-->

 
</div><!-- Facebook -->
<div id="fb-root"></div>
<!-- / Facebook -->
</body>
</html>
