<!DOCTYPE html PUBLIC "-//W3C//DTD XHTML 1.0 Transitional//EN" "http://www.w3.org/TR/xhtml1/DTD/xhtml1-transitional.dtd">
<html lang="ja" xmlns:og="http://ogp.me/ns#" xmlns:mixi="http://mixi-platform.com/ns#" xmlns:fb="http://www.facebook.com/2008/fbml">
<head>
<!---京--->
<meta http-equiv="Content-Type" content="text/html; charset=utf-8">
<meta http-equiv="Content-Style-Type" content="text/css">
<meta http-equiv="Content-Script-Type" content="text/javascript">
<title>Yahoo!スポーツ - プロ野球</title>
<meta name="description" content="ソフトバンク vs 楽天のテキスト速報。一球速報、結果、セ・リーグ、パ・リーグの日程、順位、個人成績、プロ野球に関連した最新ニュース、写真ニュースなどの情報が満載な、Yahoo!スポーツ プロ野球サイトのテキスト速報ページです。">
<meta name="keywords" content="テキスト速報,速報,中継,ソフトバンク,楽天,プロ野球,野球">
<link rel="stylesheet" href="http://i.yimg.jp/images/sports/baseball/npb/live/css/master-npb-live-common.css" type="text/css" media="all">
<link rel="stylesheet" href="http://i.yimg.jp/images/sports/baseball/npb/css/master-npb-common.css" type="text/css" media="all">


<meta property="og:title"       content="Yahoo!プロ野球 - 2013年7月5日 ソフトバンクvs.楽天 テキスト速報" />
<meta property="og:type"        content="website" />
<meta property="og:url"         content="http://baseball.yahoo.co.jp/npb/game/2013070506/text" /> 
<meta property="og:image"       content="http://i.yimg.jp/images/sports/promo/pc/facebook/baseball_76x76.png" />
<meta property="og:site_name"   content="Yahoo!スポーツ" />
<meta property="og:description" content="" />
<meta property="og:locale"      content="ja_JP" />
<meta property="fb:app_id"      content="215456371901325" />
<link rel="apple-touch-icon" href="http://i.yimg.jp/images/sports/promo/pc/facebook/baseball.png">
<script type="text/javascript" src="http://i.yimg.jp/images/sports/js/jquery-1.3.2.min.js"></script><script type="text/javascript" src="http://i.yimg.jp/images/sports/v1/js/sports.global-1.1.1.js"></script>
</head>
<body class="yj950-2">

<div id="wrapper"><div id="contents-body" class="yjSNLive">
<!--main start-->
<div id="main">

<!-- ローカルナビ -->
<div id="ch-navi" class="clearfix mb5p">
<ul class="clearfix">

<li><span><a href="/npb/game/2013070506/top"">試合トップ</a></span></li><!--ナビアクティブ-->

<li class="gray"><span><a>一球速報</a></span></li>


<li class="on"><span><a>テキスト速報</a></span></li>


<li><span><a href="/npb/game/2013070506/stats">投打詳細</a></span></li>

 
<li><span><a href="http://rd.yahoo.co.jp/media/sports/baseball/npb/live/tab/comment/SIG=11uep6rlo/*http%3A//textream.yahoo.co.jp/rd/sports/npb/?game=2013070506">コメント</a></span></li>


</ul>
<em><a href="/npb/schedule/?date=20130705">7月5日（金）</a>ソフトバンク vs. 楽天</em>
</div>

<!-- /ローカルナビ -->

<!-- スコアボード -->
<div id="yjSNLiveTextscoreboard">

<div class="inner">
<table width="100%" cellspacing="0" cellpadding="0" border="0">

<tbody><tr class="chs-title yjS">
<th>&nbsp;</th>
<th>1</th>
<th>2</th>
<th>3</th>
<th>4</th>
<th>5</th>
<th>6</th>
<th>7</th>
<th>8</th>
<th>9</th>
<th>計</th>
<th>安</th>
<th>失</th>
</tr>
<tr class="yjMS">
<th class="E">
<b><a href="/npb/teams/376/">楽天</a></b></th><!--チーム選択-->


<td>
<a href=http://rd.yahoo.co.jp/media/sports/baseball/npb/live/sokuho/SIG=11ost0fg2/*http%3A//baseball.yahoo.co.jp/npb/game/2013070506/text#i1>0</a>
</td>
<td>
<a href=http://rd.yahoo.co.jp/media/sports/baseball/npb/live/sokuho/SIG=11ost0fg2/*http%3A//baseball.yahoo.co.jp/npb/game/2013070506/text#i2>0</a>
</td>
<td>
<a href=http://rd.yahoo.co.jp/media/sports/baseball/npb/live/sokuho/SIG=11ost0fg2/*http%3A//baseball.yahoo.co.jp/npb/game/2013070506/text#i3>0</a>
</td>
<td>
<a href=http://rd.yahoo.co.jp/media/sports/baseball/npb/live/sokuho/SIG=11ost0fg2/*http%3A//baseball.yahoo.co.jp/npb/game/2013070506/text#i4>0</a>
</td>
<td>
<a href=http://rd.yahoo.co.jp/media/sports/baseball/npb/live/sokuho/SIG=11ost0fg2/*http%3A//baseball.yahoo.co.jp/npb/game/2013070506/text#i5>0</a>
</td>
<td>
<a href=http://rd.yahoo.co.jp/media/sports/baseball/npb/live/sokuho/SIG=11ost0fg2/*http%3A//baseball.yahoo.co.jp/npb/game/2013070506/text#i6>0</a>
</td>
<td>
<a href=http://rd.yahoo.co.jp/media/sports/baseball/npb/live/sokuho/SIG=11ost0fg2/*http%3A//baseball.yahoo.co.jp/npb/game/2013070506/text#i7>0</a>
</td>
<td>
<a href=http://rd.yahoo.co.jp/media/sports/baseball/npb/live/sokuho/SIG=11ost0fg2/*http%3A//baseball.yahoo.co.jp/npb/game/2013070506/text#i8>1</a>
</td>
<td>
<a href=http://rd.yahoo.co.jp/media/sports/baseball/npb/live/sokuho/SIG=11ost0fg2/*http%3A//baseball.yahoo.co.jp/npb/game/2013070506/text#i9>0</a>
</td>
<td class="sum">1</td>
<td class="fwn">6</td>
<td class="fwn">1</td>
</tr>
<tr class="yjMS">
<th class="H">

<b><a href="/npb/teams/12/">ソフトバンク</a></b></th><!--チーム選択-->
<td>
<a href=http://rd.yahoo.co.jp/media/sports/baseball/npb/live/sokuho/SIG=11ost0fg2/*http%3A//baseball.yahoo.co.jp/npb/game/2013070506/text#ii1>4</a>
</td>
<td>
<a href=http://rd.yahoo.co.jp/media/sports/baseball/npb/live/sokuho/SIG=11ost0fg2/*http%3A//baseball.yahoo.co.jp/npb/game/2013070506/text#ii2>0</a>
</td>
<td>
<a href=http://rd.yahoo.co.jp/media/sports/baseball/npb/live/sokuho/SIG=11ost0fg2/*http%3A//baseball.yahoo.co.jp/npb/game/2013070506/text#ii3>0</a>
</td>
<td>
<a href=http://rd.yahoo.co.jp/media/sports/baseball/npb/live/sokuho/SIG=11ost0fg2/*http%3A//baseball.yahoo.co.jp/npb/game/2013070506/text#ii4>0</a>
</td>
<td>
<a href=http://rd.yahoo.co.jp/media/sports/baseball/npb/live/sokuho/SIG=11ost0fg2/*http%3A//baseball.yahoo.co.jp/npb/game/2013070506/text#ii5>0</a>
</td>
<td>
<a href=http://rd.yahoo.co.jp/media/sports/baseball/npb/live/sokuho/SIG=11ost0fg2/*http%3A//baseball.yahoo.co.jp/npb/game/2013070506/text#ii6>0</a>
</td>
<td>
<a href=http://rd.yahoo.co.jp/media/sports/baseball/npb/live/sokuho/SIG=11ost0fg2/*http%3A//baseball.yahoo.co.jp/npb/game/2013070506/text#ii7>2</a>
</td>
<td>
<a href=http://rd.yahoo.co.jp/media/sports/baseball/npb/live/sokuho/SIG=11ost0fg2/*http%3A//baseball.yahoo.co.jp/npb/game/2013070506/text#ii8>0</a>
</td>
<td>
<a href=http://rd.yahoo.co.jp/media/sports/baseball/npb/live/sokuho/SIG=11ost0fg2/*http%3A//baseball.yahoo.co.jp/npb/game/2013070506/text#ii9>X</a>
</td>
<td class="sum">6</td>
<td class="fwn">8</td>
<td class="fwn">0</td>
</tr>

</tbody></table>
</div>


<div class="navi clearfix">

<div class="column-left">
</div>

<div class="column-right">

<div class="reflesh clearfix">
<ul class="clearfix">
<li class="auto" title="自動更新"><a id="btn_auto" href="http://rd.yahoo.co.jp/media/sports/baseball/npb/live/auto/SIG=11ost0fg2/*http%3A//baseball.yahoo.co.jp/npb/game/2013070506/text?manual=2"><i>自動更新</i></a></li>
<li class="manual-on" title="手動更新"><a><i>手動更新</i></a></li>
<li title="更新" class="btn_reflesh"><a href="http://rd.yahoo.co.jp/media/sports/baseball/npb/live/refresh/SIG=11ost0fg2/*http%3A//baseball.yahoo.co.jp/npb/game/2013070506/text?manual=1"><i>更新</i></a></li>
</ul>
<em>自動更新：30秒</em>
</div>

</div>
</div>

</div>
<!-- /スコアボード -->


<!-- テキスト速報 -->
<div class="yjSportsCommonTitle"><h3 class="yjS"><span><strong>テキスト速報</strong></span></h3></div><div id="yjSNLiveTextlive" class="yjMS">

<div id="i1" class="item E clearfix"><!--チーム選択--><!--イニングid-->
<div class="title"><h3 class="yjS"><b>1回表</b>　楽天の攻撃</h3></div>
<ul>
<li>1：試合開始</li>
<li>2：<a href="/npb/player?id=800084">聖沢</a>　内角の真っ直ぐに空振り三振でバッターアウト 1アウト</li>
<li>3：<a href="/npb/player?id=500051">藤田</a>　外角低めの球を打つもショートライナー 2アウト</li>
<li>4：<a href="/npb/player?id=600020">銀次</a>　ピッチャーゴロ 3アウトチェンジ</li>
</ul>
<div class="score yjS">
<p>得点: 0、 ヒット:0、 四死球:0</p>
</div>
      
<div class="anker"><a href="#wrapper">ページトップへ</a></div>
</div>
<div id="yads_67572_1441_position_01"></div><div id="ii1" class="item H clearfix"><!--チーム選択--><!--イニングid-->
<div class="title"><h3 class="yjS"><b>1回裏</b>　ソフトバンクの攻撃</h3></div>
<ul>
<li>1：<a href="/npb/player?id=800081">中村</a>　外角の変化球に見逃し三振でバッターアウト！ 1アウト</li>
<li>2：<a href="/npb/player?id=600087">本多</a>　ライトへのヒットを放つ 1塁</li>
<li>3：<a href="/npb/player?id=11983">内川</a>　レフトへのヒットで出塁 1,2塁</li>
<li>4：<b class="red"><a href="/npb/player?id=600084">松田</a>　ランナー1,2塁の1-1からセンターへのタイムリーヒットでソフトバンク先制！ ソ1-0楽 1,2塁</b></li>
<li>5：<b class="red"><a href="/npb/player?id=700101">長谷川</a>　ランナー1,2塁からセンターへ2点タイムリーツーベース！ ソ3-0楽 2塁</b></li>
<li>6：<a href="/npb/player?id=500012">江川</a>　空振りの三振を喫する 2アウト</li>
<li>7：<b class="red"><a href="/npb/player?id=1000035">今宮</a>　2アウト2塁の2-2からレフトへのタイムリーヒット</b></li>
<li>8：<b class="red">枡田(左):ファンブル ソ4-0楽 2塁</b></li>
<li>9：<a href="/npb/player?id=700095">福田</a>　カウント1-2からワンバウンドした球を空振り三振 3アウトチェンジ</li>
</ul>
<div class="score yjS">
<p>得点:<b class="red">4</b> 、 ヒット:<span class="red">5</span> 、 四死球:0</p>
</div>
</div>
<div id="i2" class="item E clearfix"><!--チーム選択--><!--イニングid-->
<div class="title"><h3 class="yjS"><b>2回表</b>　楽天の攻撃</h3></div>
<ul>
<li>1：<a href="/npb/player?id=1200129">ジョーンズ</a>　内角のシンカーに全くタイミング合わず空振り三振 1アウト</li>
<li>2：<a href="/npb/player?id=1200136">マギー</a>　外角高めのスライダーを打つもセンターフライ 2アウト</li>
<li>3：<a href="/npb/player?id=1100132">島内</a>　セカンドゴロ 3アウトチェンジ</li>
</ul>
<div class="score yjS">
<p>得点: 0、 ヒット:0、 四死球:0</p>
</div>
      
<div class="anker"><a href="#wrapper">ページトップへ</a></div>
</div>
<div id="ii2" class="item H clearfix"><!--チーム選択--><!--イニングid-->
<div class="title"><h3 class="yjS"><b>2回裏</b>　ソフトバンクの攻撃</h3></div>
<ul>
<li>1：<b class="green">投手交代:則本→長谷部</b></li>
<li>2：<a href="/npb/player?id=12100">細川</a>　内角のストレートを打つもセカンドフライ 1アウト</li>
<li>3：<a href="/npb/player?id=800081">中村</a>　高めのスライダーを打つもセカンドゴロ 2アウト</li>
<li>4：<a href="/npb/player?id=600087">本多</a>　セカンドゴロ 3アウトチェンジ</li>
</ul>
<div class="score yjS">
<p>得点:0 、 ヒット:0 、 四死球:0</p>
</div>
</div>
<div id="i3" class="item E clearfix"><!--チーム選択--><!--イニングid-->
<div class="title"><h3 class="yjS"><b>3回表</b>　楽天の攻撃</h3></div>
<ul>
<li>1：<a href="/npb/player?id=11270">松井</a>　外角のストレートを打つもレフトフライ 1アウト</li>
<li>2：<a href="/npb/player?id=700072">嶋</a>　内角のカーブを打つもショートゴロ 2アウト</li>
<li>3：<a href="/npb/player?id=600021">枡田</a>　センターへのヒットで出塁 1塁</li>
<li>4：<a href="/npb/player?id=800084">聖沢</a>　セカンドゴロ 3アウトチェンジ</li>
</ul>
<div class="score yjS">
<p>得点: 0、 ヒット:<span class="red">1</span>、 四死球:0</p>
</div>
      
<div class="anker"><a href="#wrapper">ページトップへ</a></div>
</div>
<div id="ii3" class="item H clearfix"><!--チーム選択--><!--イニングid-->
<div class="title"><h3 class="yjS"><b>3回裏</b>　ソフトバンクの攻撃</h3></div>
<ul>
<li>1：<a href="/npb/player?id=11983">内川</a>　外角の落ちる球を打つもライトフライ 1アウト</li>
<li>2：<a href="/npb/player?id=600084">松田</a>　7球粘るも外角低めのチェンジアップに空振り三振 2アウト</li>
<li>3：<a href="/npb/player?id=700101">長谷川</a>　外角の球を打つもセンターフライ 3アウトチェンジ</li>
</ul>
<div class="score yjS">
<p>得点:0 、 ヒット:0 、 四死球:0</p>
</div>
</div>
<div id="i4" class="item E clearfix"><!--チーム選択--><!--イニングid-->
<div class="title"><h3 class="yjS"><b>4回表</b>　楽天の攻撃</h3></div>
<ul>
<li>1：<a href="/npb/player?id=500051">藤田</a>　キャッチャーへのファウルフライに倒れる 1アウト</li>
<li>2：<a href="/npb/player?id=600020">銀次</a>　内角低めのストレートをライトへ打ってヒット 1塁</li>
<li>3：<a href="/npb/player?id=1200129">ジョーンズ</a>　低めのストレートを打つもセカンドフライ 2アウト</li>
<li>4：<a href="/npb/player?id=1200136">マギー</a>　空振りの三振を喫する 3アウトチェンジ</li>
</ul>
<div class="score yjS">
<p>得点: 0、 ヒット:<span class="red">1</span>、 四死球:0</p>
</div>
      
<div class="anker"><a href="#wrapper">ページトップへ</a></div>
</div>
<div id="ii4" class="item H clearfix"><!--チーム選択--><!--イニングid-->
<div class="title"><h3 class="yjS"><b>4回裏</b>　ソフトバンクの攻撃</h3></div>
<ul>
<li>1：<a href="/npb/player?id=500012">江川</a>　ワンバウンドした球を空振り三振 1アウト</li>
<li>2：<a href="/npb/player?id=1000035">今宮</a>　ピッチャーゴロ 2アウト</li>
<li>3：<a href="/npb/player?id=700095">福田</a>　外角のチェンジアップに空振り三振でバッターアウト 3アウトチェンジ</li>
</ul>
<div class="score yjS">
<p>得点:0 、 ヒット:0 、 四死球:0</p>
</div>
</div>
<div id="i5" class="item E clearfix"><!--チーム選択--><!--イニングid-->
<div class="title"><h3 class="yjS"><b>5回表</b>　楽天の攻撃</h3></div>
<ul>
<li>1：<a href="/npb/player?id=1100132">島内</a>　セカンドゴロ 1アウト</li>
<li>2：<a href="/npb/player?id=11270">松井</a>　ライトへのヒットで出塁 1塁</li>
<li>3：<a href="/npb/player?id=700072">嶋</a>　6-3のダブルプレー 3アウトチェンジ</li>
</ul>
<div class="score yjS">
<p>得点: 0、 ヒット:<span class="red">1</span>、 四死球:0</p>
</div>
      
<div class="anker"><a href="#wrapper">ページトップへ</a></div>
</div>
<div id="ii5" class="item H clearfix"><!--チーム選択--><!--イニングid-->
<div class="title"><h3 class="yjS"><b>5回裏</b>　ソフトバンクの攻撃</h3></div>
<ul>
<li>1：<a href="/npb/player?id=12100">細川</a>　外角のチェンジアップに全くタイミング合わず空振り三振でバッターアウト 1アウト</li>
<li>2：<a href="/npb/player?id=800081">中村</a>　高めのストレートを打つもセンターフライ 2アウト</li>
<li>3：<a href="/npb/player?id=600087">本多</a>　空振りの三振を喫する 3アウトチェンジ</li>
</ul>
<div class="score yjS">
<p>得点:0 、 ヒット:0 、 四死球:0</p>
</div>
</div>
<div id="i6" class="item E clearfix"><!--チーム選択--><!--イニングid-->
<div class="title"><h3 class="yjS"><b>6回表</b>　楽天の攻撃</h3></div>
<ul>
<li>1：<a href="/npb/player?id=600021">枡田</a>　外角のストレートをレフトへ打ってヒット 1塁</li>
<li>2：<a href="/npb/player?id=800084">聖沢</a>　外角の真っ直ぐを打つもセンターフライ 1アウト</li>
<li>3：<a href="/npb/player?id=500051">藤田</a>　高めのストレートを打つもショートフライ 2アウト</li>
<li>4：<a href="/npb/player?id=600020">銀次</a>　ピッチャーゴロ 3アウトチェンジ</li>
</ul>
<div class="score yjS">
<p>得点: 0、 ヒット:<span class="red">1</span>、 四死球:0</p>
</div>
      
<div class="anker"><a href="#wrapper">ページトップへ</a></div>
</div>
<div id="ii6" class="item H clearfix"><!--チーム選択--><!--イニングid-->
<div class="title"><h3 class="yjS"><b>6回裏</b>　ソフトバンクの攻撃</h3></div>
<ul>
<li>1：<b class="green">投手交代:長谷部→宮川　「未来の正捕手候補」岡島がキャッチャーの守備につく</b></li>
<li>2：<a href="/npb/player?id=11983">内川</a>　空振りの三振を喫する 1アウト</li>
<li>3：<a href="/npb/player?id=600084">松田</a>　高めのスライダーを打つもショートフライ 2アウト</li>
<li>4：<a href="/npb/player?id=700101">長谷川</a>　高めのストレートを打つもレフトフライ 3アウトチェンジ</li>
</ul>
<div class="score yjS">
<p>得点:0 、 ヒット:0 、 四死球:0</p>
</div>
</div>
<div id="i7" class="item E clearfix"><!--チーム選択--><!--イニングid-->
<div class="title"><h3 class="yjS"><b>7回表</b>　楽天の攻撃</h3></div>
<ul>
<li>1：<a href="/npb/player?id=1200129">ジョーンズ</a>　ショートゴロ 1アウト</li>
<li>2：<a href="/npb/player?id=1200136">マギー</a>　内角の落ちる球に空振り三振 2アウト</li>
<li>3：<a href="/npb/player?id=1100132">島内</a>　セカンドゴロ 3アウトチェンジ</li>
</ul>
<div class="score yjS">
<p>得点: 0、 ヒット:0、 四死球:0</p>
</div>
      
<div class="anker"><a href="#wrapper">ページトップへ</a></div>
</div>
<div id="ii7" class="item H clearfix"><!--チーム選択--><!--イニングid-->
<div class="title"><h3 class="yjS"><b>7回裏</b>　ソフトバンクの攻撃</h3></div>
<ul>
<li>1：<a href="/npb/player?id=500012">江川</a>　レフトへのヒットで出塁 1塁</li>
<li>2：<a href="/npb/player?id=1000035">今宮</a>　見事送りバントを決める 1アウト2塁</li>
<li>3：<b class="red"><a href="/npb/player?id=700095">福田</a>　ランナー2塁からセンターへのタイムリースリーベース！ ソ5-0楽 3塁</b></li>
<li>4：<b class="red"><a href="/npb/player?id=12100">細川</a>　1アウト3塁の0-1からライトへのタイムリーヒット ソ6-0楽 1塁</b></li>
<li>5：<a href="/npb/player?id=800081">中村</a>　一度もバットを振ることなく四球を選ぶ 1,2塁</li>
<li>6：<a href="/npb/player?id=600087">本多</a>　一度もバットを振ることなくストレートのフォアボールを選ぶ 満塁</li>
<li>7：<a href="/npb/player?id=11983">内川</a>　空振りの三振を喫する 2アウト</li>
<li>8：<a href="/npb/player?id=600084">松田</a>　内角のスライダーを打つもサードライナー 3アウトチェンジ</li>
</ul>
<div class="score yjS">
<p>得点:<b class="red">2</b> 、 ヒット:<span class="red">3</span> 、 四死球:2</p>
</div>
</div>
<div id="i8" class="item E clearfix"><!--チーム選択--><!--イニングid-->
<div class="title"><h3 class="yjS"><b>8回表</b>　楽天の攻撃</h3></div>
<ul>
<li>1：<a href="/npb/player?id=11270">松井</a>　センターへのヒットで出塁 1塁</li>
<li>2：<b class="green">1塁松井→代走:岩崎</b></li>
<li>3：摂津(投):暴投 3塁</li>
<li>4：<a href="/npb/player?id=1100130">岡島</a>　一度もバットを振ることなくフォアボールを選ぶ 1,3塁</li>
<li>5：<b class="red"><a href="/npb/player?id=600021">枡田</a>　0アウト1,3塁の1-1からセンターへの犠牲フライを放つ ソ6-1楽 1アウト1塁</b></li>
<li>6：<a href="/npb/player?id=800084">聖沢</a>　ライトへのヒットで出塁 1,3塁</li>
<li>7：<a href="/npb/player?id=500051">藤田</a>　4-6-3のダブルプレー 3アウトチェンジ</li>
</ul>
<div class="score yjS">
<p>得点: <b class="red">1</b>、 ヒット:<span class="red">2</span>、 四死球:1</p>
</div>
      
<div class="anker"><a href="#wrapper">ページトップへ</a></div>
</div>
<div id="ii8" class="item H clearfix"><!--チーム選択--><!--イニングid-->
<div class="title"><h3 class="yjS"><b>8回裏</b>　ソフトバンクの攻撃</h3></div>
<ul>
<li>1：<b class="green">ピッチャー宮川に代わって「再起をはかるベテランサウスポー」星野がマウンドにあがる　守備変更:岩崎→ショート</b></li>
<li>2：<a href="/npb/player?id=700101">長谷川</a>　空振りの三振を喫する 1アウト</li>
<li>3：<a href="/npb/player?id=500012">江川</a>　ファウルフライを岡島(捕)が捕球してバッターアウト 2アウト</li>
<li>4：<a href="/npb/player?id=1000035">今宮</a>　一度もバットを振ることなくフォアボールを選ぶ 1塁</li>
<li>5：<b class="green">バッター福田に代わり、「ハードスインガー」田上</b></li>
<li>6：<a href="/npb/player?id=12193">田上</a>　低めのストレートを打つもライトフライ 3アウトチェンジ</li>
</ul>
<div class="score yjS">
<p>得点:0 、 ヒット:0 、 四死球:1</p>
</div>
</div>
<div id="i9" class="item E clearfix"><!--チーム選択--><!--イニングid-->
<div class="title"><h3 class="yjS"><b>9回表</b>　楽天の攻撃</h3></div>
<ul>
<li>1：<b class="green">守備交代:ファースト金子　守備変更:中村ファースト→ライト</b></li>
<li>2：<a href="/npb/player?id=600020">銀次</a>　ショートゴロ 1アウト</li>
<li>3：<a href="/npb/player?id=1200129">ジョーンズ</a>　外角の真っ直ぐを打つもセンターフライ 2アウト</li>
<li>4：<a href="/npb/player?id=1200136">マギー</a>　空振り三振でバッターアウト ゲームセット</li>
<li>5：試合終了</li>
</ul>
<div class="score yjS">
<p>得点: 0、 ヒット:0、 四死球:0</p>
</div>
      
<div class="anker"><a href="#wrapper">ページトップへ</a></div>
</div>
</div>
<!-- テキスト速報 -->

<div id="yads_67572_1441_position_02"></div>
</div><!--/#main-->
<!--main end-->

<!--sub start-->
<div id="sub">
<!-- SpaceID=0 robot -->
<!--/#pos-lrec-->

<!-- 他球団モジュール -->
<div class="yjSNLiveCommonsubtitle"><h4 class="yjS"><span>7/5(金)　そのほかの試合</span></h4></div>
<div id="yjSNLiveOthergame">
<table width=100% cellpadding=0 cellspacing=0 border=0>
<tr><td class=''><a alt='そのほかの試合' href='/npb/game/2013070501/'><dl>
<dt><b>巨</b></dt>
<dd><b>12</b> - 7</dd>
<dt>Ｄ</dt>
</dl>
<div class="none">結果</div></a></td>
<td class=''><a alt='そのほかの試合' href='/npb/game/2013070502/'><dl>
<dt><b>中</b></dt>
<dd><b>6</b> - 3</dd>
<dt>ヤ</dt>
</dl>
<div class="none">結果</div></a></td>
<td class=''><a alt='そのほかの試合' href='/npb/game/2013070503/'><dl>
<dt>広</dt>
<dd>1 - <b>3</b></dd>
<dt><b>神</b></dt>
</dl>
<div class="none">結果</div></a></td>
</tr><tr><td class=''><a alt='そのほかの試合' href='/npb/game/2013070504/'><dl>
<dt>日</dt>
<dd>1 - <b>5</b></dd>
<dt><b>オ</b></dt>
</dl>
<div class="none">結果</div></a></td>
<td class=''><a alt='そのほかの試合' href='/npb/game/2013070505/'><dl>
<dt><b>西</b></dt>
<dd><b>7</b> - 2</dd>
<dt>ロ</dt>
</dl>
<div class="none">結果</div></a></td>
<td class='act'><dl>
<dt><b>ソ</b></dt>
<dd><b>6</b> - 1</dd>
<dt>楽</dt>
</dl>
<div>観戦中</div></td>
</tr></table>
</div>

<!-- /他球団モジュール -->
<!--打順-->
<div class="yjSNLiveCommonsubtitle"><h4 class="yjS"><span>打順</span></h4></div>
<div id="yjSNLiveBattinglist" class="clearfix">

<table class="column-left" width=100% cellpadding=0 cellspacing=0 border=0>
<tr class="teamborder">
<th colspan=3 class="E">&nbsp;</th>
<th colspan=3 class="H">&nbsp;</th>
</tr>
<tr class="teamlogo">
<th colspan=3 class="E"><a href="/npb/teams/376/">楽天</a></th>
<th colspan=3 class="H"><a href="/npb/teams/12/">ソフトバンク</a></th>
</tr>

<tr>
<td class="nm">1</td>
<td>中</td>
<td class="pn"><a href="/npb/player?id=800084">聖沢諒</a></td>
<td class="nm">1</td>
<td>右</td>
<td class="pn"><a href="/npb/player?id=800081">中村晃</a></td>
</tr>
<tr>
<td class="nm">2</td>
<td>二</td>
<td class="pn"><a href="/npb/player?id=500051">藤田一也</a></td>
<td class="nm">2</td>
<td>二</td>
<td class="pn"><a href="/npb/player?id=600087">本多雄一</a></td>
</tr>
<tr>
<td class="nm">3</td>
<td>一</td>
<td class="pn"><a href="/npb/player?id=600020">銀次</a></td>
<td class="nm">3</td>
<td>指</td>
<td class="pn"><a href="/npb/player?id=11983">内川聖一</a></td>
</tr>
<tr>
<td class="nm">4</td>
<td>指</td>
<td class="pn"><a href="/npb/player?id=1200129">ジョーンズ</a></td>
<td class="nm">4</td>
<td>三</td>
<td class="pn"><a href="/npb/player?id=600084">松田宣浩</a></td>
</tr>
<tr>
<td class="nm act">5</td>
<td class="act">三</td>
<td class="pn act"><a href="/npb/player?id=1200136">マギー</a></td>
<td class="nm">5</td>
<td>中</td>
<td class="pn"><a href="/npb/player?id=700101">長谷川勇也</a></td>
</tr>
<tr>
<td class="nm">6</td>
<td>右</td>
<td class="pn"><a href="/npb/player?id=1100132">島内宏明</a></td>
<td class="nm">6</td>
<td>左</td>
<td class="pn"><a href="/npb/player?id=500012">江川智晃</a></td>
</tr>
<tr>
<td class="nm">7</td>
<td>遊</td>
<td class="pn"><a href="/npb/player?id=700039">岩崎達郎</a></td>
<td class="nm">7</td>
<td>遊</td>
<td class="pn"><a href="/npb/player?id=1000035">今宮健太</a></td>
</tr>
<tr>
<td class="nm">8</td>
<td>捕</td>
<td class="pn"><a href="/npb/player?id=1100130">岡島豪郎</a></td>
<td class="nm">8</td>
<td>一</td>
<td class="pn"><a href="/npb/player?id=400028">金子圭輔</a></td>
</tr>
<tr>
<td class="nm">9</td>
<td>左</td>
<td class="pn"><a href="/npb/player?id=600021">枡田慎太郎</a></td>
<td class="nm">9</td>
<td>捕</td>
<td class="pn"><a href="/npb/player?id=12100">細川亨</a></td>
</tr>

</table>

</div>

<!--打順-->

<!--ゲーム差-->
<!--ゲーム差-->


<!--球団情報-->

<!-- /新IM -->

</div><!--/#contents-body-->

 
</div><!-- Facebook -->
<div id="fb-root"></div>
<!-- / Facebook -->
</body>
</html>
