<!DOCTYPE html PUBLIC "-//W3C//DTD XHTML 1.0 Transitional//EN" "http://www.w3.org/TR/xhtml1/DTD/xhtml1-transitional.dtd">
<html lang="ja" xmlns:og="http://ogp.me/ns#" xmlns:mixi="http://mixi-platform.com/ns#" xmlns:fb="http://www.facebook.com/2008/fbml">
<head>
<!---京--->
<meta http-equiv="Content-Type" content="text/html; charset=utf-8">
<meta http-equiv="Content-Style-Type" content="text/css">
<meta http-equiv="Content-Script-Type" content="text/javascript">
<title>Yahoo!スポーツ - プロ野球</title>
<meta name="description" content="巨人 vs ＤｅＮＡのテキスト速報。一球速報、結果、セ・リーグ、パ・リーグの日程、順位、個人成績、プロ野球に関連した最新ニュース、写真ニュースなどの情報が満載な、Yahoo!スポーツ プロ野球サイトのテキスト速報ページです。">
<meta name="keywords" content="テキスト速報,速報,中継,巨人,ＤｅＮＡ,プロ野球,野球">
<link rel="stylesheet" href="http://i.yimg.jp/images/sports/baseball/npb/live/css/master-npb-live-common.css" type="text/css" media="all">
<link rel="stylesheet" href="http://i.yimg.jp/images/sports/baseball/npb/css/master-npb-common.css" type="text/css" media="all">


<meta property="og:title"       content="Yahoo!プロ野球 - 2013年7月6日 巨人vs.ＤｅＮＡ テキスト速報" />
<meta property="og:type"        content="website" />
<meta property="og:url"         content="http://baseball.yahoo.co.jp/npb/game/2013070601/text" /> 
<meta property="og:image"       content="http://i.yimg.jp/images/sports/promo/pc/facebook/baseball_76x76.png" />
<meta property="og:site_name"   content="Yahoo!スポーツ" />
<meta property="og:description" content="" />
<meta property="og:locale"      content="ja_JP" />
<meta property="fb:app_id"      content="215456371901325" />
<link rel="apple-touch-icon" href="http://i.yimg.jp/images/sports/promo/pc/facebook/baseball.png">
<script type="text/javascript" src="http://i.yimg.jp/images/sports/js/jquery-1.3.2.min.js"></script><script type="text/javascript" src="http://i.yimg.jp/images/sports/v1/js/sports.global-1.1.1.js"></script>
</head>
<body class="yj950-2">

<div id="wrapper"><div id="contents-body" class="yjSNLive">
<!--main start-->
<div id="main">

<!-- ローカルナビ -->
<div id="ch-navi" class="clearfix mb5p">
<ul class="clearfix">

<li><span><a href="/npb/game/2013070601/top"">試合トップ</a></span></li><!--ナビアクティブ-->

<li class="gray"><span><a>一球速報</a></span></li>


<li class="on"><span><a>テキスト速報</a></span></li>


<li><span><a href="/npb/game/2013070601/stats">投打詳細</a></span></li>

 
<li><span><a href="http://rd.yahoo.co.jp/media/sports/baseball/npb/live/tab/comment/SIG=11u2rhg5m/*http%3A//textream.yahoo.co.jp/rd/sports/npb/?game=2013070601">コメント</a></span></li>


</ul>
<em><a href="/npb/schedule/?date=20130706">7月6日（土）</a>巨人 vs. ＤｅＮＡ</em>
</div>

<!-- /ローカルナビ -->

<!-- スコアボード -->
<div id="yjSNLiveTextscoreboard">

<div class="inner">
<table width="100%" cellspacing="0" cellpadding="0" border="0">

<tbody><tr class="chs-title yjS">
<th>&nbsp;</th>
<th>1</th>
<th>2</th>
<th>3</th>
<th>4</th>
<th>5</th>
<th>6</th>
<th>7</th>
<th>8</th>
<th>9</th>
<th>計</th>
<th>安</th>
<th>失</th>
</tr>
<tr class="yjMS">
<th class="DB">
<b><a href="/npb/teams/3/">ＤｅＮＡ</a></b></th><!--チーム選択-->


<td>
<a href=http://rd.yahoo.co.jp/media/sports/baseball/npb/live/sokuho/SIG=11obqeajq/*http%3A//baseball.yahoo.co.jp/npb/game/2013070601/text#i1>0</a>
</td>
<td>
<a href=http://rd.yahoo.co.jp/media/sports/baseball/npb/live/sokuho/SIG=11obqeajq/*http%3A//baseball.yahoo.co.jp/npb/game/2013070601/text#i2>2</a>
</td>
<td>
<a href=http://rd.yahoo.co.jp/media/sports/baseball/npb/live/sokuho/SIG=11obqeajq/*http%3A//baseball.yahoo.co.jp/npb/game/2013070601/text#i3>0</a>
</td>
<td>
<a href=http://rd.yahoo.co.jp/media/sports/baseball/npb/live/sokuho/SIG=11obqeajq/*http%3A//baseball.yahoo.co.jp/npb/game/2013070601/text#i4>0</a>
</td>
<td>
<a href=http://rd.yahoo.co.jp/media/sports/baseball/npb/live/sokuho/SIG=11obqeajq/*http%3A//baseball.yahoo.co.jp/npb/game/2013070601/text#i5>0</a>
</td>
<td>
<a href=http://rd.yahoo.co.jp/media/sports/baseball/npb/live/sokuho/SIG=11obqeajq/*http%3A//baseball.yahoo.co.jp/npb/game/2013070601/text#i6>0</a>
</td>
<td>
<a href=http://rd.yahoo.co.jp/media/sports/baseball/npb/live/sokuho/SIG=11obqeajq/*http%3A//baseball.yahoo.co.jp/npb/game/2013070601/text#i7>0</a>
</td>
<td>
<a href=http://rd.yahoo.co.jp/media/sports/baseball/npb/live/sokuho/SIG=11obqeajq/*http%3A//baseball.yahoo.co.jp/npb/game/2013070601/text#i8>0</a>
</td>
<td>
<a href=http://rd.yahoo.co.jp/media/sports/baseball/npb/live/sokuho/SIG=11obqeajq/*http%3A//baseball.yahoo.co.jp/npb/game/2013070601/text#i9>2</a>
</td>
<td class="sum">4</td>
<td class="fwn">11</td>
<td class="fwn">0</td>
</tr>
<tr class="yjMS">
<th class="G">

<b><a href="/npb/teams/1/">巨人</a></b></th><!--チーム選択-->
<td>
<a href=http://rd.yahoo.co.jp/media/sports/baseball/npb/live/sokuho/SIG=11obqeajq/*http%3A//baseball.yahoo.co.jp/npb/game/2013070601/text#ii1>2</a>
</td>
<td>
<a href=http://rd.yahoo.co.jp/media/sports/baseball/npb/live/sokuho/SIG=11obqeajq/*http%3A//baseball.yahoo.co.jp/npb/game/2013070601/text#ii2>0</a>
</td>
<td>
<a href=http://rd.yahoo.co.jp/media/sports/baseball/npb/live/sokuho/SIG=11obqeajq/*http%3A//baseball.yahoo.co.jp/npb/game/2013070601/text#ii3>0</a>
</td>
<td>
<a href=http://rd.yahoo.co.jp/media/sports/baseball/npb/live/sokuho/SIG=11obqeajq/*http%3A//baseball.yahoo.co.jp/npb/game/2013070601/text#ii4>0</a>
</td>
<td>
<a href=http://rd.yahoo.co.jp/media/sports/baseball/npb/live/sokuho/SIG=11obqeajq/*http%3A//baseball.yahoo.co.jp/npb/game/2013070601/text#ii5>0</a>
</td>
<td>
<a href=http://rd.yahoo.co.jp/media/sports/baseball/npb/live/sokuho/SIG=11obqeajq/*http%3A//baseball.yahoo.co.jp/npb/game/2013070601/text#ii6>0</a>
</td>
<td>
<a href=http://rd.yahoo.co.jp/media/sports/baseball/npb/live/sokuho/SIG=11obqeajq/*http%3A//baseball.yahoo.co.jp/npb/game/2013070601/text#ii7>0</a>
</td>
<td>
<a href=http://rd.yahoo.co.jp/media/sports/baseball/npb/live/sokuho/SIG=11obqeajq/*http%3A//baseball.yahoo.co.jp/npb/game/2013070601/text#ii8>1</a>
</td>
<td>
<a href=http://rd.yahoo.co.jp/media/sports/baseball/npb/live/sokuho/SIG=11obqeajq/*http%3A//baseball.yahoo.co.jp/npb/game/2013070601/text#ii9>0</a>
</td>
<td class="sum">3</td>
<td class="fwn">7</td>
<td class="fwn">0</td>
</tr>

</tbody></table>
</div>


<div class="navi clearfix">

<div class="column-left">
</div>

<div class="column-right">

<div class="reflesh clearfix">
<ul class="clearfix">
<li class="auto" title="自動更新"><a id="btn_auto" href="http://rd.yahoo.co.jp/media/sports/baseball/npb/live/auto/SIG=11obqeajq/*http%3A//baseball.yahoo.co.jp/npb/game/2013070601/text?manual=2"><i>自動更新</i></a></li>
<li class="manual-on" title="手動更新"><a><i>手動更新</i></a></li>
<li title="更新" class="btn_reflesh"><a href="http://rd.yahoo.co.jp/media/sports/baseball/npb/live/refresh/SIG=11obqeajq/*http%3A//baseball.yahoo.co.jp/npb/game/2013070601/text?manual=1"><i>更新</i></a></li>
</ul>
<em>自動更新：30秒</em>
</div>

</div>
</div>

</div>
<!-- /スコアボード -->


<!-- テキスト速報 -->
<div class="yjSportsCommonTitle"><h3 class="yjS"><span><strong>テキスト速報</strong></span></h3></div><div id="yjSNLiveTextlive" class="yjMS">

<div id="i1" class="item DB clearfix"><!--チーム選択--><!--イニングid-->
<div class="title"><h3 class="yjS"><b>1回表</b>　ＤｅＮＡの攻撃</h3></div>
<ul>
<li>1：試合開始</li>
<li>2：<a href="/npb/player?id=1000095">荒波</a>　高めのつり球に空振り三振 1アウト</li>
<li>3：<a href="/npb/player?id=800088">内村</a>　低めのストレートを打つもレフトフライ 2アウト</li>
<li>4：<a href="/npb/player?id=1300006">モーガン</a>　高めのストレートに空振り三振でバッターアウト 3アウトチェンジ</li>
</ul>
<div class="score yjS">
<p>得点: 0、 ヒット:0、 四死球:0</p>
</div>
      
<div class="anker"><a href="#wrapper">ページトップへ</a></div>
</div>
<div id="yads_67572_1441_position_01"></div><div id="ii1" class="item G clearfix"><!--チーム選択--><!--イニングid-->
<div class="title"><h3 class="yjS"><b>1回裏</b>　巨人の攻撃</h3></div>
<ul>
<li>1：<a href="/npb/player?id=800002">中井</a>　内角のスライダーを見送りフォアボールを選ぶ 1塁</li>
<li>2：<a href="/npb/player?id=500037">亀井</a>　ピッチャー藤井のグラブを弾くもピッチャーゴロに倒れる 1アウト2塁</li>
<li>3：<a href="/npb/player?id=700003">坂本</a>　内角のスライダーを見送り四球を選ぶ 1,2塁</li>
<li>4：一塁走者坂本、二塁走者中井ダブルスチール成功！ 2,3塁</li>
<li>5：<a href="/npb/player?id=20182">村田</a>　死球を受ける 満塁</li>
<li>6：<b class="red"><a href="/npb/player?id=900397">長野</a>　1アウト満塁からレフトへのタイムリーヒットで巨人先制！ 巨2-0Ｄ 1,2塁</b></li>
<li>7：<a href="/npb/player?id=11541">谷</a>　低めのチェンジアップを打つもサードライナー 2アウト</li>
<li>8：<a href="/npb/player?id=700010">寺内</a>　カウント1-2からワンバウンドした球を空振り三振 3アウトチェンジ</li>
</ul>
<div class="score yjS">
<p>得点:<b class="red">2</b> 、 ヒット:<span class="red">1</span> 、 四死球:3</p>
</div>
</div>
<div id="i2" class="item DB clearfix"><!--チーム選択--><!--イニングid-->
<div class="title"><h3 class="yjS"><b>2回表</b>　ＤｅＮＡの攻撃</h3></div>
<ul>
<li>1：<b class="red"><a href="/npb/player?id=500518">ブランコ</a>　看板直撃のホームランを放つ 巨2-1Ｄ</b></li>
<li>2：<b class="red"><a href="/npb/player?id=1000002">筒香</a>　2-1からバックスクリーンへのホームランでＤｅＮＡ同点！ 巨2-2Ｄ</b></li>
<li>3：<a href="/npb/player?id=900051">山崎</a>　ど真ん中のシュートをライトへ打ってヒット 1塁</li>
<li>4：<a href="/npb/player?id=900049">松本</a>　ライトへのヒットを放つ 1,2塁</li>
<li>5：<a href="/npb/player?id=11430">鶴岡一</a>　ランナー1,2塁からど真ん中のシュートをセンターへ打ってヒット 満塁</li>
<li>6：<a href="/npb/player?id=11849">藤井</a>　内角のスライダーを打つもショートゴロ 1アウト満塁</li>
<li>7：<a href="/npb/player?id=1000095">荒波</a>　低めの落ちる球を打つもファーストゴロ 2アウト満塁</li>
<li>8：<a href="/npb/player?id=800088">内村</a>　内角のストレートを打つもセカンドゴロ 3アウトチェンジ</li>
</ul>
<div class="score yjS">
<p>得点: <b class="red">2</b>、 ヒット:<span class="red">5</span>、 四死球:0</p>
</div>
      
<div class="anker"><a href="#wrapper">ページトップへ</a></div>
</div>
<div id="ii2" class="item G clearfix"><!--チーム選択--><!--イニングid-->
<div class="title"><h3 class="yjS"><b>2回裏</b>　巨人の攻撃</h3></div>
<ul>
<li>1：<a href="/npb/player?id=11726">実松</a>　外角の変化球に見逃し三振 1アウト</li>
<li>2：<a href="/npb/player?id=1000083">沢村</a>　外角の落ちる球を打つもセカンドゴロ 2アウト</li>
<li>3：<a href="/npb/player?id=800002">中井</a>　高めの変化球に空振り三振 3アウトチェンジ</li>
</ul>
<div class="score yjS">
<p>得点:0 、 ヒット:0 、 四死球:0</p>
</div>
</div>
<div id="i3" class="item DB clearfix"><!--チーム選択--><!--イニングid-->
<div class="title"><h3 class="yjS"><b>3回表</b>　ＤｅＮＡの攻撃</h3></div>
<ul>
<li>1：<a href="/npb/player?id=1300006">モーガン</a>　一塁側へ絶妙なセーフティバント！内野安打で出塁する 1塁</li>
<li>2：<a href="/npb/player?id=500518">ブランコ</a>　高めのつり球に空振り三振 1アウト</li>
<li>3：<a href="/npb/player?id=1000002">筒香</a>　低めのフォークボールを打つも3-6のダブルプレー 3アウトチェンジ</li>
</ul>
<div class="score yjS">
<p>得点: 0、 ヒット:<span class="red">1</span>、 四死球:0</p>
</div>
      
<div class="anker"><a href="#wrapper">ページトップへ</a></div>
</div>
<div id="ii3" class="item G clearfix"><!--チーム選択--><!--イニングid-->
<div class="title"><h3 class="yjS"><b>3回裏</b>　巨人の攻撃</h3></div>
<ul>
<li>1：<a href="/npb/player?id=500037">亀井</a>　外角のストレートを見送りフォアボールを選ぶ 1塁</li>
<li>2：<a href="/npb/player?id=700003">坂本</a>　外角の落ちる球を打つも6-4-3のダブルプレー 2アウト</li>
<li>3：<a href="/npb/player?id=20182">村田</a>　外角のチェンジアップを打つもショートゴロ 3アウトチェンジ</li>
</ul>
<div class="score yjS">
<p>得点:0 、 ヒット:0 、 四死球:1</p>
</div>
</div>
<div id="i4" class="item DB clearfix"><!--チーム選択--><!--イニングid-->
<div class="title"><h3 class="yjS"><b>4回表</b>　ＤｅＮＡの攻撃</h3></div>
<ul>
<li>1：<a href="/npb/player?id=900051">山崎</a>　センターへのヒットを放つ 1塁</li>
<li>2：<a href="/npb/player?id=900049">松本</a>　空振りの三振を喫する 1アウト</li>
<li>3：<a href="/npb/player?id=11430">鶴岡一</a>　詰りながらもレフトへヒットを放つ 1,2塁</li>
<li>4：<a href="/npb/player?id=11849">藤井</a>　送りバント失敗 2アウト1,2塁</li>
<li>5：<a href="/npb/player?id=1000095">荒波</a>　カウント2-2からど真ん中のストレートに空振り三振！決定機を逃す 3アウトチェンジ</li>
</ul>
<div class="score yjS">
<p>得点: 0、 ヒット:<span class="red">2</span>、 四死球:0</p>
</div>
      
<div class="anker"><a href="#wrapper">ページトップへ</a></div>
</div>
<div id="ii4" class="item G clearfix"><!--チーム選択--><!--イニングid-->
<div class="title"><h3 class="yjS"><b>4回裏</b>　巨人の攻撃</h3></div>
<ul>
<li>1：<a href="/npb/player?id=900397">長野</a>　フェンス直撃の二塁打を放つ 2塁</li>
<li>2：<a href="/npb/player?id=11541">谷</a>　高めの真っ直ぐを打つもショートライナー 1アウト</li>
<li>3：<a href="/npb/player?id=700010">寺内</a>　内角のスライダーを打つもサードゴロ 2アウト</li>
<li>4：<a href="/npb/player?id=11726">実松</a>　外角のチェンジアップを打つもショートゴロ 3アウトチェンジ</li>
</ul>
<div class="score yjS">
<p>得点:0 、 ヒット:<span class="red">1</span> 、 四死球:0</p>
</div>
</div>
<div id="i5" class="item DB clearfix"><!--チーム選択--><!--イニングid-->
<div class="title"><h3 class="yjS"><b>5回表</b>　ＤｅＮＡの攻撃</h3></div>
<ul>
<li>1：<a href="/npb/player?id=800088">内村</a>　内角のフォークボールに空振り三振 1アウト</li>
<li>2：<a href="/npb/player?id=1300006">モーガン</a>　ワンバウンドした球を空振り三振 2アウト</li>
<li>3：<a href="/npb/player?id=500518">ブランコ</a>　レフトへのヒット 1塁</li>
<li>4：<a href="/npb/player?id=1000002">筒香</a>　内角の真っ直ぐを打つもショートフライ 3アウトチェンジ</li>
</ul>
<div class="score yjS">
<p>得点: 0、 ヒット:<span class="red">1</span>、 四死球:0</p>
</div>
      
<div class="anker"><a href="#wrapper">ページトップへ</a></div>
</div>
<div id="ii5" class="item G clearfix"><!--チーム選択--><!--イニングid-->
<div class="title"><h3 class="yjS"><b>5回裏</b>　巨人の攻撃</h3></div>
<ul>
<li>1：<a href="/npb/player?id=1000083">沢村</a>　高めのカーブを打つもファーストゴロ 1アウト</li>
<li>2：<a href="/npb/player?id=800002">中井</a>　ど真ん中のカーブを打つもファーストゴロ 2アウト</li>
<li>3：<a href="/npb/player?id=500037">亀井</a>　外角のカーブをセンターへ打ってヒット 1塁</li>
<li>4：一塁走者亀井:盗塁成功 2塁</li>
<li>5：<a href="/npb/player?id=700003">坂本</a>　外角のチェンジアップを打つもセンターフライ 3アウトチェンジ</li>
</ul>
<div class="score yjS">
<p>得点:0 、 ヒット:<span class="red">1</span> 、 四死球:0</p>
</div>
</div>
<div id="i6" class="item DB clearfix"><!--チーム選択--><!--イニングid-->
<div class="title"><h3 class="yjS"><b>6回表</b>　ＤｅＮＡの攻撃</h3></div>
<ul>
<li>1：<a href="/npb/player?id=900051">山崎</a>　外角のスライダーに空振り三振でバッターアウト 1アウト</li>
<li>2：<a href="/npb/player?id=900049">松本</a>　外角のスライダーを引っかけてセカンドゴロ 2アウト</li>
<li>3：<a href="/npb/player?id=11430">鶴岡一</a>　外角のスライダーを打つもライトフライ 3アウトチェンジ</li>
</ul>
<div class="score yjS">
<p>得点: 0、 ヒット:0、 四死球:0</p>
</div>
      
<div class="anker"><a href="#wrapper">ページトップへ</a></div>
</div>
<div id="ii6" class="item G clearfix"><!--チーム選択--><!--イニングid-->
<div class="title"><h3 class="yjS"><b>6回裏</b>　巨人の攻撃</h3></div>
<ul>
<li>1：<a href="/npb/player?id=20182">村田</a>　外角のカーブを見送りフォアボールを選ぶ 1塁</li>
<li>2：<a href="/npb/player?id=900397">長野</a>　外角の落ちる球を打つもライトフライ 1アウト</li>
<li>3：<a href="/npb/player?id=11541">谷</a>　ボテボテのキャッチャーゴロ 2アウト2塁</li>
<li>4：<a href="/npb/player?id=700010">寺内</a>　一打勝ち越しの場面で内角の真っ直ぐを打つもファーストライナー 3アウトチェンジ</li>
</ul>
<div class="score yjS">
<p>得点:0 、 ヒット:0 、 四死球:1</p>
</div>
</div>
<div id="i7" class="item DB clearfix"><!--チーム選択--><!--イニングid-->
<div class="title"><h3 class="yjS"><b>7回表</b>　ＤｅＮＡの攻撃</h3></div>
<ul>
<li>1：<a href="/npb/player?id=11849">藤井</a>　外角のスライダーを打つもサードゴロ 1アウト</li>
<li>2：<a href="/npb/player?id=1000095">荒波</a>　空振りの三振を喫する 2アウト</li>
<li>3：<a href="/npb/player?id=800088">内村</a>　ボテボテのセカンドゴロ 3アウトチェンジ</li>
</ul>
<div class="score yjS">
<p>得点: 0、 ヒット:0、 四死球:0</p>
</div>
      
<div class="anker"><a href="#wrapper">ページトップへ</a></div>
</div>
<div id="ii7" class="item G clearfix"><!--チーム選択--><!--イニングid-->
<div class="title"><h3 class="yjS"><b>7回裏</b>　巨人の攻撃</h3></div>
<ul>
<li>1：<a href="/npb/player?id=11726">実松</a>　低めの変化球を打つもファーストフライ 1アウト</li>
<li>2：<b class="green">バッター沢村に代わり、真価を見せるボウカー</b></li>
<li>3：<a href="/npb/player?id=1200006">ボウカー</a>　低めのカーブを打つもレフトフライ 2アウト</li>
<li>4：<a href="/npb/player?id=800002">中井</a>　一度もバットを振ることなくフォアボールを選ぶ 1塁</li>
<li>5：一塁走者中井:盗塁成功 2塁</li>
<li>6：<a href="/npb/player?id=500037">亀井</a>　一度もバットを振ることなくフォアボールを選ぶ 1,2塁</li>
<li>7：<b class="green">投手交代:藤井→加賀</b></li>
<li>8：<a href="/npb/player?id=700003">坂本</a>　一打勝ち越しの場面で外角のスライダーを打つもライトフライ 3アウトチェンジ</li>
</ul>
<div class="score yjS">
<p>得点:0 、 ヒット:0 、 四死球:2</p>
</div>
</div>
<div id="i8" class="item DB clearfix"><!--チーム選択--><!--イニングid-->
<div class="title"><h3 class="yjS"><b>8回表</b>　ＤｅＮＡの攻撃</h3></div>
<ul>
<li>1：<b class="green">投手交代:沢村→山口　守備変更:ボウカー→レフト</b></li>
<li>2：<a href="/npb/player?id=1300006">モーガン</a>　空振りの三振を喫する 1アウト</li>
<li>3：<a href="/npb/player?id=500518">ブランコ</a>　外角のシュートを打つもショートゴロ 2アウト</li>
<li>4：<a href="/npb/player?id=1000002">筒香</a>　内角のシュートを打つもセカンドゴロ 3アウトチェンジ</li>
</ul>
<div class="score yjS">
<p>得点: 0、 ヒット:0、 四死球:0</p>
</div>
      
<div class="anker"><a href="#wrapper">ページトップへ</a></div>
</div>
<div id="ii8" class="item G clearfix"><!--チーム選択--><!--イニングid-->
<div class="title"><h3 class="yjS"><b>8回裏</b>　巨人の攻撃</h3></div>
<ul>
<li>1：<b class="green">投手交代:加賀→ソーサ</b></li>
<li>2：<a href="/npb/player?id=20182">村田</a>　レフトへのヒットで出塁 1塁</li>
<li>3：<a href="/npb/player?id=900397">長野</a>　見事送りバントを成功させる 1アウト2塁</li>
<li>4：<b class="green">山口→代打:石井</b></li>
<li>5：<a href="/npb/player?id=11530">石井</a>　ランナー2塁からライトへのヒットで出塁 1,3塁</li>
<li>6：<b class="green">寺内→代打:高橋由</b></li>
<li>7：<b class="red"><a href="/npb/player?id=11635">高橋由</a>　セカンドゴロの間に巨人1点をあげる 巨3-2Ｄ 2アウト2塁</b></li>
<li>8：<a href="/npb/player?id=11726">実松</a>　カウント2-2から外角の変化球に空振り三振でバッターアウト 3アウトチェンジ</li>
</ul>
<div class="score yjS">
<p>得点:<b class="red">1</b> 、 ヒット:<span class="red">2</span> 、 四死球:0</p>
</div>
</div>
<div id="i9" class="item DB clearfix"><!--チーム選択--><!--イニングid-->
<div class="title"><h3 class="yjS"><b>9回表</b>　ＤｅＮＡの攻撃</h3></div>
<ul>
<li>1：<b class="green">ピッチャー山口に代わって「控えめな剛腕」西村がマウンドにあがる　守備交代:センター鈴木　守備変更:中井ファースト→セカンド　守備変更:亀井ライト→ファースト　守備変更:長野センター→ライト</b></li>
<li>2：<a href="/npb/player?id=900051">山崎</a>　レフトへのツーベース 2塁</li>
<li>3：<a href="/npb/player?id=900049">松本</a>　送りバントを試みるもファウルフライとなりアウト 1アウト</li>
<li>4：<b class="green">鶴岡一→代打:多村</b></li>
<li>5：<a href="/npb/player?id=11345">多村</a>　外角のスライダーを見送り四球を選ぶ 1,2塁</li>
<li>6：<b class="green">バッターソーサに代わり、「不屈のベテランスラッガー」中村</b></li>
<li>7：<a href="/npb/player?id=11089">中村</a>　デッドボールを受ける 満塁</li>
<li>8：ピッチャー西村は危険球により退場！</li>
<li>9：<b class="green">ピッチャー西村に代わって「真剣な剛腕」マシソンがマウンドにあがる　守備変更:亀井ファースト→ライト　守備変更:長野ライト→センター　守備変更:鈴木センター→レフト　守備変更:ボウカーレフト→ファースト</b></li>
<li>10：<b class="green">2塁多村→代走:白崎</b></li>
<li>11：<b class="red"><a href="/npb/player?id=1000095">荒波</a>　1アウト満塁の2-1から逆転のタイムリーツーベース！ 巨3-4Ｄ 2,3塁</b></li>
<li>12：<b class="green">3塁走者中村に代わり、雄々しく駆ける石川</b></li>
<li>13：<b class="green">投手交代:マシソン→高木京</b></li>
<li>14：<a href="/npb/player?id=800088">内村</a>　外角の真っ直ぐを見送りフォアボールを選ぶ 満塁</li>
<li>15：<a href="/npb/player?id=1300006">モーガン</a>　高めのカーブに見逃し三振でバッターアウト！ 2アウト</li>
<li>16：<a href="/npb/player?id=500518">ブランコ</a>　2アウト満塁から10球目のカーブを打つもレフトフライ 3アウトチェンジ</li>
</ul>
<div class="score yjS">
<p>得点: <b class="red">2</b>、 ヒット:<span class="red">2</span>、 四死球:3</p>
</div>
      
<div class="anker"><a href="#wrapper">ページトップへ</a></div>
</div>
<div id="ii9" class="item G clearfix"><!--チーム選択--><!--イニングid-->
<div class="title"><h3 class="yjS"><b>9回裏</b>　巨人の攻撃</h3></div>
<ul>
<li>1：<b class="green">ピッチャーソーサに代わって大原がマウンドにあがる　「若き司令塔」高城がキャッチャーの守備につく　守備変更:石川→セカンド</b></li>
<li>2：<b class="green">ボウカー→代打:矢野</b></li>
<li>3：<a href="/npb/player?id=20124">矢野</a>　外角のチェンジアップを打つもショートゴロ 1アウト</li>
<li>4：<a href="/npb/player?id=800002">中井</a>　センターへのヒットを放つ 1塁</li>
<li>5：<a href="/npb/player?id=500037">亀井</a>　ライトへのヒットで出塁 1,2塁</li>
<li>6：<a href="/npb/player?id=700003">坂本</a>　4-6-3のダブルプレー ゲームセット</li>
<li>7：試合終了</li>
</ul>
<div class="score yjS">
<p>得点:0 、 ヒット:<span class="red">2</span> 、 四死球:0</p>
</div>
</div>
</div>
<!-- テキスト速報 -->

<div id="yads_67572_1441_position_02"></div>
</div><!--/#main-->
<!--main end-->

<!--sub start-->
<div id="sub">
<!-- SpaceID=0 robot -->
<!--/#pos-lrec-->

<!-- 他球団モジュール -->
<div class="yjSNLiveCommonsubtitle"><h4 class="yjS"><span>7/6(土)　そのほかの試合</span></h4></div>
<div id="yjSNLiveOthergame">
<table width=100% cellpadding=0 cellspacing=0 border=0>
<tr><td class=''><a alt='そのほかの試合' href='/npb/game/2013070602/'><dl>
<dt>中</dt>
<dd>0 - <b>4</b></dd>
<dt><b>ヤ</b></dt>
</dl>
<div class="none">結果</div></a></td>
<td class=''><a alt='そのほかの試合' href='/npb/game/2013070603/'><dl>
<dt>広</dt>
<dd>2 - <b>3</b></dd>
<dt><b>神</b></dt>
</dl>
<div class="none">結果</div></a></td>
<td class=''><a alt='そのほかの試合' href='/npb/game/2013070604/'><dl>
<dt>日</dt>
<dd>0 - <b>4</b></dd>
<dt><b>オ</b></dt>
</dl>
<div class="none">結果</div></a></td>
</tr><tr><td class=''><a alt='そのほかの試合' href='/npb/game/2013070605/'><dl>
<dt><b>西</b></dt>
<dd><b>7</b> - 3</dd>
<dt>ロ</dt>
</dl>
<div class="none">結果</div></a></td>
<td class=''><a alt='そのほかの試合' href='/npb/game/2013070606/'><dl>
<dt>ソ</dt>
<dd>4 - <b>8</b></dd>
<dt><b>楽</b></dt>
</dl>
<div class="none">結果</div></a></td>
<td class='act'><dl>
<dt>巨</dt>
<dd>3 - <b>4</b></dd>
<dt><b>Ｄ</b></dt>
</dl>
<div>観戦中</div></td>
</tr></table>
</div>

<!-- /他球団モジュール -->
<!--打順-->
<div class="yjSNLiveCommonsubtitle"><h4 class="yjS"><span>打順</span></h4></div>
<div id="yjSNLiveBattinglist" class="clearfix">

<table class="column-left" width=100% cellpadding=0 cellspacing=0 border=0>
<tr class="teamborder">
<th colspan=3 class="DB">&nbsp;</th>
<th colspan=3 class="G">&nbsp;</th>
</tr>
<tr class="teamlogo">
<th colspan=3 class="DB"><a href="/npb/teams/3/">ＤｅＮＡ</a></th>
<th colspan=3 class="G"><a href="/npb/teams/1/">巨人</a></th>
</tr>

<tr>
<td class="nm">1</td>
<td>右</td>
<td class="pn"><a href="/npb/player?id=1000095">荒波翔</a></td>
<td class="nm">1</td>
<td>二</td>
<td class="pn"><a href="/npb/player?id=800002">中井大介</a></td>
</tr>
<tr>
<td class="nm">2</td>
<td>投</td>
<td class="pn"><a href="/npb/player?id=1000120">大原慎司</a></td>
<td class="nm">2</td>
<td>右</td>
<td class="pn"><a href="/npb/player?id=500037">亀井善行</a></td>
</tr>
<tr>
<td class="nm">3</td>
<td>中</td>
<td class="pn"><a href="/npb/player?id=1300006">モーガン</a></td>
<td class="nm act">3</td>
<td class="act">遊</td>
<td class="pn act"><a href="/npb/player?id=700003">坂本勇人</a></td>
</tr>
<tr>
<td class="nm">4</td>
<td>一</td>
<td class="pn"><a href="/npb/player?id=500518">ブランコ</a></td>
<td class="nm">4</td>
<td>三</td>
<td class="pn"><a href="/npb/player?id=20182">村田修一</a></td>
</tr>
<tr>
<td class="nm">5</td>
<td>三</td>
<td class="pn"><a href="/npb/player?id=1000002">筒香嘉智</a></td>
<td class="nm">5</td>
<td>中</td>
<td class="pn"><a href="/npb/player?id=900397">長野久義</a></td>
</tr>
<tr>
<td class="nm">6</td>
<td>遊</td>
<td class="pn"><a href="/npb/player?id=900051">山崎憲晴</a></td>
<td class="nm">6</td>
<td>左</td>
<td class="pn"><a href="/npb/player?id=11502">鈴木尚広</a></td>
</tr>
<tr>
<td class="nm">7</td>
<td>左</td>
<td class="pn"><a href="/npb/player?id=900049">松本啓二朗</a></td>
<td class="nm">7</td>
<td>投</td>
<td class="pn"><a href="/npb/player?id=1100040">高木京介</a></td>
</tr>
<tr>
<td class="nm">8</td>
<td>捕</td>
<td class="pn"><a href="/npb/player?id=1100059">高城俊人</a></td>
<td class="nm">8</td>
<td>捕</td>
<td class="pn"><a href="/npb/player?id=11726">実松一成</a></td>
</tr>
<tr>
<td class="nm">9</td>
<td>二</td>
<td class="pn"><a href="/npb/player?id=500052">石川雄洋</a></td>
<td class="nm">9</td>
<td>代</td>
<td class="pn"><a href="/npb/player?id=20124">矢野謙次</a></td>
</tr>

</table>

</div>

<!--打順-->

<!--ゲーム差-->
<!--ゲーム差-->


<!--球団情報-->

<!-- /新IM -->

</div><!--/#contents-body-->

 
</div><!-- Facebook -->
<div id="fb-root"></div>
<!-- / Facebook -->
</body>
</html>
