<!DOCTYPE html PUBLIC "-//W3C//DTD XHTML 1.0 Transitional//EN" "http://www.w3.org/TR/xhtml1/DTD/xhtml1-transitional.dtd">
<html lang="ja" xmlns:og="http://ogp.me/ns#" xmlns:mixi="http://mixi-platform.com/ns#" xmlns:fb="http://www.facebook.com/2008/fbml">
<head>
<!---京--->
<meta http-equiv="Content-Type" content="text/html; charset=utf-8">
<meta http-equiv="Content-Style-Type" content="text/css">
<meta http-equiv="Content-Script-Type" content="text/javascript">
<title>Yahoo!スポーツ - プロ野球</title>
<meta name="description" content="ＤｅＮＡ vs ヤクルトのテキスト速報。一球速報、結果、セ・リーグ、パ・リーグの日程、順位、個人成績、プロ野球に関連した最新ニュース、写真ニュースなどの情報が満載な、Yahoo!スポーツ プロ野球サイトのテキスト速報ページです。">
<meta name="keywords" content="テキスト速報,速報,中継,ＤｅＮＡ,ヤクルト,プロ野球,野球">
<link rel="stylesheet" href="http://i.yimg.jp/images/sports/baseball/npb/live/css/master-npb-live-common.css" type="text/css" media="all">
<link rel="stylesheet" href="http://i.yimg.jp/images/sports/baseball/npb/css/master-npb-common.css" type="text/css" media="all">


<meta property="og:title"       content="Yahoo!プロ野球 - 2013年7月2日 ＤｅＮＡvs.ヤクルト テキスト速報" />
<meta property="og:type"        content="website" />
<meta property="og:url"         content="http://baseball.yahoo.co.jp/npb/game/2013070201/text" /> 
<meta property="og:image"       content="http://i.yimg.jp/images/sports/promo/pc/facebook/baseball_76x76.png" />
<meta property="og:site_name"   content="Yahoo!スポーツ" />
<meta property="og:description" content="" />
<meta property="og:locale"      content="ja_JP" />
<meta property="fb:app_id"      content="215456371901325" />
<link rel="apple-touch-icon" href="http://i.yimg.jp/images/sports/promo/pc/facebook/baseball.png">
<script type="text/javascript" src="http://i.yimg.jp/images/sports/js/jquery-1.3.2.min.js"></script><script type="text/javascript" src="http://i.yimg.jp/images/sports/v1/js/sports.global-1.1.1.js"></script>
</head>
<body class="yj950-2">

<div id="wrapper"><div id="contents-body" class="yjSNLive">
<!--main start-->
<div id="main">

<!-- ローカルナビ -->
<div id="ch-navi" class="clearfix mb5p">
<ul class="clearfix">

<li><span><a href="/npb/game/2013070201/top"">試合トップ</a></span></li><!--ナビアクティブ-->

<li class="gray"><span><a>一球速報</a></span></li>


<li class="on"><span><a>テキスト速報</a></span></li>


<li><span><a href="/npb/game/2013070201/stats">投打詳細</a></span></li>

 
<li><span><a href="http://rd.yahoo.co.jp/media/sports/baseball/npb/live/tab/comment/SIG=11uodlr2m/*http%3A//textream.yahoo.co.jp/rd/sports/npb/?game=2013070201">コメント</a></span></li>


</ul>
<em><a href="/npb/schedule/?date=20130702">7月2日（火）</a>ＤｅＮＡ vs. ヤクルト</em>
</div>

<!-- /ローカルナビ -->

<!-- スコアボード -->
<div id="yjSNLiveTextscoreboard">

<div class="inner">
<table width="100%" cellspacing="0" cellpadding="0" border="0">

<tbody><tr class="chs-title yjS">
<th>&nbsp;</th>
<th>1</th>
<th>2</th>
<th>3</th>
<th>4</th>
<th>5</th>
<th>6</th>
<th>7</th>
<th>8</th>
<th>9</th>
<th>計</th>
<th>安</th>
<th>失</th>
</tr>
<tr class="yjMS">
<th class="S">
<b><a href="/npb/teams/2/">ヤクルト</a></b></th><!--チーム選択-->


<td>
<a href=http://rd.yahoo.co.jp/media/sports/baseball/npb/live/sokuho/SIG=11op0kah6/*http%3A//baseball.yahoo.co.jp/npb/game/2013070201/text#i1>0</a>
</td>
<td>
<a href=http://rd.yahoo.co.jp/media/sports/baseball/npb/live/sokuho/SIG=11op0kah6/*http%3A//baseball.yahoo.co.jp/npb/game/2013070201/text#i2>0</a>
</td>
<td>
<a href=http://rd.yahoo.co.jp/media/sports/baseball/npb/live/sokuho/SIG=11op0kah6/*http%3A//baseball.yahoo.co.jp/npb/game/2013070201/text#i3>1</a>
</td>
<td>
<a href=http://rd.yahoo.co.jp/media/sports/baseball/npb/live/sokuho/SIG=11op0kah6/*http%3A//baseball.yahoo.co.jp/npb/game/2013070201/text#i4>0</a>
</td>
<td>
<a href=http://rd.yahoo.co.jp/media/sports/baseball/npb/live/sokuho/SIG=11op0kah6/*http%3A//baseball.yahoo.co.jp/npb/game/2013070201/text#i5>2</a>
</td>
<td>
<a href=http://rd.yahoo.co.jp/media/sports/baseball/npb/live/sokuho/SIG=11op0kah6/*http%3A//baseball.yahoo.co.jp/npb/game/2013070201/text#i6>0</a>
</td>
<td>
<a href=http://rd.yahoo.co.jp/media/sports/baseball/npb/live/sokuho/SIG=11op0kah6/*http%3A//baseball.yahoo.co.jp/npb/game/2013070201/text#i7>0</a>
</td>
<td>
<a href=http://rd.yahoo.co.jp/media/sports/baseball/npb/live/sokuho/SIG=11op0kah6/*http%3A//baseball.yahoo.co.jp/npb/game/2013070201/text#i8>2</a>
</td>
<td>
<a href=http://rd.yahoo.co.jp/media/sports/baseball/npb/live/sokuho/SIG=11op0kah6/*http%3A//baseball.yahoo.co.jp/npb/game/2013070201/text#i9>0</a>
</td>
<td class="sum">5</td>
<td class="fwn">6</td>
<td class="fwn">0</td>
</tr>
<tr class="yjMS">
<th class="DB">

<b><a href="/npb/teams/3/">ＤｅＮＡ</a></b></th><!--チーム選択-->
<td>
<a href=http://rd.yahoo.co.jp/media/sports/baseball/npb/live/sokuho/SIG=11op0kah6/*http%3A//baseball.yahoo.co.jp/npb/game/2013070201/text#ii1>0</a>
</td>
<td>
<a href=http://rd.yahoo.co.jp/media/sports/baseball/npb/live/sokuho/SIG=11op0kah6/*http%3A//baseball.yahoo.co.jp/npb/game/2013070201/text#ii2>0</a>
</td>
<td>
<a href=http://rd.yahoo.co.jp/media/sports/baseball/npb/live/sokuho/SIG=11op0kah6/*http%3A//baseball.yahoo.co.jp/npb/game/2013070201/text#ii3>0</a>
</td>
<td>
<a href=http://rd.yahoo.co.jp/media/sports/baseball/npb/live/sokuho/SIG=11op0kah6/*http%3A//baseball.yahoo.co.jp/npb/game/2013070201/text#ii4>0</a>
</td>
<td>
<a href=http://rd.yahoo.co.jp/media/sports/baseball/npb/live/sokuho/SIG=11op0kah6/*http%3A//baseball.yahoo.co.jp/npb/game/2013070201/text#ii5>0</a>
</td>
<td>
<a href=http://rd.yahoo.co.jp/media/sports/baseball/npb/live/sokuho/SIG=11op0kah6/*http%3A//baseball.yahoo.co.jp/npb/game/2013070201/text#ii6>0</a>
</td>
<td>
<a href=http://rd.yahoo.co.jp/media/sports/baseball/npb/live/sokuho/SIG=11op0kah6/*http%3A//baseball.yahoo.co.jp/npb/game/2013070201/text#ii7>0</a>
</td>
<td>
<a href=http://rd.yahoo.co.jp/media/sports/baseball/npb/live/sokuho/SIG=11op0kah6/*http%3A//baseball.yahoo.co.jp/npb/game/2013070201/text#ii8>0</a>
</td>
<td>
<a href=http://rd.yahoo.co.jp/media/sports/baseball/npb/live/sokuho/SIG=11op0kah6/*http%3A//baseball.yahoo.co.jp/npb/game/2013070201/text#ii9>0</a>
</td>
<td class="sum">0</td>
<td class="fwn">3</td>
<td class="fwn">0</td>
</tr>

</tbody></table>
</div>


<div class="navi clearfix">

<div class="column-left">
</div>

<div class="column-right">

<div class="reflesh clearfix">
<ul class="clearfix">
<li class="auto" title="自動更新"><a id="btn_auto" href="http://rd.yahoo.co.jp/media/sports/baseball/npb/live/auto/SIG=11op0kah6/*http%3A//baseball.yahoo.co.jp/npb/game/2013070201/text?manual=2"><i>自動更新</i></a></li>
<li class="manual-on" title="手動更新"><a><i>手動更新</i></a></li>
<li title="更新" class="btn_reflesh"><a href="http://rd.yahoo.co.jp/media/sports/baseball/npb/live/refresh/SIG=11op0kah6/*http%3A//baseball.yahoo.co.jp/npb/game/2013070201/text?manual=1"><i>更新</i></a></li>
</ul>
<em>自動更新：30秒</em>
</div>

</div>
</div>

</div>
<!-- /スコアボード -->


<!-- テキスト速報 -->
<div class="yjSportsCommonTitle"><h3 class="yjS"><span><strong>テキスト速報</strong></span></h3></div><div id="yjSNLiveTextlive" class="yjMS">

<div id="i1" class="item S clearfix"><!--チーム選択--><!--イニングid-->
<div class="title"><h3 class="yjS"><b>1回表</b>　ヤクルトの攻撃</h3></div>
<ul>
<li>1：試合開始</li>
<li>2：<a href="/npb/player?id=1000132">山田</a>　高めの球を打つもライトフライ 1アウト</li>
<li>3：<a href="/npb/player?id=700020">上田</a>　一度もバットを振ることなくストレートのフォアボールを選ぶ 1塁</li>
<li>4：<a href="/npb/player?id=1200015">ミレッジ</a>　見逃し三振 2アウト</li>
<li>5：<a href="/npb/player?id=500480">バレンティン</a>　見逃し三振 3アウトチェンジ</li>
</ul>
<div class="score yjS">
<p>得点: 0、 ヒット:0、 四死球:1</p>
</div>
      
<div class="anker"><a href="#wrapper">ページトップへ</a></div>
</div>
<div id="yads_67572_1441_position_01"></div><div id="ii1" class="item DB clearfix"><!--チーム選択--><!--イニングid-->
<div class="title"><h3 class="yjS"><b>1回裏</b>　ＤｅＮＡの攻撃</h3></div>
<ul>
<li>1：<a href="/npb/player?id=500052">石川</a>　センターへのヒットを放つ 1塁</li>
<li>2：<a href="/npb/player?id=1200048">白崎</a>　見事送りバントを決める 1アウト2塁</li>
<li>3：<a href="/npb/player?id=1300006">モーガン</a>　高めの球を打つもレフトフライ 2アウト</li>
<li>4：<a href="/npb/player?id=500518">ブランコ</a>　一打先制の場面で外角の真っ直ぐを打つもライトフライ 3アウトチェンジ</li>
</ul>
<div class="score yjS">
<p>得点:0 、 ヒット:<span class="red">1</span> 、 四死球:0</p>
</div>
</div>
<div id="i2" class="item S clearfix"><!--チーム選択--><!--イニングid-->
<div class="title"><h3 class="yjS"><b>2回表</b>　ヤクルトの攻撃</h3></div>
<ul>
<li>1：<a href="/npb/player?id=11343">相川</a>　セカンドゴロ 1アウト</li>
<li>2：<a href="/npb/player?id=11330">宮本</a>　ライトへのヒットを放つ 1塁</li>
<li>3：<a href="/npb/player?id=900417">荒木</a>　サードゴロ 2アウト2塁</li>
<li>4：<a href="/npb/player?id=20143">森岡</a>　高めのフォークボールを見送りフォアボールを選ぶ 1,2塁</li>
<li>5：<a href="/npb/player?id=900043">八木</a>　一打先制の場面で高めのつり球に空振り三振 3アウトチェンジ</li>
</ul>
<div class="score yjS">
<p>得点: 0、 ヒット:<span class="red">1</span>、 四死球:1</p>
</div>
      
<div class="anker"><a href="#wrapper">ページトップへ</a></div>
</div>
<div id="ii2" class="item DB clearfix"><!--チーム選択--><!--イニングid-->
<div class="title"><h3 class="yjS"><b>2回裏</b>　ＤｅＮＡの攻撃</h3></div>
<ul>
<li>1：<a href="/npb/player?id=11089">中村</a>　サードゴロ 1アウト</li>
<li>2：<a href="/npb/player?id=11345">多村</a>　ショートゴロ 2アウト</li>
<li>3：<a href="/npb/player?id=1000095">荒波</a>　内角のストレートを打つもサードライナー 3アウトチェンジ</li>
</ul>
<div class="score yjS">
<p>得点:0 、 ヒット:0 、 四死球:0</p>
</div>
</div>
<div id="i3" class="item S clearfix"><!--チーム選択--><!--イニングid-->
<div class="title"><h3 class="yjS"><b>3回表</b>　ヤクルトの攻撃</h3></div>
<ul>
<li>1：<a href="/npb/player?id=1000132">山田</a>　高めのストレートを打つもセンターフライ 1アウト</li>
<li>2：<a href="/npb/player?id=700020">上田</a>　見逃し三振でバッターアウト！ 2アウト</li>
<li>3：<b class="red"><a href="/npb/player?id=1200015">ミレッジ</a>　0-1からレフトスタンドへのホームランでヤクルト先制！ Ｄ0-1ヤ</b></li>
<li>4：<a href="/npb/player?id=500480">バレンティン</a>　センターへのヒットを放つ 1塁</li>
<li>5：<a href="/npb/player?id=11343">相川</a>　ショートゴロ 3アウトチェンジ</li>
</ul>
<div class="score yjS">
<p>得点: <b class="red">1</b>、 ヒット:<span class="red">2</span>、 四死球:0</p>
</div>
      
<div class="anker"><a href="#wrapper">ページトップへ</a></div>
</div>
<div id="ii3" class="item DB clearfix"><!--チーム選択--><!--イニングid-->
<div class="title"><h3 class="yjS"><b>3回裏</b>　ＤｅＮＡの攻撃</h3></div>
<ul>
<li>1：<a href="/npb/player?id=11430">鶴岡一</a>　空振りの三振を喫する 1アウト</li>
<li>2：<a href="/npb/player?id=1200049">三嶋</a>　ど真ん中のフォークボールに空振り三振 2アウト</li>
<li>3：<a href="/npb/player?id=500052">石川</a>　セカンドゴロ 3アウトチェンジ</li>
</ul>
<div class="score yjS">
<p>得点:0 、 ヒット:0 、 四死球:0</p>
</div>
</div>
<div id="i4" class="item S clearfix"><!--チーム選択--><!--イニングid-->
<div class="title"><h3 class="yjS"><b>4回表</b>　ヤクルトの攻撃</h3></div>
<ul>
<li>1：<a href="/npb/player?id=11330">宮本</a>　サードゴロ 1アウト</li>
<li>2：<a href="/npb/player?id=900417">荒木</a>　外角の落ちる球を打つもレフトフライ 2アウト</li>
<li>3：<a href="/npb/player?id=20143">森岡</a>　外角の真っ直ぐを打つもレフトフライ 3アウトチェンジ</li>
</ul>
<div class="score yjS">
<p>得点: 0、 ヒット:0、 四死球:0</p>
</div>
      
<div class="anker"><a href="#wrapper">ページトップへ</a></div>
</div>
<div id="ii4" class="item DB clearfix"><!--チーム選択--><!--イニングid-->
<div class="title"><h3 class="yjS"><b>4回裏</b>　ＤｅＮＡの攻撃</h3></div>
<ul>
<li>1：<a href="/npb/player?id=1200048">白崎</a>　低めの球を打つもショートライナー 1アウト</li>
<li>2：<a href="/npb/player?id=1300006">モーガン</a>　一度もバットを振ることなく見逃し三振でバッターアウト！ 2アウト</li>
<li>3：<a href="/npb/player?id=500518">ブランコ</a>　ライトへのツーベース 2塁</li>
<li>4：<a href="/npb/player?id=11089">中村</a>　ランナー2塁からセカンドゴロ 3アウトチェンジ</li>
</ul>
<div class="score yjS">
<p>得点:0 、 ヒット:<span class="red">1</span> 、 四死球:0</p>
</div>
</div>
<div id="i5" class="item S clearfix"><!--チーム選択--><!--イニングid-->
<div class="title"><h3 class="yjS"><b>5回表</b>　ヤクルトの攻撃</h3></div>
<ul>
<li>1：<a href="/npb/player?id=900043">八木</a>　高めのボール球につられて空振り三振 1アウト</li>
<li>2：<a href="/npb/player?id=1000132">山田</a>　一度もバットを振ることなくストレートのフォアボールを選ぶ 1塁</li>
<li>3：<a href="/npb/player?id=700020">上田</a>　空振り三振に倒れるもスタートを切っていた一塁走者山田が盗塁成功 2アウト2塁</li>
<li>4：<b class="red"><a href="/npb/player?id=1200015">ミレッジ</a>　ランナー2塁の2-0からレフトスタンドへの２ランホームラン Ｄ0-3ヤ</b></li>
<li>5：<a href="/npb/player?id=500480">バレンティン</a>　粘りを見せるも8球目を見逃し三振でバッターアウト！ 3アウトチェンジ</li>
</ul>
<div class="score yjS">
<p>得点: <b class="red">2</b>、 ヒット:<span class="red">1</span>、 四死球:1</p>
</div>
      
<div class="anker"><a href="#wrapper">ページトップへ</a></div>
</div>
<div id="ii5" class="item DB clearfix"><!--チーム選択--><!--イニングid-->
<div class="title"><h3 class="yjS"><b>5回裏</b>　ＤｅＮＡの攻撃</h3></div>
<ul>
<li>1：<a href="/npb/player?id=11345">多村</a>　ど真ん中の真っ直ぐを打つもレフトフライ 1アウト</li>
<li>2：<a href="/npb/player?id=1000095">荒波</a>　センターへのヒットで出塁 1塁</li>
<li>3：<a href="/npb/player?id=11430">鶴岡一</a>　10球目のチェンジアップを打つもセンターフライ 2アウト</li>
<li>4：<a href="/npb/player?id=1200049">三嶋</a>　高めのボール球につられて空振り三振 3アウトチェンジ</li>
</ul>
<div class="score yjS">
<p>得点:0 、 ヒット:<span class="red">1</span> 、 四死球:0</p>
</div>
</div>
<div id="i6" class="item S clearfix"><!--チーム選択--><!--イニングid-->
<div class="title"><h3 class="yjS"><b>6回表</b>　ヤクルトの攻撃</h3></div>
<ul>
<li>1：<a href="/npb/player?id=11343">相川</a>　ショートゴロ 1アウト</li>
<li>2：<a href="/npb/player?id=11330">宮本</a>　ピッチャーゴロ 2アウト</li>
<li>3：<a href="/npb/player?id=900417">荒木</a>　サードゴロ 3アウトチェンジ</li>
</ul>
<div class="score yjS">
<p>得点: 0、 ヒット:0、 四死球:0</p>
</div>
      
<div class="anker"><a href="#wrapper">ページトップへ</a></div>
</div>
<div id="ii6" class="item DB clearfix"><!--チーム選択--><!--イニングid-->
<div class="title"><h3 class="yjS"><b>6回裏</b>　ＤｅＮＡの攻撃</h3></div>
<ul>
<li>1：<a href="/npb/player?id=500052">石川</a>　ワンバウンドした球を空振り三振 1アウト</li>
<li>2：<a href="/npb/player?id=1200048">白崎</a>　空振りの三振を喫する 2アウト</li>
<li>3：<a href="/npb/player?id=1300006">モーガン</a>　空振りの三振を喫する 3アウトチェンジ</li>
</ul>
<div class="score yjS">
<p>得点:0 、 ヒット:0 、 四死球:0</p>
</div>
</div>
<div id="i7" class="item S clearfix"><!--チーム選択--><!--イニングid-->
<div class="title"><h3 class="yjS"><b>7回表</b>　ヤクルトの攻撃</h3></div>
<ul>
<li>1：<a href="/npb/player?id=20143">森岡</a>　見逃し三振 1アウト</li>
<li>2：<a href="/npb/player?id=900043">八木</a>　一度もバットを振ることなく3球三振 2アウト</li>
<li>3：<a href="/npb/player?id=1000132">山田</a>　サードゴロ 3アウトチェンジ</li>
</ul>
<div class="score yjS">
<p>得点: 0、 ヒット:0、 四死球:0</p>
</div>
      
<div class="anker"><a href="#wrapper">ページトップへ</a></div>
</div>
<div id="ii7" class="item DB clearfix"><!--チーム選択--><!--イニングid-->
<div class="title"><h3 class="yjS"><b>7回裏</b>　ＤｅＮＡの攻撃</h3></div>
<ul>
<li>1：<a href="/npb/player?id=500518">ブランコ</a>　セカンドフライ 1アウト</li>
<li>2：<a href="/npb/player?id=11089">中村</a>　外角低めの落ちる球を打つもセンターフライ 2アウト</li>
<li>3：<a href="/npb/player?id=11345">多村</a>　高めのストレートに空振り三振 3アウトチェンジ</li>
</ul>
<div class="score yjS">
<p>得点:0 、 ヒット:0 、 四死球:0</p>
</div>
</div>
<div id="i8" class="item S clearfix"><!--チーム選択--><!--イニングid-->
<div class="title"><h3 class="yjS"><b>8回表</b>　ヤクルトの攻撃</h3></div>
<ul>
<li>1：<a href="/npb/player?id=700020">上田</a>　ショートへの内野安打 1塁</li>
<li>2：<a href="/npb/player?id=1200015">ミレッジ</a>　高めの真っ直ぐを打つもセンターフライ 1アウト</li>
<li>3：<b class="red"><a href="/npb/player?id=500480">バレンティン</a>　左中間への２ランホームラン Ｄ0-5ヤ</b></li>
<li>4：<a href="/npb/player?id=11343">相川</a>　空振りの三振を喫する 2アウト</li>
<li>5：<a href="/npb/player?id=11330">宮本</a>　一度もバットを振ることなくストレートのフォアボールを選ぶ 1塁</li>
<li>6：<a href="/npb/player?id=900417">荒木</a>　サードゴロ 3アウトチェンジ</li>
</ul>
<div class="score yjS">
<p>得点: <b class="red">2</b>、 ヒット:<span class="red">2</span>、 四死球:1</p>
</div>
      
<div class="anker"><a href="#wrapper">ページトップへ</a></div>
</div>
<div id="ii8" class="item DB clearfix"><!--チーム選択--><!--イニングid-->
<div class="title"><h3 class="yjS"><b>8回裏</b>　ＤｅＮＡの攻撃</h3></div>
<ul>
<li>1：<b class="green">守備交代:ライト三輪</b></li>
<li>2：<a href="/npb/player?id=1000095">荒波</a>　セカンドフライ 1アウト</li>
<li>3：<a href="/npb/player?id=11430">鶴岡一</a>　ど真ん中の球を打つもセンターフライ 2アウト</li>
<li>4：<b class="green">三嶋→代打:金城</b></li>
<li>5：<a href="/npb/player?id=11763">金城</a>　ショートゴロ 3アウトチェンジ</li>
</ul>
<div class="score yjS">
<p>得点:0 、 ヒット:0 、 四死球:0</p>
</div>
</div>
<div id="i9" class="item S clearfix"><!--チーム選択--><!--イニングid-->
<div class="title"><h3 class="yjS"><b>9回表</b>　ヤクルトの攻撃</h3></div>
<ul>
<li>1：<b class="green">ピッチャー三嶋に代わってありったけの力で投げ込む大田がマウンドにあがる</b></li>
<li>2：<a href="/npb/player?id=20143">森岡</a>　ピッチャーゴロ 1アウト</li>
<li>3：<a href="/npb/player?id=900043">八木</a>　一度もバットを振ることなく見逃し三振でバッターアウト！ 2アウト</li>
<li>4：<a href="/npb/player?id=1000132">山田</a>　ファーストゴロ 3アウトチェンジ</li>
</ul>
<div class="score yjS">
<p>得点: 0、 ヒット:0、 四死球:0</p>
</div>
      
<div class="anker"><a href="#wrapper">ページトップへ</a></div>
</div>
<div id="ii9" class="item DB clearfix"><!--チーム選択--><!--イニングid-->
<div class="title"><h3 class="yjS"><b>9回裏</b>　ＤｅＮＡの攻撃</h3></div>
<ul>
<li>1：<a href="/npb/player?id=500052">石川</a>　サードゴロ 1アウト</li>
<li>2：<a href="/npb/player?id=1200048">白崎</a>　サードゴロ 2アウト</li>
<li>3：<a href="/npb/player?id=1300006">モーガン</a>　外角のスライダーを打つもファーストゴロ ゲームセット</li>
<li>4：試合終了</li>
</ul>
<div class="score yjS">
<p>得点:0 、 ヒット:0 、 四死球:0</p>
</div>
</div>
</div>
<!-- テキスト速報 -->

<div id="yads_67572_1441_position_02"></div>
</div><!--/#main-->
<!--main end-->

<!--sub start-->
<div id="sub">
<!-- SpaceID=0 robot -->
<!--/#pos-lrec-->

<!-- 他球団モジュール -->
<div class="yjSNLiveCommonsubtitle"><h4 class="yjS"><span>7/2(火)　そのほかの試合</span></h4></div>
<div id="yjSNLiveOthergame">
<table width=100% cellpadding=0 cellspacing=0 border=0>
<tr><td class='act'><dl>
<dt>Ｄ</dt>
<dd>0 - <b>5</b></dd>
<dt><b>ヤ</b></dt>
</dl>
<div>観戦中</div></td>
<td class=''><a alt='そのほかの試合' href='/npb/game/2013070202/'><dl>
<dt>中</dt>
<dd>5 - <b>8</b></dd>
<dt><b>広</b></dt>
</dl>
<div class="none">結果</div></a></td>
<td class=''><a alt='そのほかの試合' href='/npb/game/2013070203/'><dl>
<dt>神</dt>
<dd>2 - <b>3</b></dd>
<dt><b>巨</b></dt>
</dl>
<div class="none">結果</div></a></td>
</tr><tr><td class=''><a alt='そのほかの試合' href='/npb/game/2013070204/'><dl>
<dt><b>楽</b></dt>
<dd><b>7</b> - 0</dd>
<dt>ロ</dt>
</dl>
<div class="none">結果</div></a></td>
<td class=''><a alt='そのほかの試合' href='/npb/game/2013070205/'><dl>
<dt><b>オ</b></dt>
<dd><b>4</b> - 3</dd>
<dt>西</dt>
</dl>
<div class="none">結果</div></a></td>
<td class='nogame'>&nbsp;</td></tr></table>
</div>

<!-- /他球団モジュール -->
<!--打順-->
<div class="yjSNLiveCommonsubtitle"><h4 class="yjS"><span>打順</span></h4></div>
<div id="yjSNLiveBattinglist" class="clearfix">

<table class="column-left" width=100% cellpadding=0 cellspacing=0 border=0>
<tr class="teamborder">
<th colspan=3 class="S">&nbsp;</th>
<th colspan=3 class="DB">&nbsp;</th>
</tr>
<tr class="teamlogo">
<th colspan=3 class="S"><a href="/npb/teams/2/">ヤクルト</a></th>
<th colspan=3 class="DB"><a href="/npb/teams/3/">ＤｅＮＡ</a></th>
</tr>

<tr>
<td class="nm">1</td>
<td>二</td>
<td class="pn"><a href="/npb/player?id=1000132">山田哲人</a></td>
<td class="nm">1</td>
<td>二</td>
<td class="pn"><a href="/npb/player?id=500052">石川雄洋</a></td>
</tr>
<tr>
<td class="nm">2</td>
<td>中</td>
<td class="pn"><a href="/npb/player?id=700020">上田剛史</a></td>
<td class="nm">2</td>
<td>遊</td>
<td class="pn"><a href="/npb/player?id=1200048">白崎浩之</a></td>
</tr>
<tr>
<td class="nm">3</td>
<td>左</td>
<td class="pn"><a href="/npb/player?id=1200015">ミレッジ</a></td>
<td class="nm act">3</td>
<td class="act">中</td>
<td class="pn act"><a href="/npb/player?id=1300006">モーガン</a></td>
</tr>
<tr>
<td class="nm">4</td>
<td>右</td>
<td class="pn"><a href="/npb/player?id=800014">三輪正義</a></td>
<td class="nm">4</td>
<td>一</td>
<td class="pn"><a href="/npb/player?id=500518">ブランコ</a></td>
</tr>
<tr>
<td class="nm">5</td>
<td>捕</td>
<td class="pn"><a href="/npb/player?id=11343">相川亮二</a></td>
<td class="nm">5</td>
<td>三</td>
<td class="pn"><a href="/npb/player?id=11089">中村紀洋</a></td>
</tr>
<tr>
<td class="nm">6</td>
<td>三</td>
<td class="pn"><a href="/npb/player?id=11330">宮本慎也</a></td>
<td class="nm">6</td>
<td>左</td>
<td class="pn"><a href="/npb/player?id=11345">多村仁志</a></td>
</tr>
<tr>
<td class="nm">7</td>
<td>一</td>
<td class="pn"><a href="/npb/player?id=900417">荒木貴裕</a></td>
<td class="nm">7</td>
<td>右</td>
<td class="pn"><a href="/npb/player?id=1000095">荒波翔</a></td>
</tr>
<tr>
<td class="nm">8</td>
<td>遊</td>
<td class="pn"><a href="/npb/player?id=20143">森岡良介</a></td>
<td class="nm">8</td>
<td>捕</td>
<td class="pn"><a href="/npb/player?id=11430">鶴岡一成</a></td>
</tr>
<tr>
<td class="nm">9</td>
<td>投</td>
<td class="pn"><a href="/npb/player?id=900043">八木亮祐</a></td>
<td class="nm">9</td>
<td>投</td>
<td class="pn"><a href="/npb/player?id=800023">大田阿斗里</a></td>
</tr>

</table>

</div>

<!--打順-->

<!--ゲーム差-->
<!--ゲーム差-->


<!--球団情報-->

<!-- /新IM -->

</div><!--/#contents-body-->

 
</div><!-- Facebook -->
<div id="fb-root"></div>
<!-- / Facebook -->
</body>
</html>
