<!DOCTYPE html PUBLIC "-//W3C//DTD XHTML 1.0 Transitional//EN" "http://www.w3.org/TR/xhtml1/DTD/xhtml1-transitional.dtd">
<html lang="ja" xmlns:og="http://ogp.me/ns#" xmlns:mixi="http://mixi-platform.com/ns#" xmlns:fb="http://www.facebook.com/2008/fbml">
<head>
<!---京--->
<meta http-equiv="Content-Type" content="text/html; charset=utf-8">
<meta http-equiv="Content-Style-Type" content="text/css">
<meta http-equiv="Content-Script-Type" content="text/javascript">
<title>Yahoo!スポーツ - プロ野球</title>
<meta name="description" content="ソフトバンク vs 日本ハムのテキスト速報。一球速報、結果、セ・リーグ、パ・リーグの日程、順位、個人成績、プロ野球に関連した最新ニュース、写真ニュースなどの情報が満載な、Yahoo!スポーツ プロ野球サイトのテキスト速報ページです。">
<meta name="keywords" content="テキスト速報,速報,中継,ソフトバンク,日本ハム,プロ野球,野球">
<link rel="stylesheet" href="http://i.yimg.jp/images/sports/baseball/npb/live/css/master-npb-live-common.css" type="text/css" media="all">
<link rel="stylesheet" href="http://i.yimg.jp/images/sports/baseball/npb/css/master-npb-common.css" type="text/css" media="all">


<meta property="og:title"       content="Yahoo!プロ野球 - 2013年7月3日 ソフトバンクvs.日本ハム テキスト速報" />
<meta property="og:type"        content="website" />
<meta property="og:url"         content="http://baseball.yahoo.co.jp/npb/game/2013070306/text" /> 
<meta property="og:image"       content="http://i.yimg.jp/images/sports/promo/pc/facebook/baseball_76x76.png" />
<meta property="og:site_name"   content="Yahoo!スポーツ" />
<meta property="og:description" content="" />
<meta property="og:locale"      content="ja_JP" />
<meta property="fb:app_id"      content="215456371901325" />
<link rel="apple-touch-icon" href="http://i.yimg.jp/images/sports/promo/pc/facebook/baseball.png">
<script type="text/javascript" src="http://i.yimg.jp/images/sports/js/jquery-1.3.2.min.js"></script><script type="text/javascript" src="http://i.yimg.jp/images/sports/v1/js/sports.global-1.1.1.js"></script>
</head>
<body class="yj950-2">

<div id="wrapper"><div id="contents-body" class="yjSNLive">
<!--main start-->
<div id="main">

<!-- ローカルナビ -->
<div id="ch-navi" class="clearfix mb5p">
<ul class="clearfix">

<li><span><a href="/npb/game/2013070306/top"">試合トップ</a></span></li><!--ナビアクティブ-->

<li class="gray"><span><a>一球速報</a></span></li>


<li class="on"><span><a>テキスト速報</a></span></li>


<li><span><a href="/npb/game/2013070306/stats">投打詳細</a></span></li>

 
<li><span><a href="http://rd.yahoo.co.jp/media/sports/baseball/npb/live/tab/comment/SIG=11u549a65/*http%3A//textream.yahoo.co.jp/rd/sports/npb/?game=2013070306">コメント</a></span></li>


</ul>
<em><a href="/npb/schedule/?date=20130703">7月3日（水）</a>ソフトバンク vs. 日本ハム</em>
</div>

<!-- /ローカルナビ -->

<!-- スコアボード -->
<div id="yjSNLiveTextscoreboard">

<div class="inner">
<table width="100%" cellspacing="0" cellpadding="0" border="0">

<tbody><tr class="chs-title yjS">
<th>&nbsp;</th>
<th>1</th>
<th>2</th>
<th>3</th>
<th>4</th>
<th>5</th>
<th>6</th>
<th>7</th>
<th>8</th>
<th>9</th>
<th>10</th>
<th>11</th>
<th>計</th>
<th>安</th>
<th>失</th>
</tr>
<tr class="yjMS">
<th class="F">
<b><a href="/npb/teams/8/">日本ハム</a></b></th><!--チーム選択-->


<td>
<a href=http://rd.yahoo.co.jp/media/sports/baseball/npb/live/sokuho/SIG=11o3l9bb2/*http%3A//baseball.yahoo.co.jp/npb/game/2013070306/text#i1>0</a>
</td>
<td>
<a href=http://rd.yahoo.co.jp/media/sports/baseball/npb/live/sokuho/SIG=11o3l9bb2/*http%3A//baseball.yahoo.co.jp/npb/game/2013070306/text#i2>2</a>
</td>
<td>
<a href=http://rd.yahoo.co.jp/media/sports/baseball/npb/live/sokuho/SIG=11o3l9bb2/*http%3A//baseball.yahoo.co.jp/npb/game/2013070306/text#i3>0</a>
</td>
<td>
<a href=http://rd.yahoo.co.jp/media/sports/baseball/npb/live/sokuho/SIG=11o3l9bb2/*http%3A//baseball.yahoo.co.jp/npb/game/2013070306/text#i4>0</a>
</td>
<td>
<a href=http://rd.yahoo.co.jp/media/sports/baseball/npb/live/sokuho/SIG=11o3l9bb2/*http%3A//baseball.yahoo.co.jp/npb/game/2013070306/text#i5>0</a>
</td>
<td>
<a href=http://rd.yahoo.co.jp/media/sports/baseball/npb/live/sokuho/SIG=11o3l9bb2/*http%3A//baseball.yahoo.co.jp/npb/game/2013070306/text#i6>1</a>
</td>
<td>
<a href=http://rd.yahoo.co.jp/media/sports/baseball/npb/live/sokuho/SIG=11o3l9bb2/*http%3A//baseball.yahoo.co.jp/npb/game/2013070306/text#i7>0</a>
</td>
<td>
<a href=http://rd.yahoo.co.jp/media/sports/baseball/npb/live/sokuho/SIG=11o3l9bb2/*http%3A//baseball.yahoo.co.jp/npb/game/2013070306/text#i8>0</a>
</td>
<td>
<a href=http://rd.yahoo.co.jp/media/sports/baseball/npb/live/sokuho/SIG=11o3l9bb2/*http%3A//baseball.yahoo.co.jp/npb/game/2013070306/text#i9>0</a>
</td>
<td>
<a href=http://rd.yahoo.co.jp/media/sports/baseball/npb/live/sokuho/SIG=11o3l9bb2/*http%3A//baseball.yahoo.co.jp/npb/game/2013070306/text#i10>0</a>
</td>
<td>
<a href=http://rd.yahoo.co.jp/media/sports/baseball/npb/live/sokuho/SIG=11o3l9bb2/*http%3A//baseball.yahoo.co.jp/npb/game/2013070306/text#i11>3</a>
</td>
<td class="sum">6</td>
<td class="fwn">13</td>
<td class="fwn">0</td>
</tr>
<tr class="yjMS">
<th class="H">

<b><a href="/npb/teams/12/">ソフトバンク</a></b></th><!--チーム選択-->
<td>
<a href=http://rd.yahoo.co.jp/media/sports/baseball/npb/live/sokuho/SIG=11o3l9bb2/*http%3A//baseball.yahoo.co.jp/npb/game/2013070306/text#ii1>1</a>
</td>
<td>
<a href=http://rd.yahoo.co.jp/media/sports/baseball/npb/live/sokuho/SIG=11o3l9bb2/*http%3A//baseball.yahoo.co.jp/npb/game/2013070306/text#ii2>0</a>
</td>
<td>
<a href=http://rd.yahoo.co.jp/media/sports/baseball/npb/live/sokuho/SIG=11o3l9bb2/*http%3A//baseball.yahoo.co.jp/npb/game/2013070306/text#ii3>0</a>
</td>
<td>
<a href=http://rd.yahoo.co.jp/media/sports/baseball/npb/live/sokuho/SIG=11o3l9bb2/*http%3A//baseball.yahoo.co.jp/npb/game/2013070306/text#ii4>0</a>
</td>
<td>
<a href=http://rd.yahoo.co.jp/media/sports/baseball/npb/live/sokuho/SIG=11o3l9bb2/*http%3A//baseball.yahoo.co.jp/npb/game/2013070306/text#ii5>0</a>
</td>
<td>
<a href=http://rd.yahoo.co.jp/media/sports/baseball/npb/live/sokuho/SIG=11o3l9bb2/*http%3A//baseball.yahoo.co.jp/npb/game/2013070306/text#ii6>0</a>
</td>
<td>
<a href=http://rd.yahoo.co.jp/media/sports/baseball/npb/live/sokuho/SIG=11o3l9bb2/*http%3A//baseball.yahoo.co.jp/npb/game/2013070306/text#ii7>2</a>
</td>
<td>
<a href=http://rd.yahoo.co.jp/media/sports/baseball/npb/live/sokuho/SIG=11o3l9bb2/*http%3A//baseball.yahoo.co.jp/npb/game/2013070306/text#ii8>0</a>
</td>
<td>
<a href=http://rd.yahoo.co.jp/media/sports/baseball/npb/live/sokuho/SIG=11o3l9bb2/*http%3A//baseball.yahoo.co.jp/npb/game/2013070306/text#ii9>0</a>
</td>
<td>
<a href=http://rd.yahoo.co.jp/media/sports/baseball/npb/live/sokuho/SIG=11o3l9bb2/*http%3A//baseball.yahoo.co.jp/npb/game/2013070306/text#ii10>0</a>
</td>
<td>
<a href=http://rd.yahoo.co.jp/media/sports/baseball/npb/live/sokuho/SIG=11o3l9bb2/*http%3A//baseball.yahoo.co.jp/npb/game/2013070306/text#ii11>0</a>
</td>
<td class="sum">3</td>
<td class="fwn">15</td>
<td class="fwn">1</td>
</tr>

</tbody></table>
</div>


<div class="navi clearfix">

<div class="column-left">
</div>

<div class="column-right">

<div class="reflesh clearfix">
<ul class="clearfix">
<li class="auto" title="自動更新"><a id="btn_auto" href="http://rd.yahoo.co.jp/media/sports/baseball/npb/live/auto/SIG=11o3l9bb2/*http%3A//baseball.yahoo.co.jp/npb/game/2013070306/text?manual=2"><i>自動更新</i></a></li>
<li class="manual-on" title="手動更新"><a><i>手動更新</i></a></li>
<li title="更新" class="btn_reflesh"><a href="http://rd.yahoo.co.jp/media/sports/baseball/npb/live/refresh/SIG=11o3l9bb2/*http%3A//baseball.yahoo.co.jp/npb/game/2013070306/text?manual=1"><i>更新</i></a></li>
</ul>
<em>自動更新：30秒</em>
</div>

</div>
</div>

</div>
<!-- /スコアボード -->


<!-- テキスト速報 -->
<div class="yjSportsCommonTitle"><h3 class="yjS"><span><strong>テキスト速報</strong></span></h3></div><div id="yjSNLiveTextlive" class="yjMS">

<div id="i1" class="item F clearfix"><!--チーム選択--><!--イニングid-->
<div class="title"><h3 class="yjS"><b>1回表</b>　日本ハムの攻撃</h3></div>
<ul>
<li>1：試合開始</li>
<li>2：<a href="/npb/player?id=600037">陽</a>　フェンス直撃の二塁打を放つ 2塁</li>
<li>3：<a href="/npb/player?id=700094">大引</a>　見事送りバントを成功させる 1アウト3塁</li>
<li>4：<a href="/npb/player?id=11331">稲葉</a>　粘りを見せて9球目にフォアボールを選ぶ 1,3塁</li>
<li>5：<a href="/npb/player?id=800054">中田</a>　内角のスライダーを見送りフォアボールを選ぶ 満塁</li>
<li>6：<a href="/npb/player?id=20227">小谷野</a>　ランナーフルベースから低めの変化球を打つもサードライナー</li>
<li>7：3塁走者陽は塁を飛び出しておりダブルプレー！ 3アウトチェンジ</li>
</ul>
<div class="score yjS">
<p>得点: 0、 ヒット:<span class="red">1</span>、 四死球:2</p>
</div>
      
<div class="anker"><a href="#wrapper">ページトップへ</a></div>
</div>
<div id="yads_67572_1441_position_01"></div><div id="ii1" class="item H clearfix"><!--チーム選択--><!--イニングid-->
<div class="title"><h3 class="yjS"><b>1回裏</b>　ソフトバンクの攻撃</h3></div>
<ul>
<li>1：<a href="/npb/player?id=800081">中村</a>　ライトへのヒット 1塁</li>
<li>2：<a href="/npb/player?id=600087">本多</a>　見事送りバントを成功させる 1アウト2塁</li>
<li>3：<a href="/npb/player?id=11983">内川</a>　空振りの三振を喫する 2アウト</li>
<li>4：<b class="red"><a href="/npb/player?id=600084">松田</a>　2アウト2塁の2-0からライトへのタイムリーヒットでソフトバンク先制！ ソ1-0日 1塁</b></li>
<li>5：一塁走者松田:盗塁成功 2塁</li>
<li>6：<a href="/npb/player?id=700101">長谷川</a>　ランナー2塁からレフトへのヒット 1,3塁</li>
<li>7：<a href="/npb/player?id=500012">江川</a>　ランナー1,3塁からサードゴロ 3アウトチェンジ</li>
</ul>
<div class="score yjS">
<p>得点:<b class="red">1</b> 、 ヒット:<span class="red">3</span> 、 四死球:0</p>
</div>
</div>
<div id="i2" class="item F clearfix"><!--チーム選択--><!--イニングid-->
<div class="title"><h3 class="yjS"><b>2回表</b>　日本ハムの攻撃</h3></div>
<ul>
<li>1：<a href="/npb/player?id=700063">今浪</a>　ショートフライ 1アウト</li>
<li>2：<a href="/npb/player?id=900065">大野</a>　サードへの内野安打</li>
<li>3：松田(三):悪送球 2塁</li>
<li>4：<a href="/npb/player?id=800053">村田</a>　一度もバットを振ることなく四球を選ぶ 1,2塁</li>
<li>5：<a href="/npb/player?id=900069">中島卓</a>　ランナー1,2塁から三塁側へ絶妙なセーフティバント！内野安打で出塁する 満塁</li>
<li>6：<b class="red"><a href="/npb/player?id=600037">陽</a>　1アウト満塁の3-2からセンターへのタイムリーヒットで日本ハム逆転！ ソ1-2日 1,2塁</b></li>
<li>7：<a href="/npb/player?id=700094">大引</a>　ランナー1,2塁からライトへのヒットで出塁 満塁</li>
<li>8：<a href="/npb/player?id=11331">稲葉</a>　1アウト満塁から6-4-3のダブルプレー 3アウトチェンジ</li>
</ul>
<div class="score yjS">
<p>得点: <b class="red">2</b>、 ヒット:<span class="red">4</span>、 四死球:1</p>
</div>
      
<div class="anker"><a href="#wrapper">ページトップへ</a></div>
</div>
<div id="ii2" class="item H clearfix"><!--チーム選択--><!--イニングid-->
<div class="title"><h3 class="yjS"><b>2回裏</b>　ソフトバンクの攻撃</h3></div>
<ul>
<li>1：<a href="/npb/player?id=1200126">ラヘア</a>　外角低めのシュートを打つもセンターフライ 1アウト</li>
<li>2：<a href="/npb/player?id=1000035">今宮</a>　サードゴロ 2アウト</li>
<li>3：<a href="/npb/player?id=12100">細川</a>　死球を受ける 1塁</li>
<li>4：<a href="/npb/player?id=800081">中村</a>　センターへのヒットを放つ 1,2塁</li>
<li>5：<a href="/npb/player?id=600087">本多</a>　内角低めのカットボールを打つもセンターフライ 3アウトチェンジ</li>
</ul>
<div class="score yjS">
<p>得点:0 、 ヒット:<span class="red">1</span> 、 四死球:1</p>
</div>
</div>
<div id="i3" class="item F clearfix"><!--チーム選択--><!--イニングid-->
<div class="title"><h3 class="yjS"><b>3回表</b>　日本ハムの攻撃</h3></div>
<ul>
<li>1：<a href="/npb/player?id=800054">中田</a>　ショートフライ 1アウト</li>
<li>2：<a href="/npb/player?id=20227">小谷野</a>　レフトへのヒット 1塁</li>
<li>3：<a href="/npb/player?id=700063">今浪</a>　サードゴロ 2アウト2塁</li>
<li>4：<a href="/npb/player?id=900065">大野</a>　ファーストゴロ 3アウトチェンジ</li>
</ul>
<div class="score yjS">
<p>得点: 0、 ヒット:<span class="red">1</span>、 四死球:0</p>
</div>
      
<div class="anker"><a href="#wrapper">ページトップへ</a></div>
</div>
<div id="ii3" class="item H clearfix"><!--チーム選択--><!--イニングid-->
<div class="title"><h3 class="yjS"><b>3回裏</b>　ソフトバンクの攻撃</h3></div>
<ul>
<li>1：<a href="/npb/player?id=11983">内川</a>　ライトへのヒットを放つ 1塁</li>
<li>2：<a href="/npb/player?id=600084">松田</a>　内角の球を打つもセンターフライ 1アウト</li>
<li>3：<a href="/npb/player?id=700101">長谷川</a>　ライトへのヒットを放つ 1,2塁</li>
<li>4：<a href="/npb/player?id=500012">江川</a>　高めの球を打つもライトフライ 2アウト</li>
<li>5：<a href="/npb/player?id=1200126">ラヘア</a>　外角高めの球を打つもレフトフライ 3アウトチェンジ</li>
</ul>
<div class="score yjS">
<p>得点:0 、 ヒット:<span class="red">2</span> 、 四死球:0</p>
</div>
</div>
<div id="i4" class="item F clearfix"><!--チーム選択--><!--イニングid-->
<div class="title"><h3 class="yjS"><b>4回表</b>　日本ハムの攻撃</h3></div>
<ul>
<li>1：<a href="/npb/player?id=800053">村田</a>　内角の球を打つもレフトフライ 1アウト</li>
<li>2：<a href="/npb/player?id=900069">中島卓</a>　デッドボールを受ける 1塁</li>
<li>3：一塁走者中島卓:盗塁成功 2塁</li>
<li>4：<a href="/npb/player?id=600037">陽</a>　外角低めのスライダーを引っかけてサードゴロ 2アウト3塁</li>
<li>5：<a href="/npb/player?id=700094">大引</a>　ショートゴロ 3アウトチェンジ</li>
</ul>
<div class="score yjS">
<p>得点: 0、 ヒット:0、 四死球:1</p>
</div>
      
<div class="anker"><a href="#wrapper">ページトップへ</a></div>
</div>
<div id="ii4" class="item H clearfix"><!--チーム選択--><!--イニングid-->
<div class="title"><h3 class="yjS"><b>4回裏</b>　ソフトバンクの攻撃</h3></div>
<ul>
<li>1：<a href="/npb/player?id=1000035">今宮</a>　ファーストゴロ 1アウト</li>
<li>2：<a href="/npb/player?id=12100">細川</a>　空振りの三振を喫する 2アウト</li>
<li>3：<a href="/npb/player?id=800081">中村</a>　セカンドゴロ 3アウトチェンジ</li>
</ul>
<div class="score yjS">
<p>得点:0 、 ヒット:0 、 四死球:0</p>
</div>
</div>
<div id="i5" class="item F clearfix"><!--チーム選択--><!--イニングid-->
<div class="title"><h3 class="yjS"><b>5回表</b>　日本ハムの攻撃</h3></div>
<ul>
<li>1：<a href="/npb/player?id=11331">稲葉</a>　ショートゴロ 1アウト</li>
<li>2：<a href="/npb/player?id=800054">中田</a>　7球粘った末に四球を選ぶ 1塁</li>
<li>3：<a href="/npb/player?id=20227">小谷野</a>　外角高めの球を打つもレフトフライ 2アウト</li>
<li>4：<a href="/npb/player?id=700063">今浪</a>　一度もバットを振ることなくフォアボールを選ぶ 1,2塁</li>
<li>5：<a href="/npb/player?id=900065">大野</a>　カウント0-2から外角の変化球に空振り三振！決定機を逃す 3アウトチェンジ</li>
</ul>
<div class="score yjS">
<p>得点: 0、 ヒット:0、 四死球:2</p>
</div>
      
<div class="anker"><a href="#wrapper">ページトップへ</a></div>
</div>
<div id="ii5" class="item H clearfix"><!--チーム選択--><!--イニングid-->
<div class="title"><h3 class="yjS"><b>5回裏</b>　ソフトバンクの攻撃</h3></div>
<ul>
<li>1：<a href="/npb/player?id=600087">本多</a>　ヒット 1塁</li>
<li>2：<a href="/npb/player?id=11983">内川</a>　空振り三振！一塁走者本多も盗塁失敗でダブルプレー 2アウト</li>
<li>3：<a href="/npb/player?id=600084">松田</a>　外角高めのカットボールをセンターへ打ってヒット 1塁</li>
<li>4：<a href="/npb/player?id=700101">長谷川</a>　セカンドゴロ 3アウトチェンジ</li>
</ul>
<div class="score yjS">
<p>得点:0 、 ヒット:<span class="red">2</span> 、 四死球:0</p>
</div>
</div>
<div id="i6" class="item F clearfix"><!--チーム選択--><!--イニングid-->
<div class="title"><h3 class="yjS"><b>6回表</b>　日本ハムの攻撃</h3></div>
<ul>
<li>1：<a href="/npb/player?id=800053">村田</a>　空振りの三振を喫する 1アウト</li>
<li>2：<a href="/npb/player?id=900069">中島卓</a>　ショートゴロ 2アウト</li>
<li>3：<b class="red"><a href="/npb/player?id=600037">陽</a>　カウント1-1からバックスクリーン右に飛び込むホームランを放つ ソ1-3日</b></li>
<li>4：<a href="/npb/player?id=700094">大引</a>　サードゴロ 3アウトチェンジ</li>
</ul>
<div class="score yjS">
<p>得点: <b class="red">1</b>、 ヒット:<span class="red">1</span>、 四死球:0</p>
</div>
      
<div class="anker"><a href="#wrapper">ページトップへ</a></div>
</div>
<div id="ii6" class="item H clearfix"><!--チーム選択--><!--イニングid-->
<div class="title"><h3 class="yjS"><b>6回裏</b>　ソフトバンクの攻撃</h3></div>
<ul>
<li>1：<a href="/npb/player?id=500012">江川</a>　粘りを見せて8球目にフォアボールを選ぶ 1塁</li>
<li>2：<a href="/npb/player?id=1200126">ラヘア</a>　内角高めの変化球を打つもライトフライ 1アウト</li>
<li>3：<a href="/npb/player?id=1000035">今宮</a>　センターへのヒットを放つ 1,2塁</li>
<li>4：<b class="green">バッター細川に代わり、「若鷹軍団のラッキーボーイ」福田</b></li>
<li>5：<b class="green">投手交代:ウルフ→石井</b></li>
<li>6：<b class="green">代打福田に代わり、パンチ力が魅力の中西</b></li>
<li>7：<a href="/npb/player?id=500010">中西</a>　空振り三振でバッターアウト 2アウト</li>
<li>8：<a href="/npb/player?id=800081">中村</a>　2アウト1,2塁からレフトへのヒットで出塁 満塁</li>
<li>9：<a href="/npb/player?id=600087">本多</a>　一打同点の場面で高めの球を打つもセンターフライ 3アウトチェンジ</li>
</ul>
<div class="score yjS">
<p>得点:0 、 ヒット:<span class="red">2</span> 、 四死球:1</p>
</div>
</div>
<div id="i7" class="item F clearfix"><!--チーム選択--><!--イニングid-->
<div class="title"><h3 class="yjS"><b>7回表</b>　日本ハムの攻撃</h3></div>
<ul>
<li>1：<b class="green">投手交代:新垣→森福　守備交代:キャッチャー山崎</b></li>
<li>2：<a href="/npb/player?id=11331">稲葉</a>　外角のスライダーを打つもセンターフライ 1アウト</li>
<li>3：<a href="/npb/player?id=800054">中田</a>　内角の変化球に空振り三振でバッターアウト 2アウト</li>
<li>4：<a href="/npb/player?id=20227">小谷野</a>　レフトへのツーベース 2塁</li>
<li>5：<a href="/npb/player?id=700063">今浪</a>　セカンドフライ 3アウトチェンジ</li>
</ul>
<div class="score yjS">
<p>得点: 0、 ヒット:<span class="red">1</span>、 四死球:0</p>
</div>
      
<div class="anker"><a href="#wrapper">ページトップへ</a></div>
</div>
<div id="ii7" class="item H clearfix"><!--チーム選択--><!--イニングid-->
<div class="title"><h3 class="yjS"><b>7回裏</b>　ソフトバンクの攻撃</h3></div>
<ul>
<li>1：<b class="green">ピッチャー石井に代わって矢貫がマウンドにあがる</b></li>
<li>2：<a href="/npb/player?id=11983">内川</a>　ピッチャーへの強烈な打球の内野安打 1塁</li>
<li>3：<a href="/npb/player?id=600084">松田</a>　高めのストレートを打つもライトフライ 1アウト</li>
<li>4：<b class="green">ピッチャー矢貫に代わって宮西がマウンドにあがる</b></li>
<li>5：<a href="/npb/player?id=700101">長谷川</a>　サードへの内野安打 1,2塁</li>
<li>6：<b class="red"><a href="/npb/player?id=500012">江川</a>　1アウト1,2塁の2-2からセンターへの同点タイムリースリーベース！ ソ3-3日 3塁</b></li>
<li>7：<b class="green">ラヘア→代打:吉村</b></li>
<li>8：<a href="/npb/player?id=20183">吉村</a>　サードゴロ 2アウト</li>
<li>9：<a href="/npb/player?id=1000035">今宮</a>　7球粘るも内角低めの変化球に空振り三振 3アウトチェンジ</li>
</ul>
<div class="score yjS">
<p>得点:<b class="red">2</b> 、 ヒット:<span class="red">3</span> 、 四死球:0</p>
</div>
</div>
<div id="i8" class="item F clearfix"><!--チーム選択--><!--イニングid-->
<div class="title"><h3 class="yjS"><b>8回表</b>　日本ハムの攻撃</h3></div>
<ul>
<li>1：<b class="green">投手交代:森福→ファルケンボーグ</b></li>
<li>2：<a href="/npb/player?id=900065">大野</a>　一度もバットを振ることなくストレートのフォアボールを選ぶ 1塁</li>
<li>3：<a href="/npb/player?id=800053">村田</a>　見事送りバントを成功させる 1アウト2塁</li>
<li>4：<b class="green">中島卓→代打:ホフパワー</b></li>
<li>5：<a href="/npb/player?id=900142">ホフパワー</a>　セカンドゴロ 2アウト3塁</li>
<li>6：<a href="/npb/player?id=600037">陽</a>　敬遠ぎみのフォアボールで歩かされる 1,3塁</li>
<li>7：一塁走者陽:盗塁成功 2,3塁</li>
<li>8：<a href="/npb/player?id=700094">大引</a>　一打勝ち越しの場面でショートゴロ 3アウトチェンジ</li>
</ul>
<div class="score yjS">
<p>得点: 0、 ヒット:0、 四死球:2</p>
</div>
      
<div class="anker"><a href="#wrapper">ページトップへ</a></div>
</div>
<div id="ii8" class="item H clearfix"><!--チーム選択--><!--イニングid-->
<div class="title"><h3 class="yjS"><b>8回裏</b>　ソフトバンクの攻撃</h3></div>
<ul>
<li>1：<b class="green">投手交代:宮西→増井　守備交代:サード飯山　守備変更:今浪サード→セカンド</b></li>
<li>2：<a href="/npb/player?id=12055">山崎</a>　ど真ん中の球を打つもセンターフライ 1アウト</li>
<li>3：<a href="/npb/player?id=800081">中村</a>　10球粘るも外角低めの真っ直ぐに見逃し三振 2アウト</li>
<li>4：<a href="/npb/player?id=600087">本多</a>　ファーストゴロ 3アウトチェンジ</li>
</ul>
<div class="score yjS">
<p>得点:0 、 ヒット:0 、 四死球:0</p>
</div>
</div>
<div id="i9" class="item F clearfix"><!--チーム選択--><!--イニングid-->
<div class="title"><h3 class="yjS"><b>9回表</b>　日本ハムの攻撃</h3></div>
<ul>
<li>1：<b class="green">投手交代:ファルケンボーグ→五十嵐</b></li>
<li>2：<a href="/npb/player?id=11331">稲葉</a>　ワンバウンドした球に空振り、三振を喫する 1アウト</li>
<li>3：<a href="/npb/player?id=800054">中田</a>　低めの球を打つもセンターフライ 2アウト</li>
<li>4：<a href="/npb/player?id=20227">小谷野</a>　センターへのヒットで出塁 1塁</li>
<li>5：<a href="/npb/player?id=700063">今浪</a>　ボテボテのピッチャーゴロ 3アウトチェンジ</li>
</ul>
<div class="score yjS">
<p>得点: 0、 ヒット:<span class="red">1</span>、 四死球:0</p>
</div>
      
<div class="anker"><a href="#wrapper">ページトップへ</a></div>
</div>
<div id="ii9" class="item H clearfix"><!--チーム選択--><!--イニングid-->
<div class="title"><h3 class="yjS"><b>9回裏</b>　ソフトバンクの攻撃</h3></div>
<ul>
<li>1：<a href="/npb/player?id=11983">内川</a>　サードゴロ 1アウト</li>
<li>2：<a href="/npb/player?id=600084">松田</a>　外角高めのストレートを打つもライトフライ 2アウト</li>
<li>3：<a href="/npb/player?id=700101">長谷川</a>　ワンバウンドした球を空振り三振 3アウトチェンジ</li>
</ul>
<div class="score yjS">
<p>得点:0 、 ヒット:0 、 四死球:0</p>
</div>
</div>
<div id="i10" class="item F clearfix"><!--チーム選択--><!--イニングid-->
<div class="title"><h3 class="yjS"><b>10回表</b>　日本ハムの攻撃</h3></div>
<ul>
<li>1：<a href="/npb/player?id=900065">大野</a>　ショートゴロ 1アウト</li>
<li>2：<b class="green">バッター村田に代わり、「人気者候補生」谷口</b></li>
<li>3：<a href="/npb/player?id=1000103">谷口</a>　ファウルフライを山崎(捕)がつかんでバッターアウト 2アウト</li>
<li>4：<a href="/npb/player?id=11686">飯山</a>　ファウルフライを本多(二)がつかんでバッターアウト 3アウトチェンジ</li>
</ul>
<div class="score yjS">
<p>得点: 0、 ヒット:0、 四死球:0</p>
</div>
      
<div class="anker"><a href="#wrapper">ページトップへ</a></div>
</div>
<div id="ii10" class="item H clearfix"><!--チーム選択--><!--イニングid-->
<div class="title"><h3 class="yjS"><b>10回裏</b>　ソフトバンクの攻撃</h3></div>
<ul>
<li>1：<b class="green">投手交代:増井→武田久　チームのために体を張る鶴岡がキャッチャーの守備につく　守備変更:谷口→ライト</b></li>
<li>2：<a href="/npb/player?id=500012">江川</a>　レフトへのヒットで出塁 1塁</li>
<li>3：<a href="/npb/player?id=20183">吉村</a>　見事送りバントを成功させる 1アウト2塁</li>
<li>4：<a href="/npb/player?id=1000035">今宮</a>　サードゴロ 2アウト</li>
<li>5：<a href="/npb/player?id=12055">山崎</a>　2アウト2塁からレフトへのヒットを放つ 1,3塁</li>
<li>6：<a href="/npb/player?id=800081">中村</a>　満塁策で敬遠される 満塁</li>
<li>7：<a href="/npb/player?id=600087">本多</a>　一打サヨナラの場面で高めのストレートを打つもレフトフライ 3アウトチェンジ</li>
</ul>
<div class="score yjS">
<p>得点:0 、 ヒット:<span class="red">2</span> 、 四死球:1</p>
</div>
</div>
<div id="i11" class="item F clearfix"><!--チーム選択--><!--イニングid-->
<div class="title"><h3 class="yjS"><b>11回表</b>　日本ハムの攻撃</h3></div>
<ul>
<li>1：<b class="green">投手交代:五十嵐→千賀</b></li>
<li>2：<a href="/npb/player?id=600037">陽</a>　ライトへのヒットを放つ 1塁</li>
<li>3：<a href="/npb/player?id=700094">大引</a>　見事送りバントを決める 1アウト2塁</li>
<li>4：千賀(投):暴投 3塁</li>
<li>5：<a href="/npb/player?id=11331">稲葉</a>　敬遠ぎみのフォアボールで歩かされる 1,3塁</li>
<li>6：<b class="red"><a href="/npb/player?id=800054">中田</a>　ランナー1,3塁の0-1からレフトへのタイムリーヒットで日本ハム勝ち越し！ ソ3-4日 1,2塁</b></li>
<li>7：<b class="green">ピッチャー千賀に代わって「不死鳥セットアップ」柳瀬がマウンドにあがる</b></li>
<li>8：<a href="/npb/player?id=20227">小谷野</a>　ランナー1,2塁から高めの落ちる球をセンターへ打ってヒット 満塁</li>
<li>9：<b class="red"><a href="/npb/player?id=700063">今浪</a>　1アウト満塁の2-2からライトへのタイムリーヒット ソ3-6日 1,2塁</b></li>
<li>10：<a href="/npb/player?id=20225">鶴岡</a>　1アウト1,2塁から4-6-3のダブルプレー 3アウトチェンジ</li>
</ul>
<div class="score yjS">
<p>得点: <b class="red">3</b>、 ヒット:<span class="red">4</span>、 四死球:1</p>
</div>
      
<div class="anker"><a href="#wrapper">ページトップへ</a></div>
</div>
<div id="ii11" class="item H clearfix"><!--チーム選択--><!--イニングid-->
<div class="title"><h3 class="yjS"><b>11回裏</b>　ソフトバンクの攻撃</h3></div>
<ul>
<li>1：<b class="green">ピッチャー武田久に代わって「フランチャイズキーパーソン」鍵谷がマウンドにあがる</b></li>
<li>2：<a href="/npb/player?id=11983">内川</a>　11球目のスライダーを打つもライトフライ 1アウト</li>
<li>3：<a href="/npb/player?id=600084">松田</a>　外角高めのストレートを打つもライトフライ 2アウト</li>
<li>4：<a href="/npb/player?id=700101">長谷川</a>　空振り三振でバッターアウト ゲームセット</li>
<li>5：試合終了</li>
</ul>
<div class="score yjS">
<p>得点:0 、 ヒット:0 、 四死球:0</p>
</div>
</div>
</div>
<!-- テキスト速報 -->

<div id="yads_67572_1441_position_02"></div>
</div><!--/#main-->
<!--main end-->

<!--sub start-->
<div id="sub">
<!-- SpaceID=0 robot -->
<!--/#pos-lrec-->

<!-- 他球団モジュール -->
<div class="yjSNLiveCommonsubtitle"><h4 class="yjS"><span>7/3(水)　そのほかの試合</span></h4></div>
<div id="yjSNLiveOthergame">
<table width=100% cellpadding=0 cellspacing=0 border=0>
<tr><td class=''><a alt='そのほかの試合' href='/npb/game/2013070301/'><dl>
<dt>Ｄ</dt>
<dd>6 - <b>8</b></dd>
<dt><b>ヤ</b></dt>
</dl>
<div class="none">結果</div></a></td>
<td class=''><a alt='そのほかの試合' href='/npb/game/2013070302/'><dl>
<dt>中</dt>
<dd>2 - <b>3</b></dd>
<dt><b>広</b></dt>
</dl>
<div class="none">結果</div></a></td>
<td class=''><a alt='そのほかの試合' href='/npb/game/2013070303/'><dl>
<dt>神</dt>
<dd> - </dd>
<dt>巨</dt>
</dl>
<div class="none">中止</div></a></td>
</tr><tr><td class=''><a alt='そのほかの試合' href='/npb/game/2013070304/'><dl>
<dt>楽</dt>
<dd> - </dd>
<dt>ロ</dt>
</dl>
<div class="none">中止</div></a></td>
<td class=''><a alt='そのほかの試合' href='/npb/game/2013070305/'><dl>
<dt>オ</dt>
<dd>4 - <b>9</b></dd>
<dt><b>西</b></dt>
</dl>
<div class="none">結果</div></a></td>
<td class='act'><dl>
<dt>ソ</dt>
<dd>3 - <b>6</b></dd>
<dt><b>日</b></dt>
</dl>
<div>観戦中</div></td>
</tr></table>
</div>

<!-- /他球団モジュール -->
<!--打順-->
<div class="yjSNLiveCommonsubtitle"><h4 class="yjS"><span>打順</span></h4></div>
<div id="yjSNLiveBattinglist" class="clearfix">

<table class="column-left" width=100% cellpadding=0 cellspacing=0 border=0>
<tr class="teamborder">
<th colspan=3 class="F">&nbsp;</th>
<th colspan=3 class="H">&nbsp;</th>
</tr>
<tr class="teamlogo">
<th colspan=3 class="F"><a href="/npb/teams/8/">日本ハム</a></th>
<th colspan=3 class="H"><a href="/npb/teams/12/">ソフトバンク</a></th>
</tr>

<tr>
<td class="nm">1</td>
<td>中</td>
<td class="pn"><a href="/npb/player?id=600037">陽岱鋼</a></td>
<td class="nm">1</td>
<td>一</td>
<td class="pn"><a href="/npb/player?id=800081">中村晃</a></td>
</tr>
<tr>
<td class="nm">2</td>
<td>遊</td>
<td class="pn"><a href="/npb/player?id=700094">大引啓次</a></td>
<td class="nm">2</td>
<td>二</td>
<td class="pn"><a href="/npb/player?id=600087">本多雄一</a></td>
</tr>
<tr>
<td class="nm">3</td>
<td>指</td>
<td class="pn"><a href="/npb/player?id=11331">稲葉篤紀</a></td>
<td class="nm">3</td>
<td>左</td>
<td class="pn"><a href="/npb/player?id=11983">内川聖一</a></td>
</tr>
<tr>
<td class="nm">4</td>
<td>左</td>
<td class="pn"><a href="/npb/player?id=800054">中田翔</a></td>
<td class="nm">4</td>
<td>三</td>
<td class="pn"><a href="/npb/player?id=600084">松田宣浩</a></td>
</tr>
<tr>
<td class="nm">5</td>
<td>一</td>
<td class="pn"><a href="/npb/player?id=20227">小谷野栄一</a></td>
<td class="nm act">5</td>
<td class="act">中</td>
<td class="pn act"><a href="/npb/player?id=700101">長谷川勇也</a></td>
</tr>
<tr>
<td class="nm">6</td>
<td>二</td>
<td class="pn"><a href="/npb/player?id=700063">今浪隆博</a></td>
<td class="nm">6</td>
<td>右</td>
<td class="pn"><a href="/npb/player?id=500012">江川智晃</a></td>
</tr>
<tr>
<td class="nm">7</td>
<td>捕</td>
<td class="pn"><a href="/npb/player?id=20225">鶴岡慎也</a></td>
<td class="nm">7</td>
<td>指</td>
<td class="pn"><a href="/npb/player?id=20183">吉村裕基</a></td>
</tr>
<tr>
<td class="nm">8</td>
<td>右</td>
<td class="pn"><a href="/npb/player?id=1000103">谷口雄也</a></td>
<td class="nm">8</td>
<td>遊</td>
<td class="pn"><a href="/npb/player?id=1000035">今宮健太</a></td>
</tr>
<tr>
<td class="nm">9</td>
<td>三</td>
<td class="pn"><a href="/npb/player?id=11686">飯山裕志</a></td>
<td class="nm">9</td>
<td>捕</td>
<td class="pn"><a href="/npb/player?id=12055">山崎勝己</a></td>
</tr>

</table>

</div>

<!--打順-->

<!--ゲーム差-->
<!--ゲーム差-->


<!--球団情報-->

<!-- /新IM -->

</div><!--/#contents-body-->

 
</div><!-- Facebook -->
<div id="fb-root"></div>
<!-- / Facebook -->
</body>
</html>
