<!DOCTYPE html PUBLIC "-//W3C//DTD XHTML 1.0 Transitional//EN" "http://www.w3.org/TR/xhtml1/DTD/xhtml1-transitional.dtd">
<html lang="ja" xmlns:og="http://ogp.me/ns#" xmlns:mixi="http://mixi-platform.com/ns#" xmlns:fb="http://www.facebook.com/2008/fbml">
<head>
<!---京--->
<meta http-equiv="Content-Type" content="text/html; charset=utf-8">
<meta http-equiv="Content-Style-Type" content="text/css">
<meta http-equiv="Content-Script-Type" content="text/javascript">
<title>Yahoo!スポーツ - プロ野球</title>
<meta name="description" content="楽天 vs 西武のテキスト速報。一球速報、結果、セ・リーグ、パ・リーグの日程、順位、個人成績、プロ野球に関連した最新ニュース、写真ニュースなどの情報が満載な、Yahoo!スポーツ プロ野球サイトのテキスト速報ページです。">
<meta name="keywords" content="テキスト速報,速報,中継,楽天,西武,プロ野球,野球">
<link rel="stylesheet" href="http://i.yimg.jp/images/sports/baseball/npb/live/css/master-npb-live-common.css" type="text/css" media="all">
<link rel="stylesheet" href="http://i.yimg.jp/images/sports/baseball/npb/css/master-npb-common.css" type="text/css" media="all">


<meta property="og:title"       content="Yahoo!プロ野球 - 2013年7月12日 楽天vs.西武 テキスト速報" />
<meta property="og:type"        content="website" />
<meta property="og:url"         content="http://baseball.yahoo.co.jp/npb/game/2013071205/text" /> 
<meta property="og:image"       content="http://i.yimg.jp/images/sports/promo/pc/facebook/baseball_76x76.png" />
<meta property="og:site_name"   content="Yahoo!スポーツ" />
<meta property="og:description" content="" />
<meta property="og:locale"      content="ja_JP" />
<meta property="fb:app_id"      content="215456371901325" />
<link rel="apple-touch-icon" href="http://i.yimg.jp/images/sports/promo/pc/facebook/baseball.png">
<script type="text/javascript" src="http://i.yimg.jp/images/sports/js/jquery-1.3.2.min.js"></script><script type="text/javascript" src="http://i.yimg.jp/images/sports/v1/js/sports.global-1.1.1.js"></script>
</head>
<body class="yj950-2">

<div id="wrapper"><div id="contents-body" class="yjSNLive">
<!--main start-->
<div id="main">

<!-- ローカルナビ -->
<div id="ch-navi" class="clearfix mb5p">
<ul class="clearfix">

<li><span><a href="/npb/game/2013071205/top"">試合トップ</a></span></li><!--ナビアクティブ-->

<li class="gray"><span><a>一球速報</a></span></li>


<li class="on"><span><a>テキスト速報</a></span></li>


<li><span><a href="/npb/game/2013071205/stats">投打詳細</a></span></li>

 
<li><span><a href="http://rd.yahoo.co.jp/media/sports/baseball/npb/live/tab/comment/SIG=11uk9l7jg/*http%3A//textream.yahoo.co.jp/rd/sports/npb/?game=2013071205">コメント</a></span></li>


</ul>
<em><a href="/npb/schedule/?date=20130712">7月12日（金）</a>楽天 vs. 西武</em>
</div>

<!-- /ローカルナビ -->

<!-- スコアボード -->
<div id="yjSNLiveTextscoreboard">

<div class="inner">
<table width="100%" cellspacing="0" cellpadding="0" border="0">

<tbody><tr class="chs-title yjS">
<th>&nbsp;</th>
<th>1</th>
<th>2</th>
<th>3</th>
<th>4</th>
<th>5</th>
<th>6</th>
<th>7</th>
<th>8</th>
<th>9</th>
<th>10</th>
<th>11</th>
<th>12</th>
<th>計</th>
<th>安</th>
<th>失</th>
</tr>
<tr class="yjMS">
<th class="L">
<b><a href="/npb/teams/7/">西武</a></b></th><!--チーム選択-->


<td>
<a href=http://rd.yahoo.co.jp/media/sports/baseball/npb/live/sokuho/SIG=11o527hkk/*http%3A//baseball.yahoo.co.jp/npb/game/2013071205/text#i1>0</a>
</td>
<td>
<a href=http://rd.yahoo.co.jp/media/sports/baseball/npb/live/sokuho/SIG=11o527hkk/*http%3A//baseball.yahoo.co.jp/npb/game/2013071205/text#i2>1</a>
</td>
<td>
<a href=http://rd.yahoo.co.jp/media/sports/baseball/npb/live/sokuho/SIG=11o527hkk/*http%3A//baseball.yahoo.co.jp/npb/game/2013071205/text#i3>0</a>
</td>
<td>
<a href=http://rd.yahoo.co.jp/media/sports/baseball/npb/live/sokuho/SIG=11o527hkk/*http%3A//baseball.yahoo.co.jp/npb/game/2013071205/text#i4>0</a>
</td>
<td>
<a href=http://rd.yahoo.co.jp/media/sports/baseball/npb/live/sokuho/SIG=11o527hkk/*http%3A//baseball.yahoo.co.jp/npb/game/2013071205/text#i5>0</a>
</td>
<td>
<a href=http://rd.yahoo.co.jp/media/sports/baseball/npb/live/sokuho/SIG=11o527hkk/*http%3A//baseball.yahoo.co.jp/npb/game/2013071205/text#i6>1</a>
</td>
<td>
<a href=http://rd.yahoo.co.jp/media/sports/baseball/npb/live/sokuho/SIG=11o527hkk/*http%3A//baseball.yahoo.co.jp/npb/game/2013071205/text#i7>0</a>
</td>
<td>
<a href=http://rd.yahoo.co.jp/media/sports/baseball/npb/live/sokuho/SIG=11o527hkk/*http%3A//baseball.yahoo.co.jp/npb/game/2013071205/text#i8>0</a>
</td>
<td>
<a href=http://rd.yahoo.co.jp/media/sports/baseball/npb/live/sokuho/SIG=11o527hkk/*http%3A//baseball.yahoo.co.jp/npb/game/2013071205/text#i9>1</a>
</td>
<td>
<a href=http://rd.yahoo.co.jp/media/sports/baseball/npb/live/sokuho/SIG=11o527hkk/*http%3A//baseball.yahoo.co.jp/npb/game/2013071205/text#i10>0</a>
</td>
<td>
<a href=http://rd.yahoo.co.jp/media/sports/baseball/npb/live/sokuho/SIG=11o527hkk/*http%3A//baseball.yahoo.co.jp/npb/game/2013071205/text#i11>0</a>
</td>
<td>
<a href=http://rd.yahoo.co.jp/media/sports/baseball/npb/live/sokuho/SIG=11o527hkk/*http%3A//baseball.yahoo.co.jp/npb/game/2013071205/text#i12>1</a>
</td>
<td class="sum">4</td>
<td class="fwn">9</td>
<td class="fwn">1</td>
</tr>
<tr class="yjMS">
<th class="E">

<b><a href="/npb/teams/376/">楽天</a></b></th><!--チーム選択-->
<td>
<a href=http://rd.yahoo.co.jp/media/sports/baseball/npb/live/sokuho/SIG=11o527hkk/*http%3A//baseball.yahoo.co.jp/npb/game/2013071205/text#ii1>0</a>
</td>
<td>
<a href=http://rd.yahoo.co.jp/media/sports/baseball/npb/live/sokuho/SIG=11o527hkk/*http%3A//baseball.yahoo.co.jp/npb/game/2013071205/text#ii2>0</a>
</td>
<td>
<a href=http://rd.yahoo.co.jp/media/sports/baseball/npb/live/sokuho/SIG=11o527hkk/*http%3A//baseball.yahoo.co.jp/npb/game/2013071205/text#ii3>0</a>
</td>
<td>
<a href=http://rd.yahoo.co.jp/media/sports/baseball/npb/live/sokuho/SIG=11o527hkk/*http%3A//baseball.yahoo.co.jp/npb/game/2013071205/text#ii4>1</a>
</td>
<td>
<a href=http://rd.yahoo.co.jp/media/sports/baseball/npb/live/sokuho/SIG=11o527hkk/*http%3A//baseball.yahoo.co.jp/npb/game/2013071205/text#ii5>0</a>
</td>
<td>
<a href=http://rd.yahoo.co.jp/media/sports/baseball/npb/live/sokuho/SIG=11o527hkk/*http%3A//baseball.yahoo.co.jp/npb/game/2013071205/text#ii6>1</a>
</td>
<td>
<a href=http://rd.yahoo.co.jp/media/sports/baseball/npb/live/sokuho/SIG=11o527hkk/*http%3A//baseball.yahoo.co.jp/npb/game/2013071205/text#ii7>1</a>
</td>
<td>
<a href=http://rd.yahoo.co.jp/media/sports/baseball/npb/live/sokuho/SIG=11o527hkk/*http%3A//baseball.yahoo.co.jp/npb/game/2013071205/text#ii8>0</a>
</td>
<td>
<a href=http://rd.yahoo.co.jp/media/sports/baseball/npb/live/sokuho/SIG=11o527hkk/*http%3A//baseball.yahoo.co.jp/npb/game/2013071205/text#ii9>0</a>
</td>
<td>
<a href=http://rd.yahoo.co.jp/media/sports/baseball/npb/live/sokuho/SIG=11o527hkk/*http%3A//baseball.yahoo.co.jp/npb/game/2013071205/text#ii10>0</a>
</td>
<td>
<a href=http://rd.yahoo.co.jp/media/sports/baseball/npb/live/sokuho/SIG=11o527hkk/*http%3A//baseball.yahoo.co.jp/npb/game/2013071205/text#ii11>0</a>
</td>
<td>
<a href=http://rd.yahoo.co.jp/media/sports/baseball/npb/live/sokuho/SIG=11o527hkk/*http%3A//baseball.yahoo.co.jp/npb/game/2013071205/text#ii12>0</a>
</td>
<td class="sum">3</td>
<td class="fwn">8</td>
<td class="fwn">2</td>
</tr>

</tbody></table>
</div>


<div class="navi clearfix">

<div class="column-left">
</div>

<div class="column-right">

<div class="reflesh clearfix">
<ul class="clearfix">
<li class="auto" title="自動更新"><a id="btn_auto" href="http://rd.yahoo.co.jp/media/sports/baseball/npb/live/auto/SIG=11o527hkk/*http%3A//baseball.yahoo.co.jp/npb/game/2013071205/text?manual=2"><i>自動更新</i></a></li>
<li class="manual-on" title="手動更新"><a><i>手動更新</i></a></li>
<li title="更新" class="btn_reflesh"><a href="http://rd.yahoo.co.jp/media/sports/baseball/npb/live/refresh/SIG=11o527hkk/*http%3A//baseball.yahoo.co.jp/npb/game/2013071205/text?manual=1"><i>更新</i></a></li>
</ul>
<em>自動更新：30秒</em>
</div>

</div>
</div>

</div>
<!-- /スコアボード -->


<!-- テキスト速報 -->
<div class="yjSportsCommonTitle"><h3 class="yjS"><span><strong>テキスト速報</strong></span></h3></div><div id="yjSNLiveTextlive" class="yjMS">

<div id="i1" class="item L clearfix"><!--チーム選択--><!--イニングid-->
<div class="title"><h3 class="yjS"><b>1回表</b>　西武の攻撃</h3></div>
<ul>
<li>1：試合開始</li>
<li>2：<a href="/npb/player?id=1200011">ヘルマン</a>　外角のカットボールを打つもショートゴロ 1アウト</li>
<li>3：<a href="/npb/player?id=700077">大崎</a>　ライトへの二塁打 2塁</li>
<li>4：<a href="/npb/player?id=12102">栗山</a>　岩崎(遊)のファンブルにより出塁する</li>
<li>5：2塁走者大崎は走塁死 2アウト1塁</li>
<li>6：一塁走者栗山:すかさず初球から盗塁を試みるもアウト 3アウトチェンジ</li>
</ul>
<div class="score yjS">
<p>得点: 0、 ヒット:<span class="red">1</span>、 四死球:0</p>
</div>
      
<div class="anker"><a href="#wrapper">ページトップへ</a></div>
</div>
<div id="yads_67572_1441_position_01"></div><div id="ii1" class="item E clearfix"><!--チーム選択--><!--イニングid-->
<div class="title"><h3 class="yjS"><b>1回裏</b>　楽天の攻撃</h3></div>
<ul>
<li>1：<a href="/npb/player?id=800084">聖沢</a>　空振りの三振を喫する 1アウト</li>
<li>2：<a href="/npb/player?id=500051">藤田</a>　ど真ん中のストレートを打つもファーストゴロ 2アウト</li>
<li>3：<a href="/npb/player?id=600020">銀次</a>　外角のストレートを見送りフォアボールを選ぶ 1塁</li>
<li>4：<a href="/npb/player?id=1200129">ジョーンズ</a>　一度もバットを振ることなくフォアボールを選ぶ 1,2塁</li>
<li>5：<a href="/npb/player?id=1200136">マギー</a>　一打先制の場面でど真ん中の落ちる球に見逃し三振！決定機を逃す 3アウトチェンジ</li>
</ul>
<div class="score yjS">
<p>得点:0 、 ヒット:0 、 四死球:2</p>
</div>
</div>
<div id="i2" class="item L clearfix"><!--チーム選択--><!--イニングid-->
<div class="title"><h3 class="yjS"><b>2回表</b>　西武の攻撃</h3></div>
<ul>
<li>1：<a href="/npb/player?id=900056">浅村</a>　ツーベース 2塁</li>
<li>2：<a href="/npb/player?id=1000150">秋山</a>　0アウト2塁からセカンドへの内野安打 1,3塁</li>
<li>3：<b class="red"><a href="/npb/player?id=1200125">スピリー</a>　岩崎(遊)のファンブルにより出塁する</b></li>
<li>4：<b class="red">西武先制！ 楽0-1西 1,2塁</b></li>
<li>5：<a href="/npb/player?id=1200083">金子</a>　見事送りバントを決める 1アウト2,3塁</li>
<li>6：<a href="/npb/player?id=600026">炭谷</a>　セカンドゴロ</li>
<li>7：2塁走者スピリーは走塁死 2アウト2,3塁</li>
<li>8：<a href="/npb/player?id=800015">鬼崎</a>　内角の変化球を打つもファーストゴロ 3アウトチェンジ</li>
</ul>
<div class="score yjS">
<p>得点: <b class="red">1</b>、 ヒット:<span class="red">2</span>、 四死球:0</p>
</div>
      
<div class="anker"><a href="#wrapper">ページトップへ</a></div>
</div>
<div id="ii2" class="item E clearfix"><!--チーム選択--><!--イニングid-->
<div class="title"><h3 class="yjS"><b>2回裏</b>　楽天の攻撃</h3></div>
<ul>
<li>1：<a href="/npb/player?id=20240">中島</a>　外角のストレートを打つもショートゴロ 1アウト</li>
<li>2：<a href="/npb/player?id=1100132">島内</a>　ど真ん中のスライダーを打つもセンターフライ 2アウト</li>
<li>3：<a href="/npb/player?id=700072">嶋</a>　内角のストレートを打つもサードゴロ 3アウトチェンジ</li>
</ul>
<div class="score yjS">
<p>得点:0 、 ヒット:0 、 四死球:0</p>
</div>
</div>
<div id="i3" class="item L clearfix"><!--チーム選択--><!--イニングid-->
<div class="title"><h3 class="yjS"><b>3回表</b>　西武の攻撃</h3></div>
<ul>
<li>1：<a href="/npb/player?id=1200011">ヘルマン</a>　高めのストレートを打つもショートゴロ 1アウト</li>
<li>2：<a href="/npb/player?id=700077">大崎</a>　内角の真っ直ぐを打つもファーストゴロ 2アウト</li>
<li>3：<a href="/npb/player?id=12102">栗山</a>　一度もバットを振ることなくストレートのフォアボールを選ぶ 1塁</li>
<li>4：<a href="/npb/player?id=900056">浅村</a>　内角の真っ直ぐを打つもセカンドフライ 3アウトチェンジ</li>
</ul>
<div class="score yjS">
<p>得点: 0、 ヒット:0、 四死球:1</p>
</div>
      
<div class="anker"><a href="#wrapper">ページトップへ</a></div>
</div>
<div id="ii3" class="item E clearfix"><!--チーム選択--><!--イニングid-->
<div class="title"><h3 class="yjS"><b>3回裏</b>　楽天の攻撃</h3></div>
<ul>
<li>1：<a href="/npb/player?id=700039">岩崎</a>　外角のストレートを打つもセンターフライ 1アウト</li>
<li>2：<a href="/npb/player?id=800084">聖沢</a>　センターへのヒットを放つ 1塁</li>
<li>3：<a href="/npb/player?id=500051">藤田</a>　ヘルマン(三)のファンブルにより出塁する 1,2塁</li>
<li>4：<a href="/npb/player?id=600020">銀次</a>　ど真ん中のストレートを打つもセカンドゴロ 2アウト1,3塁</li>
<li>5：<a href="/npb/player?id=1200129">ジョーンズ</a>　ファウルフライを浅村(一)が捕球してバッターアウト 3アウトチェンジ</li>
</ul>
<div class="score yjS">
<p>得点:0 、 ヒット:<span class="red">1</span> 、 四死球:0</p>
</div>
</div>
<div id="i4" class="item L clearfix"><!--チーム選択--><!--イニングid-->
<div class="title"><h3 class="yjS"><b>4回表</b>　西武の攻撃</h3></div>
<ul>
<li>1：<a href="/npb/player?id=1000150">秋山</a>　外角のストレートを打つもショートゴロ 1アウト</li>
<li>2：<a href="/npb/player?id=1200125">スピリー</a>　外角の変化球に空振り三振でバッターアウト 2アウト</li>
<li>3：<a href="/npb/player?id=1200083">金子</a>　外角の真っ直ぐを打つもサードゴロ 3アウトチェンジ</li>
</ul>
<div class="score yjS">
<p>得点: 0、 ヒット:0、 四死球:0</p>
</div>
      
<div class="anker"><a href="#wrapper">ページトップへ</a></div>
</div>
<div id="ii4" class="item E clearfix"><!--チーム選択--><!--イニングid-->
<div class="title"><h3 class="yjS"><b>4回裏</b>　楽天の攻撃</h3></div>
<ul>
<li>1：<a href="/npb/player?id=1200136">マギー</a>　外角のスライダーを打つもショートゴロ 1アウト</li>
<li>2：<a href="/npb/player?id=20240">中島</a>　一度もバットを振ることなく四球を選ぶ 1塁</li>
<li>3：<a href="/npb/player?id=1100132">島内</a>　一度もバットを振ることなくフォアボールを選ぶ 1,2塁</li>
<li>4：<a href="/npb/player?id=700072">嶋</a>　外角低めにズバっと決まり見逃し三振 2アウト</li>
<li>5：<b class="red"><a href="/npb/player?id=700039">岩崎</a>　2アウト1,2塁の2-2からセンターへの同点タイムリーヒット！</b></li>
<li>6：<b class="red">1塁走者島内は2塁を回って3塁に向かうもアウト！ 楽1-1西 3アウトチェンジ</b></li>
</ul>
<div class="score yjS">
<p>得点:<b class="red">1</b> 、 ヒット:<span class="red">1</span> 、 四死球:2</p>
</div>
</div>
<div id="i5" class="item L clearfix"><!--チーム選択--><!--イニングid-->
<div class="title"><h3 class="yjS"><b>5回表</b>　西武の攻撃</h3></div>
<ul>
<li>1：<a href="/npb/player?id=600026">炭谷</a>　外角のストレートを打つもサードゴロ 1アウト</li>
<li>2：<a href="/npb/player?id=800015">鬼崎</a>　内角のストレートを打つもセカンドゴロ 2アウト</li>
<li>3：<a href="/npb/player?id=1200011">ヘルマン</a>　外角のカットボールを打つもサードゴロ 3アウトチェンジ</li>
</ul>
<div class="score yjS">
<p>得点: 0、 ヒット:0、 四死球:0</p>
</div>
      
<div class="anker"><a href="#wrapper">ページトップへ</a></div>
</div>
<div id="ii5" class="item E clearfix"><!--チーム選択--><!--イニングid-->
<div class="title"><h3 class="yjS"><b>5回裏</b>　楽天の攻撃</h3></div>
<ul>
<li>1：<a href="/npb/player?id=800084">聖沢</a>　レフトへのヒット 1塁</li>
<li>2：<a href="/npb/player?id=500051">藤田</a>　見事送りバントを決める 1アウト2塁</li>
<li>3：<a href="/npb/player?id=600020">銀次</a>　内角のストレートを打つもセカンドゴロ 2アウト3塁</li>
<li>4：<a href="/npb/player?id=1200129">ジョーンズ</a>　一度もバットを振ることなく見逃し三振！決定機を逃す 3アウトチェンジ</li>
</ul>
<div class="score yjS">
<p>得点:0 、 ヒット:<span class="red">1</span> 、 四死球:0</p>
</div>
</div>
<div id="i6" class="item L clearfix"><!--チーム選択--><!--イニングid-->
<div class="title"><h3 class="yjS"><b>6回表</b>　西武の攻撃</h3></div>
<ul>
<li>1：<a href="/npb/player?id=700077">大崎</a>　外角のストレートを打つもショートゴロ 1アウト</li>
<li>2：<b class="red"><a href="/npb/player?id=12102">栗山</a>　3-1からライトスタンドへの勝ち越しホームラン！ 楽1-2西</b></li>
<li>3：<a href="/npb/player?id=900056">浅村</a>　ライトへのヒットを放つ 1塁</li>
<li>4：一塁走者浅村:すかさず初球から盗塁を試みるもアウト 2アウト</li>
<li>5：<a href="/npb/player?id=1000150">秋山</a>　死球を受ける 1塁</li>
<li>6：<a href="/npb/player?id=1200125">スピリー</a>　内角の真っ直ぐを打つもセンターフライ 3アウトチェンジ</li>
</ul>
<div class="score yjS">
<p>得点: <b class="red">1</b>、 ヒット:<span class="red">2</span>、 四死球:1</p>
</div>
      
<div class="anker"><a href="#wrapper">ページトップへ</a></div>
</div>
<div id="ii6" class="item E clearfix"><!--チーム選択--><!--イニングid-->
<div class="title"><h3 class="yjS"><b>6回裏</b>　楽天の攻撃</h3></div>
<ul>
<li>1：<b class="red"><a href="/npb/player?id=1200136">マギー</a>　ライトスタンドへのホームランで楽天同点！ 楽2-2西</b></li>
<li>2：<a href="/npb/player?id=20240">中島</a>　外角のストレートを打つもショートライナー 1アウト</li>
<li>3：<a href="/npb/player?id=1100132">島内</a>　ど真ん中のスライダーを打つもファーストゴロ 2アウト</li>
<li>4：<a href="/npb/player?id=700072">嶋</a>　外角の真っ直ぐに空振り三振でバッターアウト 3アウトチェンジ</li>
</ul>
<div class="score yjS">
<p>得点:<b class="red">1</b> 、 ヒット:<span class="red">1</span> 、 四死球:0</p>
</div>
</div>
<div id="i7" class="item L clearfix"><!--チーム選択--><!--イニングid-->
<div class="title"><h3 class="yjS"><b>7回表</b>　西武の攻撃</h3></div>
<ul>
<li>1：<b class="green">「フィールド周遊」森山がレフトの守備につく</b></li>
<li>2：<a href="/npb/player?id=1200083">金子</a>　内角の真っ直ぐを打つもレフトフライ 1アウト</li>
<li>3：<a href="/npb/player?id=600026">炭谷</a>　一度もバットを振ることなくストレートのフォアボールを選ぶ 1塁</li>
<li>4：<a href="/npb/player?id=800015">鬼崎</a>　ライトへのヒットを放つ 1,2塁</li>
<li>5：<b class="green">投手交代:戸村→小山伸</b></li>
<li>6：<a href="/npb/player?id=1200011">ヘルマン</a>　四球を選ぶ。ピッチャー小山伸にとって痛いフォアボールとなる 満塁</li>
<li>7：<a href="/npb/player?id=700077">大崎</a>　高めのボール球につられて空振り三振 2アウト</li>
<li>8：<a href="/npb/player?id=12102">栗山</a>　一打勝ち越しの場面で高めのストレートを打つもセンターフライ 3アウトチェンジ</li>
</ul>
<div class="score yjS">
<p>得点: 0、 ヒット:<span class="red">1</span>、 四死球:2</p>
</div>
      
<div class="anker"><a href="#wrapper">ページトップへ</a></div>
</div>
<div id="ii7" class="item E clearfix"><!--チーム選択--><!--イニングid-->
<div class="title"><h3 class="yjS"><b>7回裏</b>　楽天の攻撃</h3></div>
<ul>
<li>1：<a href="/npb/player?id=700039">岩崎</a>　高めのストレートを打つもセカンドフライ 1アウト</li>
<li>2：<a href="/npb/player?id=800084">聖沢</a>　センターへのヒットで出塁 1塁</li>
<li>3：<a href="/npb/player?id=500051">藤田</a>　レフトへのヒットで出塁 1,2塁</li>
<li>4：<b class="red"><a href="/npb/player?id=600020">銀次</a>　1アウト1,2塁の0-2からセンターへの勝ち越しタイムリーヒット！ 楽3-2西 1,3塁</b></li>
<li>5：<b class="green">ピッチャー菊池に代わって「速球派リリーフ」増田がマウンドにあがる</b></li>
<li>6：<a href="/npb/player?id=1200129">ジョーンズ</a>　外角の変化球を打つもセンターフライ 2アウト2,3塁</li>
<li>7：<a href="/npb/player?id=1200136">マギー</a>　カウント1-2から外角のストレートに見逃し三振でバッターアウト！ 3アウトチェンジ</li>
</ul>
<div class="score yjS">
<p>得点:<b class="red">1</b> 、 ヒット:<span class="red">3</span> 、 四死球:0</p>
</div>
</div>
<div id="i8" class="item L clearfix"><!--チーム選択--><!--イニングid-->
<div class="title"><h3 class="yjS"><b>8回表</b>　西武の攻撃</h3></div>
<ul>
<li>1：<b class="green">ピッチャー小山伸に代わって「局面打開のスライダー」青山がマウンドにあがる</b></li>
<li>2：<a href="/npb/player?id=900056">浅村</a>　高めのストレートを打つもサードゴロ 1アウト</li>
<li>3：<a href="/npb/player?id=1000150">秋山</a>　内角のスライダーを打つもファーストゴロ 2アウト</li>
<li>4：<a href="/npb/player?id=1200125">スピリー</a>　外角の変化球を打つもセカンドフライ 3アウトチェンジ</li>
</ul>
<div class="score yjS">
<p>得点: 0、 ヒット:0、 四死球:0</p>
</div>
      
<div class="anker"><a href="#wrapper">ページトップへ</a></div>
</div>
<div id="ii8" class="item E clearfix"><!--チーム選択--><!--イニングid-->
<div class="title"><h3 class="yjS"><b>8回裏</b>　楽天の攻撃</h3></div>
<ul>
<li>1：<a href="/npb/player?id=600068">森山</a>　内角のストレートを打つもショートゴロ 1アウト</li>
<li>2：<a href="/npb/player?id=1100132">島内</a>　低めのスライダーを打つもセカンドゴロ 2アウト</li>
<li>3：<a href="/npb/player?id=700072">嶋</a>　ピッチャー増田のグラブを弾くもショートゴロに倒れる 3アウトチェンジ</li>
</ul>
<div class="score yjS">
<p>得点:0 、 ヒット:0 、 四死球:0</p>
</div>
</div>
<div id="i9" class="item L clearfix"><!--チーム選択--><!--イニングid-->
<div class="title"><h3 class="yjS"><b>9回表</b>　西武の攻撃</h3></div>
<ul>
<li>1：<b class="green">ピッチャー青山に代わって「ナイスガイなクローザー」ラズナーがマウンドにあがる</b></li>
<li>2：<a href="/npb/player?id=1200083">金子</a>　外角のストレートを見送り四球を選ぶ 1塁</li>
<li>3：<a href="/npb/player?id=600026">炭谷</a>　見事送りバントを決める 1アウト2塁</li>
<li>4：<b class="green">鬼崎→代打:上本</b></li>
<li>5：<a href="/npb/player?id=20191">上本</a>　ファウルフライをマギー(三)が捕球してバッターアウト 2アウト</li>
<li>6：<b class="red"><a href="/npb/player?id=1200011">ヘルマン</a>　2アウト2塁の0-1からライトへの同点タイムリーヒット！ 楽3-3西 1塁</b></li>
<li>7：一塁走者ヘルマン:盗塁を試みるもアウト 3アウトチェンジ</li>
</ul>
<div class="score yjS">
<p>得点: <b class="red">1</b>、 ヒット:<span class="red">1</span>、 四死球:1</p>
</div>
      
<div class="anker"><a href="#wrapper">ページトップへ</a></div>
</div>
<div id="ii9" class="item E clearfix"><!--チーム選択--><!--イニングid-->
<div class="title"><h3 class="yjS"><b>9回裏</b>　楽天の攻撃</h3></div>
<ul>
<li>1：<b class="green">投手交代:増田→ウィリアムス　守備交代:ショート永江</b></li>
<li>2：<a href="/npb/player?id=700039">岩崎</a>　一度もバットを振ることなくストレートのフォアボールを選ぶ 1塁</li>
<li>3：<a href="/npb/player?id=800084">聖沢</a>　外角のストレートを打つもレフトフライ 1アウト</li>
<li>4：<a href="/npb/player?id=500051">藤田</a>　見事送りバントを決める 2アウト2塁</li>
<li>5：<a href="/npb/player?id=600020">銀次</a>　一打サヨナラの場面でど真ん中の球を打つもショートライナー 3アウトチェンジ</li>
</ul>
<div class="score yjS">
<p>得点:0 、 ヒット:0 、 四死球:1</p>
</div>
</div>
<div id="i10" class="item L clearfix"><!--チーム選択--><!--イニングid-->
<div class="title"><h3 class="yjS"><b>10回表</b>　西武の攻撃</h3></div>
<ul>
<li>1：<b class="green">ピッチャーラズナーに代わって「杜のシンボル」斎藤がマウンドにあがる</b></li>
<li>2：<a href="/npb/player?id=700077">大崎</a>　ファーストへのファウルフライに倒れる 1アウト</li>
<li>3：<a href="/npb/player?id=12102">栗山</a>　空振りの三振を喫する 2アウト</li>
<li>4：<a href="/npb/player?id=900056">浅村</a>　一度もバットを振ることなくストレートのフォアボールを選ぶ 1塁</li>
<li>5：<a href="/npb/player?id=1000150">秋山</a>　空振りの三振を喫する 3アウトチェンジ</li>
</ul>
<div class="score yjS">
<p>得点: 0、 ヒット:0、 四死球:1</p>
</div>
      
<div class="anker"><a href="#wrapper">ページトップへ</a></div>
</div>
<div id="ii10" class="item E clearfix"><!--チーム選択--><!--イニングid-->
<div class="title"><h3 class="yjS"><b>10回裏</b>　楽天の攻撃</h3></div>
<ul>
<li>1：<b class="green">投手交代:ウィリアムス→サファテ</b></li>
<li>2：<a href="/npb/player?id=1200129">ジョーンズ</a>　高めのボール球につられて空振り三振 1アウト</li>
<li>3：<a href="/npb/player?id=1200136">マギー</a>　153キロの真っ直ぐを見送り四球を選ぶ 1塁</li>
<li>4：<a href="/npb/player?id=600068">森山</a>　見事送りバントを成功させる 2アウト2塁</li>
<li>5：<a href="/npb/player?id=1100132">島内</a>　153キロのストレートを見送り四球を選ぶ 1,2塁</li>
<li>6：<a href="/npb/player?id=700072">嶋</a>　一打サヨナラの場面で153キロのストレートを打つもライトフライ 3アウトチェンジ</li>
</ul>
<div class="score yjS">
<p>得点:0 、 ヒット:0 、 四死球:2</p>
</div>
</div>
<div id="i11" class="item L clearfix"><!--チーム選択--><!--イニングid-->
<div class="title"><h3 class="yjS"><b>11回表</b>　西武の攻撃</h3></div>
<ul>
<li>1：<a href="/npb/player?id=1200125">スピリー</a>　レフトへのヒットを放つ 1塁</li>
<li>2：<b class="green">1塁スピリー→代走:林崎</b></li>
<li>3：<a href="/npb/player?id=1200083">金子</a>　送りバントを試みるもフライとなりアウト 1アウト</li>
<li>4：<a href="/npb/player?id=600026">炭谷</a>　バント失敗でダブルプレー！ 3アウトチェンジ</li>
</ul>
<div class="score yjS">
<p>得点: 0、 ヒット:<span class="red">1</span>、 四死球:0</p>
</div>
      
<div class="anker"><a href="#wrapper">ページトップへ</a></div>
</div>
<div id="ii11" class="item E clearfix"><!--チーム選択--><!--イニングid-->
<div class="title"><h3 class="yjS"><b>11回裏</b>　楽天の攻撃</h3></div>
<ul>
<li>1：<b class="green">ピッチャーサファテに代わって「右の本格派」岡本洋がマウンドにあがる</b></li>
<li>2：<a href="/npb/player?id=700039">岩崎</a>　空振りの三振を喫する 1アウト</li>
<li>3：<a href="/npb/player?id=800084">聖沢</a>　高めのストレートを打つもピッチャーゴロ 2アウト</li>
<li>4：<a href="/npb/player?id=500051">藤田</a>　外角の落ちる球を打つもピッチャーライナー 3アウトチェンジ</li>
</ul>
<div class="score yjS">
<p>得点:0 、 ヒット:0 、 四死球:0</p>
</div>
</div>
<div id="i12" class="item L clearfix"><!--チーム選択--><!--イニングid-->
<div class="title"><h3 class="yjS"><b>12回表</b>　西武の攻撃</h3></div>
<ul>
<li>1：<b class="green">ピッチャー斎藤に代わって「再起をはかるベテランサウスポー」星野がマウンドにあがる</b></li>
<li>2：<b class="green">永江→代打:渡辺</b></li>
<li>3：<a href="/npb/player?id=700074">渡辺</a>　ライトへのツーベース 2塁</li>
<li>4：<b class="green">投手交代:星野→宮川</b></li>
<li>5：<a href="/npb/player?id=1200011">ヘルマン</a>　見事送りバントを決める 1アウト3塁</li>
<li>6：<b class="red"><a href="/npb/player?id=700077">大崎</a>　1アウト3塁の2-2からライトへの犠牲フライを放つ</b></li>
<li>7：<b class="red">西武勝ち越し！ 楽3-4西 2アウト</b></li>
<li>8：<a href="/npb/player?id=12102">栗山</a>　ファウルフライをマギー(三)がつかんでバッターアウト 3アウトチェンジ</li>
</ul>
<div class="score yjS">
<p>得点: <b class="red">1</b>、 ヒット:<span class="red">1</span>、 四死球:0</p>
</div>
      
<div class="anker"><a href="#wrapper">ページトップへ</a></div>
</div>
<div id="ii12" class="item E clearfix"><!--チーム選択--><!--イニングid-->
<div class="title"><h3 class="yjS"><b>12回裏</b>　楽天の攻撃</h3></div>
<ul>
<li>1：<b class="green">ピッチャー岡本洋に代わってキレのある変化球を投げる松下がマウンドにあがる　守備交代:ライト熊代　守備変更:林崎DH→ショート　守備変更:渡辺→セカンド　西武DH解除</b></li>
<li>2：<a href="/npb/player?id=600020">銀次</a>　センターへのヒットで出塁 1塁</li>
<li>3：<b class="green">1塁走者銀次に代わり、「走れるキャッチャー」岡島</b></li>
<li>4：<a href="/npb/player?id=1200129">ジョーンズ</a>　見逃し三振！一塁走者岡島も盗塁失敗でダブルプレー 2アウト</li>
<li>5：<a href="/npb/player?id=1200136">マギー</a>　一発出れば同点の場面で外角低めのスライダーを打つもセンターフライ ゲームセット</li>
<li>6：試合終了</li>
</ul>
<div class="score yjS">
<p>得点:0 、 ヒット:<span class="red">1</span> 、 四死球:0</p>
</div>
</div>
</div>
<!-- テキスト速報 -->

<div id="yads_67572_1441_position_02"></div>
</div><!--/#main-->
<!--main end-->

<!--sub start-->
<div id="sub">
<!-- SpaceID=0 robot -->
<!--/#pos-lrec-->

<!-- 他球団モジュール -->
<div class="yjSNLiveCommonsubtitle"><h4 class="yjS"><span>7/12(金)　そのほかの試合</span></h4></div>
<div id="yjSNLiveOthergame">
<table width=100% cellpadding=0 cellspacing=0 border=0>
<tr><td class=''><a alt='そのほかの試合' href='/npb/game/2013071201/'><dl>
<dt><b>ヤ</b></dt>
<dd><b>11</b> - 9</dd>
<dt>広</dt>
</dl>
<div class="none">結果</div></a></td>
<td class=''><a alt='そのほかの試合' href='/npb/game/2013071202/'><dl>
<dt><b>中</b></dt>
<dd><b>9</b> - 1</dd>
<dt>巨</dt>
</dl>
<div class="none">結果</div></a></td>
<td class=''><a alt='そのほかの試合' href='/npb/game/2013071203/'><dl>
<dt><b>神</b></dt>
<dd><b>3</b> - 2</dd>
<dt>Ｄ</dt>
</dl>
<div class="none">結果</div></a></td>
</tr><tr><td class=''><a alt='そのほかの試合' href='/npb/game/2013071204/'><dl>
<dt>日</dt>
<dd>1 - <b>4</b></dd>
<dt><b>ロ</b></dt>
</dl>
<div class="none">結果</div></a></td>
<td class='act'><dl>
<dt>楽</dt>
<dd>3 - <b>4</b></dd>
<dt><b>西</b></dt>
</dl>
<div>観戦中</div></td>
<td class=''><a alt='そのほかの試合' href='/npb/game/2013071206/'><dl>
<dt>ソ</dt>
<dd>2 - <b>7</b></dd>
<dt><b>オ</b></dt>
</dl>
<div class="none">結果</div></a></td>
</tr></table>
</div>

<!-- /他球団モジュール -->
<!--打順-->
<div class="yjSNLiveCommonsubtitle"><h4 class="yjS"><span>打順</span></h4></div>
<div id="yjSNLiveBattinglist" class="clearfix">

<table class="column-left" width=100% cellpadding=0 cellspacing=0 border=0>
<tr class="teamborder">
<th colspan=3 class="L">&nbsp;</th>
<th colspan=3 class="E">&nbsp;</th>
</tr>
<tr class="teamlogo">
<th colspan=3 class="L"><a href="/npb/teams/7/">西武</a></th>
<th colspan=3 class="E"><a href="/npb/teams/376/">楽天</a></th>
</tr>

<tr>
<td class="nm">1</td>
<td>三</td>
<td class="pn"><a href="/npb/player?id=1200011">ヘルマン</a></td>
<td class="nm">1</td>
<td>中</td>
<td class="pn"><a href="/npb/player?id=800084">聖沢諒</a></td>
</tr>
<tr>
<td class="nm">2</td>
<td>右</td>
<td class="pn"><a href="/npb/player?id=1000153">熊代聖人</a></td>
<td class="nm">2</td>
<td>二</td>
<td class="pn"><a href="/npb/player?id=500051">藤田一也</a></td>
</tr>
<tr>
<td class="nm">3</td>
<td>左</td>
<td class="pn"><a href="/npb/player?id=12102">栗山巧</a></td>
<td class="nm">3</td>
<td>走</td>
<td class="pn"><a href="/npb/player?id=1100130">岡島豪郎</a></td>
</tr>
<tr>
<td class="nm">4</td>
<td>一</td>
<td class="pn"><a href="/npb/player?id=900056">浅村栄斗</a></td>
<td class="nm">4</td>
<td>指</td>
<td class="pn"><a href="/npb/player?id=1200129">ジョーンズ</a></td>
</tr>
<tr>
<td class="nm">5</td>
<td>中</td>
<td class="pn"><a href="/npb/player?id=1000150">秋山翔吾</a></td>
<td class="nm act">5</td>
<td class="act">三</td>
<td class="pn act"><a href="/npb/player?id=1200136">マギー</a></td>
</tr>
<tr>
<td class="nm">6</td>
<td>遊</td>
<td class="pn"><a href="/npb/player?id=1000152">林崎遼</a></td>
<td class="nm">6</td>
<td>左</td>
<td class="pn"><a href="/npb/player?id=600068">森山周</a></td>
</tr>
<tr>
<td class="nm">7</td>
<td>投</td>
<td class="pn"><a href="/npb/player?id=1000022">松下建太</a></td>
<td class="nm">7</td>
<td>右</td>
<td class="pn"><a href="/npb/player?id=1100132">島内宏明</a></td>
</tr>
<tr>
<td class="nm">8</td>
<td>捕</td>
<td class="pn"><a href="/npb/player?id=600026">炭谷銀仁朗</a></td>
<td class="nm">8</td>
<td>捕</td>
<td class="pn"><a href="/npb/player?id=700072">嶋基宏</a></td>
</tr>
<tr>
<td class="nm">9</td>
<td>二</td>
<td class="pn"><a href="/npb/player?id=700074">渡辺直人</a></td>
<td class="nm">9</td>
<td>遊</td>
<td class="pn"><a href="/npb/player?id=700039">岩崎達郎</a></td>
</tr>

</table>

</div>

<!--打順-->

<!--ゲーム差-->
<!--ゲーム差-->


<!--球団情報-->

<!-- /新IM -->

</div><!--/#contents-body-->

 
</div><!-- Facebook -->
<div id="fb-root"></div>
<!-- / Facebook -->
</body>
</html>
