<!DOCTYPE html PUBLIC "-//W3C//DTD XHTML 1.0 Transitional//EN" "http://www.w3.org/TR/xhtml1/DTD/xhtml1-transitional.dtd">
<html lang="ja" xmlns:og="http://ogp.me/ns#" xmlns:mixi="http://mixi-platform.com/ns#" xmlns:fb="http://www.facebook.com/2008/fbml">
<head>
<!---京--->
<meta http-equiv="Content-Type" content="text/html; charset=utf-8">
<meta http-equiv="Content-Style-Type" content="text/css">
<meta http-equiv="Content-Script-Type" content="text/javascript">
<title>Yahoo!スポーツ - プロ野球</title>
<meta name="description" content="楽天 vs ロッテのテキスト速報。一球速報、結果、セ・リーグ、パ・リーグの日程、順位、個人成績、プロ野球に関連した最新ニュース、写真ニュースなどの情報が満載な、Yahoo!スポーツ プロ野球サイトのテキスト速報ページです。">
<meta name="keywords" content="テキスト速報,速報,中継,楽天,ロッテ,プロ野球,野球">
<link rel="stylesheet" href="http://i.yimg.jp/images/sports/baseball/npb/live/css/master-npb-live-common.css" type="text/css" media="all">
<link rel="stylesheet" href="http://i.yimg.jp/images/sports/baseball/npb/css/master-npb-common.css" type="text/css" media="all">


<meta property="og:title"       content="Yahoo!プロ野球 - 2013年7月2日 楽天vs.ロッテ テキスト速報" />
<meta property="og:type"        content="website" />
<meta property="og:url"         content="http://baseball.yahoo.co.jp/npb/game/2013070204/text" /> 
<meta property="og:image"       content="http://i.yimg.jp/images/sports/promo/pc/facebook/baseball_76x76.png" />
<meta property="og:site_name"   content="Yahoo!スポーツ" />
<meta property="og:description" content="" />
<meta property="og:locale"      content="ja_JP" />
<meta property="fb:app_id"      content="215456371901325" />
<link rel="apple-touch-icon" href="http://i.yimg.jp/images/sports/promo/pc/facebook/baseball.png">
<script type="text/javascript" src="http://i.yimg.jp/images/sports/js/jquery-1.3.2.min.js"></script><script type="text/javascript" src="http://i.yimg.jp/images/sports/v1/js/sports.global-1.1.1.js"></script>
</head>
<body class="yj950-2">

<div id="wrapper"><div id="contents-body" class="yjSNLive">
<!--main start-->
<div id="main">

<!-- ローカルナビ -->
<div id="ch-navi" class="clearfix mb5p">
<ul class="clearfix">

<li><span><a href="/npb/game/2013070204/top"">試合トップ</a></span></li><!--ナビアクティブ-->

<li class="gray"><span><a>一球速報</a></span></li>


<li class="on"><span><a>テキスト速報</a></span></li>


<li><span><a href="/npb/game/2013070204/stats">投打詳細</a></span></li>

 
<li><span><a href="http://rd.yahoo.co.jp/media/sports/baseball/npb/live/tab/comment/SIG=11u70ukck/*http%3A//textream.yahoo.co.jp/rd/sports/npb/?game=2013070204">コメント</a></span></li>


</ul>
<em><a href="/npb/schedule/?date=20130702">7月2日（火）</a>楽天 vs. ロッテ</em>
</div>

<!-- /ローカルナビ -->

<!-- スコアボード -->
<div id="yjSNLiveTextscoreboard">

<div class="inner">
<table width="100%" cellspacing="0" cellpadding="0" border="0">

<tbody><tr class="chs-title yjS">
<th>&nbsp;</th>
<th>1</th>
<th>2</th>
<th>3</th>
<th>4</th>
<th>5</th>
<th>6</th>
<th>7</th>
<th>8</th>
<th>9</th>
<th>計</th>
<th>安</th>
<th>失</th>
</tr>
<tr class="yjMS">
<th class="M">
<b><a href="/npb/teams/9/">ロッテ</a></b></th><!--チーム選択-->


<td>
<a href=http://rd.yahoo.co.jp/media/sports/baseball/npb/live/sokuho/SIG=11og5cq9v/*http%3A//baseball.yahoo.co.jp/npb/game/2013070204/text#i1>0</a>
</td>
<td>
<a href=http://rd.yahoo.co.jp/media/sports/baseball/npb/live/sokuho/SIG=11og5cq9v/*http%3A//baseball.yahoo.co.jp/npb/game/2013070204/text#i2>0</a>
</td>
<td>
<a href=http://rd.yahoo.co.jp/media/sports/baseball/npb/live/sokuho/SIG=11og5cq9v/*http%3A//baseball.yahoo.co.jp/npb/game/2013070204/text#i3>0</a>
</td>
<td>
<a href=http://rd.yahoo.co.jp/media/sports/baseball/npb/live/sokuho/SIG=11og5cq9v/*http%3A//baseball.yahoo.co.jp/npb/game/2013070204/text#i4>0</a>
</td>
<td>
<a href=http://rd.yahoo.co.jp/media/sports/baseball/npb/live/sokuho/SIG=11og5cq9v/*http%3A//baseball.yahoo.co.jp/npb/game/2013070204/text#i5>0</a>
</td>
<td>
<a href=http://rd.yahoo.co.jp/media/sports/baseball/npb/live/sokuho/SIG=11og5cq9v/*http%3A//baseball.yahoo.co.jp/npb/game/2013070204/text#i6>0</a>
</td>
<td>
<a href=http://rd.yahoo.co.jp/media/sports/baseball/npb/live/sokuho/SIG=11og5cq9v/*http%3A//baseball.yahoo.co.jp/npb/game/2013070204/text#i7>0</a>
</td>
<td>
<a href=http://rd.yahoo.co.jp/media/sports/baseball/npb/live/sokuho/SIG=11og5cq9v/*http%3A//baseball.yahoo.co.jp/npb/game/2013070204/text#i8>0</a>
</td>
<td>
<a href=http://rd.yahoo.co.jp/media/sports/baseball/npb/live/sokuho/SIG=11og5cq9v/*http%3A//baseball.yahoo.co.jp/npb/game/2013070204/text#i9>0</a>
</td>
<td class="sum">0</td>
<td class="fwn">10</td>
<td class="fwn">1</td>
</tr>
<tr class="yjMS">
<th class="E">

<b><a href="/npb/teams/376/">楽天</a></b></th><!--チーム選択-->
<td>
<a href=http://rd.yahoo.co.jp/media/sports/baseball/npb/live/sokuho/SIG=11og5cq9v/*http%3A//baseball.yahoo.co.jp/npb/game/2013070204/text#ii1>1</a>
</td>
<td>
<a href=http://rd.yahoo.co.jp/media/sports/baseball/npb/live/sokuho/SIG=11og5cq9v/*http%3A//baseball.yahoo.co.jp/npb/game/2013070204/text#ii2>3</a>
</td>
<td>
<a href=http://rd.yahoo.co.jp/media/sports/baseball/npb/live/sokuho/SIG=11og5cq9v/*http%3A//baseball.yahoo.co.jp/npb/game/2013070204/text#ii3>0</a>
</td>
<td>
<a href=http://rd.yahoo.co.jp/media/sports/baseball/npb/live/sokuho/SIG=11og5cq9v/*http%3A//baseball.yahoo.co.jp/npb/game/2013070204/text#ii4>0</a>
</td>
<td>
<a href=http://rd.yahoo.co.jp/media/sports/baseball/npb/live/sokuho/SIG=11og5cq9v/*http%3A//baseball.yahoo.co.jp/npb/game/2013070204/text#ii5>2</a>
</td>
<td>
<a href=http://rd.yahoo.co.jp/media/sports/baseball/npb/live/sokuho/SIG=11og5cq9v/*http%3A//baseball.yahoo.co.jp/npb/game/2013070204/text#ii6>0</a>
</td>
<td>
<a href=http://rd.yahoo.co.jp/media/sports/baseball/npb/live/sokuho/SIG=11og5cq9v/*http%3A//baseball.yahoo.co.jp/npb/game/2013070204/text#ii7>0</a>
</td>
<td>
<a href=http://rd.yahoo.co.jp/media/sports/baseball/npb/live/sokuho/SIG=11og5cq9v/*http%3A//baseball.yahoo.co.jp/npb/game/2013070204/text#ii8>1</a>
</td>
<td>
<a href=http://rd.yahoo.co.jp/media/sports/baseball/npb/live/sokuho/SIG=11og5cq9v/*http%3A//baseball.yahoo.co.jp/npb/game/2013070204/text#ii9>X</a>
</td>
<td class="sum">7</td>
<td class="fwn">11</td>
<td class="fwn">1</td>
</tr>

</tbody></table>
</div>


<div class="navi clearfix">

<div class="column-left">
</div>

<div class="column-right">

<div class="reflesh clearfix">
<ul class="clearfix">
<li class="auto" title="自動更新"><a id="btn_auto" href="http://rd.yahoo.co.jp/media/sports/baseball/npb/live/auto/SIG=11og5cq9v/*http%3A//baseball.yahoo.co.jp/npb/game/2013070204/text?manual=2"><i>自動更新</i></a></li>
<li class="manual-on" title="手動更新"><a><i>手動更新</i></a></li>
<li title="更新" class="btn_reflesh"><a href="http://rd.yahoo.co.jp/media/sports/baseball/npb/live/refresh/SIG=11og5cq9v/*http%3A//baseball.yahoo.co.jp/npb/game/2013070204/text?manual=1"><i>更新</i></a></li>
</ul>
<em>自動更新：30秒</em>
</div>

</div>
</div>

</div>
<!-- /スコアボード -->


<!-- テキスト速報 -->
<div class="yjSportsCommonTitle"><h3 class="yjS"><span><strong>テキスト速報</strong></span></h3></div><div id="yjSNLiveTextlive" class="yjMS">

<div id="i1" class="item M clearfix"><!--チーム選択--><!--イニングid-->
<div class="title"><h3 class="yjS"><b>1回表</b>　ロッテの攻撃</h3></div>
<ul>
<li>1：試合開始</li>
<li>2：<a href="/npb/player?id=1000014">荻野貴</a>　セカンドゴロ 1アウト</li>
<li>3：<a href="/npb/player?id=600092">根元</a>　外角低めにズバっと決まり見逃し三振 2アウト</li>
<li>4：<a href="/npb/player?id=11584">井口</a>　センターへのヒットで出塁 1塁</li>
<li>5：<a href="/npb/player?id=12095">今江</a>　センターへのヒットを放つ 1,2塁</li>
<li>6：<a href="/npb/player?id=500083">大松</a>　ファウルフライをマギー(三)が捕球してバッターアウト 3アウトチェンジ</li>
</ul>
<div class="score yjS">
<p>得点: 0、 ヒット:<span class="red">2</span>、 四死球:0</p>
</div>
      
<div class="anker"><a href="#wrapper">ページトップへ</a></div>
</div>
<div id="yads_67572_1441_position_01"></div><div id="ii1" class="item E clearfix"><!--チーム選択--><!--イニングid-->
<div class="title"><h3 class="yjS"><b>1回裏</b>　楽天の攻撃</h3></div>
<ul>
<li>1：<a href="/npb/player?id=800084">聖沢</a>　ライトへのヒットを放つ 1塁</li>
<li>2：<a href="/npb/player?id=500051">藤田</a>　レフトへのヒット 1,2塁</li>
<li>3：<b class="red"><a href="/npb/player?id=600020">銀次</a>　鈴木(遊)の後逸により出塁する</b></li>
<li>4：<b class="red">楽天先制！ 楽1-0ロ 1,2塁</b></li>
<li>5：<a href="/npb/player?id=1200129">ジョーンズ</a>　ファウルフライを井口(一)がつかんでバッターアウト 1アウト</li>
<li>6：<a href="/npb/player?id=1200136">マギー</a>　外角の真っ直ぐを見送りフォアボール。ロッテ、満塁のピンチをまねく 満塁</li>
<li>7：<a href="/npb/player?id=1100132">島内</a>　ファウルフライを荻野貴(左)がつかんでバッターアウト 2アウト</li>
<li>8：<a href="/npb/player?id=11270">松井</a>　外角の変化球を打つもセカンドゴロ 3アウトチェンジ</li>
</ul>
<div class="score yjS">
<p>得点:<b class="red">1</b> 、 ヒット:<span class="red">2</span> 、 四死球:1</p>
</div>
</div>
<div id="i2" class="item M clearfix"><!--チーム選択--><!--イニングid-->
<div class="title"><h3 class="yjS"><b>2回表</b>　ロッテの攻撃</h3></div>
<ul>
<li>1：<a href="/npb/player?id=1100103">鈴木</a>　外角のフォークボールを打つもセカンドゴロ 1アウト</li>
<li>2：<a href="/npb/player?id=700087">角中</a>　内角の真っ直ぐを打つもライトフライ 2アウト</li>
<li>3：<a href="/npb/player?id=1000127">江村</a>　内角のフォークボールに空振り三振でバッターアウト 3アウトチェンジ</li>
</ul>
<div class="score yjS">
<p>得点: 0、 ヒット:0、 四死球:0</p>
</div>
      
<div class="anker"><a href="#wrapper">ページトップへ</a></div>
</div>
<div id="ii2" class="item E clearfix"><!--チーム選択--><!--イニングid-->
<div class="title"><h3 class="yjS"><b>2回裏</b>　楽天の攻撃</h3></div>
<ul>
<li>1：<a href="/npb/player?id=700072">嶋</a>　内野安打 1塁</li>
<li>2：<a href="/npb/player?id=600021">枡田</a>　セカンドゴロ 1アウト2塁</li>
<li>3：<a href="/npb/player?id=800084">聖沢</a>　外角のストレートを見送りフォアボールを選ぶ 1,2塁</li>
<li>4：<a href="/npb/player?id=500051">藤田</a>　1アウト1,2塁からサードへの内野安打 満塁</li>
<li>5：<b class="red"><a href="/npb/player?id=600020">銀次</a>　ランナーフルベースの1-1からタイムリーヒット 楽3-0ロ 2,3塁</b></li>
<li>6：<b class="red"><a href="/npb/player?id=1200129">ジョーンズ</a>　サードゴロの間に楽天1点をあげる 楽4-0ロ 2アウト3塁</b></li>
<li>7：<a href="/npb/player?id=1200136">マギー</a>　外角のスライダーを打つもセカンドゴロ 3アウトチェンジ</li>
</ul>
<div class="score yjS">
<p>得点:<b class="red">3</b> 、 ヒット:<span class="red">3</span> 、 四死球:1</p>
</div>
</div>
<div id="i3" class="item M clearfix"><!--チーム選択--><!--イニングid-->
<div class="title"><h3 class="yjS"><b>3回表</b>　ロッテの攻撃</h3></div>
<ul>
<li>1：<a href="/npb/player?id=900082">岡田</a>　ファーストへの二塁打 2塁</li>
<li>2：<a href="/npb/player?id=1000014">荻野貴</a>　ファウルフライを銀次(一)が捕球してバッターアウト 1アウト</li>
<li>3：<a href="/npb/player?id=600092">根元</a>　1アウト2塁からレフトへのヒットで出塁 1,3塁</li>
<li>4：<a href="/npb/player?id=11584">井口</a>　内角のフォークボールを打つもキャッチャーゴロ 2アウト1,3塁</li>
<li>5：<a href="/npb/player?id=12095">今江</a>　2アウト1,3塁から内角のフォークボールを打つもセカンドゴロ 3アウトチェンジ</li>
</ul>
<div class="score yjS">
<p>得点: 0、 ヒット:<span class="red">2</span>、 四死球:0</p>
</div>
      
<div class="anker"><a href="#wrapper">ページトップへ</a></div>
</div>
<div id="ii3" class="item E clearfix"><!--チーム選択--><!--イニングid-->
<div class="title"><h3 class="yjS"><b>3回裏</b>　楽天の攻撃</h3></div>
<ul>
<li>1：<a href="/npb/player?id=1100132">島内</a>　外角のカーブを打つもショートゴロ 1アウト</li>
<li>2：<a href="/npb/player?id=11270">松井</a>　レフトへのヒットで出塁 1塁</li>
<li>3：<a href="/npb/player?id=700072">嶋</a>　ライトへのヒットを放つ 1,3塁</li>
<li>4：<a href="/npb/player?id=600021">枡田</a>　空振りの三振を喫する 2アウト</li>
<li>5：<a href="/npb/player?id=800084">聖沢</a>　外角のチェンジアップを打つもセカンドゴロ 3アウトチェンジ</li>
</ul>
<div class="score yjS">
<p>得点:0 、 ヒット:<span class="red">2</span> 、 四死球:0</p>
</div>
</div>
<div id="i4" class="item M clearfix"><!--チーム選択--><!--イニングid-->
<div class="title"><h3 class="yjS"><b>4回表</b>　ロッテの攻撃</h3></div>
<ul>
<li>1：<a href="/npb/player?id=500083">大松</a>　内角のストレートを打つもセカンドゴロ 1アウト</li>
<li>2：<a href="/npb/player?id=1100103">鈴木</a>　外角の落ちる球を打つもセンターフライ 2アウト</li>
<li>3：<a href="/npb/player?id=700087">角中</a>　外角の真っ直ぐを打つもセンターフライ 3アウトチェンジ</li>
</ul>
<div class="score yjS">
<p>得点: 0、 ヒット:0、 四死球:0</p>
</div>
      
<div class="anker"><a href="#wrapper">ページトップへ</a></div>
</div>
<div id="ii4" class="item E clearfix"><!--チーム選択--><!--イニングid-->
<div class="title"><h3 class="yjS"><b>4回裏</b>　楽天の攻撃</h3></div>
<ul>
<li>1：<a href="/npb/player?id=500051">藤田</a>　内角のスライダーを打つもサードゴロ 1アウト</li>
<li>2：<a href="/npb/player?id=600020">銀次</a>　外角のストレートを打つもライトフライ 2アウト</li>
<li>3：<a href="/npb/player?id=1200129">ジョーンズ</a>　外角のスライダーを打つもレフトフライ 3アウトチェンジ</li>
</ul>
<div class="score yjS">
<p>得点:0 、 ヒット:0 、 四死球:0</p>
</div>
</div>
<div id="i5" class="item M clearfix"><!--チーム選択--><!--イニングid-->
<div class="title"><h3 class="yjS"><b>5回表</b>　ロッテの攻撃</h3></div>
<ul>
<li>1：<a href="/npb/player?id=1000127">江村</a>　150キロのストレートを打つもサードゴロ 1アウト</li>
<li>2：<a href="/npb/player?id=900082">岡田</a>　ワンバウンドした球に空振り、三振を喫する 2アウト</li>
<li>3：<a href="/npb/player?id=1000014">荻野貴</a>　センターへのヒットで出塁 1塁</li>
<li>4：嶋(捕):悪送球</li>
<li>5：一塁走者荻野貴:盗塁成功　1塁走者荻野貴はさらに3塁まで進塁 3塁</li>
<li>6：<a href="/npb/player?id=600092">根元</a>　外角のフォークボールを打つもピッチャーゴロ 3アウトチェンジ</li>
</ul>
<div class="score yjS">
<p>得点: 0、 ヒット:<span class="red">1</span>、 四死球:0</p>
</div>
      
<div class="anker"><a href="#wrapper">ページトップへ</a></div>
</div>
<div id="ii5" class="item E clearfix"><!--チーム選択--><!--イニングid-->
<div class="title"><h3 class="yjS"><b>5回裏</b>　楽天の攻撃</h3></div>
<ul>
<li>1：<b class="red"><a href="/npb/player?id=1200136">マギー</a>　レフトスタンドへのホームラン 楽5-0ロ</b></li>
<li>2：<a href="/npb/player?id=1100132">島内</a>　低めのストレートを見送りフォアボールを選ぶ 1塁</li>
<li>3：<a href="/npb/player?id=11270">松井</a>　ど真ん中のストレートを打つもセンターフライ 1アウト</li>
<li>4：<a href="/npb/player?id=700072">嶋</a>　ライトへのヒットを放つ 1,2塁</li>
<li>5：<a href="/npb/player?id=600021">枡田</a>　1アウト1,2塁から低めの変化球を打つもレフトフライ 2アウト</li>
<li>6：<b class="red"><a href="/npb/player?id=800084">聖沢</a>　ランナー1,2塁の1-2からセカンドへのタイムリー内野安打 楽6-0ロ 1,2塁</b></li>
<li>7：<a href="/npb/player?id=500051">藤田</a>　外角の真っ直ぐを打つもセカンドゴロ 3アウトチェンジ</li>
</ul>
<div class="score yjS">
<p>得点:<b class="red">2</b> 、 ヒット:<span class="red">3</span> 、 四死球:1</p>
</div>
</div>
<div id="i6" class="item M clearfix"><!--チーム選択--><!--イニングid-->
<div class="title"><h3 class="yjS"><b>6回表</b>　ロッテの攻撃</h3></div>
<ul>
<li>1：<b class="green">「フィールド周遊」森山がレフトの守備につく</b></li>
<li>2：<a href="/npb/player?id=11584">井口</a>　空振りの三振を喫する 1アウト</li>
<li>3：<a href="/npb/player?id=12095">今江</a>　外角のスライダーを打つもショートゴロ 2アウト</li>
<li>4：<a href="/npb/player?id=500083">大松</a>　高めの落ちる球をレフトへ打ってヒット 1塁</li>
<li>5：<a href="/npb/player?id=1100103">鈴木</a>　外角のシュートを打つもレフトフライ 3アウトチェンジ</li>
</ul>
<div class="score yjS">
<p>得点: 0、 ヒット:<span class="red">1</span>、 四死球:0</p>
</div>
      
<div class="anker"><a href="#wrapper">ページトップへ</a></div>
</div>
<div id="ii6" class="item E clearfix"><!--チーム選択--><!--イニングid-->
<div class="title"><h3 class="yjS"><b>6回裏</b>　楽天の攻撃</h3></div>
<ul>
<li>1：<b class="green">投手交代:唐川→伊藤</b></li>
<li>2：<a href="/npb/player?id=600020">銀次</a>　外角のストレートを打つもショートゴロ 1アウト</li>
<li>3：<a href="/npb/player?id=1200129">ジョーンズ</a>　内角のシュートを打つもレフトフライ 2アウト</li>
<li>4：<a href="/npb/player?id=1200136">マギー</a>　高めの真っ直ぐを打つもサードゴロ 3アウトチェンジ</li>
</ul>
<div class="score yjS">
<p>得点:0 、 ヒット:0 、 四死球:0</p>
</div>
</div>
<div id="i7" class="item M clearfix"><!--チーム選択--><!--イニングid-->
<div class="title"><h3 class="yjS"><b>7回表</b>　ロッテの攻撃</h3></div>
<ul>
<li>1：<a href="/npb/player?id=700087">角中</a>　レフトへのヒットで出塁 1塁</li>
<li>2：<b class="green">バッター江村に代わり、ミートセンスあふれる金沢</b></li>
<li>3：<a href="/npb/player?id=20218">金沢</a>　内角低めにズバっと決まり見逃し三振 1アウト</li>
<li>4：<a href="/npb/player?id=900082">岡田</a>　ピッチャーゴロ 2アウト1塁</li>
<li>5：<a href="/npb/player?id=1000014">荻野貴</a>　レフトへのヒットで出塁 1,2塁</li>
<li>6：<a href="/npb/player?id=600092">根元</a>　外角のスライダーを打つもセカンドゴロ 3アウトチェンジ</li>
</ul>
<div class="score yjS">
<p>得点: 0、 ヒット:<span class="red">2</span>、 四死球:0</p>
</div>
      
<div class="anker"><a href="#wrapper">ページトップへ</a></div>
</div>
<div id="ii7" class="item E clearfix"><!--チーム選択--><!--イニングid-->
<div class="title"><h3 class="yjS"><b>7回裏</b>　楽天の攻撃</h3></div>
<ul>
<li>1：<b class="green">守備変更:金沢→キャッチャー</b></li>
<li>2：<a href="/npb/player?id=1100132">島内</a>　内角のスライダーに見逃し三振 1アウト</li>
<li>3：<a href="/npb/player?id=11270">松井</a>　外角のシュートを打つもショートゴロ 2アウト</li>
<li>4：<a href="/npb/player?id=700072">嶋</a>　低めの真っ直ぐに見逃し三振 3アウトチェンジ</li>
</ul>
<div class="score yjS">
<p>得点:0 、 ヒット:0 、 四死球:0</p>
</div>
</div>
<div id="i8" class="item M clearfix"><!--チーム選択--><!--イニングid-->
<div class="title"><h3 class="yjS"><b>8回表</b>　ロッテの攻撃</h3></div>
<ul>
<li>1：<b class="green">「名将が認めたディフェンス」岩崎がショートの守備につく</b></li>
<li>2：<a href="/npb/player?id=11584">井口</a>　ライトへのヒットで出塁 1塁</li>
<li>3：<b class="green">1塁走者井口に代わり、「確実な走塁」細谷</b></li>
<li>4：田中(投):暴投 2塁</li>
<li>5：<a href="/npb/player?id=12095">今江</a>　ワンバウンドした球に空振り、三振を喫する 1アウト</li>
<li>6：<a href="/npb/player?id=500083">大松</a>　内角のストレートを打つもセカンドゴロ 2アウト3塁</li>
<li>7：<a href="/npb/player?id=1100103">鈴木</a>　外角のストレートを打つもセカンドゴロ 3アウトチェンジ</li>
</ul>
<div class="score yjS">
<p>得点: 0、 ヒット:<span class="red">1</span>、 四死球:0</p>
</div>
      
<div class="anker"><a href="#wrapper">ページトップへ</a></div>
</div>
<div id="ii8" class="item E clearfix"><!--チーム選択--><!--イニングid-->
<div class="title"><h3 class="yjS"><b>8回裏</b>　楽天の攻撃</h3></div>
<ul>
<li>1：<b class="green">投手交代:伊藤→南　守備変更:細谷→サード　守備変更:大松DH→ファースト　ロッテDH解除</b></li>
<li>2：<a href="/npb/player?id=600068">森山</a>　外角のフォークボールを打つもライトフライ 1アウト</li>
<li>3：<a href="/npb/player?id=800084">聖沢</a>　低めのストレートを見送り四球を選ぶ 1塁</li>
<li>4：<b class="red"><a href="/npb/player?id=500051">藤田</a>　ライトへタイムリーツーベース！ 楽7-0ロ 2塁</b></li>
<li>5：<a href="/npb/player?id=600020">銀次</a>　高めのフォークボールを打つもセカンドゴロ 2アウト3塁</li>
<li>6：<a href="/npb/player?id=1200129">ジョーンズ</a>　フルカウントから空振りの三振を喫する 3アウトチェンジ</li>
</ul>
<div class="score yjS">
<p>得点:<b class="red">1</b> 、 ヒット:<span class="red">1</span> 、 四死球:1</p>
</div>
</div>
<div id="i9" class="item M clearfix"><!--チーム選択--><!--イニングid-->
<div class="title"><h3 class="yjS"><b>9回表</b>　ロッテの攻撃</h3></div>
<ul>
<li>1：<b class="green">ピッチャー田中に代わって「再起をはかるベテランサウスポー」星野がマウンドにあがる　「未来の正捕手候補」岡島がレフトの守備につく　守備変更:森山レフト→センター</b></li>
<li>2：<a href="/npb/player?id=700087">角中</a>　ショートへの内野安打 1塁</li>
<li>3：<a href="/npb/player?id=20218">金沢</a>　外角の変化球を打つもライトフライ 1アウト</li>
<li>4：<b class="green">ピッチャー星野に代わって「杜のシンボル」斎藤がマウンドにあがる</b></li>
<li>5：<b class="green">岡田→代打:清田</b></li>
<li>6：<a href="/npb/player?id=1000016">清田</a>　一度もバットを振ることなくフォアボールを選ぶ 1,2塁</li>
<li>7：<a href="/npb/player?id=1000014">荻野貴</a>　ど真ん中のスライダーを打つもファーストフライ 2アウト</li>
<li>8：<a href="/npb/player?id=600092">根元</a>　高めのスライダーを打つもファーストゴロ ゲームセット</li>
<li>9：試合終了</li>
</ul>
<div class="score yjS">
<p>得点: 0、 ヒット:<span class="red">1</span>、 四死球:1</p>
</div>
      
<div class="anker"><a href="#wrapper">ページトップへ</a></div>
</div>
</div>
<!-- テキスト速報 -->

<div id="yads_67572_1441_position_02"></div>
</div><!--/#main-->
<!--main end-->

<!--sub start-->
<div id="sub">
<!-- SpaceID=0 robot -->
<!--/#pos-lrec-->

<!-- 他球団モジュール -->
<div class="yjSNLiveCommonsubtitle"><h4 class="yjS"><span>7/2(火)　そのほかの試合</span></h4></div>
<div id="yjSNLiveOthergame">
<table width=100% cellpadding=0 cellspacing=0 border=0>
<tr><td class=''><a alt='そのほかの試合' href='/npb/game/2013070201/'><dl>
<dt>Ｄ</dt>
<dd>0 - <b>5</b></dd>
<dt><b>ヤ</b></dt>
</dl>
<div class="none">結果</div></a></td>
<td class=''><a alt='そのほかの試合' href='/npb/game/2013070202/'><dl>
<dt>中</dt>
<dd>5 - <b>8</b></dd>
<dt><b>広</b></dt>
</dl>
<div class="none">結果</div></a></td>
<td class=''><a alt='そのほかの試合' href='/npb/game/2013070203/'><dl>
<dt>神</dt>
<dd>2 - <b>3</b></dd>
<dt><b>巨</b></dt>
</dl>
<div class="none">結果</div></a></td>
</tr><tr><td class='act'><dl>
<dt><b>楽</b></dt>
<dd><b>7</b> - 0</dd>
<dt>ロ</dt>
</dl>
<div>観戦中</div></td>
<td class=''><a alt='そのほかの試合' href='/npb/game/2013070205/'><dl>
<dt><b>オ</b></dt>
<dd><b>4</b> - 3</dd>
<dt>西</dt>
</dl>
<div class="none">結果</div></a></td>
<td class='nogame'>&nbsp;</td></tr></table>
</div>

<!-- /他球団モジュール -->
<!--打順-->
<div class="yjSNLiveCommonsubtitle"><h4 class="yjS"><span>打順</span></h4></div>
<div id="yjSNLiveBattinglist" class="clearfix">

<table class="column-left" width=100% cellpadding=0 cellspacing=0 border=0>
<tr class="teamborder">
<th colspan=3 class="M">&nbsp;</th>
<th colspan=3 class="E">&nbsp;</th>
</tr>
<tr class="teamlogo">
<th colspan=3 class="M"><a href="/npb/teams/9/">ロッテ</a></th>
<th colspan=3 class="E"><a href="/npb/teams/376/">楽天</a></th>
</tr>

<tr>
<td class="nm">1</td>
<td>左</td>
<td class="pn"><a href="/npb/player?id=1000014">荻野貴司</a></td>
<td class="nm">1</td>
<td>左</td>
<td class="pn"><a href="/npb/player?id=1100130">岡島豪郎</a></td>
</tr>
<tr>
<td class="nm act">2</td>
<td class="act">二</td>
<td class="pn act"><a href="/npb/player?id=600092">根元俊一</a></td>
<td class="nm">2</td>
<td>二</td>
<td class="pn"><a href="/npb/player?id=500051">藤田一也</a></td>
</tr>
<tr>
<td class="nm">3</td>
<td>三</td>
<td class="pn"><a href="/npb/player?id=600032">細谷圭</a></td>
<td class="nm">3</td>
<td>一</td>
<td class="pn"><a href="/npb/player?id=600020">銀次</a></td>
</tr>
<tr>
<td class="nm">4</td>
<td>投</td>
<td class="pn"><a href="/npb/player?id=1000106">南昌輝</a></td>
<td class="nm">4</td>
<td>指</td>
<td class="pn"><a href="/npb/player?id=1200129">ジョーンズ</a></td>
</tr>
<tr>
<td class="nm">5</td>
<td>一</td>
<td class="pn"><a href="/npb/player?id=500083">大松尚逸</a></td>
<td class="nm">5</td>
<td>三</td>
<td class="pn"><a href="/npb/player?id=1200136">マギー</a></td>
</tr>
<tr>
<td class="nm">6</td>
<td>遊</td>
<td class="pn"><a href="/npb/player?id=1100103">鈴木大地</a></td>
<td class="nm">6</td>
<td>右</td>
<td class="pn"><a href="/npb/player?id=1100132">島内宏明</a></td>
</tr>
<tr>
<td class="nm">7</td>
<td>右</td>
<td class="pn"><a href="/npb/player?id=700087">角中勝也</a></td>
<td class="nm">7</td>
<td>遊</td>
<td class="pn"><a href="/npb/player?id=700039">岩崎達郎</a></td>
</tr>
<tr>
<td class="nm">8</td>
<td>捕</td>
<td class="pn"><a href="/npb/player?id=20218">金沢岳</a></td>
<td class="nm">8</td>
<td>捕</td>
<td class="pn"><a href="/npb/player?id=700072">嶋基宏</a></td>
</tr>
<tr>
<td class="nm">9</td>
<td>代</td>
<td class="pn"><a href="/npb/player?id=1000016">清田育宏</a></td>
<td class="nm">9</td>
<td>中</td>
<td class="pn"><a href="/npb/player?id=600068">森山周</a></td>
</tr>

</table>

</div>

<!--打順-->

<!--ゲーム差-->
<!--ゲーム差-->


<!--球団情報-->

<!-- /新IM -->

</div><!--/#contents-body-->

 
</div><!-- Facebook -->
<div id="fb-root"></div>
<!-- / Facebook -->
</body>
</html>
