<!DOCTYPE html PUBLIC "-//W3C//DTD XHTML 1.0 Transitional//EN" "http://www.w3.org/TR/xhtml1/DTD/xhtml1-transitional.dtd">
<html lang="ja" xmlns:og="http://ogp.me/ns#" xmlns:mixi="http://mixi-platform.com/ns#" xmlns:fb="http://www.facebook.com/2008/fbml">
<head>
<!---京--->
<meta http-equiv="Content-Type" content="text/html; charset=utf-8">
<meta http-equiv="Content-Style-Type" content="text/css">
<meta http-equiv="Content-Script-Type" content="text/javascript">
<title>Yahoo!スポーツ - プロ野球</title>
<meta name="description" content="中日 vs ヤクルトのテキスト速報。一球速報、結果、セ・リーグ、パ・リーグの日程、順位、個人成績、プロ野球に関連した最新ニュース、写真ニュースなどの情報が満載な、Yahoo!スポーツ プロ野球サイトのテキスト速報ページです。">
<meta name="keywords" content="テキスト速報,速報,中継,中日,ヤクルト,プロ野球,野球">
<link rel="stylesheet" href="http://i.yimg.jp/images/sports/baseball/npb/live/css/master-npb-live-common.css" type="text/css" media="all">
<link rel="stylesheet" href="http://i.yimg.jp/images/sports/baseball/npb/css/master-npb-common.css" type="text/css" media="all">


<meta property="og:title"       content="Yahoo!プロ野球 - 2013年7月7日 中日vs.ヤクルト テキスト速報" />
<meta property="og:type"        content="website" />
<meta property="og:url"         content="http://baseball.yahoo.co.jp/npb/game/2013070702/text" /> 
<meta property="og:image"       content="http://i.yimg.jp/images/sports/promo/pc/facebook/baseball_76x76.png" />
<meta property="og:site_name"   content="Yahoo!スポーツ" />
<meta property="og:description" content="" />
<meta property="og:locale"      content="ja_JP" />
<meta property="fb:app_id"      content="215456371901325" />
<link rel="apple-touch-icon" href="http://i.yimg.jp/images/sports/promo/pc/facebook/baseball.png">
<script type="text/javascript" src="http://i.yimg.jp/images/sports/js/jquery-1.3.2.min.js"></script><script type="text/javascript" src="http://i.yimg.jp/images/sports/v1/js/sports.global-1.1.1.js"></script>
</head>
<body class="yj950-2">

<div id="wrapper"><div id="contents-body" class="yjSNLive">
<!--main start-->
<div id="main">

<!-- ローカルナビ -->
<div id="ch-navi" class="clearfix mb5p">
<ul class="clearfix">

<li><span><a href="/npb/game/2013070702/top"">試合トップ</a></span></li><!--ナビアクティブ-->

<li class="gray"><span><a>一球速報</a></span></li>


<li class="on"><span><a>テキスト速報</a></span></li>


<li><span><a href="/npb/game/2013070702/stats">投打詳細</a></span></li>

 
<li><span><a href="http://rd.yahoo.co.jp/media/sports/baseball/npb/live/tab/comment/SIG=11uo23ehh/*http%3A//textream.yahoo.co.jp/rd/sports/npb/?game=2013070702">コメント</a></span></li>


</ul>
<em><a href="/npb/schedule/?date=20130707">7月7日（日）</a>中日 vs. ヤクルト</em>
</div>

<!-- /ローカルナビ -->

<!-- スコアボード -->
<div id="yjSNLiveTextscoreboard">

<div class="inner">
<table width="100%" cellspacing="0" cellpadding="0" border="0">

<tbody><tr class="chs-title yjS">
<th>&nbsp;</th>
<th>1</th>
<th>2</th>
<th>3</th>
<th>4</th>
<th>5</th>
<th>6</th>
<th>7</th>
<th>8</th>
<th>9</th>
<th>10</th>
<th>計</th>
<th>安</th>
<th>失</th>
</tr>
<tr class="yjMS">
<th class="S">
<b><a href="/npb/teams/2/">ヤクルト</a></b></th><!--チーム選択-->


<td>
<a href=http://rd.yahoo.co.jp/media/sports/baseball/npb/live/sokuho/SIG=11ors0t8n/*http%3A//baseball.yahoo.co.jp/npb/game/2013070702/text#i1>1</a>
</td>
<td>
<a href=http://rd.yahoo.co.jp/media/sports/baseball/npb/live/sokuho/SIG=11ors0t8n/*http%3A//baseball.yahoo.co.jp/npb/game/2013070702/text#i2>1</a>
</td>
<td>
<a href=http://rd.yahoo.co.jp/media/sports/baseball/npb/live/sokuho/SIG=11ors0t8n/*http%3A//baseball.yahoo.co.jp/npb/game/2013070702/text#i3>1</a>
</td>
<td>
<a href=http://rd.yahoo.co.jp/media/sports/baseball/npb/live/sokuho/SIG=11ors0t8n/*http%3A//baseball.yahoo.co.jp/npb/game/2013070702/text#i4>0</a>
</td>
<td>
<a href=http://rd.yahoo.co.jp/media/sports/baseball/npb/live/sokuho/SIG=11ors0t8n/*http%3A//baseball.yahoo.co.jp/npb/game/2013070702/text#i5>0</a>
</td>
<td>
<a href=http://rd.yahoo.co.jp/media/sports/baseball/npb/live/sokuho/SIG=11ors0t8n/*http%3A//baseball.yahoo.co.jp/npb/game/2013070702/text#i6>0</a>
</td>
<td>
<a href=http://rd.yahoo.co.jp/media/sports/baseball/npb/live/sokuho/SIG=11ors0t8n/*http%3A//baseball.yahoo.co.jp/npb/game/2013070702/text#i7>0</a>
</td>
<td>
<a href=http://rd.yahoo.co.jp/media/sports/baseball/npb/live/sokuho/SIG=11ors0t8n/*http%3A//baseball.yahoo.co.jp/npb/game/2013070702/text#i8>0</a>
</td>
<td>
<a href=http://rd.yahoo.co.jp/media/sports/baseball/npb/live/sokuho/SIG=11ors0t8n/*http%3A//baseball.yahoo.co.jp/npb/game/2013070702/text#i9>0</a>
</td>
<td>
<a href=http://rd.yahoo.co.jp/media/sports/baseball/npb/live/sokuho/SIG=11ors0t8n/*http%3A//baseball.yahoo.co.jp/npb/game/2013070702/text#i10>2</a>
</td>
<td class="sum">5</td>
<td class="fwn">13</td>
<td class="fwn">1</td>
</tr>
<tr class="yjMS">
<th class="D">

<b><a href="/npb/teams/4/">中日</a></b></th><!--チーム選択-->
<td>
<a href=http://rd.yahoo.co.jp/media/sports/baseball/npb/live/sokuho/SIG=11ors0t8n/*http%3A//baseball.yahoo.co.jp/npb/game/2013070702/text#ii1>0</a>
</td>
<td>
<a href=http://rd.yahoo.co.jp/media/sports/baseball/npb/live/sokuho/SIG=11ors0t8n/*http%3A//baseball.yahoo.co.jp/npb/game/2013070702/text#ii2>0</a>
</td>
<td>
<a href=http://rd.yahoo.co.jp/media/sports/baseball/npb/live/sokuho/SIG=11ors0t8n/*http%3A//baseball.yahoo.co.jp/npb/game/2013070702/text#ii3>0</a>
</td>
<td>
<a href=http://rd.yahoo.co.jp/media/sports/baseball/npb/live/sokuho/SIG=11ors0t8n/*http%3A//baseball.yahoo.co.jp/npb/game/2013070702/text#ii4>0</a>
</td>
<td>
<a href=http://rd.yahoo.co.jp/media/sports/baseball/npb/live/sokuho/SIG=11ors0t8n/*http%3A//baseball.yahoo.co.jp/npb/game/2013070702/text#ii5>1</a>
</td>
<td>
<a href=http://rd.yahoo.co.jp/media/sports/baseball/npb/live/sokuho/SIG=11ors0t8n/*http%3A//baseball.yahoo.co.jp/npb/game/2013070702/text#ii6>1</a>
</td>
<td>
<a href=http://rd.yahoo.co.jp/media/sports/baseball/npb/live/sokuho/SIG=11ors0t8n/*http%3A//baseball.yahoo.co.jp/npb/game/2013070702/text#ii7>1</a>
</td>
<td>
<a href=http://rd.yahoo.co.jp/media/sports/baseball/npb/live/sokuho/SIG=11ors0t8n/*http%3A//baseball.yahoo.co.jp/npb/game/2013070702/text#ii8>0</a>
</td>
<td>
<a href=http://rd.yahoo.co.jp/media/sports/baseball/npb/live/sokuho/SIG=11ors0t8n/*http%3A//baseball.yahoo.co.jp/npb/game/2013070702/text#ii9>0</a>
</td>
<td>
<a href=http://rd.yahoo.co.jp/media/sports/baseball/npb/live/sokuho/SIG=11ors0t8n/*http%3A//baseball.yahoo.co.jp/npb/game/2013070702/text#ii10>0</a>
</td>
<td class="sum">3</td>
<td class="fwn">9</td>
<td class="fwn">0</td>
</tr>

</tbody></table>
</div>


<div class="navi clearfix">

<div class="column-left">
</div>

<div class="column-right">

<div class="reflesh clearfix">
<ul class="clearfix">
<li class="auto" title="自動更新"><a id="btn_auto" href="http://rd.yahoo.co.jp/media/sports/baseball/npb/live/auto/SIG=11ors0t8n/*http%3A//baseball.yahoo.co.jp/npb/game/2013070702/text?manual=2"><i>自動更新</i></a></li>
<li class="manual-on" title="手動更新"><a><i>手動更新</i></a></li>
<li title="更新" class="btn_reflesh"><a href="http://rd.yahoo.co.jp/media/sports/baseball/npb/live/refresh/SIG=11ors0t8n/*http%3A//baseball.yahoo.co.jp/npb/game/2013070702/text?manual=1"><i>更新</i></a></li>
</ul>
<em>自動更新：30秒</em>
</div>

</div>
</div>

</div>
<!-- /スコアボード -->


<!-- テキスト速報 -->
<div class="yjSportsCommonTitle"><h3 class="yjS"><span><strong>テキスト速報</strong></span></h3></div><div id="yjSNLiveTextlive" class="yjMS">

<div id="i1" class="item S clearfix"><!--チーム選択--><!--イニングid-->
<div class="title"><h3 class="yjS"><b>1回表</b>　ヤクルトの攻撃</h3></div>
<ul>
<li>1：試合開始</li>
<li>2：<a href="/npb/player?id=1000132">山田</a>　レフトへのツーベース 2塁</li>
<li>3：<a href="/npb/player?id=700020">上田</a>　見事送りバントを決める 1アウト3塁</li>
<li>4：<b class="red"><a href="/npb/player?id=1200015">ミレッジ</a>　1アウト3塁の3-2からセンターへのタイムリーツーベースでヤクルト先制！ 中0-1ヤ 2塁</b></li>
<li>5：<a href="/npb/player?id=500480">バレンティン</a>　ランナー2塁から低めのシンカーを打つもショートフライ 2アウト</li>
<li>6：山本昌(投):ワイルドピッチ 3塁</li>
<li>7：<a href="/npb/player?id=11992">畠山</a>　一度もバットを振ることなくストレートのフォアボールを選ぶ 1,3塁</li>
<li>8：<a href="/npb/player?id=11330">宮本</a>　内角の真っ直ぐを打つもセンターフライ 3アウトチェンジ</li>
</ul>
<div class="score yjS">
<p>得点: <b class="red">1</b>、 ヒット:<span class="red">2</span>、 四死球:1</p>
</div>
      
<div class="anker"><a href="#wrapper">ページトップへ</a></div>
</div>
<div id="yads_67572_1441_position_01"></div><div id="ii1" class="item D clearfix"><!--チーム選択--><!--イニングid-->
<div class="title"><h3 class="yjS"><b>1回裏</b>　中日の攻撃</h3></div>
<ul>
<li>1：<a href="/npb/player?id=900410">大島</a>　高めのスライダーを打つもセカンドゴロ 1アウト</li>
<li>2：<a href="/npb/player?id=11436">荒木</a>　センターへのヒットで出塁 1塁</li>
<li>3：<a href="/npb/player?id=1300004">クラーク</a>　一度もバットを振ることなく見逃し三振 2アウト</li>
<li>4：<a href="/npb/player?id=11558">和田</a>　低めのシンカーを打つもセカンドゴロ 3アウトチェンジ</li>
</ul>
<div class="score yjS">
<p>得点:0 、 ヒット:<span class="red">1</span> 、 四死球:0</p>
</div>
</div>
<div id="i2" class="item S clearfix"><!--チーム選択--><!--イニングid-->
<div class="title"><h3 class="yjS"><b>2回表</b>　ヤクルトの攻撃</h3></div>
<ul>
<li>1：<a href="/npb/player?id=11343">相川</a>　一度もバットを振ることなくストレートのフォアボールを選ぶ 1塁</li>
<li>2：<a href="/npb/player?id=600057">川島</a>　見事送りバントを決める 1アウト2塁</li>
<li>3：<a href="/npb/player?id=12113">石川</a>　ランナー2塁からレフトへのヒットを放つ 1,3塁</li>
<li>4：<b class="red"><a href="/npb/player?id=1000132">山田</a>　ランナー1,3塁の0-1からライトへのタイムリーヒット 中0-2ヤ 1,2塁</b></li>
<li>5：<a href="/npb/player?id=700020">上田</a>　外角の変化球を見送りフォアボール。中日、満塁のピンチをまねく 満塁</li>
<li>6：<a href="/npb/player?id=1200015">ミレッジ</a>　ランナーフルベースから外角の落ちる球を打つも4-6-3のダブルプレー 3アウトチェンジ</li>
</ul>
<div class="score yjS">
<p>得点: <b class="red">1</b>、 ヒット:<span class="red">2</span>、 四死球:2</p>
</div>
      
<div class="anker"><a href="#wrapper">ページトップへ</a></div>
</div>
<div id="ii2" class="item D clearfix"><!--チーム選択--><!--イニングid-->
<div class="title"><h3 class="yjS"><b>2回裏</b>　中日の攻撃</h3></div>
<ul>
<li>1：<a href="/npb/player?id=11511">森野</a>　内角のシュートを打つもショートゴロ 1アウト</li>
<li>2：<a href="/npb/player?id=600004">平田</a>　外角のチェンジアップを打つもショートゴロ 2アウト</li>
<li>3：<a href="/npb/player?id=10278">谷繁</a>　内角のカットボールを打つもレフトフライ 3アウトチェンジ</li>
</ul>
<div class="score yjS">
<p>得点:0 、 ヒット:0 、 四死球:0</p>
</div>
</div>
<div id="i3" class="item S clearfix"><!--チーム選択--><!--イニングid-->
<div class="title"><h3 class="yjS"><b>3回表</b>　ヤクルトの攻撃</h3></div>
<ul>
<li>1：<a href="/npb/player?id=500480">バレンティン</a>　カウント3-0からレフトへのヒットを放つ 1塁</li>
<li>2：<a href="/npb/player?id=11992">畠山</a>　ヒット 1,2塁</li>
<li>3：<a href="/npb/player?id=11330">宮本</a>　見事送りバントを成功させる 1アウト2,3塁</li>
<li>4：<a href="/npb/player?id=11343">相川</a>　ランナー2,3塁から内角のストレートを打つもセカンドフライ 2アウト</li>
<li>5：<a href="/npb/player?id=600057">川島</a>　満塁策で敬遠される 満塁</li>
<li>6：<b class="red"><a href="/npb/player?id=12113">石川</a>　ランナーフルベースの0-2からセンターへのタイムリーヒット</b></li>
<li>7：<b class="red">2塁走者畠山は走塁死 中0-3ヤ 3アウトチェンジ</b></li>
</ul>
<div class="score yjS">
<p>得点: <b class="red">1</b>、 ヒット:<span class="red">3</span>、 四死球:1</p>
</div>
      
<div class="anker"><a href="#wrapper">ページトップへ</a></div>
</div>
<div id="ii3" class="item D clearfix"><!--チーム選択--><!--イニングid-->
<div class="title"><h3 class="yjS"><b>3回裏</b>　中日の攻撃</h3></div>
<ul>
<li>1：<a href="/npb/player?id=11652">井端</a>　低めの落ちる球を打つもセカンドフライ 1アウト</li>
<li>2：<b class="green">山本昌→代打:前田</b></li>
<li>3：<a href="/npb/player?id=12194">前田</a>　ワンバウンドした球を空振り三振 2アウト</li>
<li>4：<a href="/npb/player?id=900410">大島</a>　外角のスライダーを打つもセンターフライ 3アウトチェンジ</li>
</ul>
<div class="score yjS">
<p>得点:0 、 ヒット:0 、 四死球:0</p>
</div>
</div>
<div id="i4" class="item S clearfix"><!--チーム選択--><!--イニングid-->
<div class="title"><h3 class="yjS"><b>4回表</b>　ヤクルトの攻撃</h3></div>
<ul>
<li>1：<b class="green">投手交代:山本昌→マドリガル</b></li>
<li>2：<a href="/npb/player?id=1000132">山田</a>　外角の真っ直ぐを打つもサードゴロ 1アウト</li>
<li>3：<a href="/npb/player?id=700020">上田</a>　高めの真っ直ぐを打つもセンターフライ 2アウト</li>
<li>4：<a href="/npb/player?id=1200015">ミレッジ</a>　ファウルフライをクラーク(一)が捕球してバッターアウト 3アウトチェンジ</li>
</ul>
<div class="score yjS">
<p>得点: 0、 ヒット:0、 四死球:0</p>
</div>
      
<div class="anker"><a href="#wrapper">ページトップへ</a></div>
</div>
<div id="ii4" class="item D clearfix"><!--チーム選択--><!--イニングid-->
<div class="title"><h3 class="yjS"><b>4回裏</b>　中日の攻撃</h3></div>
<ul>
<li>1：<a href="/npb/player?id=11436">荒木</a>　サードへの内野安打 1塁</li>
<li>2：<a href="/npb/player?id=1300004">クラーク</a>　外角のスライダーを打つもセンターフライ 1アウト</li>
<li>3：<a href="/npb/player?id=11558">和田</a>　ど真ん中のシンカーを打つも5-4-3のダブルプレー 3アウトチェンジ</li>
</ul>
<div class="score yjS">
<p>得点:0 、 ヒット:<span class="red">1</span> 、 四死球:0</p>
</div>
</div>
<div id="i5" class="item S clearfix"><!--チーム選択--><!--イニングid-->
<div class="title"><h3 class="yjS"><b>5回表</b>　ヤクルトの攻撃</h3></div>
<ul>
<li>1：<a href="/npb/player?id=500480">バレンティン</a>　内角のストレートを打つもセンターフライ 1アウト</li>
<li>2：<a href="/npb/player?id=11992">畠山</a>　一度もバットを振ることなくストレートのフォアボールを選ぶ 1塁</li>
<li>3：<a href="/npb/player?id=11330">宮本</a>　低めのスライダーを打つも4-6-3のダブルプレー 3アウトチェンジ</li>
</ul>
<div class="score yjS">
<p>得点: 0、 ヒット:0、 四死球:1</p>
</div>
      
<div class="anker"><a href="#wrapper">ページトップへ</a></div>
</div>
<div id="ii5" class="item D clearfix"><!--チーム選択--><!--イニングid-->
<div class="title"><h3 class="yjS"><b>5回裏</b>　中日の攻撃</h3></div>
<ul>
<li>1：<a href="/npb/player?id=11511">森野</a>　外角のストレートを打つもレフトフライ 1アウト</li>
<li>2：<b class="red"><a href="/npb/player?id=600004">平田</a>　カウント2-2からスタンド中段に飛び込むホームランを放つ 中1-3ヤ</b></li>
<li>3：<a href="/npb/player?id=10278">谷繁</a>　外角のチェンジアップを打つもショートゴロ 2アウト</li>
<li>4：<a href="/npb/player?id=11652">井端</a>　フェンス直撃の二塁打を放つ 2塁</li>
<li>5：<b class="green">マドリガル→代打:山崎</b></li>
<li>6：<a href="/npb/player?id=10236">山崎</a>　外角のストレートを打つもピッチャーゴロ 3アウトチェンジ</li>
</ul>
<div class="score yjS">
<p>得点:<b class="red">1</b> 、 ヒット:<span class="red">2</span> 、 四死球:0</p>
</div>
</div>
<div id="i6" class="item S clearfix"><!--チーム選択--><!--イニングid-->
<div class="title"><h3 class="yjS"><b>6回表</b>　ヤクルトの攻撃</h3></div>
<ul>
<li>1：<b class="green">投手交代:マドリガル→小熊</b></li>
<li>2：<a href="/npb/player?id=11343">相川</a>　空振り三振でバッターアウト 1アウト</li>
<li>3：<a href="/npb/player?id=600057">川島</a>　高めの真っ直ぐを打つもライトフライ 2アウト</li>
<li>4：<a href="/npb/player?id=12113">石川</a>　外角のストレートに空振り三振でバッターアウト 3アウトチェンジ</li>
</ul>
<div class="score yjS">
<p>得点: 0、 ヒット:0、 四死球:0</p>
</div>
      
<div class="anker"><a href="#wrapper">ページトップへ</a></div>
</div>
<div id="ii6" class="item D clearfix"><!--チーム選択--><!--イニングid-->
<div class="title"><h3 class="yjS"><b>6回裏</b>　中日の攻撃</h3></div>
<ul>
<li>1：<a href="/npb/player?id=900410">大島</a>　川島(遊)の悪送球により出塁する 1塁</li>
<li>2：<a href="/npb/player?id=11436">荒木</a>　レフトへのヒットを放つ 1,3塁</li>
<li>3：<b class="red"><a href="/npb/player?id=1300004">クラーク</a>　0アウト1,3塁から併殺打の間に一人ランナーがかえり中日1点をあげる 中2-3ヤ 2アウト</b></li>
<li>4：<a href="/npb/player?id=11558">和田</a>　ボテボテのキャッチャーゴロ 3アウトチェンジ</li>
</ul>
<div class="score yjS">
<p>得点:<b class="red">1</b> 、 ヒット:<span class="red">1</span> 、 四死球:0</p>
</div>
</div>
<div id="i7" class="item S clearfix"><!--チーム選択--><!--イニングid-->
<div class="title"><h3 class="yjS"><b>7回表</b>　ヤクルトの攻撃</h3></div>
<ul>
<li>1：<a href="/npb/player?id=1000132">山田</a>　ど真ん中のスライダーを打つもライトフライ 1アウト</li>
<li>2：<a href="/npb/player?id=700020">上田</a>　ど真ん中のストレートを打つもショートゴロ 2アウト</li>
<li>3：<a href="/npb/player?id=1200015">ミレッジ</a>　高めのストレートを打つもセカンドフライ 3アウトチェンジ</li>
</ul>
<div class="score yjS">
<p>得点: 0、 ヒット:0、 四死球:0</p>
</div>
      
<div class="anker"><a href="#wrapper">ページトップへ</a></div>
</div>
<div id="ii7" class="item D clearfix"><!--チーム選択--><!--イニングid-->
<div class="title"><h3 class="yjS"><b>7回裏</b>　中日の攻撃</h3></div>
<ul>
<li>1：<b class="green">ピッチャー石川に代わって直球に自信のある木谷がマウンドにあがる</b></li>
<li>2：<a href="/npb/player?id=11511">森野</a>　セカンドへの内野安打 1塁</li>
<li>3：<a href="/npb/player?id=600004">平田</a>　デッドボールを受ける 1,2塁</li>
<li>4：ピッチャー木谷は危険球により退場！</li>
<li>5：<b class="green">ピッチャー木谷に代わって村中がマウンドにあがる</b></li>
<li>6：<b class="green">2塁走者森野に代わり、「俊足プリンス」岩崎</b></li>
<li>7：<a href="/npb/player?id=10278">谷繁</a>　デッドボール。ヤクルト、満塁のピンチをまねく 満塁</li>
<li>8：<b class="red"><a href="/npb/player?id=11652">井端</a>　0アウト満塁の0-1からライトへのタイムリーヒットで中日同点！ 中3-3ヤ 満塁</b></li>
<li>9：<b class="green">バッター小熊に代わり、夢をかける藤井</b></li>
<li>10：<a href="/npb/player?id=600079">藤井</a>　0アウト満塁から低めのフォークボールを打つもセンターフライ 1アウト</li>
<li>11：三塁走者平田はホームスチールをねらうもアウト。その間に二塁走者谷繁は三塁、一塁走者井端も二塁へ 2アウト2,3塁</li>
<li>12：<a href="/npb/player?id=900410">大島</a>　デッドボールを受ける 満塁</li>
<li>13：<b class="green">投手交代:村中→阿部</b></li>
<li>14：<a href="/npb/player?id=11436">荒木</a>　一打勝ち越しの場面で外角のカットボールを打つもショートゴロ 3アウトチェンジ</li>
</ul>
<div class="score yjS">
<p>得点:<b class="red">1</b> 、 ヒット:<span class="red">2</span> 、 四死球:3</p>
</div>
</div>
<div id="i8" class="item S clearfix"><!--チーム選択--><!--イニングid-->
<div class="title"><h3 class="yjS"><b>8回表</b>　ヤクルトの攻撃</h3></div>
<ul>
<li>1：<b class="green">投手交代:小熊→中田賢　守備交代:サード堂上直</b></li>
<li>2：<a href="/npb/player?id=500480">バレンティン</a>　低めの変化球を見送りフォアボールを選ぶ 1塁</li>
<li>3：<a href="/npb/player?id=11992">畠山</a>　見事送りバントを成功させる 1アウト2塁</li>
<li>4：<a href="/npb/player?id=11330">宮本</a>　内角のフォークボールを打つもショートゴロ 2アウト</li>
<li>5：<a href="/npb/player?id=11343">相川</a>　2アウト2塁からライトへのヒットを放つ</li>
<li>6：2塁走者バレンティンは走塁死 3アウトチェンジ</li>
</ul>
<div class="score yjS">
<p>得点: 0、 ヒット:<span class="red">1</span>、 四死球:1</p>
</div>
      
<div class="anker"><a href="#wrapper">ページトップへ</a></div>
</div>
<div id="ii8" class="item D clearfix"><!--チーム選択--><!--イニングid-->
<div class="title"><h3 class="yjS"><b>8回裏</b>　中日の攻撃</h3></div>
<ul>
<li>1：<b class="green">ピッチャー阿部に代わって「スマート・フォーク」石山がマウンドにあがる</b></li>
<li>2：<a href="/npb/player?id=1300004">クラーク</a>　外角の真っ直ぐに空振り三振 1アウト</li>
<li>3：<a href="/npb/player?id=11558">和田</a>　レフトへのヒットで出塁 1塁</li>
<li>4：<a href="/npb/player?id=700034">堂上直</a>　ど真ん中のストレートを打つもセンターフライ 2アウト</li>
<li>5：<a href="/npb/player?id=600004">平田</a>　外角のストレートを打つもライトフライ 3アウトチェンジ</li>
</ul>
<div class="score yjS">
<p>得点:0 、 ヒット:<span class="red">1</span> 、 四死球:0</p>
</div>
</div>
<div id="i9" class="item S clearfix"><!--チーム選択--><!--イニングid-->
<div class="title"><h3 class="yjS"><b>9回表</b>　ヤクルトの攻撃</h3></div>
<ul>
<li>1：<a href="/npb/player?id=600057">川島</a>　外角のストレートを打つもセカンドライナー 1アウト</li>
<li>2：<b class="green">バッター石山に代わり、「雰囲気を持った男」森岡</b></li>
<li>3：<a href="/npb/player?id=20143">森岡</a>　外角の真っ直ぐを打つもピッチャーゴロ 2アウト</li>
<li>4：<a href="/npb/player?id=1000132">山田</a>　内角のストレートをレフトへ打ってヒット 1塁</li>
<li>5：<a href="/npb/player?id=700020">上田</a>　レフトへのヒットで出塁 1,2塁</li>
<li>6：<a href="/npb/player?id=1200015">ミレッジ</a>　ファウルフライをクラーク(一)がつかんでバッターアウト 3アウトチェンジ</li>
</ul>
<div class="score yjS">
<p>得点: 0、 ヒット:<span class="red">2</span>、 四死球:0</p>
</div>
      
<div class="anker"><a href="#wrapper">ページトップへ</a></div>
</div>
<div id="ii9" class="item D clearfix"><!--チーム選択--><!--イニングid-->
<div class="title"><h3 class="yjS"><b>9回裏</b>　中日の攻撃</h3></div>
<ul>
<li>1：<b class="green">投手交代:石山→山本哲</b></li>
<li>2：<a href="/npb/player?id=10278">谷繁</a>　外角の真っ直ぐを打つもセカンドゴロ 1アウト</li>
<li>3：<a href="/npb/player?id=11652">井端</a>　空振りの三振を喫する 2アウト</li>
<li>4：<a href="/npb/player?id=500040">中田賢</a>　外角のストレートを打つもセカンドゴロ 3アウトチェンジ</li>
</ul>
<div class="score yjS">
<p>得点:0 、 ヒット:0 、 四死球:0</p>
</div>
</div>
<div id="i10" class="item S clearfix"><!--チーム選択--><!--イニングid-->
<div class="title"><h3 class="yjS"><b>10回表</b>　ヤクルトの攻撃</h3></div>
<ul>
<li>1：<b class="green">ピッチャー中田賢に代わって「プロ中のプロ」岩瀬がマウンドにあがる</b></li>
<li>2：<a href="/npb/player?id=500480">バレンティン</a>　内角の真っ直ぐを打つもセカンドゴロ 1アウト</li>
<li>3：<a href="/npb/player?id=11992">畠山</a>　フェンス直撃のツーベースを放つ 2塁</li>
<li>4：<b class="green">2塁走者畠山に代わり、「勝利を呼ぶ韋駄天」三輪</b></li>
<li>5：<a href="/npb/player?id=11330">宮本</a>　1アウト2塁からライトへのヒットで出塁 1,3塁</li>
<li>6：一塁走者宮本:盗塁成功 2,3塁</li>
<li>7：<a href="/npb/player?id=11343">相川</a>　満塁策で敬遠される 満塁</li>
<li>8：<a href="/npb/player?id=600057">川島</a>　高めのシュートを打つもセカンドゴロ 2アウト満塁</li>
<li>9：<b class="green">山本哲→代打:田中浩</b></li>
<li>10：<b class="red"><a href="/npb/player?id=500090">田中浩</a>　2アウト満塁からセンターへのタイムリーヒットでヤクルト勝ち越し！ 中3-4ヤ 満塁</b></li>
<li>11：<b class="red"><a href="/npb/player?id=1000132">山田</a>　2アウト満塁の3-1から押し出しのフォアボール 中3-5ヤ 満塁</b></li>
<li>12：<a href="/npb/player?id=700020">上田</a>　外角の変化球を打つもセンターフライ 3アウトチェンジ</li>
</ul>
<div class="score yjS">
<p>得点: <b class="red">2</b>、 ヒット:<span class="red">3</span>、 四死球:2</p>
</div>
      
<div class="anker"><a href="#wrapper">ページトップへ</a></div>
</div>
<div id="ii10" class="item D clearfix"><!--チーム選択--><!--イニングid-->
<div class="title"><h3 class="yjS"><b>10回裏</b>　中日の攻撃</h3></div>
<ul>
<li>1：<b class="green">ピッチャー山本哲に代わって江村がマウンドにあがる　守備交代:ファースト岩村　守備変更:三輪→ライト</b></li>
<li>2：<a href="/npb/player?id=900410">大島</a>　空振りの三振を喫する 1アウト</li>
<li>3：<a href="/npb/player?id=11436">荒木</a>　レフトへのヒットで出塁 1塁</li>
<li>4：<a href="/npb/player?id=1300004">クラーク</a>　外角の真っ直ぐを打つもセンターフライ 2アウト</li>
<li>5：<b class="green">ピッチャー江村に代わって「チリガミ王子」七條がマウンドにあがる</b></li>
<li>6：<a href="/npb/player?id=11558">和田</a>　一発出れば同点の場面で空振りの三振を喫する ゲームセット</li>
<li>7：試合終了</li>
</ul>
<div class="score yjS">
<p>得点:0 、 ヒット:<span class="red">1</span> 、 四死球:0</p>
</div>
</div>
</div>
<!-- テキスト速報 -->

<div id="yads_67572_1441_position_02"></div>
</div><!--/#main-->
<!--main end-->

<!--sub start-->
<div id="sub">
<!-- SpaceID=0 robot -->
<!--/#pos-lrec-->

<!-- 他球団モジュール -->
<div class="yjSNLiveCommonsubtitle"><h4 class="yjS"><span>7/7(日)　そのほかの試合</span></h4></div>
<div id="yjSNLiveOthergame">
<table width=100% cellpadding=0 cellspacing=0 border=0>
<tr><td class=''><a alt='そのほかの試合' href='/npb/game/2013070704/'><dl>
<dt><b>日</b></dt>
<dd><b>6</b> - 1</dd>
<dt>オ</dt>
</dl>
<div class="none">結果</div></a></td>
<td class=''><a alt='そのほかの試合' href='/npb/game/2013070705/'><dl>
<dt><b>西</b></dt>
<dd><b>11</b> - 2</dd>
<dt>ロ</dt>
</dl>
<div class="none">結果</div></a></td>
<td class=''><a alt='そのほかの試合' href='/npb/game/2013070706/'><dl>
<dt>ソ</dt>
<dd>0 - <b>7</b></dd>
<dt><b>楽</b></dt>
</dl>
<div class="none">結果</div></a></td>
</tr><tr><td class=''><a alt='そのほかの試合' href='/npb/game/2013070703/'><dl>
<dt>広</dt>
<dd>0 - <b>4</b></dd>
<dt><b>神</b></dt>
</dl>
<div class="none">結果</div></a></td>
<td class=''><a alt='そのほかの試合' href='/npb/game/2013070701/'><dl>
<dt><b>巨</b></dt>
<dd><b>2</b> - 0</dd>
<dt>Ｄ</dt>
</dl>
<div class="none">結果</div></a></td>
<td class='act'><dl>
<dt>中</dt>
<dd>3 - <b>5</b></dd>
<dt><b>ヤ</b></dt>
</dl>
<div>観戦中</div></td>
</tr></table>
</div>

<!-- /他球団モジュール -->
<!--打順-->
<div class="yjSNLiveCommonsubtitle"><h4 class="yjS"><span>打順</span></h4></div>
<div id="yjSNLiveBattinglist" class="clearfix">

<table class="column-left" width=100% cellpadding=0 cellspacing=0 border=0>
<tr class="teamborder">
<th colspan=3 class="S">&nbsp;</th>
<th colspan=3 class="D">&nbsp;</th>
</tr>
<tr class="teamlogo">
<th colspan=3 class="S"><a href="/npb/teams/2/">ヤクルト</a></th>
<th colspan=3 class="D"><a href="/npb/teams/4/">中日</a></th>
</tr>

<tr>
<td class="nm">1</td>
<td>二</td>
<td class="pn"><a href="/npb/player?id=1000132">山田哲人</a></td>
<td class="nm">1</td>
<td>中</td>
<td class="pn"><a href="/npb/player?id=900410">大島洋平</a></td>
</tr>
<tr>
<td class="nm">2</td>
<td>中</td>
<td class="pn"><a href="/npb/player?id=700020">上田剛史</a></td>
<td class="nm">2</td>
<td>二</td>
<td class="pn"><a href="/npb/player?id=11436">荒木雅博</a></td>
</tr>
<tr>
<td class="nm">3</td>
<td>左</td>
<td class="pn"><a href="/npb/player?id=1200015">ミレッジ</a></td>
<td class="nm">3</td>
<td>一</td>
<td class="pn"><a href="/npb/player?id=1300004">クラーク</a></td>
</tr>
<tr>
<td class="nm">4</td>
<td>一</td>
<td class="pn"><a href="/npb/player?id=11521">岩村明憲</a></td>
<td class="nm act">4</td>
<td class="act">左</td>
<td class="pn act"><a href="/npb/player?id=11558">和田一浩</a></td>
</tr>
<tr>
<td class="nm">5</td>
<td>右</td>
<td class="pn"><a href="/npb/player?id=800014">三輪正義</a></td>
<td class="nm">5</td>
<td>三</td>
<td class="pn"><a href="/npb/player?id=700034">堂上直倫</a></td>
</tr>
<tr>
<td class="nm">6</td>
<td>三</td>
<td class="pn"><a href="/npb/player?id=11330">宮本慎也</a></td>
<td class="nm">6</td>
<td>右</td>
<td class="pn"><a href="/npb/player?id=600004">平田良介</a></td>
</tr>
<tr>
<td class="nm">7</td>
<td>捕</td>
<td class="pn"><a href="/npb/player?id=11343">相川亮二</a></td>
<td class="nm">7</td>
<td>捕</td>
<td class="pn"><a href="/npb/player?id=10278">谷繁元信</a></td>
</tr>
<tr>
<td class="nm">8</td>
<td>遊</td>
<td class="pn"><a href="/npb/player?id=600057">川島慶三</a></td>
<td class="nm">8</td>
<td>遊</td>
<td class="pn"><a href="/npb/player?id=11652">井端弘和</a></td>
</tr>
<tr>
<td class="nm">9</td>
<td>投</td>
<td class="pn"><a href="/npb/player?id=1000133">七條祐樹</a></td>
<td class="nm">9</td>
<td>投</td>
<td class="pn"><a href="/npb/player?id=11766">岩瀬仁紀</a></td>
</tr>

</table>

</div>

<!--打順-->

<!--ゲーム差-->
<!--ゲーム差-->


<!--球団情報-->

<!-- /新IM -->

</div><!--/#contents-body-->

 
</div><!-- Facebook -->
<div id="fb-root"></div>
<!-- / Facebook -->
</body>
</html>
