<!DOCTYPE html PUBLIC "-//W3C//DTD XHTML 1.0 Transitional//EN" "http://www.w3.org/TR/xhtml1/DTD/xhtml1-transitional.dtd">
<html lang="ja" xmlns:og="http://ogp.me/ns#" xmlns:mixi="http://mixi-platform.com/ns#" xmlns:fb="http://www.facebook.com/2008/fbml">
<head>
<!---京--->
<meta http-equiv="Content-Type" content="text/html; charset=utf-8">
<meta http-equiv="Content-Style-Type" content="text/css">
<meta http-equiv="Content-Script-Type" content="text/javascript">
<title>Yahoo!スポーツ - プロ野球</title>
<meta name="description" content="日本ハム vs ロッテのテキスト速報。一球速報、結果、セ・リーグ、パ・リーグの日程、順位、個人成績、プロ野球に関連した最新ニュース、写真ニュースなどの情報が満載な、Yahoo!スポーツ プロ野球サイトのテキスト速報ページです。">
<meta name="keywords" content="テキスト速報,速報,中継,日本ハム,ロッテ,プロ野球,野球">
<link rel="stylesheet" href="http://i.yimg.jp/images/sports/baseball/npb/live/css/master-npb-live-common.css" type="text/css" media="all">
<link rel="stylesheet" href="http://i.yimg.jp/images/sports/baseball/npb/css/master-npb-common.css" type="text/css" media="all">


<meta property="og:title"       content="Yahoo!プロ野球 - 2013年7月12日 日本ハムvs.ロッテ テキスト速報" />
<meta property="og:type"        content="website" />
<meta property="og:url"         content="http://baseball.yahoo.co.jp/npb/game/2013071204/text" /> 
<meta property="og:image"       content="http://i.yimg.jp/images/sports/promo/pc/facebook/baseball_76x76.png" />
<meta property="og:site_name"   content="Yahoo!スポーツ" />
<meta property="og:description" content="" />
<meta property="og:locale"      content="ja_JP" />
<meta property="fb:app_id"      content="215456371901325" />
<link rel="apple-touch-icon" href="http://i.yimg.jp/images/sports/promo/pc/facebook/baseball.png">
<script type="text/javascript" src="http://i.yimg.jp/images/sports/js/jquery-1.3.2.min.js"></script><script type="text/javascript" src="http://i.yimg.jp/images/sports/v1/js/sports.global-1.1.1.js"></script>
</head>
<body class="yj950-2">

<div id="wrapper"><div id="contents-body" class="yjSNLive">
<!--main start-->
<div id="main">

<!-- ローカルナビ -->
<div id="ch-navi" class="clearfix mb5p">
<ul class="clearfix">

<li><span><a href="/npb/game/2013071204/top"">試合トップ</a></span></li><!--ナビアクティブ-->

<li class="gray"><span><a>一球速報</a></span></li>


<li class="on"><span><a>テキスト速報</a></span></li>


<li><span><a href="/npb/game/2013071204/stats">投打詳細</a></span></li>

 
<li><span><a href="http://rd.yahoo.co.jp/media/sports/baseball/npb/live/tab/comment/SIG=11u3q2rk4/*http%3A//textream.yahoo.co.jp/rd/sports/npb/?game=2013071204">コメント</a></span></li>


</ul>
<em><a href="/npb/schedule/?date=20130712">7月12日（金）</a>日本ハム vs. ロッテ</em>
</div>

<!-- /ローカルナビ -->

<!-- スコアボード -->
<div id="yjSNLiveTextscoreboard">

<div class="inner">
<table width="100%" cellspacing="0" cellpadding="0" border="0">

<tbody><tr class="chs-title yjS">
<th>&nbsp;</th>
<th>1</th>
<th>2</th>
<th>3</th>
<th>4</th>
<th>5</th>
<th>6</th>
<th>7</th>
<th>8</th>
<th>9</th>
<th>計</th>
<th>安</th>
<th>失</th>
</tr>
<tr class="yjMS">
<th class="M">
<b><a href="/npb/teams/9/">ロッテ</a></b></th><!--チーム選択-->


<td>
<a href=http://rd.yahoo.co.jp/media/sports/baseball/npb/live/sokuho/SIG=11o8c1djj/*http%3A//baseball.yahoo.co.jp/npb/game/2013071204/text#i1>1</a>
</td>
<td>
<a href=http://rd.yahoo.co.jp/media/sports/baseball/npb/live/sokuho/SIG=11o8c1djj/*http%3A//baseball.yahoo.co.jp/npb/game/2013071204/text#i2>0</a>
</td>
<td>
<a href=http://rd.yahoo.co.jp/media/sports/baseball/npb/live/sokuho/SIG=11o8c1djj/*http%3A//baseball.yahoo.co.jp/npb/game/2013071204/text#i3>0</a>
</td>
<td>
<a href=http://rd.yahoo.co.jp/media/sports/baseball/npb/live/sokuho/SIG=11o8c1djj/*http%3A//baseball.yahoo.co.jp/npb/game/2013071204/text#i4>0</a>
</td>
<td>
<a href=http://rd.yahoo.co.jp/media/sports/baseball/npb/live/sokuho/SIG=11o8c1djj/*http%3A//baseball.yahoo.co.jp/npb/game/2013071204/text#i5>0</a>
</td>
<td>
<a href=http://rd.yahoo.co.jp/media/sports/baseball/npb/live/sokuho/SIG=11o8c1djj/*http%3A//baseball.yahoo.co.jp/npb/game/2013071204/text#i6>1</a>
</td>
<td>
<a href=http://rd.yahoo.co.jp/media/sports/baseball/npb/live/sokuho/SIG=11o8c1djj/*http%3A//baseball.yahoo.co.jp/npb/game/2013071204/text#i7>0</a>
</td>
<td>
<a href=http://rd.yahoo.co.jp/media/sports/baseball/npb/live/sokuho/SIG=11o8c1djj/*http%3A//baseball.yahoo.co.jp/npb/game/2013071204/text#i8>0</a>
</td>
<td>
<a href=http://rd.yahoo.co.jp/media/sports/baseball/npb/live/sokuho/SIG=11o8c1djj/*http%3A//baseball.yahoo.co.jp/npb/game/2013071204/text#i9>2</a>
</td>
<td class="sum">4</td>
<td class="fwn">12</td>
<td class="fwn">1</td>
</tr>
<tr class="yjMS">
<th class="F">

<b><a href="/npb/teams/8/">日本ハム</a></b></th><!--チーム選択-->
<td>
<a href=http://rd.yahoo.co.jp/media/sports/baseball/npb/live/sokuho/SIG=11o8c1djj/*http%3A//baseball.yahoo.co.jp/npb/game/2013071204/text#ii1>0</a>
</td>
<td>
<a href=http://rd.yahoo.co.jp/media/sports/baseball/npb/live/sokuho/SIG=11o8c1djj/*http%3A//baseball.yahoo.co.jp/npb/game/2013071204/text#ii2>0</a>
</td>
<td>
<a href=http://rd.yahoo.co.jp/media/sports/baseball/npb/live/sokuho/SIG=11o8c1djj/*http%3A//baseball.yahoo.co.jp/npb/game/2013071204/text#ii3>0</a>
</td>
<td>
<a href=http://rd.yahoo.co.jp/media/sports/baseball/npb/live/sokuho/SIG=11o8c1djj/*http%3A//baseball.yahoo.co.jp/npb/game/2013071204/text#ii4>0</a>
</td>
<td>
<a href=http://rd.yahoo.co.jp/media/sports/baseball/npb/live/sokuho/SIG=11o8c1djj/*http%3A//baseball.yahoo.co.jp/npb/game/2013071204/text#ii5>0</a>
</td>
<td>
<a href=http://rd.yahoo.co.jp/media/sports/baseball/npb/live/sokuho/SIG=11o8c1djj/*http%3A//baseball.yahoo.co.jp/npb/game/2013071204/text#ii6>0</a>
</td>
<td>
<a href=http://rd.yahoo.co.jp/media/sports/baseball/npb/live/sokuho/SIG=11o8c1djj/*http%3A//baseball.yahoo.co.jp/npb/game/2013071204/text#ii7>0</a>
</td>
<td>
<a href=http://rd.yahoo.co.jp/media/sports/baseball/npb/live/sokuho/SIG=11o8c1djj/*http%3A//baseball.yahoo.co.jp/npb/game/2013071204/text#ii8>1</a>
</td>
<td>
<a href=http://rd.yahoo.co.jp/media/sports/baseball/npb/live/sokuho/SIG=11o8c1djj/*http%3A//baseball.yahoo.co.jp/npb/game/2013071204/text#ii9>0</a>
</td>
<td class="sum">1</td>
<td class="fwn">7</td>
<td class="fwn">0</td>
</tr>

</tbody></table>
</div>


<div class="navi clearfix">

<div class="column-left">
</div>

<div class="column-right">

<div class="reflesh clearfix">
<ul class="clearfix">
<li class="auto" title="自動更新"><a id="btn_auto" href="http://rd.yahoo.co.jp/media/sports/baseball/npb/live/auto/SIG=11o8c1djj/*http%3A//baseball.yahoo.co.jp/npb/game/2013071204/text?manual=2"><i>自動更新</i></a></li>
<li class="manual-on" title="手動更新"><a><i>手動更新</i></a></li>
<li title="更新" class="btn_reflesh"><a href="http://rd.yahoo.co.jp/media/sports/baseball/npb/live/refresh/SIG=11o8c1djj/*http%3A//baseball.yahoo.co.jp/npb/game/2013071204/text?manual=1"><i>更新</i></a></li>
</ul>
<em>自動更新：30秒</em>
</div>

</div>
</div>

</div>
<!-- /スコアボード -->


<!-- テキスト速報 -->
<div class="yjSportsCommonTitle"><h3 class="yjS"><span><strong>テキスト速報</strong></span></h3></div><div id="yjSNLiveTextlive" class="yjMS">

<div id="i1" class="item M clearfix"><!--チーム選択--><!--イニングid-->
<div class="title"><h3 class="yjS"><b>1回表</b>　ロッテの攻撃</h3></div>
<ul>
<li>1：試合開始</li>
<li>2：<a href="/npb/player?id=600092">根元</a>　外角のストレートを打つもレフトフライ 1アウト</li>
<li>3：<a href="/npb/player?id=1000105">伊志嶺</a>　内角の変化球を打つもショートゴロ 2アウト</li>
<li>4：<b class="red"><a href="/npb/player?id=11584">井口</a>　フルカウントからレフトスタンドへの先制ホームラン！ 日0-1ロ</b></li>
<li>5：<a href="/npb/player?id=12095">今江</a>　外角のチェンジアップを打つもライトフライ 3アウトチェンジ</li>
</ul>
<div class="score yjS">
<p>得点: <b class="red">1</b>、 ヒット:<span class="red">1</span>、 四死球:0</p>
</div>
      
<div class="anker"><a href="#wrapper">ページトップへ</a></div>
</div>
<div id="yads_67572_1441_position_01"></div><div id="ii1" class="item F clearfix"><!--チーム選択--><!--イニングid-->
<div class="title"><h3 class="yjS"><b>1回裏</b>　日本ハムの攻撃</h3></div>
<ul>
<li>1：<a href="/npb/player?id=600037">陽</a>　角中(右)の落球により出塁する 1塁</li>
<li>2：一塁走者陽:すかさず初球から盗塁を試みるもアウト 1アウト</li>
<li>3：<a href="/npb/player?id=700094">大引</a>　空振りの三振を喫する 2アウト</li>
<li>4：<a href="/npb/player?id=11331">稲葉</a>　センターへのヒットで出塁 1塁</li>
<li>5：<a href="/npb/player?id=800054">中田</a>　内角のストレートを打つもセンターフライ 3アウトチェンジ</li>
</ul>
<div class="score yjS">
<p>得点:0 、 ヒット:<span class="red">1</span> 、 四死球:0</p>
</div>
</div>
<div id="i2" class="item M clearfix"><!--チーム選択--><!--イニングid-->
<div class="title"><h3 class="yjS"><b>2回表</b>　ロッテの攻撃</h3></div>
<ul>
<li>1：<a href="/npb/player?id=11385">サブロー</a>　レフトへの二塁打 2塁</li>
<li>2：<a href="/npb/player?id=700087">角中</a>　見事送りバントを成功させる 1アウト3塁</li>
<li>3：<a href="/npb/player?id=1000014">荻野貴</a>　ファウルフライを稲葉(一)が捕球してバッターアウト 2アウト</li>
<li>4：<a href="/npb/player?id=600032">細谷</a>　高めのストレートを打つもセカンドフライ 3アウトチェンジ</li>
</ul>
<div class="score yjS">
<p>得点: 0、 ヒット:<span class="red">1</span>、 四死球:0</p>
</div>
      
<div class="anker"><a href="#wrapper">ページトップへ</a></div>
</div>
<div id="ii2" class="item F clearfix"><!--チーム選択--><!--イニングid-->
<div class="title"><h3 class="yjS"><b>2回裏</b>　日本ハムの攻撃</h3></div>
<ul>
<li>1：<a href="/npb/player?id=1300009">アブレイユ</a>　ヒット 1塁</li>
<li>2：<a href="/npb/player?id=700063">今浪</a>　ファウルフライを荻野貴(左)がつかんでバッターアウト 1アウト</li>
<li>3：<a href="/npb/player?id=900070">杉谷</a>　センターへのヒットで出塁 1,2塁</li>
<li>4：<a href="/npb/player?id=20225">鶴岡</a>　1アウト1,2塁から内角のストレートを打つもレフトフライ 2アウト</li>
<li>5：<a href="/npb/player?id=900069">中島卓</a>　フルカウントから高めのストレートに空振り三振！決定機を逃す 3アウトチェンジ</li>
</ul>
<div class="score yjS">
<p>得点:0 、 ヒット:<span class="red">2</span> 、 四死球:0</p>
</div>
</div>
<div id="i3" class="item M clearfix"><!--チーム選択--><!--イニングid-->
<div class="title"><h3 class="yjS"><b>3回表</b>　ロッテの攻撃</h3></div>
<ul>
<li>1：<a href="/npb/player?id=500089">川本</a>　三塁線へ絶妙なセーフティバント！内野安打で出塁する 1塁</li>
<li>2：<a href="/npb/player?id=600092">根元</a>　センターへのヒットを放つ 1,2塁</li>
<li>3：<a href="/npb/player?id=1000105">伊志嶺</a>　見事送りバントを決める 1アウト2,3塁</li>
<li>4：<a href="/npb/player?id=11584">井口</a>　ファウルフライを稲葉(一)がつかんでバッターアウト 2アウト</li>
<li>5：<a href="/npb/player?id=12095">今江</a>　外角のチェンジアップを打つもセンターフライ 3アウトチェンジ</li>
</ul>
<div class="score yjS">
<p>得点: 0、 ヒット:<span class="red">2</span>、 四死球:0</p>
</div>
      
<div class="anker"><a href="#wrapper">ページトップへ</a></div>
</div>
<div id="ii3" class="item F clearfix"><!--チーム選択--><!--イニングid-->
<div class="title"><h3 class="yjS"><b>3回裏</b>　日本ハムの攻撃</h3></div>
<ul>
<li>1：<a href="/npb/player?id=600037">陽</a>　内角のチェンジアップを打つもレフトフライ 1アウト</li>
<li>2：<a href="/npb/player?id=700094">大引</a>　外角のストレートを打つもファーストゴロ 2アウト</li>
<li>3：<a href="/npb/player?id=11331">稲葉</a>　ハーフスイングを取られて空振り三振でバッターアウト 3アウトチェンジ</li>
</ul>
<div class="score yjS">
<p>得点:0 、 ヒット:0 、 四死球:0</p>
</div>
</div>
<div id="i4" class="item M clearfix"><!--チーム選択--><!--イニングid-->
<div class="title"><h3 class="yjS"><b>4回表</b>　ロッテの攻撃</h3></div>
<ul>
<li>1：<a href="/npb/player?id=11385">サブロー</a>　低めのストレートを打つもセンターフライ 1アウト</li>
<li>2：<a href="/npb/player?id=700087">角中</a>　外角のスライダーを打つもライトフライ 2アウト</li>
<li>3：<a href="/npb/player?id=1000014">荻野貴</a>　高めのストレートを打つもセンターフライ 3アウトチェンジ</li>
</ul>
<div class="score yjS">
<p>得点: 0、 ヒット:0、 四死球:0</p>
</div>
      
<div class="anker"><a href="#wrapper">ページトップへ</a></div>
</div>
<div id="ii4" class="item F clearfix"><!--チーム選択--><!--イニングid-->
<div class="title"><h3 class="yjS"><b>4回裏</b>　日本ハムの攻撃</h3></div>
<ul>
<li>1：<a href="/npb/player?id=800054">中田</a>　内角の真っ直ぐを打つもショートフライ 1アウト</li>
<li>2：<a href="/npb/player?id=1300009">アブレイユ</a>　内角の落ちる球を打つもサードゴロ 2アウト</li>
<li>3：<a href="/npb/player?id=700063">今浪</a>　内角のストレートを打つもセンターフライ 3アウトチェンジ</li>
</ul>
<div class="score yjS">
<p>得点:0 、 ヒット:0 、 四死球:0</p>
</div>
</div>
<div id="i5" class="item M clearfix"><!--チーム選択--><!--イニングid-->
<div class="title"><h3 class="yjS"><b>5回表</b>　ロッテの攻撃</h3></div>
<ul>
<li>1：<a href="/npb/player?id=600032">細谷</a>　邪飛 1アウト</li>
<li>2：<a href="/npb/player?id=500089">川本</a>　外角のストレートに空振り三振でバッターアウト 2アウト</li>
<li>3：<a href="/npb/player?id=600092">根元</a>　低めのシュートをセンターへ打ってヒット 1塁</li>
<li>4：<a href="/npb/player?id=1000105">伊志嶺</a>　外角の真っ直ぐを見送りフォアボールを選ぶ 1,2塁</li>
<li>5：<a href="/npb/player?id=11584">井口</a>　2アウト1,2塁からど真ん中のチェンジアップを打つもレフトフライ 3アウトチェンジ</li>
</ul>
<div class="score yjS">
<p>得点: 0、 ヒット:<span class="red">1</span>、 四死球:1</p>
</div>
      
<div class="anker"><a href="#wrapper">ページトップへ</a></div>
</div>
<div id="ii5" class="item F clearfix"><!--チーム選択--><!--イニングid-->
<div class="title"><h3 class="yjS"><b>5回裏</b>　日本ハムの攻撃</h3></div>
<ul>
<li>1：<a href="/npb/player?id=900070">杉谷</a>　ど真ん中のカットボールに空振り三振でバッターアウト 1アウト</li>
<li>2：<a href="/npb/player?id=20225">鶴岡</a>　センターへのヒット 1塁</li>
<li>3：<a href="/npb/player?id=900069">中島卓</a>　見事送りバントを成功させる 2アウト2塁</li>
<li>4：<a href="/npb/player?id=600037">陽</a>　外角の変化球を打つもショートゴロ 3アウトチェンジ</li>
</ul>
<div class="score yjS">
<p>得点:0 、 ヒット:<span class="red">1</span> 、 四死球:0</p>
</div>
</div>
<div id="i6" class="item M clearfix"><!--チーム選択--><!--イニングid-->
<div class="title"><h3 class="yjS"><b>6回表</b>　ロッテの攻撃</h3></div>
<ul>
<li>1：<b class="green">ピッチャー吉川に代わって「フランチャイズキーパーソン」鍵谷がマウンドにあがる</b></li>
<li>2：<a href="/npb/player?id=12095">今江</a>　外角のカーブを打つもショートゴロ 1アウト</li>
<li>3：<a href="/npb/player?id=11385">サブロー</a>　レフトへのヒットを放つ 1塁</li>
<li>4：<a href="/npb/player?id=700087">角中</a>　ライトへの二塁打 2,3塁</li>
<li>5：<b class="green">荻野貴→代打:ブラゼル</b></li>
<li>6：<b class="green">投手交代:鍵谷→石井</b></li>
<li>7：<b class="red"><a href="/npb/player?id=300952">ブラゼル</a>　1アウト2,3塁の1-0からライトへのタイムリーヒット 日0-2ロ 1,3塁</b></li>
<li>8：<b class="green">1塁走者ブラゼルに代わり、快足で守備陣を混乱に陥れる岡田</b></li>
<li>9：<a href="/npb/player?id=600032">細谷</a>　一度もバットを振ることなくストレートのフォアボールを選ぶ 満塁</li>
<li>10：<a href="/npb/player?id=500089">川本</a>　低めのストレートを打つもセカンドフライ 2アウト</li>
<li>11：<a href="/npb/player?id=600092">根元</a>　外角のスライダーを打つもセカンドゴロ 3アウトチェンジ</li>
</ul>
<div class="score yjS">
<p>得点: <b class="red">1</b>、 ヒット:<span class="red">3</span>、 四死球:1</p>
</div>
      
<div class="anker"><a href="#wrapper">ページトップへ</a></div>
</div>
<div id="ii6" class="item F clearfix"><!--チーム選択--><!--イニングid-->
<div class="title"><h3 class="yjS"><b>6回裏</b>　日本ハムの攻撃</h3></div>
<ul>
<li>1：<b class="green">守備変更:伊志嶺センター→レフト　守備変更:岡田→センター</b></li>
<li>2：<a href="/npb/player?id=700094">大引</a>　内角のカットボールを打つもサードゴロ 1アウト</li>
<li>3：<a href="/npb/player?id=11331">稲葉</a>　外角のチェンジアップを打つもセカンドゴロ 2アウト</li>
<li>4：<a href="/npb/player?id=800054">中田</a>　7球粘るも外角高めのストレートに空振り三振 3アウトチェンジ</li>
</ul>
<div class="score yjS">
<p>得点:0 、 ヒット:0 、 四死球:0</p>
</div>
</div>
<div id="i7" class="item M clearfix"><!--チーム選択--><!--イニングid-->
<div class="title"><h3 class="yjS"><b>7回表</b>　ロッテの攻撃</h3></div>
<ul>
<li>1：<b class="green">投手交代:石井→矢貫</b></li>
<li>2：<b class="green">伊志嶺→代打:鈴木</b></li>
<li>3：<a href="/npb/player?id=1100103">鈴木</a>　セカンドへのファウルフライに倒れる 1アウト</li>
<li>4：<a href="/npb/player?id=11584">井口</a>　外角のストレートを打つもショートゴロ 2アウト</li>
<li>5：<a href="/npb/player?id=12095">今江</a>　外角のストレートをライトへ打ってヒット 1塁</li>
<li>6：一塁走者今江:盗塁成功 2塁</li>
<li>7：<a href="/npb/player?id=11385">サブロー</a>　低めのスライダーを見送り四球を選ぶ 1,2塁</li>
<li>8：<a href="/npb/player?id=700087">角中</a>　2アウト1,2塁からライトへのヒットを放つ</li>
<li>9：2塁走者今江は走塁死 3アウトチェンジ</li>
</ul>
<div class="score yjS">
<p>得点: 0、 ヒット:<span class="red">2</span>、 四死球:1</p>
</div>
      
<div class="anker"><a href="#wrapper">ページトップへ</a></div>
</div>
<div id="ii7" class="item F clearfix"><!--チーム選択--><!--イニングid-->
<div class="title"><h3 class="yjS"><b>7回裏</b>　日本ハムの攻撃</h3></div>
<ul>
<li>1：<b class="green">守備交代:レフト加藤　守備変更:鈴木→ショート</b></li>
<li>2：<a href="/npb/player?id=1300009">アブレイユ</a>　一度もバットを振ることなく見逃し三振 1アウト</li>
<li>3：<a href="/npb/player?id=700063">今浪</a>　ライトへのヒットで出塁 1塁</li>
<li>4：<a href="/npb/player?id=900070">杉谷</a>　外角のチェンジアップを打つもファーストゴロ 2アウト2塁</li>
<li>5：<a href="/npb/player?id=20225">鶴岡</a>　外角のカットボールを打つもセカンドゴロ 3アウトチェンジ</li>
</ul>
<div class="score yjS">
<p>得点:0 、 ヒット:<span class="red">1</span> 、 四死球:0</p>
</div>
</div>
<div id="i8" class="item M clearfix"><!--チーム選択--><!--イニングid-->
<div class="title"><h3 class="yjS"><b>8回表</b>　ロッテの攻撃</h3></div>
<ul>
<li>1：<b class="green">投手交代:矢貫→宮西</b></li>
<li>2：<a href="/npb/player?id=900082">岡田</a>　外角のスライダーを打つもレフトフライ 1アウト</li>
<li>3：<a href="/npb/player?id=1200097">加藤</a>　低めの真っ直ぐに見逃し三振でバッターアウト！ 2アウト</li>
<li>4：<a href="/npb/player?id=500089">川本</a>　9球粘るも外角高めの真っ直ぐに空振り三振 3アウトチェンジ</li>
</ul>
<div class="score yjS">
<p>得点: 0、 ヒット:0、 四死球:0</p>
</div>
      
<div class="anker"><a href="#wrapper">ページトップへ</a></div>
</div>
<div id="ii8" class="item F clearfix"><!--チーム選択--><!--イニングid-->
<div class="title"><h3 class="yjS"><b>8回裏</b>　日本ハムの攻撃</h3></div>
<ul>
<li>1：<b class="green">ピッチャーグライシンガーに代わってカルロス・ロサがマウンドにあがる</b></li>
<li>2：<a href="/npb/player?id=900069">中島卓</a>　粘りを見せて10球目にフォアボールを選ぶ 1塁</li>
<li>3：一塁走者中島卓:盗塁成功 2塁</li>
<li>4：<a href="/npb/player?id=600037">陽</a>　ど真ん中のスライダーに空振り三振 1アウト</li>
<li>5：<b class="green">大引→代打:二岡</b></li>
<li>6：<b class="red"><a href="/npb/player?id=11781">二岡</a>　ランナー2塁の1-1からセンターへのタイムリーヒット 日1-2ロ 1塁</b></li>
<li>7：<b class="green">1塁走者二岡に代わり、走塁でも貢献する飯山</b></li>
<li>8：<a href="/npb/player?id=11331">稲葉</a>　151キロの真っ直ぐに空振り三振でバッターアウト 2アウト</li>
<li>9：<a href="/npb/player?id=800054">中田</a>　センターへのヒットを放つ 1,2塁</li>
<li>10：<a href="/npb/player?id=1300009">アブレイユ</a>　一打同点の場面で外角のフォークボールを打つもサードゴロ 3アウトチェンジ</li>
</ul>
<div class="score yjS">
<p>得点:<b class="red">1</b> 、 ヒット:<span class="red">2</span> 、 四死球:1</p>
</div>
</div>
<div id="i9" class="item M clearfix"><!--チーム選択--><!--イニングid-->
<div class="title"><h3 class="yjS"><b>9回表</b>　ロッテの攻撃</h3></div>
<ul>
<li>1：<b class="green">投手交代:宮西→増井　守備変更:飯山→ショート</b></li>
<li>2：<a href="/npb/player?id=600092">根元</a>　センターへのヒットで出塁 1塁</li>
<li>3：一塁走者根元:盗塁成功 2塁</li>
<li>4：<a href="/npb/player?id=1100103">鈴木</a>　0アウト2塁から外角の落ちる球を打つもセカンドゴロ 1アウト3塁</li>
<li>5：<b class="red"><a href="/npb/player?id=11584">井口</a>　ランナー3塁の1-2からレフトスタンドへの２ランホームラン 日1-4ロ</b></li>
<li>6：<a href="/npb/player?id=12095">今江</a>　空振りの三振を喫する 2アウト</li>
<li>7：<a href="/npb/player?id=11385">サブロー</a>　152キロのストレートを打つもサードゴロ 3アウトチェンジ</li>
</ul>
<div class="score yjS">
<p>得点: <b class="red">2</b>、 ヒット:<span class="red">2</span>、 四死球:0</p>
</div>
      
<div class="anker"><a href="#wrapper">ページトップへ</a></div>
</div>
<div id="ii9" class="item F clearfix"><!--チーム選択--><!--イニングid-->
<div class="title"><h3 class="yjS"><b>9回裏</b>　日本ハムの攻撃</h3></div>
<ul>
<li>1：<b class="green">ピッチャーカルロス・ロサに代わって「歓喜のトルネード」益田がマウンドにあがる</b></li>
<li>2：<a href="/npb/player?id=700063">今浪</a>　外角のシンカーを打つもセカンドゴロ 1アウト</li>
<li>3：<a href="/npb/player?id=900070">杉谷</a>　ワンバウンドした球に空振り、三振を喫する 2アウト</li>
<li>4：<b class="green">鶴岡→代打:ホフパワー</b></li>
<li>5：<a href="/npb/player?id=900142">ホフパワー</a>　外角のシンカーを打つもセカンドゴロ ゲームセット</li>
<li>6：試合終了</li>
</ul>
<div class="score yjS">
<p>得点:0 、 ヒット:0 、 四死球:0</p>
</div>
</div>
</div>
<!-- テキスト速報 -->

<div id="yads_67572_1441_position_02"></div>
</div><!--/#main-->
<!--main end-->

<!--sub start-->
<div id="sub">
<!-- SpaceID=0 robot -->
<!--/#pos-lrec-->

<!-- 他球団モジュール -->
<div class="yjSNLiveCommonsubtitle"><h4 class="yjS"><span>7/12(金)　そのほかの試合</span></h4></div>
<div id="yjSNLiveOthergame">
<table width=100% cellpadding=0 cellspacing=0 border=0>
<tr><td class=''><a alt='そのほかの試合' href='/npb/game/2013071201/'><dl>
<dt><b>ヤ</b></dt>
<dd><b>11</b> - 9</dd>
<dt>広</dt>
</dl>
<div class="none">結果</div></a></td>
<td class=''><a alt='そのほかの試合' href='/npb/game/2013071202/'><dl>
<dt><b>中</b></dt>
<dd><b>9</b> - 1</dd>
<dt>巨</dt>
</dl>
<div class="none">結果</div></a></td>
<td class=''><a alt='そのほかの試合' href='/npb/game/2013071203/'><dl>
<dt><b>神</b></dt>
<dd><b>3</b> - 2</dd>
<dt>Ｄ</dt>
</dl>
<div class="none">結果</div></a></td>
</tr><tr><td class='act'><dl>
<dt>日</dt>
<dd>1 - <b>4</b></dd>
<dt><b>ロ</b></dt>
</dl>
<div>観戦中</div></td>
<td class=''><a alt='そのほかの試合' href='/npb/game/2013071205/'><dl>
<dt>楽</dt>
<dd>3 - <b>4</b></dd>
<dt><b>西</b></dt>
</dl>
<div class="none">結果</div></a></td>
<td class=''><a alt='そのほかの試合' href='/npb/game/2013071206/'><dl>
<dt>ソ</dt>
<dd>2 - <b>7</b></dd>
<dt><b>オ</b></dt>
</dl>
<div class="none">結果</div></a></td>
</tr></table>
</div>

<!-- /他球団モジュール -->
<!--打順-->
<div class="yjSNLiveCommonsubtitle"><h4 class="yjS"><span>打順</span></h4></div>
<div id="yjSNLiveBattinglist" class="clearfix">

<table class="column-left" width=100% cellpadding=0 cellspacing=0 border=0>
<tr class="teamborder">
<th colspan=3 class="M">&nbsp;</th>
<th colspan=3 class="F">&nbsp;</th>
</tr>
<tr class="teamlogo">
<th colspan=3 class="M"><a href="/npb/teams/9/">ロッテ</a></th>
<th colspan=3 class="F"><a href="/npb/teams/8/">日本ハム</a></th>
</tr>

<tr>
<td class="nm">1</td>
<td>二</td>
<td class="pn"><a href="/npb/player?id=600092">根元俊一</a></td>
<td class="nm">1</td>
<td>中</td>
<td class="pn"><a href="/npb/player?id=600037">陽岱鋼</a></td>
</tr>
<tr>
<td class="nm">2</td>
<td>遊</td>
<td class="pn"><a href="/npb/player?id=1100103">鈴木大地</a></td>
<td class="nm">2</td>
<td>遊</td>
<td class="pn"><a href="/npb/player?id=11686">飯山裕志</a></td>
</tr>
<tr>
<td class="nm">3</td>
<td>一</td>
<td class="pn"><a href="/npb/player?id=11584">井口資仁</a></td>
<td class="nm">3</td>
<td>一</td>
<td class="pn"><a href="/npb/player?id=11331">稲葉篤紀</a></td>
</tr>
<tr>
<td class="nm">4</td>
<td>三</td>
<td class="pn"><a href="/npb/player?id=12095">今江敏晃</a></td>
<td class="nm">4</td>
<td>左</td>
<td class="pn"><a href="/npb/player?id=800054">中田翔</a></td>
</tr>
<tr>
<td class="nm">5</td>
<td>指</td>
<td class="pn"><a href="/npb/player?id=11385">サブロー</a></td>
<td class="nm">5</td>
<td>指</td>
<td class="pn"><a href="/npb/player?id=1300009">アブレイユ</a></td>
</tr>
<tr>
<td class="nm">6</td>
<td>右</td>
<td class="pn"><a href="/npb/player?id=700087">角中勝也</a></td>
<td class="nm">6</td>
<td>三</td>
<td class="pn"><a href="/npb/player?id=700063">今浪隆博</a></td>
</tr>
<tr>
<td class="nm">7</td>
<td>中</td>
<td class="pn"><a href="/npb/player?id=900082">岡田幸文</a></td>
<td class="nm">7</td>
<td>右</td>
<td class="pn"><a href="/npb/player?id=900070">杉谷拳士</a></td>
</tr>
<tr>
<td class="nm">8</td>
<td>左</td>
<td class="pn"><a href="/npb/player?id=1200097">加藤翔平</a></td>
<td class="nm act">8</td>
<td class="act">代</td>
<td class="pn act"><a href="/npb/player?id=900142">ホフパワー</a></td>
</tr>
<tr>
<td class="nm">9</td>
<td>捕</td>
<td class="pn"><a href="/npb/player?id=500089">川本良平</a></td>
<td class="nm">9</td>
<td>二</td>
<td class="pn"><a href="/npb/player?id=900069">中島卓也</a></td>
</tr>

</table>

</div>

<!--打順-->

<!--ゲーム差-->
<!--ゲーム差-->


<!--球団情報-->

<!-- /新IM -->

</div><!--/#contents-body-->

 
</div><!-- Facebook -->
<div id="fb-root"></div>
<!-- / Facebook -->
</body>
</html>
