<!DOCTYPE html PUBLIC "-//W3C//DTD XHTML 1.0 Transitional//EN" "http://www.w3.org/TR/xhtml1/DTD/xhtml1-transitional.dtd">
<html lang="ja" xmlns:og="http://ogp.me/ns#" xmlns:mixi="http://mixi-platform.com/ns#" xmlns:fb="http://www.facebook.com/2008/fbml">
<head>
<!---京--->
<meta http-equiv="Content-Type" content="text/html; charset=utf-8">
<meta http-equiv="Content-Style-Type" content="text/css">
<meta http-equiv="Content-Script-Type" content="text/javascript">
<title>Yahoo!スポーツ - プロ野球</title>
<meta name="description" content="楽天 vs 日本ハムのテキスト速報。一球速報、結果、セ・リーグ、パ・リーグの日程、順位、個人成績、プロ野球に関連した最新ニュース、写真ニュースなどの情報が満載な、Yahoo!スポーツ プロ野球サイトのテキスト速報ページです。">
<meta name="keywords" content="テキスト速報,速報,中継,楽天,日本ハム,プロ野球,野球">
<link rel="stylesheet" href="http://i.yimg.jp/images/sports/baseball/npb/live/css/master-npb-live-common.css" type="text/css" media="all">
<link rel="stylesheet" href="http://i.yimg.jp/images/sports/baseball/npb/css/master-npb-common.css" type="text/css" media="all">


<meta property="og:title"       content="Yahoo!プロ野球 - 2013年7月10日 楽天vs.日本ハム テキスト速報" />
<meta property="og:type"        content="website" />
<meta property="og:url"         content="http://baseball.yahoo.co.jp/npb/game/2013071004/text" /> 
<meta property="og:image"       content="http://i.yimg.jp/images/sports/promo/pc/facebook/baseball_76x76.png" />
<meta property="og:site_name"   content="Yahoo!スポーツ" />
<meta property="og:description" content="" />
<meta property="og:locale"      content="ja_JP" />
<meta property="fb:app_id"      content="215456371901325" />
<link rel="apple-touch-icon" href="http://i.yimg.jp/images/sports/promo/pc/facebook/baseball.png">
<script type="text/javascript" src="http://i.yimg.jp/images/sports/js/jquery-1.3.2.min.js"></script><script type="text/javascript" src="http://i.yimg.jp/images/sports/v1/js/sports.global-1.1.1.js"></script>
</head>
<body class="yj950-2">

<div id="wrapper"><div id="contents-body" class="yjSNLive">
<!--main start-->
<div id="main">

<!-- ローカルナビ -->
<div id="ch-navi" class="clearfix mb5p">
<ul class="clearfix">

<li><span><a href="/npb/game/2013071004/top"">試合トップ</a></span></li><!--ナビアクティブ-->

<li class="gray"><span><a>一球速報</a></span></li>


<li class="on"><span><a>テキスト速報</a></span></li>


<li><span><a href="/npb/game/2013071004/stats">投打詳細</a></span></li>

 
<li><span><a href="http://rd.yahoo.co.jp/media/sports/baseball/npb/live/tab/comment/SIG=11updaleb/*http%3A//textream.yahoo.co.jp/rd/sports/npb/?game=2013071004">コメント</a></span></li>


</ul>
<em><a href="/npb/schedule/?date=20130710">7月10日（水）</a>楽天 vs. 日本ハム</em>
</div>

<!-- /ローカルナビ -->

<!-- スコアボード -->
<div id="yjSNLiveTextscoreboard">

<div class="inner">
<table width="100%" cellspacing="0" cellpadding="0" border="0">

<tbody><tr class="chs-title yjS">
<th>&nbsp;</th>
<th>1</th>
<th>2</th>
<th>3</th>
<th>4</th>
<th>5</th>
<th>6</th>
<th>7</th>
<th>8</th>
<th>9</th>
<th>計</th>
<th>安</th>
<th>失</th>
</tr>
<tr class="yjMS">
<th class="F">
<b><a href="/npb/teams/8/">日本ハム</a></b></th><!--チーム選択-->


<td>
<a href=http://rd.yahoo.co.jp/media/sports/baseball/npb/live/sokuho/SIG=11ok43dtn/*http%3A//baseball.yahoo.co.jp/npb/game/2013071004/text#i1>0</a>
</td>
<td>
<a href=http://rd.yahoo.co.jp/media/sports/baseball/npb/live/sokuho/SIG=11ok43dtn/*http%3A//baseball.yahoo.co.jp/npb/game/2013071004/text#i2>0</a>
</td>
<td>
<a href=http://rd.yahoo.co.jp/media/sports/baseball/npb/live/sokuho/SIG=11ok43dtn/*http%3A//baseball.yahoo.co.jp/npb/game/2013071004/text#i3>1</a>
</td>
<td>
<a href=http://rd.yahoo.co.jp/media/sports/baseball/npb/live/sokuho/SIG=11ok43dtn/*http%3A//baseball.yahoo.co.jp/npb/game/2013071004/text#i4>3</a>
</td>
<td>
<a href=http://rd.yahoo.co.jp/media/sports/baseball/npb/live/sokuho/SIG=11ok43dtn/*http%3A//baseball.yahoo.co.jp/npb/game/2013071004/text#i5>0</a>
</td>
<td>
<a href=http://rd.yahoo.co.jp/media/sports/baseball/npb/live/sokuho/SIG=11ok43dtn/*http%3A//baseball.yahoo.co.jp/npb/game/2013071004/text#i6>0</a>
</td>
<td>
<a href=http://rd.yahoo.co.jp/media/sports/baseball/npb/live/sokuho/SIG=11ok43dtn/*http%3A//baseball.yahoo.co.jp/npb/game/2013071004/text#i7>0</a>
</td>
<td>
<a href=http://rd.yahoo.co.jp/media/sports/baseball/npb/live/sokuho/SIG=11ok43dtn/*http%3A//baseball.yahoo.co.jp/npb/game/2013071004/text#i8>0</a>
</td>
<td>
<a href=http://rd.yahoo.co.jp/media/sports/baseball/npb/live/sokuho/SIG=11ok43dtn/*http%3A//baseball.yahoo.co.jp/npb/game/2013071004/text#i9>0</a>
</td>
<td class="sum">4</td>
<td class="fwn">10</td>
<td class="fwn">0</td>
</tr>
<tr class="yjMS">
<th class="E">

<b><a href="/npb/teams/376/">楽天</a></b></th><!--チーム選択-->
<td>
<a href=http://rd.yahoo.co.jp/media/sports/baseball/npb/live/sokuho/SIG=11ok43dtn/*http%3A//baseball.yahoo.co.jp/npb/game/2013071004/text#ii1>0</a>
</td>
<td>
<a href=http://rd.yahoo.co.jp/media/sports/baseball/npb/live/sokuho/SIG=11ok43dtn/*http%3A//baseball.yahoo.co.jp/npb/game/2013071004/text#ii2>1</a>
</td>
<td>
<a href=http://rd.yahoo.co.jp/media/sports/baseball/npb/live/sokuho/SIG=11ok43dtn/*http%3A//baseball.yahoo.co.jp/npb/game/2013071004/text#ii3>0</a>
</td>
<td>
<a href=http://rd.yahoo.co.jp/media/sports/baseball/npb/live/sokuho/SIG=11ok43dtn/*http%3A//baseball.yahoo.co.jp/npb/game/2013071004/text#ii4>0</a>
</td>
<td>
<a href=http://rd.yahoo.co.jp/media/sports/baseball/npb/live/sokuho/SIG=11ok43dtn/*http%3A//baseball.yahoo.co.jp/npb/game/2013071004/text#ii5>0</a>
</td>
<td>
<a href=http://rd.yahoo.co.jp/media/sports/baseball/npb/live/sokuho/SIG=11ok43dtn/*http%3A//baseball.yahoo.co.jp/npb/game/2013071004/text#ii6>0</a>
</td>
<td>
<a href=http://rd.yahoo.co.jp/media/sports/baseball/npb/live/sokuho/SIG=11ok43dtn/*http%3A//baseball.yahoo.co.jp/npb/game/2013071004/text#ii7>0</a>
</td>
<td>
<a href=http://rd.yahoo.co.jp/media/sports/baseball/npb/live/sokuho/SIG=11ok43dtn/*http%3A//baseball.yahoo.co.jp/npb/game/2013071004/text#ii8>0</a>
</td>
<td>
<a href=http://rd.yahoo.co.jp/media/sports/baseball/npb/live/sokuho/SIG=11ok43dtn/*http%3A//baseball.yahoo.co.jp/npb/game/2013071004/text#ii9>0</a>
</td>
<td class="sum">1</td>
<td class="fwn">4</td>
<td class="fwn">0</td>
</tr>

</tbody></table>
</div>


<div class="navi clearfix">

<div class="column-left">
</div>

<div class="column-right">

<div class="reflesh clearfix">
<ul class="clearfix">
<li class="auto" title="自動更新"><a id="btn_auto" href="http://rd.yahoo.co.jp/media/sports/baseball/npb/live/auto/SIG=11ok43dtn/*http%3A//baseball.yahoo.co.jp/npb/game/2013071004/text?manual=2"><i>自動更新</i></a></li>
<li class="manual-on" title="手動更新"><a><i>手動更新</i></a></li>
<li title="更新" class="btn_reflesh"><a href="http://rd.yahoo.co.jp/media/sports/baseball/npb/live/refresh/SIG=11ok43dtn/*http%3A//baseball.yahoo.co.jp/npb/game/2013071004/text?manual=1"><i>更新</i></a></li>
</ul>
<em>自動更新：30秒</em>
</div>

</div>
</div>

</div>
<!-- /スコアボード -->


<!-- テキスト速報 -->
<div class="yjSportsCommonTitle"><h3 class="yjS"><span><strong>テキスト速報</strong></span></h3></div><div id="yjSNLiveTextlive" class="yjMS">

<div id="i1" class="item F clearfix"><!--チーム選択--><!--イニングid-->
<div class="title"><h3 class="yjS"><b>1回表</b>　日本ハムの攻撃</h3></div>
<ul>
<li>1：試合開始</li>
<li>2：<a href="/npb/player?id=600037">陽</a>　外角のフォークボールを打つもピッチャーゴロ 1アウト</li>
<li>3：<a href="/npb/player?id=700094">大引</a>　デッドボールを受ける 1塁</li>
<li>4：<a href="/npb/player?id=11331">稲葉</a>　ど真ん中の真っ直ぐを打つもライトフライ 2アウト</li>
<li>5：<a href="/npb/player?id=800054">中田</a>　ど真ん中のスライダーを打つもライトフライ 3アウトチェンジ</li>
</ul>
<div class="score yjS">
<p>得点: 0、 ヒット:0、 四死球:1</p>
</div>
      
<div class="anker"><a href="#wrapper">ページトップへ</a></div>
</div>
<div id="yads_67572_1441_position_01"></div><div id="ii1" class="item E clearfix"><!--チーム選択--><!--イニングid-->
<div class="title"><h3 class="yjS"><b>1回裏</b>　楽天の攻撃</h3></div>
<ul>
<li>1：<a href="/npb/player?id=800084">聖沢</a>　外角のシュートを打つもショートゴロ 1アウト</li>
<li>2：<a href="/npb/player?id=500051">藤田</a>　外角のシュートを打つもサードゴロ 2アウト</li>
<li>3：<a href="/npb/player?id=600020">銀次</a>　内角のシュートを打つもセカンドゴロ 3アウトチェンジ</li>
</ul>
<div class="score yjS">
<p>得点:0 、 ヒット:0 、 四死球:0</p>
</div>
</div>
<div id="i2" class="item F clearfix"><!--チーム選択--><!--イニングid-->
<div class="title"><h3 class="yjS"><b>2回表</b>　日本ハムの攻撃</h3></div>
<ul>
<li>1：<a href="/npb/player?id=1300009">アブレイユ</a>　外角の真っ直ぐを打つもセンターフライ 1アウト</li>
<li>2：<a href="/npb/player?id=20227">小谷野</a>　高めのストレートを打つもレフトフライ 2アウト</li>
<li>3：<a href="/npb/player?id=1200087">大谷</a>　ど真ん中のスライダーを打つもショートゴロ 3アウトチェンジ</li>
</ul>
<div class="score yjS">
<p>得点: 0、 ヒット:0、 四死球:0</p>
</div>
      
<div class="anker"><a href="#wrapper">ページトップへ</a></div>
</div>
<div id="ii2" class="item E clearfix"><!--チーム選択--><!--イニングid-->
<div class="title"><h3 class="yjS"><b>2回裏</b>　楽天の攻撃</h3></div>
<ul>
<li>1：<b class="red"><a href="/npb/player?id=1200129">ジョーンズ</a>　フルカウントからレフトスタンドへのホームランで楽天先制！ 楽1-0日</b></li>
<li>2：<a href="/npb/player?id=1200136">マギー</a>　外角のカットボールを打つもライトフライ 1アウト</li>
<li>3：<a href="/npb/player?id=600021">枡田</a>　低めの真っ直ぐを打つもセカンドゴロ 2アウト</li>
<li>4：<a href="/npb/player?id=1100132">島内</a>　外角の真っ直ぐを打つもファーストゴロ 3アウトチェンジ</li>
</ul>
<div class="score yjS">
<p>得点:<b class="red">1</b> 、 ヒット:<span class="red">1</span> 、 四死球:0</p>
</div>
</div>
<div id="i3" class="item F clearfix"><!--チーム選択--><!--イニングid-->
<div class="title"><h3 class="yjS"><b>3回表</b>　日本ハムの攻撃</h3></div>
<ul>
<li>1：<a href="/npb/player?id=900065">大野</a>　ショートへの内野安打 1塁</li>
<li>2：<a href="/npb/player?id=900069">中島卓</a>　見事送りバントを決める 1アウト2塁</li>
<li>3：<a href="/npb/player?id=600037">陽</a>　内角のストレートに見逃し三振 2アウト</li>
<li>4：<b class="red"><a href="/npb/player?id=700094">大引</a>　ランナー2塁の2-2からレフトへの同点タイムリーツーベース！ 楽1-1日 2塁</b></li>
<li>5：<a href="/npb/player?id=11331">稲葉</a>　外角の真っ直ぐを打つもレフトフライ 3アウトチェンジ</li>
</ul>
<div class="score yjS">
<p>得点: <b class="red">1</b>、 ヒット:<span class="red">2</span>、 四死球:0</p>
</div>
      
<div class="anker"><a href="#wrapper">ページトップへ</a></div>
</div>
<div id="ii3" class="item E clearfix"><!--チーム選択--><!--イニングid-->
<div class="title"><h3 class="yjS"><b>3回裏</b>　楽天の攻撃</h3></div>
<ul>
<li>1：<a href="/npb/player?id=1100130">岡島</a>　外角のシュートをレフトへ打ってヒット 1塁</li>
<li>2：<a href="/npb/player?id=700039">岩崎</a>　見事送りバントを成功させる 1アウト2塁</li>
<li>3：<a href="/npb/player?id=800084">聖沢</a>　内角のカットボールを打つもファーストゴロ 2アウト3塁</li>
<li>4：<a href="/npb/player?id=500051">藤田</a>　2アウト3塁から外角のシュートを打つもショートゴロ 3アウトチェンジ</li>
</ul>
<div class="score yjS">
<p>得点:0 、 ヒット:<span class="red">1</span> 、 四死球:0</p>
</div>
</div>
<div id="i4" class="item F clearfix"><!--チーム選択--><!--イニングid-->
<div class="title"><h3 class="yjS"><b>4回表</b>　日本ハムの攻撃</h3></div>
<ul>
<li>1：<a href="/npb/player?id=800054">中田</a>　レフトへの二塁打 2塁</li>
<li>2：<b class="red"><a href="/npb/player?id=1300009">アブレイユ</a>　0アウト2塁の2-0からセンターへのタイムリーツーベースで日本ハム勝ち越し！ 楽1-2日 2塁</b></li>
<li>3：<a href="/npb/player?id=20227">小谷野</a>　ランナー2塁から外角のスライダーを打つもライトフライ 1アウト3塁</li>
<li>4：<b class="red"><a href="/npb/player?id=1200087">大谷</a>　1アウト3塁の2-0からスタンド中段に飛び込む２ランホームランを放つ 楽1-4日</b></li>
<li>5：<a href="/npb/player?id=900065">大野</a>　一度もバットを振ることなくフォアボールを選ぶ 1塁</li>
<li>6：<a href="/npb/player?id=900069">中島卓</a>　二塁打 2,3塁</li>
<li>7：<b class="green">投手交代:永井→宮川</b></li>
<li>8：<a href="/npb/player?id=600037">陽</a>　1アウト2,3塁からど真ん中のスライダーを打つもライトフライ 2アウト</li>
<li>9：<a href="/npb/player?id=700094">大引</a>　ファウルフライを銀次(一)が捕球してバッターアウト 3アウトチェンジ</li>
</ul>
<div class="score yjS">
<p>得点: <b class="red">3</b>、 ヒット:<span class="red">4</span>、 四死球:1</p>
</div>
      
<div class="anker"><a href="#wrapper">ページトップへ</a></div>
</div>
<div id="ii4" class="item E clearfix"><!--チーム選択--><!--イニングid-->
<div class="title"><h3 class="yjS"><b>4回裏</b>　楽天の攻撃</h3></div>
<ul>
<li>1：<a href="/npb/player?id=600020">銀次</a>　低めの真っ直ぐを打つもセカンドゴロ 1アウト</li>
<li>2：<a href="/npb/player?id=1200129">ジョーンズ</a>　外角のカーブに空振り三振でバッターアウト 2アウト</li>
<li>3：<a href="/npb/player?id=1200136">マギー</a>　内角のシュートを打つもサードライナー 3アウトチェンジ</li>
</ul>
<div class="score yjS">
<p>得点:0 、 ヒット:0 、 四死球:0</p>
</div>
</div>
<div id="i5" class="item F clearfix"><!--チーム選択--><!--イニングid-->
<div class="title"><h3 class="yjS"><b>5回表</b>　日本ハムの攻撃</h3></div>
<ul>
<li>1：<a href="/npb/player?id=11331">稲葉</a>　外角のストレートを打つもショートゴロ 1アウト</li>
<li>2：<a href="/npb/player?id=800054">中田</a>　ど真ん中の変化球を打つもレフトフライ 2アウト</li>
<li>3：<a href="/npb/player?id=1300009">アブレイユ</a>　レフトへのヒットを放つ 1塁</li>
<li>4：<a href="/npb/player?id=20227">小谷野</a>　8球粘った末にフォアボールを選ぶ 1,2塁</li>
<li>5：<a href="/npb/player?id=1200087">大谷</a>　外角の真っ直ぐを打つもセカンドゴロ 3アウトチェンジ</li>
</ul>
<div class="score yjS">
<p>得点: 0、 ヒット:<span class="red">1</span>、 四死球:1</p>
</div>
      
<div class="anker"><a href="#wrapper">ページトップへ</a></div>
</div>
<div id="ii5" class="item E clearfix"><!--チーム選択--><!--イニングid-->
<div class="title"><h3 class="yjS"><b>5回裏</b>　楽天の攻撃</h3></div>
<ul>
<li>1：<a href="/npb/player?id=600021">枡田</a>　ど真ん中の変化球を打つもセカンドゴロ 1アウト</li>
<li>2：<a href="/npb/player?id=1100132">島内</a>　外角のシュートを見送りフォアボールを選ぶ 1塁</li>
<li>3：<a href="/npb/player?id=1100130">岡島</a>　外角のシュートを打つもレフトフライ 2アウト</li>
<li>4：<a href="/npb/player?id=700039">岩崎</a>　外角の変化球を打つもショートゴロ 3アウトチェンジ</li>
</ul>
<div class="score yjS">
<p>得点:0 、 ヒット:0 、 四死球:1</p>
</div>
</div>
<div id="i6" class="item F clearfix"><!--チーム選択--><!--イニングid-->
<div class="title"><h3 class="yjS"><b>6回表</b>　日本ハムの攻撃</h3></div>
<ul>
<li>1：<a href="/npb/player?id=900065">大野</a>　内角の真っ直ぐを打つもピッチャーゴロ 1アウト</li>
<li>2：<a href="/npb/player?id=900069">中島卓</a>　内角のスライダーを見送りフォアボールを選ぶ 1塁</li>
<li>3：<a href="/npb/player?id=600037">陽</a>　低めの球を打つもセカンドライナー 2アウト</li>
<li>4：一塁走者中島卓:盗塁成功 2塁</li>
<li>5：<a href="/npb/player?id=700094">大引</a>　フルカウントからワンバウンドした球を空振り三振 3アウトチェンジ</li>
</ul>
<div class="score yjS">
<p>得点: 0、 ヒット:0、 四死球:1</p>
</div>
      
<div class="anker"><a href="#wrapper">ページトップへ</a></div>
</div>
<div id="ii6" class="item E clearfix"><!--チーム選択--><!--イニングid-->
<div class="title"><h3 class="yjS"><b>6回裏</b>　楽天の攻撃</h3></div>
<ul>
<li>1：<a href="/npb/player?id=800084">聖沢</a>　内角の変化球を打つもファーストゴロ 1アウト</li>
<li>2：<a href="/npb/player?id=500051">藤田</a>　レフトへのヒットを放つ 1塁</li>
<li>3：<a href="/npb/player?id=600020">銀次</a>　ど真ん中のシュートを打つも6-4-3のダブルプレー 3アウトチェンジ</li>
</ul>
<div class="score yjS">
<p>得点:0 、 ヒット:<span class="red">1</span> 、 四死球:0</p>
</div>
</div>
<div id="i7" class="item F clearfix"><!--チーム選択--><!--イニングid-->
<div class="title"><h3 class="yjS"><b>7回表</b>　日本ハムの攻撃</h3></div>
<ul>
<li>1：<b class="green">ピッチャー宮川に代わって「杜のシンボル」斎藤がマウンドにあがる</b></li>
<li>2：<a href="/npb/player?id=11331">稲葉</a>　レフトへのツーベース 2塁</li>
<li>3：<a href="/npb/player?id=800054">中田</a>　高めのボール球につられて空振り三振 1アウト</li>
<li>4：<a href="/npb/player?id=1300009">アブレイユ</a>　1アウト2塁から外角のスライダーを打つもセンターフライ 2アウト</li>
<li>5：斎藤(投):暴投 3塁</li>
<li>6：<a href="/npb/player?id=20227">小谷野</a>　カウント1-2から外角のストレートに空振り三振！決定機を逃す 3アウトチェンジ</li>
</ul>
<div class="score yjS">
<p>得点: 0、 ヒット:<span class="red">1</span>、 四死球:0</p>
</div>
      
<div class="anker"><a href="#wrapper">ページトップへ</a></div>
</div>
<div id="ii7" class="item E clearfix"><!--チーム選択--><!--イニングid-->
<div class="title"><h3 class="yjS"><b>7回裏</b>　楽天の攻撃</h3></div>
<ul>
<li>1：<a href="/npb/player?id=1200129">ジョーンズ</a>　低めのカーブに空振り三振でバッターアウト 1アウト</li>
<li>2：<a href="/npb/player?id=1200136">マギー</a>　外角のカーブを打つもファーストゴロ 2アウト</li>
<li>3：<a href="/npb/player?id=600021">枡田</a>　内角のカットボールを打つもショートゴロ 3アウトチェンジ</li>
</ul>
<div class="score yjS">
<p>得点:0 、 ヒット:0 、 四死球:0</p>
</div>
</div>
<div id="i8" class="item F clearfix"><!--チーム選択--><!--イニングid-->
<div class="title"><h3 class="yjS"><b>8回表</b>　日本ハムの攻撃</h3></div>
<ul>
<li>1：<b class="green">ピッチャー斎藤に代わって独特のフォームで勝負する長谷部がマウンドにあがる</b></li>
<li>2：<a href="/npb/player?id=1200087">大谷</a>　センターへのヒットを放つ 1塁</li>
<li>3：<a href="/npb/player?id=900065">大野</a>　見事送りバントを成功させる 1アウト2塁</li>
<li>4：<b class="green">中島卓→代打:二岡</b></li>
<li>5：<a href="/npb/player?id=11781">二岡</a>　高めのスライダーを打つもサードゴロ 2アウト3塁</li>
<li>6：<a href="/npb/player?id=600037">陽</a>　内角の変化球を打つもショートゴロ 3アウトチェンジ</li>
</ul>
<div class="score yjS">
<p>得点: 0、 ヒット:<span class="red">1</span>、 四死球:0</p>
</div>
      
<div class="anker"><a href="#wrapper">ページトップへ</a></div>
</div>
<div id="ii8" class="item E clearfix"><!--チーム選択--><!--イニングid-->
<div class="title"><h3 class="yjS"><b>8回裏</b>　楽天の攻撃</h3></div>
<ul>
<li>1：<b class="green">軽快なグラブさばきの今浪がセカンドの守備につく</b></li>
<li>2：<a href="/npb/player?id=1100132">島内</a>　ハーフスイングを取られて空振りの三振を喫する 1アウト</li>
<li>3：<a href="/npb/player?id=1100130">岡島</a>　一度もバットを振ることなくストレートのフォアボールを選ぶ 1塁</li>
<li>4：<a href="/npb/player?id=700039">岩崎</a>　ど真ん中のシュートを打つもセカンドゴロ 2アウト2塁</li>
<li>5：<a href="/npb/player?id=800084">聖沢</a>　2アウト2塁から低めの真っ直ぐをレフトへ打ってヒット 1,3塁</li>
<li>6：<b class="green">ピッチャーウルフに代わって宮西がマウンドにあがる</b></li>
<li>7：<a href="/npb/player?id=500051">藤田</a>　低めのスライダーを打つもライトフライ 3アウトチェンジ</li>
</ul>
<div class="score yjS">
<p>得点:0 、 ヒット:<span class="red">1</span> 、 四死球:1</p>
</div>
</div>
<div id="i9" class="item F clearfix"><!--チーム選択--><!--イニングid-->
<div class="title"><h3 class="yjS"><b>9回表</b>　日本ハムの攻撃</h3></div>
<ul>
<li>1：<b class="green">ピッチャー長谷部に代わって「再起をはかるベテランサウスポー」星野がマウンドにあがる</b></li>
<li>2：<a href="/npb/player?id=700094">大引</a>　高めの真っ直ぐを打つもショートフライ 1アウト</li>
<li>3：<b class="green">バッター稲葉に代わり、「ひと振りに懸ける将軍」赤田</b></li>
<li>4：<a href="/npb/player?id=11718">赤田</a>　空振りの三振を喫する 2アウト</li>
<li>5：<a href="/npb/player?id=800054">中田</a>　センターへのヒット 1塁</li>
<li>6：<a href="/npb/player?id=1300009">アブレイユ</a>　空振りの三振を喫する 3アウトチェンジ</li>
</ul>
<div class="score yjS">
<p>得点: 0、 ヒット:<span class="red">1</span>、 四死球:0</p>
</div>
      
<div class="anker"><a href="#wrapper">ページトップへ</a></div>
</div>
<div id="ii9" class="item E clearfix"><!--チーム選択--><!--イニングid-->
<div class="title"><h3 class="yjS"><b>9回裏</b>　楽天の攻撃</h3></div>
<ul>
<li>1：<b class="green">ピッチャー宮西に代わって「パーフェクト・コントロール」武田久がマウンドにあがる　守備交代:サード飯山　守備交代:キャッチャー鶴岡　守備変更:小谷野サード→ファースト</b></li>
<li>2：<a href="/npb/player?id=600020">銀次</a>　外角のストレートを打つもレフトフライ 1アウト</li>
<li>3：<a href="/npb/player?id=1200129">ジョーンズ</a>　外角のストレートに見逃し三振 2アウト</li>
<li>4：<a href="/npb/player?id=1200136">マギー</a>　外角のスライダーを打つもサードゴロ ゲームセット</li>
<li>5：試合終了</li>
</ul>
<div class="score yjS">
<p>得点:0 、 ヒット:0 、 四死球:0</p>
</div>
</div>
</div>
<!-- テキスト速報 -->

<div id="yads_67572_1441_position_02"></div>
</div><!--/#main-->
<!--main end-->

<!--sub start-->
<div id="sub">
<!-- SpaceID=0 robot -->
<!--/#pos-lrec-->

<!-- 他球団モジュール -->
<div class="yjSNLiveCommonsubtitle"><h4 class="yjS"><span>7/10(水)　そのほかの試合</span></h4></div>
<div id="yjSNLiveOthergame">
<table width=100% cellpadding=0 cellspacing=0 border=0>
<tr><td class=''><a alt='そのほかの試合' href='/npb/game/2013071001/'><dl>
<dt><b>巨</b></dt>
<dd><b>6</b> - 2</dd>
<dt>ヤ</dt>
</dl>
<div class="none">結果</div></a></td>
<td class=''><a alt='そのほかの試合' href='/npb/game/2013071002/'><dl>
<dt><b>Ｄ</b></dt>
<dd><b>17</b> - 8</dd>
<dt>広</dt>
</dl>
<div class="none">結果</div></a></td>
<td class='act'><dl>
<dt>楽</dt>
<dd>1 - <b>4</b></dd>
<dt><b>日</b></dt>
</dl>
<div>観戦中</div></td>
</tr><tr><td class=''><a alt='そのほかの試合' href='/npb/game/2013071005/'><dl>
<dt><b>西</b></dt>
<dd><b>3</b> - 2</dd>
<dt>ソ</dt>
</dl>
<div class="none">結果</div></a></td>
<td class=''><a alt='そのほかの試合' href='/npb/game/2013071006/'><dl>
<dt>ロ</dt>
<dd>3 - <b>4</b></dd>
<dt><b>オ</b></dt>
</dl>
<div class="none">結果</div></a></td>
<td class=''><a alt='そのほかの試合' href='/npb/game/2013071003/'><dl>
<dt><b>神</b></dt>
<dd><b>6</b> - 1</dd>
<dt>中</dt>
</dl>
<div class="none">結果</div></a></td>
</tr></table>
</div>

<!-- /他球団モジュール -->
<!--打順-->
<div class="yjSNLiveCommonsubtitle"><h4 class="yjS"><span>打順</span></h4></div>
<div id="yjSNLiveBattinglist" class="clearfix">

<table class="column-left" width=100% cellpadding=0 cellspacing=0 border=0>
<tr class="teamborder">
<th colspan=3 class="F">&nbsp;</th>
<th colspan=3 class="E">&nbsp;</th>
</tr>
<tr class="teamlogo">
<th colspan=3 class="F"><a href="/npb/teams/8/">日本ハム</a></th>
<th colspan=3 class="E"><a href="/npb/teams/376/">楽天</a></th>
</tr>

<tr>
<td class="nm">1</td>
<td>中</td>
<td class="pn"><a href="/npb/player?id=600037">陽岱鋼</a></td>
<td class="nm">1</td>
<td>中</td>
<td class="pn"><a href="/npb/player?id=800084">聖沢諒</a></td>
</tr>
<tr>
<td class="nm">2</td>
<td>遊</td>
<td class="pn"><a href="/npb/player?id=700094">大引啓次</a></td>
<td class="nm">2</td>
<td>二</td>
<td class="pn"><a href="/npb/player?id=500051">藤田一也</a></td>
</tr>
<tr>
<td class="nm">3</td>
<td>三</td>
<td class="pn"><a href="/npb/player?id=11686">飯山裕志</a></td>
<td class="nm">3</td>
<td>一</td>
<td class="pn"><a href="/npb/player?id=600020">銀次</a></td>
</tr>
<tr>
<td class="nm">4</td>
<td>左</td>
<td class="pn"><a href="/npb/player?id=800054">中田翔</a></td>
<td class="nm">4</td>
<td>指</td>
<td class="pn"><a href="/npb/player?id=1200129">ジョーンズ</a></td>
</tr>
<tr>
<td class="nm">5</td>
<td>指</td>
<td class="pn"><a href="/npb/player?id=1300009">アブレイユ</a></td>
<td class="nm act">5</td>
<td class="act">三</td>
<td class="pn act"><a href="/npb/player?id=1200136">マギー</a></td>
</tr>
<tr>
<td class="nm">6</td>
<td>一</td>
<td class="pn"><a href="/npb/player?id=20227">小谷野栄一</a></td>
<td class="nm">6</td>
<td>左</td>
<td class="pn"><a href="/npb/player?id=600021">枡田慎太郎</a></td>
</tr>
<tr>
<td class="nm">7</td>
<td>右</td>
<td class="pn"><a href="/npb/player?id=1200087">大谷翔平</a></td>
<td class="nm">7</td>
<td>右</td>
<td class="pn"><a href="/npb/player?id=1100132">島内宏明</a></td>
</tr>
<tr>
<td class="nm">8</td>
<td>捕</td>
<td class="pn"><a href="/npb/player?id=20225">鶴岡慎也</a></td>
<td class="nm">8</td>
<td>捕</td>
<td class="pn"><a href="/npb/player?id=1100130">岡島豪郎</a></td>
</tr>
<tr>
<td class="nm">9</td>
<td>二</td>
<td class="pn"><a href="/npb/player?id=700063">今浪隆博</a></td>
<td class="nm">9</td>
<td>遊</td>
<td class="pn"><a href="/npb/player?id=700039">岩崎達郎</a></td>
</tr>

</table>

</div>

<!--打順-->

<!--ゲーム差-->
<!--ゲーム差-->


<!--球団情報-->

<!-- /新IM -->

</div><!--/#contents-body-->

 
</div><!-- Facebook -->
<div id="fb-root"></div>
<!-- / Facebook -->
</body>
</html>
