<!DOCTYPE html PUBLIC "-//W3C//DTD XHTML 1.0 Transitional//EN" "http://www.w3.org/TR/xhtml1/DTD/xhtml1-transitional.dtd">
<html lang="ja" xmlns:og="http://ogp.me/ns#" xmlns:mixi="http://mixi-platform.com/ns#" xmlns:fb="http://www.facebook.com/2008/fbml">
<head>
<!---京--->
<meta http-equiv="Content-Type" content="text/html; charset=utf-8">
<meta http-equiv="Content-Style-Type" content="text/css">
<meta http-equiv="Content-Script-Type" content="text/javascript">
<title>Yahoo!スポーツ - プロ野球</title>
<meta name="description" content="ヤクルト vs 広島のテキスト速報。一球速報、結果、セ・リーグ、パ・リーグの日程、順位、個人成績、プロ野球に関連した最新ニュース、写真ニュースなどの情報が満載な、Yahoo!スポーツ プロ野球サイトのテキスト速報ページです。">
<meta name="keywords" content="テキスト速報,速報,中継,ヤクルト,広島,プロ野球,野球">
<link rel="stylesheet" href="http://i.yimg.jp/images/sports/baseball/npb/live/css/master-npb-live-common.css" type="text/css" media="all">
<link rel="stylesheet" href="http://i.yimg.jp/images/sports/baseball/npb/css/master-npb-common.css" type="text/css" media="all">


<meta property="og:title"       content="Yahoo!プロ野球 - 2013年7月12日 ヤクルトvs.広島 テキスト速報" />
<meta property="og:type"        content="website" />
<meta property="og:url"         content="http://baseball.yahoo.co.jp/npb/game/2013071201/text" /> 
<meta property="og:image"       content="http://i.yimg.jp/images/sports/promo/pc/facebook/baseball_76x76.png" />
<meta property="og:site_name"   content="Yahoo!スポーツ" />
<meta property="og:description" content="" />
<meta property="og:locale"      content="ja_JP" />
<meta property="fb:app_id"      content="215456371901325" />
<link rel="apple-touch-icon" href="http://i.yimg.jp/images/sports/promo/pc/facebook/baseball.png">
<script type="text/javascript" src="http://i.yimg.jp/images/sports/js/jquery-1.3.2.min.js"></script><script type="text/javascript" src="http://i.yimg.jp/images/sports/v1/js/sports.global-1.1.1.js"></script>
</head>
<body class="yj950-2">

<div id="wrapper"><div id="contents-body" class="yjSNLive">
<!--main start-->
<div id="main">

<!-- ローカルナビ -->
<div id="ch-navi" class="clearfix mb5p">
<ul class="clearfix">

<li><span><a href="/npb/game/2013071201/top"">試合トップ</a></span></li><!--ナビアクティブ-->

<li class="gray"><span><a>一球速報</a></span></li>


<li class="on"><span><a>テキスト速報</a></span></li>


<li><span><a href="/npb/game/2013071201/stats">投打詳細</a></span></li>

 
<li><span><a href="http://rd.yahoo.co.jp/media/sports/baseball/npb/live/tab/comment/SIG=11u40b9tf/*http%3A//textream.yahoo.co.jp/rd/sports/npb/?game=2013071201">コメント</a></span></li>


</ul>
<em><a href="/npb/schedule/?date=20130712">7月12日（金）</a>ヤクルト vs. 広島</em>
</div>

<!-- /ローカルナビ -->

<!-- スコアボード -->
<div id="yjSNLiveTextscoreboard">

<div class="inner">
<table width="100%" cellspacing="0" cellpadding="0" border="0">

<tbody><tr class="chs-title yjS">
<th>&nbsp;</th>
<th>1</th>
<th>2</th>
<th>3</th>
<th>4</th>
<th>5</th>
<th>6</th>
<th>7</th>
<th>8</th>
<th>9</th>
<th>計</th>
<th>安</th>
<th>失</th>
</tr>
<tr class="yjMS">
<th class="C">
<b><a href="/npb/teams/6/">広島</a></b></th><!--チーム選択-->


<td>
<a href=http://rd.yahoo.co.jp/media/sports/baseball/npb/live/sokuho/SIG=11o2t6qtl/*http%3A//baseball.yahoo.co.jp/npb/game/2013071201/text#i1>2</a>
</td>
<td>
<a href=http://rd.yahoo.co.jp/media/sports/baseball/npb/live/sokuho/SIG=11o2t6qtl/*http%3A//baseball.yahoo.co.jp/npb/game/2013071201/text#i2>0</a>
</td>
<td>
<a href=http://rd.yahoo.co.jp/media/sports/baseball/npb/live/sokuho/SIG=11o2t6qtl/*http%3A//baseball.yahoo.co.jp/npb/game/2013071201/text#i3>0</a>
</td>
<td>
<a href=http://rd.yahoo.co.jp/media/sports/baseball/npb/live/sokuho/SIG=11o2t6qtl/*http%3A//baseball.yahoo.co.jp/npb/game/2013071201/text#i4>3</a>
</td>
<td>
<a href=http://rd.yahoo.co.jp/media/sports/baseball/npb/live/sokuho/SIG=11o2t6qtl/*http%3A//baseball.yahoo.co.jp/npb/game/2013071201/text#i5>2</a>
</td>
<td>
<a href=http://rd.yahoo.co.jp/media/sports/baseball/npb/live/sokuho/SIG=11o2t6qtl/*http%3A//baseball.yahoo.co.jp/npb/game/2013071201/text#i6>0</a>
</td>
<td>
<a href=http://rd.yahoo.co.jp/media/sports/baseball/npb/live/sokuho/SIG=11o2t6qtl/*http%3A//baseball.yahoo.co.jp/npb/game/2013071201/text#i7>0</a>
</td>
<td>
<a href=http://rd.yahoo.co.jp/media/sports/baseball/npb/live/sokuho/SIG=11o2t6qtl/*http%3A//baseball.yahoo.co.jp/npb/game/2013071201/text#i8>0</a>
</td>
<td>
<a href=http://rd.yahoo.co.jp/media/sports/baseball/npb/live/sokuho/SIG=11o2t6qtl/*http%3A//baseball.yahoo.co.jp/npb/game/2013071201/text#i9>2</a>
</td>
<td class="sum">9</td>
<td class="fwn">12</td>
<td class="fwn">1</td>
</tr>
<tr class="yjMS">
<th class="S">

<b><a href="/npb/teams/2/">ヤクルト</a></b></th><!--チーム選択-->
<td>
<a href=http://rd.yahoo.co.jp/media/sports/baseball/npb/live/sokuho/SIG=11o2t6qtl/*http%3A//baseball.yahoo.co.jp/npb/game/2013071201/text#ii1>4</a>
</td>
<td>
<a href=http://rd.yahoo.co.jp/media/sports/baseball/npb/live/sokuho/SIG=11o2t6qtl/*http%3A//baseball.yahoo.co.jp/npb/game/2013071201/text#ii2>4</a>
</td>
<td>
<a href=http://rd.yahoo.co.jp/media/sports/baseball/npb/live/sokuho/SIG=11o2t6qtl/*http%3A//baseball.yahoo.co.jp/npb/game/2013071201/text#ii3>0</a>
</td>
<td>
<a href=http://rd.yahoo.co.jp/media/sports/baseball/npb/live/sokuho/SIG=11o2t6qtl/*http%3A//baseball.yahoo.co.jp/npb/game/2013071201/text#ii4>1</a>
</td>
<td>
<a href=http://rd.yahoo.co.jp/media/sports/baseball/npb/live/sokuho/SIG=11o2t6qtl/*http%3A//baseball.yahoo.co.jp/npb/game/2013071201/text#ii5>0</a>
</td>
<td>
<a href=http://rd.yahoo.co.jp/media/sports/baseball/npb/live/sokuho/SIG=11o2t6qtl/*http%3A//baseball.yahoo.co.jp/npb/game/2013071201/text#ii6>0</a>
</td>
<td>
<a href=http://rd.yahoo.co.jp/media/sports/baseball/npb/live/sokuho/SIG=11o2t6qtl/*http%3A//baseball.yahoo.co.jp/npb/game/2013071201/text#ii7>1</a>
</td>
<td>
<a href=http://rd.yahoo.co.jp/media/sports/baseball/npb/live/sokuho/SIG=11o2t6qtl/*http%3A//baseball.yahoo.co.jp/npb/game/2013071201/text#ii8>1</a>
</td>
<td>
<a href=http://rd.yahoo.co.jp/media/sports/baseball/npb/live/sokuho/SIG=11o2t6qtl/*http%3A//baseball.yahoo.co.jp/npb/game/2013071201/text#ii9>X</a>
</td>
<td class="sum">11</td>
<td class="fwn">14</td>
<td class="fwn">1</td>
</tr>

</tbody></table>
</div>


<div class="navi clearfix">

<div class="column-left">
</div>

<div class="column-right">

<div class="reflesh clearfix">
<ul class="clearfix">
<li class="auto" title="自動更新"><a id="btn_auto" href="http://rd.yahoo.co.jp/media/sports/baseball/npb/live/auto/SIG=11o2t6qtl/*http%3A//baseball.yahoo.co.jp/npb/game/2013071201/text?manual=2"><i>自動更新</i></a></li>
<li class="manual-on" title="手動更新"><a><i>手動更新</i></a></li>
<li title="更新" class="btn_reflesh"><a href="http://rd.yahoo.co.jp/media/sports/baseball/npb/live/refresh/SIG=11o2t6qtl/*http%3A//baseball.yahoo.co.jp/npb/game/2013071201/text?manual=1"><i>更新</i></a></li>
</ul>
<em>自動更新：30秒</em>
</div>

</div>
</div>

</div>
<!-- /スコアボード -->


<!-- テキスト速報 -->
<div class="yjSportsCommonTitle"><h3 class="yjS"><span><strong>テキスト速報</strong></span></h3></div><div id="yjSNLiveTextlive" class="yjMS">

<div id="i1" class="item C clearfix"><!--チーム選択--><!--イニングid-->
<div class="title"><h3 class="yjS"><b>1回表</b>　広島の攻撃</h3></div>
<ul>
<li>1：試合開始</li>
<li>2：<a href="/npb/player?id=1100082">菊池</a>　内角のカットボールを打つもレフトフライ 1アウト</li>
<li>3：<a href="/npb/player?id=800043">丸</a>　センターへのヒットを放つ 1塁</li>
<li>4：<a href="/npb/player?id=600038">梵</a>　ど真ん中のカットボールを打つもセンターフライ 2アウト</li>
<li>5：<a href="/npb/player?id=1300016">キラ</a>　外角の真っ直ぐを見送りフォアボールを選ぶ 1,2塁</li>
<li>6：<b class="red"><a href="/npb/player?id=12068">広瀬</a>　2アウト1,2塁の2-2からピッチャーへの内野安打</b></li>
<li>7：<b class="red">中沢(投):悪送球</b></li>
<li>8：<b class="red">広島先制！ ヤ0-1広 1,3塁</b></li>
<li>9：<b class="red"><a href="/npb/player?id=500068">赤松</a>　ランナー1,3塁の1-1からサードへのタイムリー内野安打 ヤ0-2広 1,2塁</b></li>
<li>10：<a href="/npb/player?id=900430">堂林</a>　フルカウントから外角のスライダーに空振り三振 3アウトチェンジ</li>
</ul>
<div class="score yjS">
<p>得点: <b class="red">2</b>、 ヒット:<span class="red">3</span>、 四死球:1</p>
</div>
      
<div class="anker"><a href="#wrapper">ページトップへ</a></div>
</div>
<div id="yads_67572_1441_position_01"></div><div id="ii1" class="item S clearfix"><!--チーム選択--><!--イニングid-->
<div class="title"><h3 class="yjS"><b>1回裏</b>　ヤクルトの攻撃</h3></div>
<ul>
<li>1：<a href="/npb/player?id=1000132">山田</a>　センターへのヒットを放つ 1塁</li>
<li>2：<a href="/npb/player?id=700020">上田</a>　センターへのヒットを放つ 1,2塁</li>
<li>3：<a href="/npb/player?id=1200015">ミレッジ</a>　ランナー1,2塁からセンターへのヒットを放つ 満塁</li>
<li>4：<a href="/npb/player?id=500480">バレンティン</a>　0アウト満塁から外角のスライダーを打つもショートフライ 1アウト</li>
<li>5：<b class="red"><a href="/npb/player?id=11992">畠山</a>　ランナーフルベースの3-0から押し出しのフォアボール ヤ1-2広 満塁</b></li>
<li>6：<b class="red"><a href="/npb/player?id=11330">宮本</a>　ショートゴロの間にヤクルト1点をあげる ヤ2-2広 2アウト1,3塁</b></li>
<li>7：<b class="red"><a href="/npb/player?id=600011">川端</a>　ランナー1,3塁の2-1からセンターへのタイムリースリーベースでヤクルト勝ち越し！ ヤ4-2広 3塁</b></li>
<li>8：<a href="/npb/player?id=11343">相川</a>　内角の真っ直ぐを打つもレフトフライ 3アウトチェンジ</li>
</ul>
<div class="score yjS">
<p>得点:<b class="red">4</b> 、 ヒット:<span class="red">4</span> 、 四死球:1</p>
</div>
</div>
<div id="i2" class="item C clearfix"><!--チーム選択--><!--イニングid-->
<div class="title"><h3 class="yjS"><b>2回表</b>　広島の攻撃</h3></div>
<ul>
<li>1：<a href="/npb/player?id=12186">石原</a>　内角のカットボールを見送りフォアボールを選ぶ 1塁</li>
<li>2：<a href="/npb/player?id=600016">今井</a>　見事送りバントを成功させる 1アウト2塁</li>
<li>3：<a href="/npb/player?id=1100082">菊池</a>　外角の変化球を打つもセンターフライ 2アウト3塁</li>
<li>4：<a href="/npb/player?id=800043">丸</a>　ランナー3塁から内角の真っ直ぐを打つもセンターフライ 3アウトチェンジ</li>
</ul>
<div class="score yjS">
<p>得点: 0、 ヒット:0、 四死球:1</p>
</div>
      
<div class="anker"><a href="#wrapper">ページトップへ</a></div>
</div>
<div id="ii2" class="item S clearfix"><!--チーム選択--><!--イニングid-->
<div class="title"><h3 class="yjS"><b>2回裏</b>　ヤクルトの攻撃</h3></div>
<ul>
<li>1：<a href="/npb/player?id=900415">中沢</a>　外角のストレートに空振り三振 1アウト</li>
<li>2：<a href="/npb/player?id=1000132">山田</a>　粘りを見せて8球目にフォアボールを選ぶ 1塁</li>
<li>3：<a href="/npb/player?id=700020">上田</a>　外角の変化球に空振り三振でバッターアウト 2アウト</li>
<li>4：<a href="/npb/player?id=1200015">ミレッジ</a>　一度もバットを振ることなくフォアボールを選ぶ 1,2塁</li>
<li>5：<b class="red"><a href="/npb/player?id=500480">バレンティン</a>　2アウト1,2塁からセンターへのタイムリーヒット ヤ5-2広 1,2塁</b></li>
<li>6：<b class="red"><a href="/npb/player?id=11992">畠山</a>　2アウト1,2塁の3-0から左中間への３ランホームラン ヤ8-2広</b></li>
<li>7：<a href="/npb/player?id=11330">宮本</a>　ど真ん中のスライダーを打つもセンターフライ 3アウトチェンジ</li>
</ul>
<div class="score yjS">
<p>得点:<b class="red">4</b> 、 ヒット:<span class="red">2</span> 、 四死球:2</p>
</div>
</div>
<div id="i3" class="item C clearfix"><!--チーム選択--><!--イニングid-->
<div class="title"><h3 class="yjS"><b>3回表</b>　広島の攻撃</h3></div>
<ul>
<li>1：<a href="/npb/player?id=600038">梵</a>　内角の真っ直ぐを打つもライトフライ 1アウト</li>
<li>2：<a href="/npb/player?id=1300016">キラ</a>　空振りの三振を喫する 2アウト</li>
<li>3：<a href="/npb/player?id=12068">広瀬</a>　内角のスライダーを見送りフォアボールを選ぶ 1塁</li>
<li>4：<a href="/npb/player?id=500068">赤松</a>　ライトへポテンヒットを放つ 1,3塁</li>
<li>5：<a href="/npb/player?id=900430">堂林</a>　ど真ん中の変化球を打つもサードライナー 3アウトチェンジ</li>
</ul>
<div class="score yjS">
<p>得点: 0、 ヒット:<span class="red">1</span>、 四死球:1</p>
</div>
      
<div class="anker"><a href="#wrapper">ページトップへ</a></div>
</div>
<div id="ii3" class="item S clearfix"><!--チーム選択--><!--イニングid-->
<div class="title"><h3 class="yjS"><b>3回裏</b>　ヤクルトの攻撃</h3></div>
<ul>
<li>1：<a href="/npb/player?id=600011">川端</a>　内角のフォークボールを打つもライトフライ 1アウト</li>
<li>2：<a href="/npb/player?id=11343">相川</a>　レフトへのヒットで出塁 1塁</li>
<li>3：<a href="/npb/player?id=900415">中沢</a>　見事送りバントを成功させる 2アウト2塁</li>
<li>4：<a href="/npb/player?id=1000132">山田</a>　ど真ん中のシュートを打つもレフトフライ 3アウトチェンジ</li>
</ul>
<div class="score yjS">
<p>得点:0 、 ヒット:<span class="red">1</span> 、 四死球:0</p>
</div>
</div>
<div id="i4" class="item C clearfix"><!--チーム選択--><!--イニングid-->
<div class="title"><h3 class="yjS"><b>4回表</b>　広島の攻撃</h3></div>
<ul>
<li>1：<b class="red"><a href="/npb/player?id=12186">石原</a>　カウント0-1からレフトスタンドへのホームラン ヤ8-3広</b></li>
<li>2：<b class="green">今井→代打:小窪</b></li>
<li>3：<a href="/npb/player?id=800040">小窪</a>　一度もバットを振ることなくフォアボールを選ぶ 1塁</li>
<li>4：<b class="red"><a href="/npb/player?id=1100082">菊池</a>　カウント0-1からレフトスタンドへの２ランホームラン ヤ8-5広</b></li>
<li>5：<b class="green">投手交代:中沢→阿部</b></li>
<li>6：<a href="/npb/player?id=800043">丸</a>　外角のスライダーを打つもピッチャーゴロ 1アウト</li>
<li>7：<a href="/npb/player?id=600038">梵</a>　内角の真っ直ぐを打つもセンターフライ 2アウト</li>
<li>8：<a href="/npb/player?id=1300016">キラ</a>　ワンバウンドした球に空振り、三振を喫する 3アウトチェンジ</li>
</ul>
<div class="score yjS">
<p>得点: <b class="red">3</b>、 ヒット:<span class="red">2</span>、 四死球:1</p>
</div>
      
<div class="anker"><a href="#wrapper">ページトップへ</a></div>
</div>
<div id="ii4" class="item S clearfix"><!--チーム選択--><!--イニングid-->
<div class="title"><h3 class="yjS"><b>4回裏</b>　ヤクルトの攻撃</h3></div>
<ul>
<li>1：<b class="green">投手交代:今井→久本　守備変更:菊池セカンド→ショート　守備変更:小窪→セカンド</b></li>
<li>2：<a href="/npb/player?id=700020">上田</a>　センターへのヒットで出塁 1塁</li>
<li>3：<a href="/npb/player?id=1200015">ミレッジ</a>　ライトへのヒットを放つ 1,2塁</li>
<li>4：<a href="/npb/player?id=500480">バレンティン</a>　低めの変化球を打つもサードゴロ 1アウト1,3塁</li>
<li>5：<b class="red"><a href="/npb/player?id=11992">畠山</a>　ランナー1,3塁の2-2から空振り三振</b></li>
<li>6：<b class="red">石原(捕):パスボール ヤ9-5広 2アウト2塁</b></li>
<li>7：<a href="/npb/player?id=11330">宮本</a>　カウント2-2から空振りの三振を喫する 3アウトチェンジ</li>
</ul>
<div class="score yjS">
<p>得点:<b class="red">1</b> 、 ヒット:<span class="red">2</span> 、 四死球:0</p>
</div>
</div>
<div id="i5" class="item C clearfix"><!--チーム選択--><!--イニングid-->
<div class="title"><h3 class="yjS"><b>5回表</b>　広島の攻撃</h3></div>
<ul>
<li>1：<a href="/npb/player?id=12068">広瀬</a>　センターへのヒットで出塁 1塁</li>
<li>2：<a href="/npb/player?id=500068">赤松</a>　内角のシュートを打つもレフトフライ 1アウト</li>
<li>3：<a href="/npb/player?id=900430">堂林</a>　ライトへのヒットを放つ 1,2塁</li>
<li>4：<a href="/npb/player?id=12186">石原</a>　ランナー1,2塁からレフトへのヒットを放つ 満塁</li>
<li>5：<b class="red">阿部(投):暴投 ヤ9-6広 2,3塁</b></li>
<li>6：<a href="/npb/player?id=800040">小窪</a>　外角のストレートを見送りフォアボールを選ぶ 満塁</li>
<li>7：<b class="green">投手交代:阿部→江村</b></li>
<li>8：<b class="red"><a href="/npb/player?id=1100082">菊池</a>　1アウト満塁の0-2からレフトへの犠牲フライを放つ ヤ9-7広 2アウト1,2塁</b></li>
<li>9：<a href="/npb/player?id=800043">丸</a>　外角のスライダーを打つもレフトフライ 3アウトチェンジ</li>
</ul>
<div class="score yjS">
<p>得点: <b class="red">2</b>、 ヒット:<span class="red">3</span>、 四死球:1</p>
</div>
      
<div class="anker"><a href="#wrapper">ページトップへ</a></div>
</div>
<div id="ii5" class="item S clearfix"><!--チーム選択--><!--イニングid-->
<div class="title"><h3 class="yjS"><b>5回裏</b>　ヤクルトの攻撃</h3></div>
<ul>
<li>1：<a href="/npb/player?id=600011">川端</a>　内角の真っ直ぐを打つもセカンドゴロ 1アウト</li>
<li>2：<a href="/npb/player?id=11343">相川</a>　セカンドへの内野安打 1塁</li>
<li>3：<b class="green">江村→代打:田中浩</b></li>
<li>4：<a href="/npb/player?id=500090">田中浩</a>　低めのカーブを打つもショートフライ 2アウト</li>
<li>5：<a href="/npb/player?id=1000132">山田</a>　ど真ん中のスライダーを打つもピッチャーゴロ 3アウトチェンジ</li>
</ul>
<div class="score yjS">
<p>得点:0 、 ヒット:<span class="red">1</span> 、 四死球:0</p>
</div>
</div>
<div id="i6" class="item C clearfix"><!--チーム選択--><!--イニングid-->
<div class="title"><h3 class="yjS"><b>6回表</b>　広島の攻撃</h3></div>
<ul>
<li>1：<b class="green">ピッチャー江村に代わって直球に自信のある木谷がマウンドにあがる</b></li>
<li>2：<b class="green">久本→代打:ルイス</b></li>
<li>3：<a href="/npb/player?id=1200133">ルイス</a>　低めの真っ直ぐを打つもショートライナー 1アウト</li>
<li>4：<a href="/npb/player?id=1300016">キラ</a>　内角の真っ直ぐを打つもセカンドゴロ 2アウト</li>
<li>5：<a href="/npb/player?id=12068">広瀬</a>　外角の落ちる球を打つもショートゴロ 3アウトチェンジ</li>
</ul>
<div class="score yjS">
<p>得点: 0、 ヒット:0、 四死球:0</p>
</div>
      
<div class="anker"><a href="#wrapper">ページトップへ</a></div>
</div>
<div id="ii6" class="item S clearfix"><!--チーム選択--><!--イニングid-->
<div class="title"><h3 class="yjS"><b>6回裏</b>　ヤクルトの攻撃</h3></div>
<ul>
<li>1：<b class="green">投手交代:久本→小野　守備変更:ルイス→レフト</b></li>
<li>2：<a href="/npb/player?id=700020">上田</a>　内角のストレートを打つもライトフライ 1アウト</li>
<li>3：<a href="/npb/player?id=1200015">ミレッジ</a>　空振りの三振を喫する 2アウト</li>
<li>4：<a href="/npb/player?id=500480">バレンティン</a>　粘りを見せて9球目にフォアボールを選ぶ 1塁</li>
<li>5：<a href="/npb/player?id=11992">畠山</a>　外角のスライダーを打つもショートフライ 3アウトチェンジ</li>
</ul>
<div class="score yjS">
<p>得点:0 、 ヒット:0 、 四死球:1</p>
</div>
</div>
<div id="i7" class="item C clearfix"><!--チーム選択--><!--イニングid-->
<div class="title"><h3 class="yjS"><b>7回表</b>　広島の攻撃</h3></div>
<ul>
<li>1：<b class="green">赤松→代打:松山</b></li>
<li>2：<a href="/npb/player?id=800041">松山</a>　ファウルフライを宮本(三)がつかんでバッターアウト 1アウト</li>
<li>3：<a href="/npb/player?id=900430">堂林</a>　内角の真っ直ぐを打つもライトフライ 2アウト</li>
<li>4：<a href="/npb/player?id=12186">石原</a>　外角の真っ直ぐを打つもセンターフライ 3アウトチェンジ</li>
</ul>
<div class="score yjS">
<p>得点: 0、 ヒット:0、 四死球:0</p>
</div>
      
<div class="anker"><a href="#wrapper">ページトップへ</a></div>
</div>
<div id="ii7" class="item S clearfix"><!--チーム選択--><!--イニングid-->
<div class="title"><h3 class="yjS"><b>7回裏</b>　ヤクルトの攻撃</h3></div>
<ul>
<li>1：<b class="green">守備変更:丸ライト→センター　守備変更:松山→ライト</b></li>
<li>2：<a href="/npb/player?id=11330">宮本</a>　ライトへのヒットで出塁 1塁</li>
<li>3：<b class="green">1塁宮本→代走:川島</b></li>
<li>4：<a href="/npb/player?id=600011">川端</a>　見事送りバントを成功させる 1アウト2塁</li>
<li>5：<a href="/npb/player?id=11343">相川</a>　内角の真っ直ぐを打つもショートフライ 2アウト</li>
<li>6：<b class="green">木谷→代打:岩村</b></li>
<li>7：<b class="red"><a href="/npb/player?id=11521">岩村</a>　ランナー2塁からセカンドへの内野安打</b></li>
<li>8：<b class="red">キラ(一):捕球ミス ヤ10-7広 1塁</b></li>
<li>9：<a href="/npb/player?id=1000132">山田</a>　内角のカーブを打つもレフトフライ 3アウトチェンジ</li>
</ul>
<div class="score yjS">
<p>得点:<b class="red">1</b> 、 ヒット:<span class="red">2</span> 、 四死球:0</p>
</div>
</div>
<div id="i8" class="item C clearfix"><!--チーム選択--><!--イニングid-->
<div class="title"><h3 class="yjS"><b>8回表</b>　広島の攻撃</h3></div>
<ul>
<li>1：<b class="green">ピッチャー木谷に代わって「スマート・フォーク」石山がマウンドにあがる　守備変更:川島→ショート　守備変更:川端ショート→サード</b></li>
<li>2：<a href="/npb/player?id=800040">小窪</a>　空振りの三振を喫する 1アウト</li>
<li>3：<a href="/npb/player?id=1100082">菊池</a>　一塁側へセーフティバントを試み、一塁セーフ 1塁</li>
<li>4：<a href="/npb/player?id=800043">丸</a>　高めのストレートを打つもレフトフライ 2アウト</li>
<li>5：<a href="/npb/player?id=1200133">ルイス</a>　内角の真っ直ぐに見逃し三振 3アウトチェンジ</li>
</ul>
<div class="score yjS">
<p>得点: 0、 ヒット:<span class="red">1</span>、 四死球:0</p>
</div>
      
<div class="anker"><a href="#wrapper">ページトップへ</a></div>
</div>
<div id="ii8" class="item S clearfix"><!--チーム選択--><!--イニングid-->
<div class="title"><h3 class="yjS"><b>8回裏</b>　ヤクルトの攻撃</h3></div>
<ul>
<li>1：<b class="green">投手交代:小野→福井</b></li>
<li>2：<a href="/npb/player?id=700020">上田</a>　レフトへのヒットで出塁 1塁</li>
<li>3：一塁走者上田:積極的に初球から盗塁を試みるもアウト 1アウト</li>
<li>4：<a href="/npb/player?id=1200015">ミレッジ</a>　当てるだけのバッティングでピッチャーゴロ 2アウト</li>
<li>5：<b class="red"><a href="/npb/player?id=500480">バレンティン</a>　フルカウントからバックスクリーン左に飛び込むホームランを放つ ヤ11-7広</b></li>
<li>6：<a href="/npb/player?id=11992">畠山</a>　ど真ん中の落ちる球に空振り三振 3アウトチェンジ</li>
</ul>
<div class="score yjS">
<p>得点:<b class="red">1</b> 、 ヒット:<span class="red">2</span> 、 四死球:0</p>
</div>
</div>
<div id="i9" class="item C clearfix"><!--チーム選択--><!--イニングid-->
<div class="title"><h3 class="yjS"><b>9回表</b>　広島の攻撃</h3></div>
<ul>
<li>1：<b class="green">投手交代:石山→山本哲　守備交代:ライト三輪</b></li>
<li>2：<a href="/npb/player?id=1300016">キラ</a>　空振りの三振を喫する 1アウト</li>
<li>3：<b class="green">バッター福井に代わり、巧打が自慢の安部</b></li>
<li>4：<a href="/npb/player?id=800042">安部</a>　低めの真っ直ぐを打つもセンターフライ 2アウト</li>
<li>5：<a href="/npb/player?id=800041">松山</a>　ライトへのヒットを放つ 1塁</li>
<li>6：<b class="red"><a href="/npb/player?id=900430">堂林</a>　左中間への２ランホームラン ヤ11-9広</b></li>
<li>7：<a href="/npb/player?id=12186">石原</a>　当てるだけのバッティングでセカンドゴロ ゲームセット</li>
<li>8：試合終了</li>
</ul>
<div class="score yjS">
<p>得点: <b class="red">2</b>、 ヒット:<span class="red">2</span>、 四死球:0</p>
</div>
      
<div class="anker"><a href="#wrapper">ページトップへ</a></div>
</div>
</div>
<!-- テキスト速報 -->

<div id="yads_67572_1441_position_02"></div>
</div><!--/#main-->
<!--main end-->

<!--sub start-->
<div id="sub">
<!-- SpaceID=0 robot -->
<!--/#pos-lrec-->

<!-- 他球団モジュール -->
<div class="yjSNLiveCommonsubtitle"><h4 class="yjS"><span>7/12(金)　そのほかの試合</span></h4></div>
<div id="yjSNLiveOthergame">
<table width=100% cellpadding=0 cellspacing=0 border=0>
<tr><td class='act'><dl>
<dt><b>ヤ</b></dt>
<dd><b>11</b> - 9</dd>
<dt>広</dt>
</dl>
<div>観戦中</div></td>
<td class=''><a alt='そのほかの試合' href='/npb/game/2013071202/'><dl>
<dt><b>中</b></dt>
<dd><b>9</b> - 1</dd>
<dt>巨</dt>
</dl>
<div class="none">結果</div></a></td>
<td class=''><a alt='そのほかの試合' href='/npb/game/2013071203/'><dl>
<dt><b>神</b></dt>
<dd><b>3</b> - 2</dd>
<dt>Ｄ</dt>
</dl>
<div class="none">結果</div></a></td>
</tr><tr><td class=''><a alt='そのほかの試合' href='/npb/game/2013071204/'><dl>
<dt>日</dt>
<dd>1 - <b>4</b></dd>
<dt><b>ロ</b></dt>
</dl>
<div class="none">結果</div></a></td>
<td class=''><a alt='そのほかの試合' href='/npb/game/2013071205/'><dl>
<dt>楽</dt>
<dd>3 - <b>4</b></dd>
<dt><b>西</b></dt>
</dl>
<div class="none">結果</div></a></td>
<td class=''><a alt='そのほかの試合' href='/npb/game/2013071206/'><dl>
<dt>ソ</dt>
<dd>2 - <b>7</b></dd>
<dt><b>オ</b></dt>
</dl>
<div class="none">結果</div></a></td>
</tr></table>
</div>

<!-- /他球団モジュール -->
<!--打順-->
<div class="yjSNLiveCommonsubtitle"><h4 class="yjS"><span>打順</span></h4></div>
<div id="yjSNLiveBattinglist" class="clearfix">

<table class="column-left" width=100% cellpadding=0 cellspacing=0 border=0>
<tr class="teamborder">
<th colspan=3 class="C">&nbsp;</th>
<th colspan=3 class="S">&nbsp;</th>
</tr>
<tr class="teamlogo">
<th colspan=3 class="C"><a href="/npb/teams/6/">広島</a></th>
<th colspan=3 class="S"><a href="/npb/teams/2/">ヤクルト</a></th>
</tr>

<tr>
<td class="nm">1</td>
<td>遊</td>
<td class="pn"><a href="/npb/player?id=1100082">菊池涼介</a></td>
<td class="nm">1</td>
<td>二</td>
<td class="pn"><a href="/npb/player?id=1000132">山田哲人</a></td>
</tr>
<tr>
<td class="nm">2</td>
<td>中</td>
<td class="pn"><a href="/npb/player?id=800043">丸佳浩</a></td>
<td class="nm">2</td>
<td>中</td>
<td class="pn"><a href="/npb/player?id=700020">上田剛史</a></td>
</tr>
<tr>
<td class="nm">3</td>
<td>左</td>
<td class="pn"><a href="/npb/player?id=1200133">ルイス</a></td>
<td class="nm">3</td>
<td>左</td>
<td class="pn"><a href="/npb/player?id=1200015">ミレッジ</a></td>
</tr>
<tr>
<td class="nm">4</td>
<td>一</td>
<td class="pn"><a href="/npb/player?id=1300016">キラ</a></td>
<td class="nm">4</td>
<td>投</td>
<td class="pn"><a href="/npb/player?id=900416">山本哲哉</a></td>
</tr>
<tr>
<td class="nm">5</td>
<td>代</td>
<td class="pn"><a href="/npb/player?id=800042">安部友裕</a></td>
<td class="nm">5</td>
<td>一</td>
<td class="pn"><a href="/npb/player?id=11992">畠山和洋</a></td>
</tr>
<tr>
<td class="nm">6</td>
<td>右</td>
<td class="pn"><a href="/npb/player?id=800041">松山竜平</a></td>
<td class="nm">6</td>
<td>遊</td>
<td class="pn"><a href="/npb/player?id=600057">川島慶三</a></td>
</tr>
<tr>
<td class="nm">7</td>
<td>三</td>
<td class="pn"><a href="/npb/player?id=900430">堂林翔太</a></td>
<td class="nm">7</td>
<td>三</td>
<td class="pn"><a href="/npb/player?id=600011">川端慎吾</a></td>
</tr>
<tr>
<td class="nm act">8</td>
<td class="act">捕</td>
<td class="pn act"><a href="/npb/player?id=12186">石原慶幸</a></td>
<td class="nm">8</td>
<td>捕</td>
<td class="pn"><a href="/npb/player?id=11343">相川亮二</a></td>
</tr>
<tr>
<td class="nm">9</td>
<td>二</td>
<td class="pn"><a href="/npb/player?id=800040">小窪哲也</a></td>
<td class="nm">9</td>
<td>右</td>
<td class="pn"><a href="/npb/player?id=800014">三輪正義</a></td>
</tr>

</table>

</div>

<!--打順-->

<!--ゲーム差-->
<!--ゲーム差-->


<!--球団情報-->

<!-- /新IM -->

</div><!--/#contents-body-->

 
</div><!-- Facebook -->
<div id="fb-root"></div>
<!-- / Facebook -->
</body>
</html>
