<!DOCTYPE html PUBLIC "-//W3C//DTD XHTML 1.0 Transitional//EN" "http://www.w3.org/TR/xhtml1/DTD/xhtml1-transitional.dtd">
<html lang="ja" xmlns:og="http://ogp.me/ns#" xmlns:mixi="http://mixi-platform.com/ns#" xmlns:fb="http://www.facebook.com/2008/fbml">
<head>
<!---京--->
<meta http-equiv="Content-Type" content="text/html; charset=utf-8">
<meta http-equiv="Content-Style-Type" content="text/css">
<meta http-equiv="Content-Script-Type" content="text/javascript">
<title>Yahoo!スポーツ - プロ野球</title>
<meta name="description" content="西武 vs ソフトバンクのテキスト速報。一球速報、結果、セ・リーグ、パ・リーグの日程、順位、個人成績、プロ野球に関連した最新ニュース、写真ニュースなどの情報が満載な、Yahoo!スポーツ プロ野球サイトのテキスト速報ページです。">
<meta name="keywords" content="テキスト速報,速報,中継,西武,ソフトバンク,プロ野球,野球">
<link rel="stylesheet" href="http://i.yimg.jp/images/sports/baseball/npb/live/css/master-npb-live-common.css" type="text/css" media="all">
<link rel="stylesheet" href="http://i.yimg.jp/images/sports/baseball/npb/css/master-npb-common.css" type="text/css" media="all">


<meta property="og:title"       content="Yahoo!プロ野球 - 2013年7月9日 西武vs.ソフトバンク テキスト速報" />
<meta property="og:type"        content="website" />
<meta property="og:url"         content="http://baseball.yahoo.co.jp/npb/game/2013070905/text" /> 
<meta property="og:image"       content="http://i.yimg.jp/images/sports/promo/pc/facebook/baseball_76x76.png" />
<meta property="og:site_name"   content="Yahoo!スポーツ" />
<meta property="og:description" content="" />
<meta property="og:locale"      content="ja_JP" />
<meta property="fb:app_id"      content="215456371901325" />
<link rel="apple-touch-icon" href="http://i.yimg.jp/images/sports/promo/pc/facebook/baseball.png">
<script type="text/javascript" src="http://i.yimg.jp/images/sports/js/jquery-1.3.2.min.js"></script><script type="text/javascript" src="http://i.yimg.jp/images/sports/v1/js/sports.global-1.1.1.js"></script>
</head>
<body class="yj950-2">

<div id="wrapper"><div id="contents-body" class="yjSNLive">
<!--main start-->
<div id="main">

<!-- ローカルナビ -->
<div id="ch-navi" class="clearfix mb5p">
<ul class="clearfix">

<li><span><a href="/npb/game/2013070905/top"">試合トップ</a></span></li><!--ナビアクティブ-->

<li class="gray"><span><a>一球速報</a></span></li>


<li class="on"><span><a>テキスト速報</a></span></li>


<li><span><a href="/npb/game/2013070905/stats">投打詳細</a></span></li>

 
<li><span><a href="http://rd.yahoo.co.jp/media/sports/baseball/npb/live/tab/comment/SIG=11ukm54k3/*http%3A//textream.yahoo.co.jp/rd/sports/npb/?game=2013070905">コメント</a></span></li>


</ul>
<em><a href="/npb/schedule/?date=20130709">7月9日（火）</a>西武 vs. ソフトバンク</em>
</div>

<!-- /ローカルナビ -->

<!-- スコアボード -->
<div id="yjSNLiveTextscoreboard">

<div class="inner">
<table width="100%" cellspacing="0" cellpadding="0" border="0">

<tbody><tr class="chs-title yjS">
<th>&nbsp;</th>
<th>1</th>
<th>2</th>
<th>3</th>
<th>4</th>
<th>5</th>
<th>6</th>
<th>7</th>
<th>8</th>
<th>9</th>
<th>計</th>
<th>安</th>
<th>失</th>
</tr>
<tr class="yjMS">
<th class="H">
<b><a href="/npb/teams/12/">ソフトバンク</a></b></th><!--チーム選択-->


<td>
<a href=http://rd.yahoo.co.jp/media/sports/baseball/npb/live/sokuho/SIG=11o8rtb0e/*http%3A//baseball.yahoo.co.jp/npb/game/2013070905/text#i1>3</a>
</td>
<td>
<a href=http://rd.yahoo.co.jp/media/sports/baseball/npb/live/sokuho/SIG=11o8rtb0e/*http%3A//baseball.yahoo.co.jp/npb/game/2013070905/text#i2>0</a>
</td>
<td>
<a href=http://rd.yahoo.co.jp/media/sports/baseball/npb/live/sokuho/SIG=11o8rtb0e/*http%3A//baseball.yahoo.co.jp/npb/game/2013070905/text#i3>0</a>
</td>
<td>
<a href=http://rd.yahoo.co.jp/media/sports/baseball/npb/live/sokuho/SIG=11o8rtb0e/*http%3A//baseball.yahoo.co.jp/npb/game/2013070905/text#i4>1</a>
</td>
<td>
<a href=http://rd.yahoo.co.jp/media/sports/baseball/npb/live/sokuho/SIG=11o8rtb0e/*http%3A//baseball.yahoo.co.jp/npb/game/2013070905/text#i5>0</a>
</td>
<td>
<a href=http://rd.yahoo.co.jp/media/sports/baseball/npb/live/sokuho/SIG=11o8rtb0e/*http%3A//baseball.yahoo.co.jp/npb/game/2013070905/text#i6>0</a>
</td>
<td>
<a href=http://rd.yahoo.co.jp/media/sports/baseball/npb/live/sokuho/SIG=11o8rtb0e/*http%3A//baseball.yahoo.co.jp/npb/game/2013070905/text#i7>1</a>
</td>
<td>
<a href=http://rd.yahoo.co.jp/media/sports/baseball/npb/live/sokuho/SIG=11o8rtb0e/*http%3A//baseball.yahoo.co.jp/npb/game/2013070905/text#i8>0</a>
</td>
<td>
<a href=http://rd.yahoo.co.jp/media/sports/baseball/npb/live/sokuho/SIG=11o8rtb0e/*http%3A//baseball.yahoo.co.jp/npb/game/2013070905/text#i9>0</a>
</td>
<td class="sum">5</td>
<td class="fwn">6</td>
<td class="fwn">0</td>
</tr>
<tr class="yjMS">
<th class="L">

<b><a href="/npb/teams/7/">西武</a></b></th><!--チーム選択-->
<td>
<a href=http://rd.yahoo.co.jp/media/sports/baseball/npb/live/sokuho/SIG=11o8rtb0e/*http%3A//baseball.yahoo.co.jp/npb/game/2013070905/text#ii1>4</a>
</td>
<td>
<a href=http://rd.yahoo.co.jp/media/sports/baseball/npb/live/sokuho/SIG=11o8rtb0e/*http%3A//baseball.yahoo.co.jp/npb/game/2013070905/text#ii2>0</a>
</td>
<td>
<a href=http://rd.yahoo.co.jp/media/sports/baseball/npb/live/sokuho/SIG=11o8rtb0e/*http%3A//baseball.yahoo.co.jp/npb/game/2013070905/text#ii3>0</a>
</td>
<td>
<a href=http://rd.yahoo.co.jp/media/sports/baseball/npb/live/sokuho/SIG=11o8rtb0e/*http%3A//baseball.yahoo.co.jp/npb/game/2013070905/text#ii4>0</a>
</td>
<td>
<a href=http://rd.yahoo.co.jp/media/sports/baseball/npb/live/sokuho/SIG=11o8rtb0e/*http%3A//baseball.yahoo.co.jp/npb/game/2013070905/text#ii5>0</a>
</td>
<td>
<a href=http://rd.yahoo.co.jp/media/sports/baseball/npb/live/sokuho/SIG=11o8rtb0e/*http%3A//baseball.yahoo.co.jp/npb/game/2013070905/text#ii6>0</a>
</td>
<td>
<a href=http://rd.yahoo.co.jp/media/sports/baseball/npb/live/sokuho/SIG=11o8rtb0e/*http%3A//baseball.yahoo.co.jp/npb/game/2013070905/text#ii7>0</a>
</td>
<td>
<a href=http://rd.yahoo.co.jp/media/sports/baseball/npb/live/sokuho/SIG=11o8rtb0e/*http%3A//baseball.yahoo.co.jp/npb/game/2013070905/text#ii8>0</a>
</td>
<td>
<a href=http://rd.yahoo.co.jp/media/sports/baseball/npb/live/sokuho/SIG=11o8rtb0e/*http%3A//baseball.yahoo.co.jp/npb/game/2013070905/text#ii9>0</a>
</td>
<td class="sum">4</td>
<td class="fwn">7</td>
<td class="fwn">0</td>
</tr>

</tbody></table>
</div>


<div class="navi clearfix">

<div class="column-left">
</div>

<div class="column-right">

<div class="reflesh clearfix">
<ul class="clearfix">
<li class="auto" title="自動更新"><a id="btn_auto" href="http://rd.yahoo.co.jp/media/sports/baseball/npb/live/auto/SIG=11o8rtb0e/*http%3A//baseball.yahoo.co.jp/npb/game/2013070905/text?manual=2"><i>自動更新</i></a></li>
<li class="manual-on" title="手動更新"><a><i>手動更新</i></a></li>
<li title="更新" class="btn_reflesh"><a href="http://rd.yahoo.co.jp/media/sports/baseball/npb/live/refresh/SIG=11o8rtb0e/*http%3A//baseball.yahoo.co.jp/npb/game/2013070905/text?manual=1"><i>更新</i></a></li>
</ul>
<em>自動更新：30秒</em>
</div>

</div>
</div>

</div>
<!-- /スコアボード -->


<!-- テキスト速報 -->
<div class="yjSportsCommonTitle"><h3 class="yjS"><span><strong>テキスト速報</strong></span></h3></div><div id="yjSNLiveTextlive" class="yjMS">

<div id="i1" class="item H clearfix"><!--チーム選択--><!--イニングid-->
<div class="title"><h3 class="yjS"><b>1回表</b>　ソフトバンクの攻撃</h3></div>
<ul>
<li>1：試合開始</li>
<li>2：<a href="/npb/player?id=800081">中村</a>　センターへのヒットを放つ 1塁</li>
<li>3：<a href="/npb/player?id=600087">本多</a>　ど真ん中の真っ直ぐを打つもレフトフライ 1アウト</li>
<li>4：<a href="/npb/player?id=11983">内川</a>　死球を受ける 1,2塁</li>
<li>5：<a href="/npb/player?id=600084">松田</a>　ショートゴロ 2アウト1,3塁</li>
<li>6：<b class="red"><a href="/npb/player?id=700101">長谷川</a>　2アウト1,3塁の1-1からライトスタンドへの先制３ランホームラン！ 西0-3ソ</b></li>
<li>7：<a href="/npb/player?id=500012">江川</a>　ピッチャーゴロ 3アウトチェンジ</li>
</ul>
<div class="score yjS">
<p>得点: <b class="red">3</b>、 ヒット:<span class="red">2</span>、 四死球:1</p>
</div>
      
<div class="anker"><a href="#wrapper">ページトップへ</a></div>
</div>
<div id="yads_67572_1441_position_01"></div><div id="ii1" class="item L clearfix"><!--チーム選択--><!--イニングid-->
<div class="title"><h3 class="yjS"><b>1回裏</b>　西武の攻撃</h3></div>
<ul>
<li>1：<a href="/npb/player?id=1200011">ヘルマン</a>　レフトへのヒットを放つ 1塁</li>
<li>2：一塁走者ヘルマン:盗塁成功 2塁</li>
<li>3：<a href="/npb/player?id=700077">大崎</a>　0アウト2塁からライトへのヒットで出塁 1,3塁</li>
<li>4：<a href="/npb/player?id=12102">栗山</a>　空振りの三振を喫する 1アウト</li>
<li>5：<b class="red"><a href="/npb/player?id=900056">浅村</a>　1アウト1,3塁の1-0からライトスタンドへの３ランホームランで西武同点！ 西3-3ソ</b></li>
<li>6：<a href="/npb/player?id=1000150">秋山</a>　一度もバットを振ることなくフォアボールを選ぶ 1塁</li>
<li>7：<a href="/npb/player?id=1200125">スピリー</a>　外角のスライダーを打つもピッチャーゴロ 2アウト2塁</li>
<li>8：<b class="red"><a href="/npb/player?id=800015">鬼崎</a>　ランナー2塁の2-1からセンターへの勝ち越しタイムリーヒット！ 西4-3ソ 1塁</b></li>
<li>9：一塁走者鬼崎:盗塁成功 2塁</li>
<li>10：<a href="/npb/player?id=600026">炭谷</a>　フルカウントから外角のスライダーに空振り三振でバッターアウト 3アウトチェンジ</li>
</ul>
<div class="score yjS">
<p>得点:<b class="red">4</b> 、 ヒット:<span class="red">4</span> 、 四死球:1</p>
</div>
</div>
<div id="i2" class="item H clearfix"><!--チーム選択--><!--イニングid-->
<div class="title"><h3 class="yjS"><b>2回表</b>　ソフトバンクの攻撃</h3></div>
<ul>
<li>1：<a href="/npb/player?id=1200126">ラヘア</a>　一度もバットを振ることなく四球を選ぶ 1塁</li>
<li>2：<a href="/npb/player?id=1000035">今宮</a>　見事送りバントを成功させる 1アウト2塁</li>
<li>3：<a href="/npb/player?id=12100">細川</a>　内角の真っ直ぐを見送りフォアボールを選ぶ 1,2塁</li>
<li>4：<a href="/npb/player?id=800081">中村</a>　外角の真っ直ぐを打つも1-6-3のダブルプレー 3アウトチェンジ</li>
</ul>
<div class="score yjS">
<p>得点: 0、 ヒット:0、 四死球:2</p>
</div>
      
<div class="anker"><a href="#wrapper">ページトップへ</a></div>
</div>
<div id="ii2" class="item L clearfix"><!--チーム選択--><!--イニングid-->
<div class="title"><h3 class="yjS"><b>2回裏</b>　西武の攻撃</h3></div>
<ul>
<li>1：<a href="/npb/player?id=1100092">永江</a>　外角の真っ直ぐに空振り三振 1アウト</li>
<li>2：<a href="/npb/player?id=1200011">ヘルマン</a>　外角のスライダーに空振り三振でバッターアウト 2アウト</li>
<li>3：<a href="/npb/player?id=700077">大崎</a>　高めのストレートを打つもショートゴロ 3アウトチェンジ</li>
</ul>
<div class="score yjS">
<p>得点:0 、 ヒット:0 、 四死球:0</p>
</div>
</div>
<div id="i3" class="item H clearfix"><!--チーム選択--><!--イニングid-->
<div class="title"><h3 class="yjS"><b>3回表</b>　ソフトバンクの攻撃</h3></div>
<ul>
<li>1：<a href="/npb/player?id=600087">本多</a>　センターへのヒット 1塁</li>
<li>2：<a href="/npb/player?id=11983">内川</a>　内角高めのストレートを打つもレフトフライ 1アウト</li>
<li>3：<a href="/npb/player?id=600084">松田</a>　外角のストレートに見逃し三振でバッターアウト！ 2アウト</li>
<li>4：<a href="/npb/player?id=700101">長谷川</a>　外角のストレートに見逃し三振 3アウトチェンジ</li>
</ul>
<div class="score yjS">
<p>得点: 0、 ヒット:<span class="red">1</span>、 四死球:0</p>
</div>
      
<div class="anker"><a href="#wrapper">ページトップへ</a></div>
</div>
<div id="ii3" class="item L clearfix"><!--チーム選択--><!--イニングid-->
<div class="title"><h3 class="yjS"><b>3回裏</b>　西武の攻撃</h3></div>
<ul>
<li>1：<a href="/npb/player?id=12102">栗山</a>　内角のストレートを打つもピッチャーゴロ 1アウト</li>
<li>2：<a href="/npb/player?id=900056">浅村</a>　レフトへのヒットで出塁 1塁</li>
<li>3：一塁走者浅村:盗塁成功 2塁</li>
<li>4：<a href="/npb/player?id=1000150">秋山</a>　外角の真っ直ぐを見送り四球を選ぶ 1,2塁</li>
<li>5：<a href="/npb/player?id=1200125">スピリー</a>　外角の変化球を打つも6-4-3のダブルプレー 3アウトチェンジ</li>
</ul>
<div class="score yjS">
<p>得点:0 、 ヒット:<span class="red">1</span> 、 四死球:1</p>
</div>
</div>
<div id="i4" class="item H clearfix"><!--チーム選択--><!--イニングid-->
<div class="title"><h3 class="yjS"><b>4回表</b>　ソフトバンクの攻撃</h3></div>
<ul>
<li>1：<a href="/npb/player?id=500012">江川</a>　ショートゴロ 1アウト</li>
<li>2：<b class="red"><a href="/npb/player?id=1200126">ラヘア</a>　右中間へのホームランでソフトバンク同点！ 西4-4ソ</b></li>
<li>3：<a href="/npb/player?id=1000035">今宮</a>　内角の真っ直ぐを打つもサードゴロ 2アウト</li>
<li>4：<a href="/npb/player?id=12100">細川</a>　ど真ん中のスライダーを打つもレフトフライ 3アウトチェンジ</li>
</ul>
<div class="score yjS">
<p>得点: <b class="red">1</b>、 ヒット:<span class="red">1</span>、 四死球:0</p>
</div>
      
<div class="anker"><a href="#wrapper">ページトップへ</a></div>
</div>
<div id="ii4" class="item L clearfix"><!--チーム選択--><!--イニングid-->
<div class="title"><h3 class="yjS"><b>4回裏</b>　西武の攻撃</h3></div>
<ul>
<li>1：<a href="/npb/player?id=800015">鬼崎</a>　外角のストレートを打つもレフトフライ 1アウト</li>
<li>2：<a href="/npb/player?id=600026">炭谷</a>　外角のストレートを見送りフォアボールを選ぶ 1塁</li>
<li>3：<a href="/npb/player?id=1100092">永江</a>　見事送りバントを成功させる 2アウト2塁</li>
<li>4：<a href="/npb/player?id=1200011">ヘルマン</a>　敬遠ぎみのフォアボールで歩かされる 1,2塁</li>
<li>5：<a href="/npb/player?id=700077">大崎</a>　外角のフォークボールを打つもファーストゴロ 3アウトチェンジ</li>
</ul>
<div class="score yjS">
<p>得点:0 、 ヒット:0 、 四死球:2</p>
</div>
</div>
<div id="i5" class="item H clearfix"><!--チーム選択--><!--イニングid-->
<div class="title"><h3 class="yjS"><b>5回表</b>　ソフトバンクの攻撃</h3></div>
<ul>
<li>1：<a href="/npb/player?id=800081">中村</a>　低めのストレートを打つもライトフライ 1アウト</li>
<li>2：<a href="/npb/player?id=600087">本多</a>　外角の変化球を打つもショートゴロ 2アウト</li>
<li>3：<a href="/npb/player?id=11983">内川</a>　外角のスライダーを打つもレフトフライ 3アウトチェンジ</li>
</ul>
<div class="score yjS">
<p>得点: 0、 ヒット:0、 四死球:0</p>
</div>
      
<div class="anker"><a href="#wrapper">ページトップへ</a></div>
</div>
<div id="ii5" class="item L clearfix"><!--チーム選択--><!--イニングid-->
<div class="title"><h3 class="yjS"><b>5回裏</b>　西武の攻撃</h3></div>
<ul>
<li>1：<a href="/npb/player?id=12102">栗山</a>　外角のストレートを打つもセカンドゴロ 1アウト</li>
<li>2：<a href="/npb/player?id=900056">浅村</a>　レフトへのツーベース</li>
<li>3：打者浅村は2塁を回って3塁に向かうもアウト！ 2アウト</li>
<li>4：<a href="/npb/player?id=1000150">秋山</a>　粘りを見せて9球目にフォアボールを選ぶ 1塁</li>
<li>5：<a href="/npb/player?id=1200125">スピリー</a>　センターへのヒットを放つ 1,3塁</li>
<li>6：<b class="green">鬼崎→代打:上本</b></li>
<li>7：<a href="/npb/player?id=20191">上本</a>　カウント1-2から外角のフォークボールに空振り三振！決定機を逃す 3アウトチェンジ</li>
</ul>
<div class="score yjS">
<p>得点:0 、 ヒット:<span class="red">2</span> 、 四死球:1</p>
</div>
</div>
<div id="i6" class="item H clearfix"><!--チーム選択--><!--イニングid-->
<div class="title"><h3 class="yjS"><b>6回表</b>　ソフトバンクの攻撃</h3></div>
<ul>
<li>1：<b class="green">幅広い活躍ができる林崎がセカンドの守備につく</b></li>
<li>2：<a href="/npb/player?id=600084">松田</a>　外角のスライダーを打つもサードゴロ 1アウト</li>
<li>3：<a href="/npb/player?id=700101">長谷川</a>　内角の真っ直ぐを打つもファーストゴロ 2アウト</li>
<li>4：<a href="/npb/player?id=500012">江川</a>　外角のスライダーに空振り三振でバッターアウト 3アウトチェンジ</li>
</ul>
<div class="score yjS">
<p>得点: 0、 ヒット:0、 四死球:0</p>
</div>
      
<div class="anker"><a href="#wrapper">ページトップへ</a></div>
</div>
<div id="ii6" class="item L clearfix"><!--チーム選択--><!--イニングid-->
<div class="title"><h3 class="yjS"><b>6回裏</b>　西武の攻撃</h3></div>
<ul>
<li>1：<b class="green">投手交代:寺原→金沢</b></li>
<li>2：<a href="/npb/player?id=600026">炭谷</a>　ど真ん中のスライダーを打つもレフトフライ 1アウト</li>
<li>3：<a href="/npb/player?id=1100092">永江</a>　外角のシュートを打つもセンターフライ 2アウト</li>
<li>4：<a href="/npb/player?id=1200011">ヘルマン</a>　空振りの三振を喫する 3アウトチェンジ</li>
</ul>
<div class="score yjS">
<p>得点:0 、 ヒット:0 、 四死球:0</p>
</div>
</div>
<div id="i7" class="item H clearfix"><!--チーム選択--><!--イニングid-->
<div class="title"><h3 class="yjS"><b>7回表</b>　ソフトバンクの攻撃</h3></div>
<ul>
<li>1：<a href="/npb/player?id=1200126">ラヘア</a>　内角の真っ直ぐを見送りフォアボールを選ぶ 1塁</li>
<li>2：<b class="green">1塁走者ラヘアに代わり、俊足自慢の金子</b></li>
<li>3：<a href="/npb/player?id=1000035">今宮</a>　見事送りバントを決める 1アウト2塁</li>
<li>4：<b class="green">バッター細川に代わり、「打撃の才能開花中」高谷</b></li>
<li>5：<a href="/npb/player?id=700099">高谷</a>　セカンドゴロ 2アウト3塁</li>
<li>6：<b class="red"><a href="/npb/player?id=800081">中村</a>　2アウト3塁の1-0からライトへのタイムリーヒットでソフトバンク勝ち越し！ 西4-5ソ 1塁</b></li>
<li>7：<a href="/npb/player?id=600087">本多</a>　一度もバットを振ることなくフォアボールを選ぶ 1,2塁</li>
<li>8：<b class="green">ピッチャー牧田に代わって「速球派リリーフ」増田がマウンドにあがる</b></li>
<li>9：<a href="/npb/player?id=11983">内川</a>　低めの変化球を打つもショートゴロ 3アウトチェンジ</li>
</ul>
<div class="score yjS">
<p>得点: <b class="red">1</b>、 ヒット:<span class="red">1</span>、 四死球:2</p>
</div>
      
<div class="anker"><a href="#wrapper">ページトップへ</a></div>
</div>
<div id="ii7" class="item L clearfix"><!--チーム選択--><!--イニングid-->
<div class="title"><h3 class="yjS"><b>7回裏</b>　西武の攻撃</h3></div>
<ul>
<li>1：<b class="green">ピッチャー金沢に代わって「不死鳥セットアップ」柳瀬がマウンドにあがる　守備交代:キャッチャー山崎</b></li>
<li>2：<a href="/npb/player?id=700077">大崎</a>　内角の真っ直ぐを見送りフォアボールを選ぶ 1塁</li>
<li>3：<a href="/npb/player?id=12102">栗山</a>　サードへのファウルフライに倒れる 1アウト</li>
<li>4：<a href="/npb/player?id=900056">浅村</a>　ワンバウンドした球を空振り三振 2アウト</li>
<li>5：<b class="green">1塁走者大崎に代わり、快足を飛ばす熊代</b></li>
<li>6：一塁走者熊代:盗塁成功 2塁</li>
<li>7：<a href="/npb/player?id=1000150">秋山</a>　外角のフォークボールを見送りフォアボールを選ぶ 1,2塁</li>
<li>8：<a href="/npb/player?id=1200125">スピリー</a>　一打同点の場面でど真ん中のストレートを打つもセカンドゴロ 3アウトチェンジ</li>
</ul>
<div class="score yjS">
<p>得点:0 、 ヒット:0 、 四死球:2</p>
</div>
</div>
<div id="i8" class="item H clearfix"><!--チーム選択--><!--イニングid-->
<div class="title"><h3 class="yjS"><b>8回表</b>　ソフトバンクの攻撃</h3></div>
<ul>
<li>1：<a href="/npb/player?id=600084">松田</a>　低めのスライダーを打つもレフトフライ 1アウト</li>
<li>2：<a href="/npb/player?id=700101">長谷川</a>　センターへのヒットで出塁 1塁</li>
<li>3：<a href="/npb/player?id=500012">江川</a>　ファウルフライを炭谷(捕)が捕球してバッターアウト 2アウト</li>
<li>4：<a href="/npb/player?id=400028">金子</a>　外角の真っ直ぐに見逃し三振でバッターアウト！ 3アウトチェンジ</li>
</ul>
<div class="score yjS">
<p>得点: 0、 ヒット:<span class="red">1</span>、 四死球:0</p>
</div>
      
<div class="anker"><a href="#wrapper">ページトップへ</a></div>
</div>
<div id="ii8" class="item L clearfix"><!--チーム選択--><!--イニングid-->
<div class="title"><h3 class="yjS"><b>8回裏</b>　西武の攻撃</h3></div>
<ul>
<li>1：<b class="green">ピッチャー柳瀬に代わってファルケンボーグがマウンドにあがる</b></li>
<li>2：<a href="/npb/player?id=1000152">林崎</a>　高めのボール球につられて空振り三振 1アウト</li>
<li>3：<a href="/npb/player?id=600026">炭谷</a>　高めのストレートを打つもセンターフライ 2アウト</li>
<li>4：<b class="green">バッター永江に代わり、ミートセンスが光る石川</b></li>
<li>5：<a href="/npb/player?id=1000021">石川</a>　ベンチの期待に応えることができず見逃し三振に倒れる 3アウトチェンジ</li>
</ul>
<div class="score yjS">
<p>得点:0 、 ヒット:0 、 四死球:0</p>
</div>
</div>
<div id="i9" class="item H clearfix"><!--チーム選択--><!--イニングid-->
<div class="title"><h3 class="yjS"><b>9回表</b>　ソフトバンクの攻撃</h3></div>
<ul>
<li>1：<b class="green">投手交代:増田→サファテ　強肩が売りの武山がファーストの守備につく　守備変更:浅村ファースト→セカンド　守備変更:林崎セカンド→ショート</b></li>
<li>2：<a href="/npb/player?id=1000035">今宮</a>　ショートゴロ 1アウト</li>
<li>3：<a href="/npb/player?id=12055">山崎</a>　内角のカーブを打つもレフトフライ 2アウト</li>
<li>4：<a href="/npb/player?id=800081">中村</a>　ファウルフライをヘルマン(三)がつかんでバッターアウト 3アウトチェンジ</li>
</ul>
<div class="score yjS">
<p>得点: 0、 ヒット:0、 四死球:0</p>
</div>
      
<div class="anker"><a href="#wrapper">ページトップへ</a></div>
</div>
<div id="ii9" class="item L clearfix"><!--チーム選択--><!--イニングid-->
<div class="title"><h3 class="yjS"><b>9回裏</b>　西武の攻撃</h3></div>
<ul>
<li>1：<b class="green">ピッチャーファルケンボーグに代わって「帰国の速球王」五十嵐がマウンドにあがる</b></li>
<li>2：<a href="/npb/player?id=1200011">ヘルマン</a>　高めのボール球につられて空振り三振 1アウト</li>
<li>3：<a href="/npb/player?id=1000153">熊代</a>　外角のカーブを打つもファーストゴロ 2アウト</li>
<li>4：<a href="/npb/player?id=12102">栗山</a>　一発出れば同点の場面でど真ん中の変化球を打つもサードゴロ ゲームセット</li>
<li>5：試合終了</li>
</ul>
<div class="score yjS">
<p>得点:0 、 ヒット:0 、 四死球:0</p>
</div>
</div>
</div>
<!-- テキスト速報 -->

<div id="yads_67572_1441_position_02"></div>
</div><!--/#main-->
<!--main end-->

<!--sub start-->
<div id="sub">
<!-- SpaceID=0 robot -->
<!--/#pos-lrec-->

<!-- 他球団モジュール -->
<div class="yjSNLiveCommonsubtitle"><h4 class="yjS"><span>7/9(火)　そのほかの試合</span></h4></div>
<div id="yjSNLiveOthergame">
<table width=100% cellpadding=0 cellspacing=0 border=0>
<tr><td class=''><a alt='そのほかの試合' href='/npb/game/2013070901/'><dl>
<dt><b>巨</b></dt>
<dd><b>6</b> - 3</dd>
<dt>ヤ</dt>
</dl>
<div class="none">結果</div></a></td>
<td class=''><a alt='そのほかの試合' href='/npb/game/2013070902/'><dl>
<dt>Ｄ</dt>
<dd>2 - <b>4</b></dd>
<dt><b>広</b></dt>
</dl>
<div class="none">結果</div></a></td>
<td class=''><a alt='そのほかの試合' href='/npb/game/2013070904/'><dl>
<dt><b>楽</b></dt>
<dd><b>5</b> - 0</dd>
<dt>日</dt>
</dl>
<div class="none">結果</div></a></td>
</tr><tr><td class='act'><dl>
<dt>西</dt>
<dd>4 - <b>5</b></dd>
<dt><b>ソ</b></dt>
</dl>
<div>観戦中</div></td>
<td class=''><a alt='そのほかの試合' href='/npb/game/2013070906/'><dl>
<dt>ロ</dt>
<dd>3 - 3</dd>
<dt>オ</dt>
</dl>
<div class="none">結果</div></a></td>
<td class=''><a alt='そのほかの試合' href='/npb/game/2013070903/'><dl>
<dt><b>神</b></dt>
<dd><b>6</b> - 2</dd>
<dt>中</dt>
</dl>
<div class="none">結果</div></a></td>
</tr></table>
</div>

<!-- /他球団モジュール -->
<!--打順-->
<div class="yjSNLiveCommonsubtitle"><h4 class="yjS"><span>打順</span></h4></div>
<div id="yjSNLiveBattinglist" class="clearfix">

<table class="column-left" width=100% cellpadding=0 cellspacing=0 border=0>
<tr class="teamborder">
<th colspan=3 class="H">&nbsp;</th>
<th colspan=3 class="L">&nbsp;</th>
</tr>
<tr class="teamlogo">
<th colspan=3 class="H"><a href="/npb/teams/12/">ソフトバンク</a></th>
<th colspan=3 class="L"><a href="/npb/teams/7/">西武</a></th>
</tr>

<tr>
<td class="nm">1</td>
<td>一</td>
<td class="pn"><a href="/npb/player?id=800081">中村晃</a></td>
<td class="nm">1</td>
<td>三</td>
<td class="pn"><a href="/npb/player?id=1200011">ヘルマン</a></td>
</tr>
<tr>
<td class="nm">2</td>
<td>二</td>
<td class="pn"><a href="/npb/player?id=600087">本多雄一</a></td>
<td class="nm">2</td>
<td>指</td>
<td class="pn"><a href="/npb/player?id=1000153">熊代聖人</a></td>
</tr>
<tr>
<td class="nm">3</td>
<td>左</td>
<td class="pn"><a href="/npb/player?id=11983">内川聖一</a></td>
<td class="nm act">3</td>
<td class="act">左</td>
<td class="pn act"><a href="/npb/player?id=12102">栗山巧</a></td>
</tr>
<tr>
<td class="nm">4</td>
<td>三</td>
<td class="pn"><a href="/npb/player?id=600084">松田宣浩</a></td>
<td class="nm">4</td>
<td>二</td>
<td class="pn"><a href="/npb/player?id=900056">浅村栄斗</a></td>
</tr>
<tr>
<td class="nm">5</td>
<td>中</td>
<td class="pn"><a href="/npb/player?id=700101">長谷川勇也</a></td>
<td class="nm">5</td>
<td>中</td>
<td class="pn"><a href="/npb/player?id=1000150">秋山翔吾</a></td>
</tr>
<tr>
<td class="nm">6</td>
<td>右</td>
<td class="pn"><a href="/npb/player?id=500012">江川智晃</a></td>
<td class="nm">6</td>
<td>右</td>
<td class="pn"><a href="/npb/player?id=1200125">スピリー</a></td>
</tr>
<tr>
<td class="nm">7</td>
<td>指</td>
<td class="pn"><a href="/npb/player?id=400028">金子圭輔</a></td>
<td class="nm">7</td>
<td>遊</td>
<td class="pn"><a href="/npb/player?id=1000152">林崎遼</a></td>
</tr>
<tr>
<td class="nm">8</td>
<td>遊</td>
<td class="pn"><a href="/npb/player?id=1000035">今宮健太</a></td>
<td class="nm">8</td>
<td>捕</td>
<td class="pn"><a href="/npb/player?id=600026">炭谷銀仁朗</a></td>
</tr>
<tr>
<td class="nm">9</td>
<td>捕</td>
<td class="pn"><a href="/npb/player?id=12055">山崎勝己</a></td>
<td class="nm">9</td>
<td>一</td>
<td class="pn"><a href="/npb/player?id=20179">武山真吾</a></td>
</tr>

</table>

</div>

<!--打順-->

<!--ゲーム差-->
<!--ゲーム差-->


<!--球団情報-->

<!-- /新IM -->

</div><!--/#contents-body-->

 
</div><!-- Facebook -->
<div id="fb-root"></div>
<!-- / Facebook -->
</body>
</html>
