<!DOCTYPE html PUBLIC "-//W3C//DTD XHTML 1.0 Transitional//EN" "http://www.w3.org/TR/xhtml1/DTD/xhtml1-transitional.dtd">
<html lang="ja" xmlns:og="http://ogp.me/ns#" xmlns:mixi="http://mixi-platform.com/ns#" xmlns:fb="http://www.facebook.com/2008/fbml">
<head>
<!---京--->
<meta http-equiv="Content-Type" content="text/html; charset=utf-8">
<meta http-equiv="Content-Style-Type" content="text/css">
<meta http-equiv="Content-Script-Type" content="text/javascript">
<title>Yahoo!スポーツ - プロ野球</title>
<meta name="description" content="西武 vs ロッテのテキスト速報。一球速報、結果、セ・リーグ、パ・リーグの日程、順位、個人成績、プロ野球に関連した最新ニュース、写真ニュースなどの情報が満載な、Yahoo!スポーツ プロ野球サイトのテキスト速報ページです。">
<meta name="keywords" content="テキスト速報,速報,中継,西武,ロッテ,プロ野球,野球">
<link rel="stylesheet" href="http://i.yimg.jp/images/sports/baseball/npb/live/css/master-npb-live-common.css" type="text/css" media="all">
<link rel="stylesheet" href="http://i.yimg.jp/images/sports/baseball/npb/css/master-npb-common.css" type="text/css" media="all">


<meta property="og:title"       content="Yahoo!プロ野球 - 2013年7月5日 西武vs.ロッテ テキスト速報" />
<meta property="og:type"        content="website" />
<meta property="og:url"         content="http://baseball.yahoo.co.jp/npb/game/2013070505/text" /> 
<meta property="og:image"       content="http://i.yimg.jp/images/sports/promo/pc/facebook/baseball_76x76.png" />
<meta property="og:site_name"   content="Yahoo!スポーツ" />
<meta property="og:description" content="" />
<meta property="og:locale"      content="ja_JP" />
<meta property="fb:app_id"      content="215456371901325" />
<link rel="apple-touch-icon" href="http://i.yimg.jp/images/sports/promo/pc/facebook/baseball.png">
<script type="text/javascript" src="http://i.yimg.jp/images/sports/js/jquery-1.3.2.min.js"></script><script type="text/javascript" src="http://i.yimg.jp/images/sports/v1/js/sports.global-1.1.1.js"></script>
</head>
<body class="yj950-2">

<div id="wrapper"><div id="contents-body" class="yjSNLive">
<!--main start-->
<div id="main">

<!-- ローカルナビ -->
<div id="ch-navi" class="clearfix mb5p">
<ul class="clearfix">

<li><span><a href="/npb/game/2013070505/top"">試合トップ</a></span></li><!--ナビアクティブ-->

<li class="gray"><span><a>一球速報</a></span></li>


<li class="on"><span><a>テキスト速報</a></span></li>


<li><span><a href="/npb/game/2013070505/stats">投打詳細</a></span></li>

 
<li><span><a href="http://rd.yahoo.co.jp/media/sports/baseball/npb/live/tab/comment/SIG=11us731dg/*http%3A//textream.yahoo.co.jp/rd/sports/npb/?game=2013070505">コメント</a></span></li>


</ul>
<em><a href="/npb/schedule/?date=20130705">7月5日（金）</a>西武 vs. ロッテ</em>
</div>

<!-- /ローカルナビ -->

<!-- スコアボード -->
<div id="yjSNLiveTextscoreboard">

<div class="inner">
<table width="100%" cellspacing="0" cellpadding="0" border="0">

<tbody><tr class="chs-title yjS">
<th>&nbsp;</th>
<th>1</th>
<th>2</th>
<th>3</th>
<th>4</th>
<th>5</th>
<th>6</th>
<th>7</th>
<th>8</th>
<th>9</th>
<th>計</th>
<th>安</th>
<th>失</th>
</tr>
<tr class="yjMS">
<th class="M">
<b><a href="/npb/teams/9/">ロッテ</a></b></th><!--チーム選択-->


<td>
<a href=http://rd.yahoo.co.jp/media/sports/baseball/npb/live/sokuho/SIG=11osu3p12/*http%3A//baseball.yahoo.co.jp/npb/game/2013070505/text#i1>1</a>
</td>
<td>
<a href=http://rd.yahoo.co.jp/media/sports/baseball/npb/live/sokuho/SIG=11osu3p12/*http%3A//baseball.yahoo.co.jp/npb/game/2013070505/text#i2>0</a>
</td>
<td>
<a href=http://rd.yahoo.co.jp/media/sports/baseball/npb/live/sokuho/SIG=11osu3p12/*http%3A//baseball.yahoo.co.jp/npb/game/2013070505/text#i3>0</a>
</td>
<td>
<a href=http://rd.yahoo.co.jp/media/sports/baseball/npb/live/sokuho/SIG=11osu3p12/*http%3A//baseball.yahoo.co.jp/npb/game/2013070505/text#i4>0</a>
</td>
<td>
<a href=http://rd.yahoo.co.jp/media/sports/baseball/npb/live/sokuho/SIG=11osu3p12/*http%3A//baseball.yahoo.co.jp/npb/game/2013070505/text#i5>0</a>
</td>
<td>
<a href=http://rd.yahoo.co.jp/media/sports/baseball/npb/live/sokuho/SIG=11osu3p12/*http%3A//baseball.yahoo.co.jp/npb/game/2013070505/text#i6>0</a>
</td>
<td>
<a href=http://rd.yahoo.co.jp/media/sports/baseball/npb/live/sokuho/SIG=11osu3p12/*http%3A//baseball.yahoo.co.jp/npb/game/2013070505/text#i7>0</a>
</td>
<td>
<a href=http://rd.yahoo.co.jp/media/sports/baseball/npb/live/sokuho/SIG=11osu3p12/*http%3A//baseball.yahoo.co.jp/npb/game/2013070505/text#i8>1</a>
</td>
<td>
<a href=http://rd.yahoo.co.jp/media/sports/baseball/npb/live/sokuho/SIG=11osu3p12/*http%3A//baseball.yahoo.co.jp/npb/game/2013070505/text#i9>0</a>
</td>
<td class="sum">2</td>
<td class="fwn">7</td>
<td class="fwn">1</td>
</tr>
<tr class="yjMS">
<th class="L">

<b><a href="/npb/teams/7/">西武</a></b></th><!--チーム選択-->
<td>
<a href=http://rd.yahoo.co.jp/media/sports/baseball/npb/live/sokuho/SIG=11osu3p12/*http%3A//baseball.yahoo.co.jp/npb/game/2013070505/text#ii1>3</a>
</td>
<td>
<a href=http://rd.yahoo.co.jp/media/sports/baseball/npb/live/sokuho/SIG=11osu3p12/*http%3A//baseball.yahoo.co.jp/npb/game/2013070505/text#ii2>0</a>
</td>
<td>
<a href=http://rd.yahoo.co.jp/media/sports/baseball/npb/live/sokuho/SIG=11osu3p12/*http%3A//baseball.yahoo.co.jp/npb/game/2013070505/text#ii3>0</a>
</td>
<td>
<a href=http://rd.yahoo.co.jp/media/sports/baseball/npb/live/sokuho/SIG=11osu3p12/*http%3A//baseball.yahoo.co.jp/npb/game/2013070505/text#ii4>0</a>
</td>
<td>
<a href=http://rd.yahoo.co.jp/media/sports/baseball/npb/live/sokuho/SIG=11osu3p12/*http%3A//baseball.yahoo.co.jp/npb/game/2013070505/text#ii5>0</a>
</td>
<td>
<a href=http://rd.yahoo.co.jp/media/sports/baseball/npb/live/sokuho/SIG=11osu3p12/*http%3A//baseball.yahoo.co.jp/npb/game/2013070505/text#ii6>4</a>
</td>
<td>
<a href=http://rd.yahoo.co.jp/media/sports/baseball/npb/live/sokuho/SIG=11osu3p12/*http%3A//baseball.yahoo.co.jp/npb/game/2013070505/text#ii7>0</a>
</td>
<td>
<a href=http://rd.yahoo.co.jp/media/sports/baseball/npb/live/sokuho/SIG=11osu3p12/*http%3A//baseball.yahoo.co.jp/npb/game/2013070505/text#ii8>0</a>
</td>
<td>
<a href=http://rd.yahoo.co.jp/media/sports/baseball/npb/live/sokuho/SIG=11osu3p12/*http%3A//baseball.yahoo.co.jp/npb/game/2013070505/text#ii9>X</a>
</td>
<td class="sum">7</td>
<td class="fwn">7</td>
<td class="fwn">0</td>
</tr>

</tbody></table>
</div>


<div class="navi clearfix">

<div class="column-left">
</div>

<div class="column-right">

<div class="reflesh clearfix">
<ul class="clearfix">
<li class="auto" title="自動更新"><a id="btn_auto" href="http://rd.yahoo.co.jp/media/sports/baseball/npb/live/auto/SIG=11osu3p12/*http%3A//baseball.yahoo.co.jp/npb/game/2013070505/text?manual=2"><i>自動更新</i></a></li>
<li class="manual-on" title="手動更新"><a><i>手動更新</i></a></li>
<li title="更新" class="btn_reflesh"><a href="http://rd.yahoo.co.jp/media/sports/baseball/npb/live/refresh/SIG=11osu3p12/*http%3A//baseball.yahoo.co.jp/npb/game/2013070505/text?manual=1"><i>更新</i></a></li>
</ul>
<em>自動更新：30秒</em>
</div>

</div>
</div>

</div>
<!-- /スコアボード -->


<!-- テキスト速報 -->
<div class="yjSportsCommonTitle"><h3 class="yjS"><span><strong>テキスト速報</strong></span></h3></div><div id="yjSNLiveTextlive" class="yjMS">

<div id="i1" class="item M clearfix"><!--チーム選択--><!--イニングid-->
<div class="title"><h3 class="yjS"><b>1回表</b>　ロッテの攻撃</h3></div>
<ul>
<li>1：試合開始</li>
<li>2：<a href="/npb/player?id=1000014">荻野貴</a>　9球粘った末にフォアボールを選ぶ 1塁</li>
<li>3：<a href="/npb/player?id=600092">根元</a>　ライトへのヒットを放つ 1,3塁</li>
<li>4：<a href="/npb/player?id=11584">井口</a>　外角の真っ直ぐに空振り三振でバッターアウト 1アウト</li>
<li>5：<b class="red"><a href="/npb/player?id=12095">今江</a>　1アウト1,3塁の0-1からセンターへの先制タイムリーヒット！ 西0-1ロ 1,2塁</b></li>
<li>6：<a href="/npb/player?id=11385">サブロー</a>　ランナー1,2塁からライトへのヒットで出塁</li>
<li>7：2塁走者根元は走塁死 2アウト1,2塁</li>
<li>8：<a href="/npb/player?id=700087">角中</a>　外角のスライダーを打つもサードゴロ 3アウトチェンジ</li>
</ul>
<div class="score yjS">
<p>得点: <b class="red">1</b>、 ヒット:<span class="red">3</span>、 四死球:1</p>
</div>
      
<div class="anker"><a href="#wrapper">ページトップへ</a></div>
</div>
<div id="yads_67572_1441_position_01"></div><div id="ii1" class="item L clearfix"><!--チーム選択--><!--イニングid-->
<div class="title"><h3 class="yjS"><b>1回裏</b>　西武の攻撃</h3></div>
<ul>
<li>1：<a href="/npb/player?id=1200011">ヘルマン</a>　レフトへの二塁打 2塁</li>
<li>2：<a href="/npb/player?id=1200083">金子</a>　見事送りバントを決める 1アウト3塁</li>
<li>3：<b class="red"><a href="/npb/player?id=12102">栗山</a>　へのフライを清田(中)がエラーしてしまう</b></li>
<li>4：<b class="red">西武同点！ 西1-1ロ 2塁</b></li>
<li>5：<b class="red"><a href="/npb/player?id=900056">浅村</a>　ランナー2塁から勝ち越し２ランホームラン！ 西3-1ロ</b></li>
<li>6：<a href="/npb/player?id=1000150">秋山</a>　ど真ん中の球をセンターへ打ってヒット 1塁</li>
<li>7：<a href="/npb/player?id=1200125">スピリー</a>　外角のチェンジアップを打つもサードゴロ 2アウト2塁</li>
<li>8：<a href="/npb/player?id=800015">鬼崎</a>　低めの落ちる球を打つもファーストゴロ 3アウトチェンジ</li>
</ul>
<div class="score yjS">
<p>得点:<b class="red">3</b> 、 ヒット:<span class="red">3</span> 、 四死球:0</p>
</div>
</div>
<div id="i2" class="item M clearfix"><!--チーム選択--><!--イニングid-->
<div class="title"><h3 class="yjS"><b>2回表</b>　ロッテの攻撃</h3></div>
<ul>
<li>1：<a href="/npb/player?id=1000016">清田</a>　一度もバットを振ることなくフォアボールを選ぶ 1塁</li>
<li>2：<a href="/npb/player?id=1100103">鈴木</a>　外角の変化球を打つも6-4-3のダブルプレー 2アウト</li>
<li>3：<a href="/npb/player?id=20218">金沢</a>　内角のストレートを打つもショートゴロ 3アウトチェンジ</li>
</ul>
<div class="score yjS">
<p>得点: 0、 ヒット:0、 四死球:1</p>
</div>
      
<div class="anker"><a href="#wrapper">ページトップへ</a></div>
</div>
<div id="ii2" class="item L clearfix"><!--チーム選択--><!--イニングid-->
<div class="title"><h3 class="yjS"><b>2回裏</b>　西武の攻撃</h3></div>
<ul>
<li>1：<a href="/npb/player?id=600026">炭谷</a>　外角の真っ直ぐを打つもセカンドゴロ 1アウト</li>
<li>2：<a href="/npb/player?id=1100092">永江</a>　空振りの三振を喫する 2アウト</li>
<li>3：<a href="/npb/player?id=1200011">ヘルマン</a>　高めの落ちる球を打つもショートフライ 3アウトチェンジ</li>
</ul>
<div class="score yjS">
<p>得点:0 、 ヒット:0 、 四死球:0</p>
</div>
</div>
<div id="i3" class="item M clearfix"><!--チーム選択--><!--イニングid-->
<div class="title"><h3 class="yjS"><b>3回表</b>　ロッテの攻撃</h3></div>
<ul>
<li>1：<a href="/npb/player?id=1000014">荻野貴</a>　レフトへのヒット 1塁</li>
<li>2：<a href="/npb/player?id=600092">根元</a>　高めのストレートを打つもレフトフライ 1アウト</li>
<li>3：<a href="/npb/player?id=11584">井口</a>　外角のストレートを打つもショートゴロ 2アウト1塁</li>
<li>4：菊池(投):暴投 3塁</li>
<li>5：<a href="/npb/player?id=12095">今江</a>　低めのチェンジアップを打つもショートゴロ 3アウトチェンジ</li>
</ul>
<div class="score yjS">
<p>得点: 0、 ヒット:<span class="red">1</span>、 四死球:0</p>
</div>
      
<div class="anker"><a href="#wrapper">ページトップへ</a></div>
</div>
<div id="ii3" class="item L clearfix"><!--チーム選択--><!--イニングid-->
<div class="title"><h3 class="yjS"><b>3回裏</b>　西武の攻撃</h3></div>
<ul>
<li>1：<a href="/npb/player?id=1200083">金子</a>　7球粘るも外角高めのチェンジアップに空振り三振 1アウト</li>
<li>2：<a href="/npb/player?id=12102">栗山</a>　一度もバットを振ることなくフォアボールを選ぶ 1塁</li>
<li>3：<a href="/npb/player?id=900056">浅村</a>　低めの落ちる球に空振り三振でバッターアウト 2アウト</li>
<li>4：<a href="/npb/player?id=1000150">秋山</a>　空振りの三振を喫する 3アウトチェンジ</li>
</ul>
<div class="score yjS">
<p>得点:0 、 ヒット:0 、 四死球:1</p>
</div>
</div>
<div id="i4" class="item M clearfix"><!--チーム選択--><!--イニングid-->
<div class="title"><h3 class="yjS"><b>4回表</b>　ロッテの攻撃</h3></div>
<ul>
<li>1：<a href="/npb/player?id=11385">サブロー</a>　外角の落ちる球に空振り三振でバッターアウト 1アウト</li>
<li>2：<a href="/npb/player?id=700087">角中</a>　内角のストレートに見逃し三振でバッターアウト！ 2アウト</li>
<li>3：<a href="/npb/player?id=1000016">清田</a>　一度もバットを振ることなくストレートのフォアボールを選ぶ 1塁</li>
<li>4：<a href="/npb/player?id=1100103">鈴木</a>　内角のストレートを打つもファーストゴロ 3アウトチェンジ</li>
</ul>
<div class="score yjS">
<p>得点: 0、 ヒット:0、 四死球:1</p>
</div>
      
<div class="anker"><a href="#wrapper">ページトップへ</a></div>
</div>
<div id="ii4" class="item L clearfix"><!--チーム選択--><!--イニングid-->
<div class="title"><h3 class="yjS"><b>4回裏</b>　西武の攻撃</h3></div>
<ul>
<li>1：<a href="/npb/player?id=1200125">スピリー</a>　外角の真っ直ぐを打つもセカンドゴロ 1アウト</li>
<li>2：<a href="/npb/player?id=800015">鬼崎</a>　空振りの三振を喫する 2アウト</li>
<li>3：<a href="/npb/player?id=600026">炭谷</a>　外角のストレートを打つもサードゴロ 3アウトチェンジ</li>
</ul>
<div class="score yjS">
<p>得点:0 、 ヒット:0 、 四死球:0</p>
</div>
</div>
<div id="i5" class="item M clearfix"><!--チーム選択--><!--イニングid-->
<div class="title"><h3 class="yjS"><b>5回表</b>　ロッテの攻撃</h3></div>
<ul>
<li>1：<a href="/npb/player?id=20218">金沢</a>　一度もバットを振ることなくフォアボールを選ぶ 1塁</li>
<li>2：<a href="/npb/player?id=1000014">荻野貴</a>　外角の落ちる球を打つもライトフライ 1アウト</li>
<li>3：<a href="/npb/player?id=600092">根元</a>　7球粘るも外角低めの変化球に空振り三振 2アウト</li>
<li>4：<a href="/npb/player?id=11584">井口</a>　粘りを見せて9球目にフォアボールを選ぶ 1,2塁</li>
<li>5：<a href="/npb/player?id=12095">今江</a>　外角のチェンジアップを打つもショートゴロ 3アウトチェンジ</li>
</ul>
<div class="score yjS">
<p>得点: 0、 ヒット:0、 四死球:2</p>
</div>
      
<div class="anker"><a href="#wrapper">ページトップへ</a></div>
</div>
<div id="ii5" class="item L clearfix"><!--チーム選択--><!--イニングid-->
<div class="title"><h3 class="yjS"><b>5回裏</b>　西武の攻撃</h3></div>
<ul>
<li>1：<a href="/npb/player?id=1100092">永江</a>　低めのチェンジアップに空振り三振でバッターアウト 1アウト</li>
<li>2：<a href="/npb/player?id=1200011">ヘルマン</a>　外角の変化球を打つもライトフライ 2アウト</li>
<li>3：<a href="/npb/player?id=1200083">金子</a>　高めのストレートに空振り三振でバッターアウト 3アウトチェンジ</li>
</ul>
<div class="score yjS">
<p>得点:0 、 ヒット:0 、 四死球:0</p>
</div>
</div>
<div id="i6" class="item M clearfix"><!--チーム選択--><!--イニングid-->
<div class="title"><h3 class="yjS"><b>6回表</b>　ロッテの攻撃</h3></div>
<ul>
<li>1：<a href="/npb/player?id=11385">サブロー</a>　内角の真っ直ぐを打つもライトフライ 1アウト</li>
<li>2：<a href="/npb/player?id=700087">角中</a>　レフトへのヒットを放つ 1塁</li>
<li>3：<a href="/npb/player?id=1000016">清田</a>　ファウルフライをスピリー(右)がつかんでバッターアウト 2アウト</li>
<li>4：<a href="/npb/player?id=1100103">鈴木</a>　外角のストレートを打つもピッチャーゴロ 3アウトチェンジ</li>
</ul>
<div class="score yjS">
<p>得点: 0、 ヒット:<span class="red">1</span>、 四死球:0</p>
</div>
      
<div class="anker"><a href="#wrapper">ページトップへ</a></div>
</div>
<div id="ii6" class="item L clearfix"><!--チーム選択--><!--イニングid-->
<div class="title"><h3 class="yjS"><b>6回裏</b>　西武の攻撃</h3></div>
<ul>
<li>1：<a href="/npb/player?id=12102">栗山</a>　外角のチェンジアップを見送り四球を選ぶ 1塁</li>
<li>2：グライシンガー(投):暴投 2塁</li>
<li>3：<a href="/npb/player?id=900056">浅村</a>　低めのストレートを打つもライトフライ 1アウト3塁</li>
<li>4：<b class="red"><a href="/npb/player?id=1000150">秋山</a>　1アウト3塁の1-2からセンターへのタイムリーヒット 西4-1ロ 1塁</b></li>
<li>5：<a href="/npb/player?id=1200125">スピリー</a>　レフトへのヒットを放つ 1,2塁</li>
<li>6：<b class="green">ピッチャーグライシンガーに代わって力のあるストレートが魅力の上野がマウンドにあがる</b></li>
<li>7：<a href="/npb/player?id=800015">鬼崎</a>　空振りの三振を喫する 2アウト</li>
<li>8：<b class="red"><a href="/npb/player?id=600026">炭谷</a>　ランナー1,2塁の2-1からレフトスタンドへの３ランホームラン 西7-1ロ</b></li>
<li>9：<a href="/npb/player?id=1100092">永江</a>　低めの真っ直ぐを見送り四球を選ぶ 1塁</li>
<li>10：<a href="/npb/player?id=1200011">ヘルマン</a>　レフトへのヒットを放つ 1,2塁</li>
<li>11：<a href="/npb/player?id=1200083">金子</a>　低めの落ちる球を打つもピッチャーゴロ 3アウトチェンジ</li>
</ul>
<div class="score yjS">
<p>得点:<b class="red">4</b> 、 ヒット:<span class="red">4</span> 、 四死球:2</p>
</div>
</div>
<div id="i7" class="item M clearfix"><!--チーム選択--><!--イニングid-->
<div class="title"><h3 class="yjS"><b>7回表</b>　ロッテの攻撃</h3></div>
<ul>
<li>1：<b class="green">ピッチャー菊池に代わって「速球派リリーフ」増田がマウンドにあがる</b></li>
<li>2：<b class="green">金沢→代打:岡田</b></li>
<li>3：<a href="/npb/player?id=900082">岡田</a>　内角のスライダーを打つもファーストゴロ 1アウト</li>
<li>4：<a href="/npb/player?id=1000014">荻野貴</a>　外角のスライダーを打つもファーストゴロ 2アウト</li>
<li>5：<a href="/npb/player?id=600092">根元</a>　ハーフスイングを取られて空振りの三振を喫する 3アウトチェンジ</li>
</ul>
<div class="score yjS">
<p>得点: 0、 ヒット:0、 四死球:0</p>
</div>
      
<div class="anker"><a href="#wrapper">ページトップへ</a></div>
</div>
<div id="ii7" class="item L clearfix"><!--チーム選択--><!--イニングid-->
<div class="title"><h3 class="yjS"><b>7回裏</b>　西武の攻撃</h3></div>
<ul>
<li>1：<b class="green">投手交代:上野→藤岡　「鬼肩の持ち主」江村がキャッチャーの守備につく　守備変更:角中ライト→レフト　守備変更:清田センター→ライト　守備変更:岡田→センター</b></li>
<li>2：<a href="/npb/player?id=12102">栗山</a>　一度もバットを振ることなくストレートのフォアボールを選ぶ 1塁</li>
<li>3：<a href="/npb/player?id=900056">浅村</a>　邪飛 1アウト</li>
<li>4：<a href="/npb/player?id=1000150">秋山</a>　高めの真っ直ぐを打つもレフトフライ 2アウト</li>
<li>5：<a href="/npb/player?id=1200125">スピリー</a>　低めの変化球を打つもサードゴロ 3アウトチェンジ</li>
</ul>
<div class="score yjS">
<p>得点:0 、 ヒット:0 、 四死球:1</p>
</div>
</div>
<div id="i8" class="item M clearfix"><!--チーム選択--><!--イニングid-->
<div class="title"><h3 class="yjS"><b>8回表</b>　ロッテの攻撃</h3></div>
<ul>
<li>1：<b class="green">ピッチャー増田に代わって「右の本格派」岡本洋がマウンドにあがる　守備交代:ライト熊代</b></li>
<li>2：<a href="/npb/player?id=11584">井口</a>　センターへの二塁打 2塁</li>
<li>3：<b class="green">2塁走者井口に代わり、「確実な走塁」細谷</b></li>
<li>4：<a href="/npb/player?id=12095">今江</a>　ど真ん中のカーブを打つもピッチャーゴロ 1アウト</li>
<li>5：<a href="/npb/player?id=11385">サブロー</a>　低めの変化球を打つもセンターフライ 2アウト</li>
<li>6：<b class="red"><a href="/npb/player?id=700087">角中</a>　2アウト2塁の1-1からタイムリーツーベース！ 西7-2ロ 2塁</b></li>
<li>7：<a href="/npb/player?id=1000016">清田</a>　カウント0-2から外角のストレートに見逃し三振 3アウトチェンジ</li>
</ul>
<div class="score yjS">
<p>得点: <b class="red">1</b>、 ヒット:<span class="red">2</span>、 四死球:0</p>
</div>
      
<div class="anker"><a href="#wrapper">ページトップへ</a></div>
</div>
<div id="ii8" class="item L clearfix"><!--チーム選択--><!--イニングid-->
<div class="title"><h3 class="yjS"><b>8回裏</b>　西武の攻撃</h3></div>
<ul>
<li>1：<b class="green">守備変更:細谷→ファースト</b></li>
<li>2：<a href="/npb/player?id=800015">鬼崎</a>　高めのストレートに空振り三振 1アウト</li>
<li>3：<a href="/npb/player?id=600026">炭谷</a>　空振りの三振を喫する 2アウト</li>
<li>4：<a href="/npb/player?id=1100092">永江</a>　高めのストレートに空振り三振 3アウトチェンジ</li>
</ul>
<div class="score yjS">
<p>得点:0 、 ヒット:0 、 四死球:0</p>
</div>
</div>
<div id="i9" class="item M clearfix"><!--チーム選択--><!--イニングid-->
<div class="title"><h3 class="yjS"><b>9回表</b>　ロッテの攻撃</h3></div>
<ul>
<li>1：<b class="green">投手交代:岡本洋→ウィリアムス</b></li>
<li>2：<b class="green">幅広い活躍ができる林崎がセカンドの守備につく</b></li>
<li>3：<a href="/npb/player?id=1100103">鈴木</a>　低めのストレートを打つもショートゴロ 1アウト</li>
<li>4：<b class="green">岡田→代打:伊志嶺</b></li>
<li>5：<a href="/npb/player?id=1000105">伊志嶺</a>　外角の真っ直ぐを打つもセカンドゴロ 2アウト</li>
<li>6：<a href="/npb/player?id=1000127">江村</a>　空振りの三振を喫する ゲームセット</li>
<li>7：試合終了</li>
</ul>
<div class="score yjS">
<p>得点: 0、 ヒット:0、 四死球:0</p>
</div>
      
<div class="anker"><a href="#wrapper">ページトップへ</a></div>
</div>
</div>
<!-- テキスト速報 -->

<div id="yads_67572_1441_position_02"></div>
</div><!--/#main-->
<!--main end-->

<!--sub start-->
<div id="sub">
<!-- SpaceID=0 robot -->
<!--/#pos-lrec-->

<!-- 他球団モジュール -->
<div class="yjSNLiveCommonsubtitle"><h4 class="yjS"><span>7/5(金)　そのほかの試合</span></h4></div>
<div id="yjSNLiveOthergame">
<table width=100% cellpadding=0 cellspacing=0 border=0>
<tr><td class=''><a alt='そのほかの試合' href='/npb/game/2013070501/'><dl>
<dt><b>巨</b></dt>
<dd><b>12</b> - 7</dd>
<dt>Ｄ</dt>
</dl>
<div class="none">結果</div></a></td>
<td class=''><a alt='そのほかの試合' href='/npb/game/2013070502/'><dl>
<dt><b>中</b></dt>
<dd><b>6</b> - 3</dd>
<dt>ヤ</dt>
</dl>
<div class="none">結果</div></a></td>
<td class=''><a alt='そのほかの試合' href='/npb/game/2013070503/'><dl>
<dt>広</dt>
<dd>1 - <b>3</b></dd>
<dt><b>神</b></dt>
</dl>
<div class="none">結果</div></a></td>
</tr><tr><td class=''><a alt='そのほかの試合' href='/npb/game/2013070504/'><dl>
<dt>日</dt>
<dd>1 - <b>5</b></dd>
<dt><b>オ</b></dt>
</dl>
<div class="none">結果</div></a></td>
<td class='act'><dl>
<dt><b>西</b></dt>
<dd><b>7</b> - 2</dd>
<dt>ロ</dt>
</dl>
<div>観戦中</div></td>
<td class=''><a alt='そのほかの試合' href='/npb/game/2013070506/'><dl>
<dt><b>ソ</b></dt>
<dd><b>6</b> - 1</dd>
<dt>楽</dt>
</dl>
<div class="none">結果</div></a></td>
</tr></table>
</div>

<!-- /他球団モジュール -->
<!--打順-->
<div class="yjSNLiveCommonsubtitle"><h4 class="yjS"><span>打順</span></h4></div>
<div id="yjSNLiveBattinglist" class="clearfix">

<table class="column-left" width=100% cellpadding=0 cellspacing=0 border=0>
<tr class="teamborder">
<th colspan=3 class="M">&nbsp;</th>
<th colspan=3 class="L">&nbsp;</th>
</tr>
<tr class="teamlogo">
<th colspan=3 class="M"><a href="/npb/teams/9/">ロッテ</a></th>
<th colspan=3 class="L"><a href="/npb/teams/7/">西武</a></th>
</tr>

<tr>
<td class="nm act">1</td>
<td class="act">捕</td>
<td class="pn act"><a href="/npb/player?id=1000127">江村直也</a></td>
<td class="nm">1</td>
<td>指</td>
<td class="pn"><a href="/npb/player?id=1200011">ヘルマン</a></td>
</tr>
<tr>
<td class="nm">2</td>
<td>二</td>
<td class="pn"><a href="/npb/player?id=600092">根元俊一</a></td>
<td class="nm">2</td>
<td>二</td>
<td class="pn"><a href="/npb/player?id=1000152">林崎遼</a></td>
</tr>
<tr>
<td class="nm">3</td>
<td>一</td>
<td class="pn"><a href="/npb/player?id=600032">細谷圭</a></td>
<td class="nm">3</td>
<td>左</td>
<td class="pn"><a href="/npb/player?id=12102">栗山巧</a></td>
</tr>
<tr>
<td class="nm">4</td>
<td>三</td>
<td class="pn"><a href="/npb/player?id=12095">今江敏晃</a></td>
<td class="nm">4</td>
<td>一</td>
<td class="pn"><a href="/npb/player?id=900056">浅村栄斗</a></td>
</tr>
<tr>
<td class="nm">5</td>
<td>指</td>
<td class="pn"><a href="/npb/player?id=11385">サブロー</a></td>
<td class="nm">5</td>
<td>中</td>
<td class="pn"><a href="/npb/player?id=1000150">秋山翔吾</a></td>
</tr>
<tr>
<td class="nm">6</td>
<td>左</td>
<td class="pn"><a href="/npb/player?id=700087">角中勝也</a></td>
<td class="nm">6</td>
<td>右</td>
<td class="pn"><a href="/npb/player?id=1000153">熊代聖人</a></td>
</tr>
<tr>
<td class="nm">7</td>
<td>右</td>
<td class="pn"><a href="/npb/player?id=1000016">清田育宏</a></td>
<td class="nm">7</td>
<td>三</td>
<td class="pn"><a href="/npb/player?id=800015">鬼崎裕司</a></td>
</tr>
<tr>
<td class="nm">8</td>
<td>遊</td>
<td class="pn"><a href="/npb/player?id=1100103">鈴木大地</a></td>
<td class="nm">8</td>
<td>捕</td>
<td class="pn"><a href="/npb/player?id=600026">炭谷銀仁朗</a></td>
</tr>
<tr>
<td class="nm">9</td>
<td>代</td>
<td class="pn"><a href="/npb/player?id=1000105">伊志嶺翔大</a></td>
<td class="nm">9</td>
<td>遊</td>
<td class="pn"><a href="/npb/player?id=1100092">永江恭平</a></td>
</tr>

</table>

</div>

<!--打順-->

<!--ゲーム差-->
<!--ゲーム差-->


<!--球団情報-->

<!-- /新IM -->

</div><!--/#contents-body-->

 
</div><!-- Facebook -->
<div id="fb-root"></div>
<!-- / Facebook -->
</body>
</html>
