<!DOCTYPE html PUBLIC "-//W3C//DTD XHTML 1.0 Transitional//EN" "http://www.w3.org/TR/xhtml1/DTD/xhtml1-transitional.dtd">
<html lang="ja" xmlns:og="http://ogp.me/ns#" xmlns:mixi="http://mixi-platform.com/ns#" xmlns:fb="http://www.facebook.com/2008/fbml">
<head>
<!---京--->
<meta http-equiv="Content-Type" content="text/html; charset=utf-8">
<meta http-equiv="Content-Style-Type" content="text/css">
<meta http-equiv="Content-Script-Type" content="text/javascript">
<title>Yahoo!スポーツ - プロ野球</title>
<meta name="description" content="ロッテ vs オリックスのテキスト速報。一球速報、結果、セ・リーグ、パ・リーグの日程、順位、個人成績、プロ野球に関連した最新ニュース、写真ニュースなどの情報が満載な、Yahoo!スポーツ プロ野球サイトのテキスト速報ページです。">
<meta name="keywords" content="テキスト速報,速報,中継,ロッテ,オリックス,プロ野球,野球">
<link rel="stylesheet" href="http://i.yimg.jp/images/sports/baseball/npb/live/css/master-npb-live-common.css" type="text/css" media="all">
<link rel="stylesheet" href="http://i.yimg.jp/images/sports/baseball/npb/css/master-npb-common.css" type="text/css" media="all">


<meta property="og:title"       content="Yahoo!プロ野球 - 2013年7月10日 ロッテvs.オリックス テキスト速報" />
<meta property="og:type"        content="website" />
<meta property="og:url"         content="http://baseball.yahoo.co.jp/npb/game/2013071006/text" /> 
<meta property="og:image"       content="http://i.yimg.jp/images/sports/promo/pc/facebook/baseball_76x76.png" />
<meta property="og:site_name"   content="Yahoo!スポーツ" />
<meta property="og:description" content="" />
<meta property="og:locale"      content="ja_JP" />
<meta property="fb:app_id"      content="215456371901325" />
<link rel="apple-touch-icon" href="http://i.yimg.jp/images/sports/promo/pc/facebook/baseball.png">
<script type="text/javascript" src="http://i.yimg.jp/images/sports/js/jquery-1.3.2.min.js"></script><script type="text/javascript" src="http://i.yimg.jp/images/sports/v1/js/sports.global-1.1.1.js"></script>
</head>
<body class="yj950-2">

<div id="wrapper"><div id="contents-body" class="yjSNLive">
<!--main start-->
<div id="main">

<!-- ローカルナビ -->
<div id="ch-navi" class="clearfix mb5p">
<ul class="clearfix">

<li><span><a href="/npb/game/2013071006/top"">試合トップ</a></span></li><!--ナビアクティブ-->

<li class="gray"><span><a>一球速報</a></span></li>


<li class="on"><span><a>テキスト速報</a></span></li>


<li><span><a href="/npb/game/2013071006/stats">投打詳細</a></span></li>

 
<li><span><a href="http://rd.yahoo.co.jp/media/sports/baseball/npb/live/tab/comment/SIG=11umgec6h/*http%3A//textream.yahoo.co.jp/rd/sports/npb/?game=2013071006">コメント</a></span></li>


</ul>
<em><a href="/npb/schedule/?date=20130710">7月10日（水）</a>ロッテ vs. オリックス</em>
</div>

<!-- /ローカルナビ -->

<!-- スコアボード -->
<div id="yjSNLiveTextscoreboard">

<div class="inner">
<table width="100%" cellspacing="0" cellpadding="0" border="0">

<tbody><tr class="chs-title yjS">
<th>&nbsp;</th>
<th>1</th>
<th>2</th>
<th>3</th>
<th>4</th>
<th>5</th>
<th>6</th>
<th>7</th>
<th>8</th>
<th>9</th>
<th>計</th>
<th>安</th>
<th>失</th>
</tr>
<tr class="yjMS">
<th class="Bs">
<b><a href="/npb/teams/11/">オリックス</a></b></th><!--チーム選択-->


<td>
<a href=http://rd.yahoo.co.jp/media/sports/baseball/npb/live/sokuho/SIG=11ofgveur/*http%3A//baseball.yahoo.co.jp/npb/game/2013071006/text#i1>0</a>
</td>
<td>
<a href=http://rd.yahoo.co.jp/media/sports/baseball/npb/live/sokuho/SIG=11ofgveur/*http%3A//baseball.yahoo.co.jp/npb/game/2013071006/text#i2>0</a>
</td>
<td>
<a href=http://rd.yahoo.co.jp/media/sports/baseball/npb/live/sokuho/SIG=11ofgveur/*http%3A//baseball.yahoo.co.jp/npb/game/2013071006/text#i3>0</a>
</td>
<td>
<a href=http://rd.yahoo.co.jp/media/sports/baseball/npb/live/sokuho/SIG=11ofgveur/*http%3A//baseball.yahoo.co.jp/npb/game/2013071006/text#i4>0</a>
</td>
<td>
<a href=http://rd.yahoo.co.jp/media/sports/baseball/npb/live/sokuho/SIG=11ofgveur/*http%3A//baseball.yahoo.co.jp/npb/game/2013071006/text#i5>0</a>
</td>
<td>
<a href=http://rd.yahoo.co.jp/media/sports/baseball/npb/live/sokuho/SIG=11ofgveur/*http%3A//baseball.yahoo.co.jp/npb/game/2013071006/text#i6>3</a>
</td>
<td>
<a href=http://rd.yahoo.co.jp/media/sports/baseball/npb/live/sokuho/SIG=11ofgveur/*http%3A//baseball.yahoo.co.jp/npb/game/2013071006/text#i7>0</a>
</td>
<td>
<a href=http://rd.yahoo.co.jp/media/sports/baseball/npb/live/sokuho/SIG=11ofgveur/*http%3A//baseball.yahoo.co.jp/npb/game/2013071006/text#i8>1</a>
</td>
<td>
<a href=http://rd.yahoo.co.jp/media/sports/baseball/npb/live/sokuho/SIG=11ofgveur/*http%3A//baseball.yahoo.co.jp/npb/game/2013071006/text#i9>0</a>
</td>
<td class="sum">4</td>
<td class="fwn">9</td>
<td class="fwn">1</td>
</tr>
<tr class="yjMS">
<th class="M">

<b><a href="/npb/teams/9/">ロッテ</a></b></th><!--チーム選択-->
<td>
<a href=http://rd.yahoo.co.jp/media/sports/baseball/npb/live/sokuho/SIG=11ofgveur/*http%3A//baseball.yahoo.co.jp/npb/game/2013071006/text#ii1>0</a>
</td>
<td>
<a href=http://rd.yahoo.co.jp/media/sports/baseball/npb/live/sokuho/SIG=11ofgveur/*http%3A//baseball.yahoo.co.jp/npb/game/2013071006/text#ii2>0</a>
</td>
<td>
<a href=http://rd.yahoo.co.jp/media/sports/baseball/npb/live/sokuho/SIG=11ofgveur/*http%3A//baseball.yahoo.co.jp/npb/game/2013071006/text#ii3>1</a>
</td>
<td>
<a href=http://rd.yahoo.co.jp/media/sports/baseball/npb/live/sokuho/SIG=11ofgveur/*http%3A//baseball.yahoo.co.jp/npb/game/2013071006/text#ii4>2</a>
</td>
<td>
<a href=http://rd.yahoo.co.jp/media/sports/baseball/npb/live/sokuho/SIG=11ofgveur/*http%3A//baseball.yahoo.co.jp/npb/game/2013071006/text#ii5>0</a>
</td>
<td>
<a href=http://rd.yahoo.co.jp/media/sports/baseball/npb/live/sokuho/SIG=11ofgveur/*http%3A//baseball.yahoo.co.jp/npb/game/2013071006/text#ii6>0</a>
</td>
<td>
<a href=http://rd.yahoo.co.jp/media/sports/baseball/npb/live/sokuho/SIG=11ofgveur/*http%3A//baseball.yahoo.co.jp/npb/game/2013071006/text#ii7>0</a>
</td>
<td>
<a href=http://rd.yahoo.co.jp/media/sports/baseball/npb/live/sokuho/SIG=11ofgveur/*http%3A//baseball.yahoo.co.jp/npb/game/2013071006/text#ii8>0</a>
</td>
<td>
<a href=http://rd.yahoo.co.jp/media/sports/baseball/npb/live/sokuho/SIG=11ofgveur/*http%3A//baseball.yahoo.co.jp/npb/game/2013071006/text#ii9>0</a>
</td>
<td class="sum">3</td>
<td class="fwn">8</td>
<td class="fwn">1</td>
</tr>

</tbody></table>
</div>


<div class="navi clearfix">

<div class="column-left">
</div>

<div class="column-right">

<div class="reflesh clearfix">
<ul class="clearfix">
<li class="auto" title="自動更新"><a id="btn_auto" href="http://rd.yahoo.co.jp/media/sports/baseball/npb/live/auto/SIG=11ofgveur/*http%3A//baseball.yahoo.co.jp/npb/game/2013071006/text?manual=2"><i>自動更新</i></a></li>
<li class="manual-on" title="手動更新"><a><i>手動更新</i></a></li>
<li title="更新" class="btn_reflesh"><a href="http://rd.yahoo.co.jp/media/sports/baseball/npb/live/refresh/SIG=11ofgveur/*http%3A//baseball.yahoo.co.jp/npb/game/2013071006/text?manual=1"><i>更新</i></a></li>
</ul>
<em>自動更新：30秒</em>
</div>

</div>
</div>

</div>
<!-- /スコアボード -->


<!-- テキスト速報 -->
<div class="yjSportsCommonTitle"><h3 class="yjS"><span><strong>テキスト速報</strong></span></h3></div><div id="yjSNLiveTextlive" class="yjMS">

<div id="i1" class="item Bs clearfix"><!--チーム選択--><!--イニングid-->
<div class="title"><h3 class="yjS"><b>1回表</b>　オリックスの攻撃</h3></div>
<ul>
<li>1：試合開始</li>
<li>2：<a href="/npb/player?id=1000110">宮崎</a>　ファーストへのファウルフライに倒れる 1アウト</li>
<li>3：<a href="/npb/player?id=20199">坂口</a>　外角の真っ直ぐを見送りフォアボールを選ぶ 1塁</li>
<li>4：<a href="/npb/player?id=400057">糸井</a>　外角のカーブを打つも4-6-3のダブルプレー 3アウトチェンジ</li>
</ul>
<div class="score yjS">
<p>得点: 0、 ヒット:0、 四死球:1</p>
</div>
      
<div class="anker"><a href="#wrapper">ページトップへ</a></div>
</div>
<div id="yads_67572_1441_position_01"></div><div id="ii1" class="item M clearfix"><!--チーム選択--><!--イニングid-->
<div class="title"><h3 class="yjS"><b>1回裏</b>　ロッテの攻撃</h3></div>
<ul>
<li>1：<a href="/npb/player?id=900082">岡田</a>　ライトへのヒットを放つ 1塁</li>
<li>2：一塁走者岡田:盗塁成功 2塁</li>
<li>3：<a href="/npb/player?id=600092">根元</a>　ファウルフライを坂口(左)がつかんでバッターアウト 1アウト</li>
<li>4：<a href="/npb/player?id=11584">井口</a>　外角のスライダーを打つもショートゴロ 2アウト3塁</li>
<li>5：<a href="/npb/player?id=12095">今江</a>　一打先制の場面で内角のストレートに空振り三振！決定機を逃す 3アウトチェンジ</li>
</ul>
<div class="score yjS">
<p>得点:0 、 ヒット:<span class="red">1</span> 、 四死球:0</p>
</div>
</div>
<div id="i2" class="item Bs clearfix"><!--チーム選択--><!--イニングid-->
<div class="title"><h3 class="yjS"><b>2回表</b>　オリックスの攻撃</h3></div>
<ul>
<li>1：<a href="/npb/player?id=700389">李大浩</a>　内角のストレートを打つもセカンドフライ 1アウト</li>
<li>2：<a href="/npb/player?id=11548">高橋信</a>　キャッチャーへのファウルフライに倒れる 2アウト</li>
<li>3：<a href="/npb/player?id=800103">バルディリス</a>　7球粘った末に空振りの三振を喫する 3アウトチェンジ</li>
</ul>
<div class="score yjS">
<p>得点: 0、 ヒット:0、 四死球:0</p>
</div>
      
<div class="anker"><a href="#wrapper">ページトップへ</a></div>
</div>
<div id="ii2" class="item M clearfix"><!--チーム選択--><!--イニングid-->
<div class="title"><h3 class="yjS"><b>2回裏</b>　ロッテの攻撃</h3></div>
<ul>
<li>1：<a href="/npb/player?id=300952">ブラゼル</a>　センターへのヒットを放つ 1塁</li>
<li>2：<a href="/npb/player?id=700087">角中</a>　外角のカーブを打つもショートゴロ 1アウト1塁</li>
<li>3：一塁走者角中:盗塁成功 2塁</li>
<li>4：<a href="/npb/player?id=1000014">荻野貴</a>　死球を受ける 1,2塁</li>
<li>5：<a href="/npb/player?id=1100103">鈴木</a>　セカンドゴロ 2アウト2,3塁</li>
<li>6：<a href="/npb/player?id=20218">金沢</a>　一打先制の場面でワンバウンドした球を空振り三振 3アウトチェンジ</li>
</ul>
<div class="score yjS">
<p>得点:0 、 ヒット:<span class="red">1</span> 、 四死球:1</p>
</div>
</div>
<div id="i3" class="item Bs clearfix"><!--チーム選択--><!--イニングid-->
<div class="title"><h3 class="yjS"><b>3回表</b>　オリックスの攻撃</h3></div>
<ul>
<li>1：<a href="/npb/player?id=900019">山本</a>　高めの落ちる球を打つもセンターフライ 1アウト</li>
<li>2：<a href="/npb/player?id=800075">伊藤</a>　レフトへのヒットを放つ 1塁</li>
<li>3：<a href="/npb/player?id=1100105">安達</a>　ボテボテのセカンドゴロ 2アウト2塁</li>
<li>4：<a href="/npb/player?id=1000110">宮崎</a>　一打先制の場面でワンバウンドした球に空振り、三振を喫する 3アウトチェンジ</li>
</ul>
<div class="score yjS">
<p>得点: 0、 ヒット:<span class="red">1</span>、 四死球:0</p>
</div>
      
<div class="anker"><a href="#wrapper">ページトップへ</a></div>
</div>
<div id="ii3" class="item M clearfix"><!--チーム選択--><!--イニングid-->
<div class="title"><h3 class="yjS"><b>3回裏</b>　ロッテの攻撃</h3></div>
<ul>
<li>1：<a href="/npb/player?id=900082">岡田</a>　低めのカーブを打つもセカンドゴロ 1アウト</li>
<li>2：<a href="/npb/player?id=600092">根元</a>　ライトへの二塁打 2塁</li>
<li>3：<a href="/npb/player?id=11584">井口</a>　一度もバットを振ることなくストレートのフォアボールを選ぶ 1,2塁</li>
<li>4：<b class="red"><a href="/npb/player?id=12095">今江</a>　ランナー1,2塁の3-2からセンターへのタイムリーヒットでロッテ先制！ ロ1-0オ 1,3塁</b></li>
<li>5：<a href="/npb/player?id=300952">ブラゼル</a>　低めの変化球を打つもセカンドライナー 2アウト</li>
<li>6：<a href="/npb/player?id=700087">角中</a>　外角の真っ直ぐを打つもショートゴロ 3アウトチェンジ</li>
</ul>
<div class="score yjS">
<p>得点:<b class="red">1</b> 、 ヒット:<span class="red">2</span> 、 四死球:1</p>
</div>
</div>
<div id="i4" class="item Bs clearfix"><!--チーム選択--><!--イニングid-->
<div class="title"><h3 class="yjS"><b>4回表</b>　オリックスの攻撃</h3></div>
<ul>
<li>1：<a href="/npb/player?id=20199">坂口</a>　外角のカーブを打つもショートゴロ 1アウト</li>
<li>2：<a href="/npb/player?id=400057">糸井</a>　外角のストレートを打つもレフトフライ 2アウト</li>
<li>3：<a href="/npb/player?id=700389">李大浩</a>　低めのチェンジアップを打つもセンターフライ 3アウトチェンジ</li>
</ul>
<div class="score yjS">
<p>得点: 0、 ヒット:0、 四死球:0</p>
</div>
      
<div class="anker"><a href="#wrapper">ページトップへ</a></div>
</div>
<div id="ii4" class="item M clearfix"><!--チーム選択--><!--イニングid-->
<div class="title"><h3 class="yjS"><b>4回裏</b>　ロッテの攻撃</h3></div>
<ul>
<li>1：<a href="/npb/player?id=1000014">荻野貴</a>　レフトへのツーベース 2塁</li>
<li>2：<a href="/npb/player?id=1100103">鈴木</a>　見事送りバントを成功させる 1アウト3塁</li>
<li>3：<b class="red"><a href="/npb/player?id=20218">金沢</a>　1アウト3塁の2-1からライトへのタイムリーヒット ロ2-0オ 1塁</b></li>
<li>4：<a href="/npb/player?id=900082">岡田</a>　レフトへのヒットで出塁 1,2塁</li>
<li>5：<b class="red"><a href="/npb/player?id=600092">根元</a>　ショートゴロの間にロッテ1点をあげる</b></li>
<li>6：<b class="red">安達(二):送球ミス ロ3-0オ 2アウト2塁</b></li>
<li>7：<a href="/npb/player?id=11584">井口</a>　外角の変化球を打つもショートライナー 3アウトチェンジ</li>
</ul>
<div class="score yjS">
<p>得点:<b class="red">2</b> 、 ヒット:<span class="red">3</span> 、 四死球:0</p>
</div>
</div>
<div id="i5" class="item Bs clearfix"><!--チーム選択--><!--イニングid-->
<div class="title"><h3 class="yjS"><b>5回表</b>　オリックスの攻撃</h3></div>
<ul>
<li>1：<a href="/npb/player?id=11548">高橋信</a>　ワンバウンドした球に空振り、三振を喫する 1アウト</li>
<li>2：<a href="/npb/player?id=800103">バルディリス</a>　低めのチェンジアップを打つもセンターフライ 2アウト</li>
<li>3：<a href="/npb/player?id=900019">山本</a>　高めの落ちる球を打つもセンターフライ 3アウトチェンジ</li>
</ul>
<div class="score yjS">
<p>得点: 0、 ヒット:0、 四死球:0</p>
</div>
      
<div class="anker"><a href="#wrapper">ページトップへ</a></div>
</div>
<div id="ii5" class="item M clearfix"><!--チーム選択--><!--イニングid-->
<div class="title"><h3 class="yjS"><b>5回裏</b>　ロッテの攻撃</h3></div>
<ul>
<li>1：<b class="green">投手交代:ディクソン→森本</b></li>
<li>2：<a href="/npb/player?id=12095">今江</a>　ライトへの二塁打 2塁</li>
<li>3：<a href="/npb/player?id=300952">ブラゼル</a>　ファウルフライをバルディリス(三)が捕球してバッターアウト 1アウト</li>
<li>4：<a href="/npb/player?id=700087">角中</a>　空振りの三振を喫する 2アウト</li>
<li>5：<a href="/npb/player?id=1000014">荻野貴</a>　ピッチャー森本のグラブを弾くもピッチャーゴロに倒れる 3アウトチェンジ</li>
</ul>
<div class="score yjS">
<p>得点:0 、 ヒット:<span class="red">1</span> 、 四死球:0</p>
</div>
</div>
<div id="i6" class="item Bs clearfix"><!--チーム選択--><!--イニングid-->
<div class="title"><h3 class="yjS"><b>6回表</b>　オリックスの攻撃</h3></div>
<ul>
<li>1：<a href="/npb/player?id=800075">伊藤</a>　ライトへのヒットを放つ</li>
<li>2：角中(右):後逸 3塁</li>
<li>3：<b class="red"><a href="/npb/player?id=1100105">安達</a>　ランナー3塁の2-0からセンターへの犠牲フライを放つ ロ3-1オ 1アウト</b></li>
<li>4：<a href="/npb/player?id=1000110">宮崎</a>　ライトへのヒットを放つ 1塁</li>
<li>5：<a href="/npb/player?id=20199">坂口</a>　レフトへのヒットを放つ 1,2塁</li>
<li>6：古谷(投):暴投 2,3塁</li>
<li>7：<a href="/npb/player?id=400057">糸井</a>　一度もバットを振ることなくストレートのフォアボールを選ぶ 満塁</li>
<li>8：<b class="green">ピッチャー古谷に代わって力のあるストレートが魅力の上野がマウンドにあがる</b></li>
<li>9：<b class="red"><a href="/npb/player?id=700389">李大浩</a>　ランナーフルベースの1-0からピッチャーへのタイムリー内野安打でオリックス同点！ ロ3-3オ 1,2塁</b></li>
<li>10：<b class="green">投手交代:上野→伊藤</b></li>
<li>11：<b class="green">バッター高橋信に代わり、「ホームラン・カーニバル」Ｔ－岡田</b></li>
<li>12：<a href="/npb/player?id=600024">Ｔ－岡田</a>　1アウト1,2塁から外角のストレートを打つもショートライナー</li>
<li>13：2塁走者糸井は塁を飛び出しておりダブルプレー！ 3アウトチェンジ</li>
</ul>
<div class="score yjS">
<p>得点: <b class="red">3</b>、 ヒット:<span class="red">4</span>、 四死球:1</p>
</div>
      
<div class="anker"><a href="#wrapper">ページトップへ</a></div>
</div>
<div id="ii6" class="item M clearfix"><!--チーム選択--><!--イニングid-->
<div class="title"><h3 class="yjS"><b>6回裏</b>　ロッテの攻撃</h3></div>
<ul>
<li>1：<b class="green">投手交代:森本→岸田</b></li>
<li>2：<a href="/npb/player?id=1100103">鈴木</a>　低めのチェンジアップを打つもファーストゴロ 1アウト</li>
<li>3：<a href="/npb/player?id=20218">金沢</a>　内角のストレートに空振り三振でバッターアウト 2アウト</li>
<li>4：<a href="/npb/player?id=900082">岡田</a>　内角のストレートを打つもピッチャーライナー 3アウトチェンジ</li>
</ul>
<div class="score yjS">
<p>得点:0 、 ヒット:0 、 四死球:0</p>
</div>
</div>
<div id="i7" class="item Bs clearfix"><!--チーム選択--><!--イニングid-->
<div class="title"><h3 class="yjS"><b>7回表</b>　オリックスの攻撃</h3></div>
<ul>
<li>1：<a href="/npb/player?id=800103">バルディリス</a>　低めのストレートを打つもショートゴロ 1アウト</li>
<li>2：<a href="/npb/player?id=900019">山本</a>　外角の変化球を打つもショートゴロ 2アウト</li>
<li>3：<a href="/npb/player?id=800075">伊藤</a>　ファウルフライを金沢(捕)が捕球してバッターアウト 3アウトチェンジ</li>
</ul>
<div class="score yjS">
<p>得点: 0、 ヒット:0、 四死球:0</p>
</div>
      
<div class="anker"><a href="#wrapper">ページトップへ</a></div>
</div>
<div id="ii7" class="item M clearfix"><!--チーム選択--><!--イニングid-->
<div class="title"><h3 class="yjS"><b>7回裏</b>　ロッテの攻撃</h3></div>
<ul>
<li>1：<a href="/npb/player?id=600092">根元</a>　内角の球を打つもライトフライ 1アウト</li>
<li>2：<a href="/npb/player?id=11584">井口</a>　外角のストレートを打つもセカンドライナー 2アウト</li>
<li>3：<a href="/npb/player?id=12095">今江</a>　外角の変化球に空振り三振でバッターアウト 3アウトチェンジ</li>
</ul>
<div class="score yjS">
<p>得点:0 、 ヒット:0 、 四死球:0</p>
</div>
</div>
<div id="i8" class="item Bs clearfix"><!--チーム選択--><!--イニングid-->
<div class="title"><h3 class="yjS"><b>8回表</b>　オリックスの攻撃</h3></div>
<ul>
<li>1：<b class="green">守備交代:キャッチャー川本</b></li>
<li>2：<a href="/npb/player?id=1100105">安達</a>　センターへのヒットで出塁 1塁</li>
<li>3：<a href="/npb/player?id=1000110">宮崎</a>　見事送りバントを決める 1アウト2塁</li>
<li>4：<b class="green">投手交代:伊藤→松永</b></li>
<li>5：<a href="/npb/player?id=20199">坂口</a>　1アウト2塁からレフトへのヒットを放つ 1,3塁</li>
<li>6：<b class="red"><a href="/npb/player?id=400057">糸井</a>　ランナー1,3塁の1-1からレフトへのタイムリーヒットでオリックス勝ち越し！ ロ3-4オ 1,2塁</b></li>
<li>7：<a href="/npb/player?id=700389">李大浩</a>　四球を選ぶ。ピッチャー松永にとって痛いフォアボールとなる 満塁</li>
<li>8：<a href="/npb/player?id=600024">Ｔ－岡田</a>　外角のストレートを打つも6-4-3のダブルプレー 3アウトチェンジ</li>
</ul>
<div class="score yjS">
<p>得点: <b class="red">1</b>、 ヒット:<span class="red">3</span>、 四死球:1</p>
</div>
      
<div class="anker"><a href="#wrapper">ページトップへ</a></div>
</div>
<div id="ii8" class="item M clearfix"><!--チーム選択--><!--イニングid-->
<div class="title"><h3 class="yjS"><b>8回裏</b>　ロッテの攻撃</h3></div>
<ul>
<li>1：<b class="green">ピッチャー岸田に代わって佐藤達がマウンドにあがる　「強肩プリンス」駿太がセンターの守備につく</b></li>
<li>2：<a href="/npb/player?id=300952">ブラゼル</a>　150キロのストレートを打つもセカンドフライ 1アウト</li>
<li>3：<a href="/npb/player?id=700087">角中</a>　高めのボール球につられて空振り三振 2アウト</li>
<li>4：<a href="/npb/player?id=1000014">荻野貴</a>　150キロのストレートを打つもセカンドフライ 3アウトチェンジ</li>
</ul>
<div class="score yjS">
<p>得点:0 、 ヒット:0 、 四死球:0</p>
</div>
</div>
<div id="i9" class="item Bs clearfix"><!--チーム選択--><!--イニングid-->
<div class="title"><h3 class="yjS"><b>9回表</b>　オリックスの攻撃</h3></div>
<ul>
<li>1：<b class="green">投手交代:松永→益田　守備交代:ライト加藤</b></li>
<li>2：<a href="/npb/player?id=800103">バルディリス</a>　内角の落ちる球に見逃し三振 1アウト</li>
<li>3：<a href="/npb/player?id=900019">山本</a>　レフトへのヒットを放つ 1塁</li>
<li>4：<a href="/npb/player?id=800075">伊藤</a>　見事送りバントを成功させる 2アウト2塁</li>
<li>5：<a href="/npb/player?id=1100105">安達</a>　一度もバットを振ることなく四球を選ぶ 1,2塁</li>
<li>6：<a href="/npb/player?id=1000108">駿太</a>　ファウルフライを今江(三)が捕球してバッターアウト 3アウトチェンジ</li>
</ul>
<div class="score yjS">
<p>得点: 0、 ヒット:<span class="red">1</span>、 四死球:1</p>
</div>
      
<div class="anker"><a href="#wrapper">ページトップへ</a></div>
</div>
<div id="ii9" class="item M clearfix"><!--チーム選択--><!--イニングid-->
<div class="title"><h3 class="yjS"><b>9回裏</b>　ロッテの攻撃</h3></div>
<ul>
<li>1：<b class="green">ピッチャー佐藤達に代わって平野佳がマウンドにあがる　「球際に強い守備」原拓がセカンドの守備につく　守備変更:山本ショート→サード　守備変更:安達セカンド→ショート</b></li>
<li>2：<a href="/npb/player?id=1100103">鈴木</a>　粘りを見せて8球目に四球を選ぶ 1塁</li>
<li>3：<a href="/npb/player?id=500089">川本</a>　送りバントを試みるもファウルフライとなりアウト 1アウト</li>
<li>4：<a href="/npb/player?id=900082">岡田</a>　空振りの三振を喫する 2アウト</li>
<li>5：<a href="/npb/player?id=600092">根元</a>　一発出れば逆転サヨナラの場面で外角の落ちる球を打つもファーストゴロ ゲームセット</li>
<li>6：試合終了</li>
</ul>
<div class="score yjS">
<p>得点:0 、 ヒット:0 、 四死球:1</p>
</div>
</div>
</div>
<!-- テキスト速報 -->

<div id="yads_67572_1441_position_02"></div>
</div><!--/#main-->
<!--main end-->

<!--sub start-->
<div id="sub">
<!-- SpaceID=0 robot -->
<!--/#pos-lrec-->

<!-- 他球団モジュール -->
<div class="yjSNLiveCommonsubtitle"><h4 class="yjS"><span>7/10(水)　そのほかの試合</span></h4></div>
<div id="yjSNLiveOthergame">
<table width=100% cellpadding=0 cellspacing=0 border=0>
<tr><td class=''><a alt='そのほかの試合' href='/npb/game/2013071001/'><dl>
<dt><b>巨</b></dt>
<dd><b>6</b> - 2</dd>
<dt>ヤ</dt>
</dl>
<div class="none">結果</div></a></td>
<td class=''><a alt='そのほかの試合' href='/npb/game/2013071002/'><dl>
<dt><b>Ｄ</b></dt>
<dd><b>17</b> - 8</dd>
<dt>広</dt>
</dl>
<div class="none">結果</div></a></td>
<td class=''><a alt='そのほかの試合' href='/npb/game/2013071004/'><dl>
<dt>楽</dt>
<dd>1 - <b>4</b></dd>
<dt><b>日</b></dt>
</dl>
<div class="none">結果</div></a></td>
</tr><tr><td class=''><a alt='そのほかの試合' href='/npb/game/2013071005/'><dl>
<dt><b>西</b></dt>
<dd><b>3</b> - 2</dd>
<dt>ソ</dt>
</dl>
<div class="none">結果</div></a></td>
<td class='act'><dl>
<dt>ロ</dt>
<dd>3 - <b>4</b></dd>
<dt><b>オ</b></dt>
</dl>
<div>観戦中</div></td>
<td class=''><a alt='そのほかの試合' href='/npb/game/2013071003/'><dl>
<dt><b>神</b></dt>
<dd><b>6</b> - 1</dd>
<dt>中</dt>
</dl>
<div class="none">結果</div></a></td>
</tr></table>
</div>

<!-- /他球団モジュール -->
<!--打順-->
<div class="yjSNLiveCommonsubtitle"><h4 class="yjS"><span>打順</span></h4></div>
<div id="yjSNLiveBattinglist" class="clearfix">

<table class="column-left" width=100% cellpadding=0 cellspacing=0 border=0>
<tr class="teamborder">
<th colspan=3 class="Bs">&nbsp;</th>
<th colspan=3 class="M">&nbsp;</th>
</tr>
<tr class="teamlogo">
<th colspan=3 class="Bs"><a href="/npb/teams/11/">オリックス</a></th>
<th colspan=3 class="M"><a href="/npb/teams/9/">ロッテ</a></th>
</tr>

<tr>
<td class="nm">1</td>
<td>中</td>
<td class="pn"><a href="/npb/player?id=1000108">駿太</a></td>
<td class="nm">1</td>
<td>中</td>
<td class="pn"><a href="/npb/player?id=900082">岡田幸文</a></td>
</tr>
<tr>
<td class="nm">2</td>
<td>左</td>
<td class="pn"><a href="/npb/player?id=20199">坂口智隆</a></td>
<td class="nm act">2</td>
<td class="act">二</td>
<td class="pn act"><a href="/npb/player?id=600092">根元俊一</a></td>
</tr>
<tr>
<td class="nm">3</td>
<td>右</td>
<td class="pn"><a href="/npb/player?id=400057">糸井嘉男</a></td>
<td class="nm">3</td>
<td>一</td>
<td class="pn"><a href="/npb/player?id=11584">井口資仁</a></td>
</tr>
<tr>
<td class="nm">4</td>
<td>一</td>
<td class="pn"><a href="/npb/player?id=700389">李大浩</a></td>
<td class="nm">4</td>
<td>三</td>
<td class="pn"><a href="/npb/player?id=12095">今江敏晃</a></td>
</tr>
<tr>
<td class="nm">5</td>
<td>指</td>
<td class="pn"><a href="/npb/player?id=600024">Ｔ−岡田</a></td>
<td class="nm">5</td>
<td>指</td>
<td class="pn"><a href="/npb/player?id=300952">ブラゼル</a></td>
</tr>
<tr>
<td class="nm">6</td>
<td>二</td>
<td class="pn"><a href="/npb/player?id=700067">原拓也</a></td>
<td class="nm">6</td>
<td>右</td>
<td class="pn"><a href="/npb/player?id=1200097">加藤翔平</a></td>
</tr>
<tr>
<td class="nm">7</td>
<td>三</td>
<td class="pn"><a href="/npb/player?id=900019">山本和作</a></td>
<td class="nm">7</td>
<td>左</td>
<td class="pn"><a href="/npb/player?id=1000014">荻野貴司</a></td>
</tr>
<tr>
<td class="nm">8</td>
<td>捕</td>
<td class="pn"><a href="/npb/player?id=800075">伊藤光</a></td>
<td class="nm">8</td>
<td>遊</td>
<td class="pn"><a href="/npb/player?id=1100103">鈴木大地</a></td>
</tr>
<tr>
<td class="nm">9</td>
<td>遊</td>
<td class="pn"><a href="/npb/player?id=1100105">安達了一</a></td>
<td class="nm">9</td>
<td>捕</td>
<td class="pn"><a href="/npb/player?id=500089">川本良平</a></td>
</tr>

</table>

</div>

<!--打順-->

<!--ゲーム差-->
<!--ゲーム差-->


<!--球団情報-->

<!-- /新IM -->

</div><!--/#contents-body-->

 
</div><!-- Facebook -->
<div id="fb-root"></div>
<!-- / Facebook -->
</body>
</html>
