<!DOCTYPE html PUBLIC "-//W3C//DTD XHTML 1.0 Transitional//EN" "http://www.w3.org/TR/xhtml1/DTD/xhtml1-transitional.dtd">
<html lang="ja" xmlns:og="http://ogp.me/ns#" xmlns:mixi="http://mixi-platform.com/ns#" xmlns:fb="http://www.facebook.com/2008/fbml">
<head>
<!---京--->
<meta http-equiv="Content-Type" content="text/html; charset=utf-8">
<meta http-equiv="Content-Style-Type" content="text/css">
<meta http-equiv="Content-Script-Type" content="text/javascript">
<title>Yahoo!スポーツ - プロ野球</title>
<meta name="description" content="中日 vs 巨人のテキスト速報。一球速報、結果、セ・リーグ、パ・リーグの日程、順位、個人成績、プロ野球に関連した最新ニュース、写真ニュースなどの情報が満載な、Yahoo!スポーツ プロ野球サイトのテキスト速報ページです。">
<meta name="keywords" content="テキスト速報,速報,中継,中日,巨人,プロ野球,野球">
<link rel="stylesheet" href="http://i.yimg.jp/images/sports/baseball/npb/live/css/master-npb-live-common.css" type="text/css" media="all">
<link rel="stylesheet" href="http://i.yimg.jp/images/sports/baseball/npb/css/master-npb-common.css" type="text/css" media="all">


<meta property="og:title"       content="Yahoo!プロ野球 - 2013年7月12日 中日vs.巨人 テキスト速報" />
<meta property="og:type"        content="website" />
<meta property="og:url"         content="http://baseball.yahoo.co.jp/npb/game/2013071202/text" /> 
<meta property="og:image"       content="http://i.yimg.jp/images/sports/promo/pc/facebook/baseball_76x76.png" />
<meta property="og:site_name"   content="Yahoo!スポーツ" />
<meta property="og:description" content="" />
<meta property="og:locale"      content="ja_JP" />
<meta property="fb:app_id"      content="215456371901325" />
<link rel="apple-touch-icon" href="http://i.yimg.jp/images/sports/promo/pc/facebook/baseball.png">
<script type="text/javascript" src="http://i.yimg.jp/images/sports/js/jquery-1.3.2.min.js"></script><script type="text/javascript" src="http://i.yimg.jp/images/sports/v1/js/sports.global-1.1.1.js"></script>
</head>
<body class="yj950-2">

<div id="wrapper"><div id="contents-body" class="yjSNLive">
<!--main start-->
<div id="main">

<!-- ローカルナビ -->
<div id="ch-navi" class="clearfix mb5p">
<ul class="clearfix">

<li><span><a href="/npb/game/2013071202/top"">試合トップ</a></span></li><!--ナビアクティブ-->

<li class="gray"><span><a>一球速報</a></span></li>


<li class="on"><span><a>テキスト速報</a></span></li>


<li><span><a href="/npb/game/2013071202/stats">投打詳細</a></span></li>

 
<li><span><a href="http://rd.yahoo.co.jp/media/sports/baseball/npb/live/tab/comment/SIG=11u2mh77f/*http%3A//textream.yahoo.co.jp/rd/sports/npb/?game=2013071202">コメント</a></span></li>


</ul>
<em><a href="/npb/schedule/?date=20130712">7月12日（金）</a>中日 vs. 巨人</em>
</div>

<!-- /ローカルナビ -->

<!-- スコアボード -->
<div id="yjSNLiveTextscoreboard">

<div class="inner">
<table width="100%" cellspacing="0" cellpadding="0" border="0">

<tbody><tr class="chs-title yjS">
<th>&nbsp;</th>
<th>1</th>
<th>2</th>
<th>3</th>
<th>4</th>
<th>5</th>
<th>6</th>
<th>7</th>
<th>8</th>
<th>9</th>
<th>計</th>
<th>安</th>
<th>失</th>
</tr>
<tr class="yjMS">
<th class="G">
<b><a href="/npb/teams/1/">巨人</a></b></th><!--チーム選択-->


<td>
<a href=http://rd.yahoo.co.jp/media/sports/baseball/npb/live/sokuho/SIG=11o2gs4lg/*http%3A//baseball.yahoo.co.jp/npb/game/2013071202/text#i1>0</a>
</td>
<td>
<a href=http://rd.yahoo.co.jp/media/sports/baseball/npb/live/sokuho/SIG=11o2gs4lg/*http%3A//baseball.yahoo.co.jp/npb/game/2013071202/text#i2>0</a>
</td>
<td>
<a href=http://rd.yahoo.co.jp/media/sports/baseball/npb/live/sokuho/SIG=11o2gs4lg/*http%3A//baseball.yahoo.co.jp/npb/game/2013071202/text#i3>0</a>
</td>
<td>
<a href=http://rd.yahoo.co.jp/media/sports/baseball/npb/live/sokuho/SIG=11o2gs4lg/*http%3A//baseball.yahoo.co.jp/npb/game/2013071202/text#i4>0</a>
</td>
<td>
<a href=http://rd.yahoo.co.jp/media/sports/baseball/npb/live/sokuho/SIG=11o2gs4lg/*http%3A//baseball.yahoo.co.jp/npb/game/2013071202/text#i5>0</a>
</td>
<td>
<a href=http://rd.yahoo.co.jp/media/sports/baseball/npb/live/sokuho/SIG=11o2gs4lg/*http%3A//baseball.yahoo.co.jp/npb/game/2013071202/text#i6>0</a>
</td>
<td>
<a href=http://rd.yahoo.co.jp/media/sports/baseball/npb/live/sokuho/SIG=11o2gs4lg/*http%3A//baseball.yahoo.co.jp/npb/game/2013071202/text#i7>1</a>
</td>
<td>
<a href=http://rd.yahoo.co.jp/media/sports/baseball/npb/live/sokuho/SIG=11o2gs4lg/*http%3A//baseball.yahoo.co.jp/npb/game/2013071202/text#i8>0</a>
</td>
<td>
<a href=http://rd.yahoo.co.jp/media/sports/baseball/npb/live/sokuho/SIG=11o2gs4lg/*http%3A//baseball.yahoo.co.jp/npb/game/2013071202/text#i9>0</a>
</td>
<td class="sum">1</td>
<td class="fwn">6</td>
<td class="fwn">1</td>
</tr>
<tr class="yjMS">
<th class="D">

<b><a href="/npb/teams/4/">中日</a></b></th><!--チーム選択-->
<td>
<a href=http://rd.yahoo.co.jp/media/sports/baseball/npb/live/sokuho/SIG=11o2gs4lg/*http%3A//baseball.yahoo.co.jp/npb/game/2013071202/text#ii1>2</a>
</td>
<td>
<a href=http://rd.yahoo.co.jp/media/sports/baseball/npb/live/sokuho/SIG=11o2gs4lg/*http%3A//baseball.yahoo.co.jp/npb/game/2013071202/text#ii2>0</a>
</td>
<td>
<a href=http://rd.yahoo.co.jp/media/sports/baseball/npb/live/sokuho/SIG=11o2gs4lg/*http%3A//baseball.yahoo.co.jp/npb/game/2013071202/text#ii3>1</a>
</td>
<td>
<a href=http://rd.yahoo.co.jp/media/sports/baseball/npb/live/sokuho/SIG=11o2gs4lg/*http%3A//baseball.yahoo.co.jp/npb/game/2013071202/text#ii4>2</a>
</td>
<td>
<a href=http://rd.yahoo.co.jp/media/sports/baseball/npb/live/sokuho/SIG=11o2gs4lg/*http%3A//baseball.yahoo.co.jp/npb/game/2013071202/text#ii5>1</a>
</td>
<td>
<a href=http://rd.yahoo.co.jp/media/sports/baseball/npb/live/sokuho/SIG=11o2gs4lg/*http%3A//baseball.yahoo.co.jp/npb/game/2013071202/text#ii6>0</a>
</td>
<td>
<a href=http://rd.yahoo.co.jp/media/sports/baseball/npb/live/sokuho/SIG=11o2gs4lg/*http%3A//baseball.yahoo.co.jp/npb/game/2013071202/text#ii7>1</a>
</td>
<td>
<a href=http://rd.yahoo.co.jp/media/sports/baseball/npb/live/sokuho/SIG=11o2gs4lg/*http%3A//baseball.yahoo.co.jp/npb/game/2013071202/text#ii8>2</a>
</td>
<td>
<a href=http://rd.yahoo.co.jp/media/sports/baseball/npb/live/sokuho/SIG=11o2gs4lg/*http%3A//baseball.yahoo.co.jp/npb/game/2013071202/text#ii9>X</a>
</td>
<td class="sum">9</td>
<td class="fwn">12</td>
<td class="fwn">0</td>
</tr>

</tbody></table>
</div>


<div class="navi clearfix">

<div class="column-left">
</div>

<div class="column-right">

<div class="reflesh clearfix">
<ul class="clearfix">
<li class="auto" title="自動更新"><a id="btn_auto" href="http://rd.yahoo.co.jp/media/sports/baseball/npb/live/auto/SIG=11o2gs4lg/*http%3A//baseball.yahoo.co.jp/npb/game/2013071202/text?manual=2"><i>自動更新</i></a></li>
<li class="manual-on" title="手動更新"><a><i>手動更新</i></a></li>
<li title="更新" class="btn_reflesh"><a href="http://rd.yahoo.co.jp/media/sports/baseball/npb/live/refresh/SIG=11o2gs4lg/*http%3A//baseball.yahoo.co.jp/npb/game/2013071202/text?manual=1"><i>更新</i></a></li>
</ul>
<em>自動更新：30秒</em>
</div>

</div>
</div>

</div>
<!-- /スコアボード -->


<!-- テキスト速報 -->
<div class="yjSportsCommonTitle"><h3 class="yjS"><span><strong>テキスト速報</strong></span></h3></div><div id="yjSNLiveTextlive" class="yjMS">

<div id="i1" class="item G clearfix"><!--チーム選択--><!--イニングid-->
<div class="title"><h3 class="yjS"><b>1回表</b>　巨人の攻撃</h3></div>
<ul>
<li>1：試合開始</li>
<li>2：<a href="/npb/player?id=800002">中井</a>　ライトへのヒット 1塁</li>
<li>3：<a href="/npb/player?id=11541">谷</a>　1-4-3のダブルプレー 2アウト</li>
<li>4：<a href="/npb/player?id=700003">坂本</a>　一度もバットを振ることなくフォアボールを選ぶ 1塁</li>
<li>5：<a href="/npb/player?id=12049">阿部</a>　センターへのヒットで出塁 1,2塁</li>
<li>6：<a href="/npb/player?id=20182">村田</a>　一打先制の場面で低めのスライダーを打つもライトフライ 3アウトチェンジ</li>
</ul>
<div class="score yjS">
<p>得点: 0、 ヒット:<span class="red">2</span>、 四死球:1</p>
</div>
      
<div class="anker"><a href="#wrapper">ページトップへ</a></div>
</div>
<div id="yads_67572_1441_position_01"></div><div id="ii1" class="item D clearfix"><!--チーム選択--><!--イニングid-->
<div class="title"><h3 class="yjS"><b>1回裏</b>　中日の攻撃</h3></div>
<ul>
<li>1：<a href="/npb/player?id=900410">大島</a>　レフトへのヒットで出塁 1塁</li>
<li>2：<a href="/npb/player?id=11436">荒木</a>　加藤(捕)の悪送球により出塁する 1,2塁</li>
<li>3：<a href="/npb/player?id=1300004">クラーク</a>　ランナー1,2塁からセカンドゴロ 1アウト2,3塁</li>
<li>4：<a href="/npb/player?id=11558">和田</a>　内角のスライダーを見送りフォアボール 満塁</li>
<li>5：<b class="red"><a href="/npb/player?id=600004">平田</a>　ランナーフルベースからライトへの先制タイムリーヒット！ 中2-0巨 1,2塁</b></li>
<li>6：<a href="/npb/player?id=10278">谷繁</a>　ランナー1,2塁から外角の真っ直ぐを打つもセカンドゴロ 2アウト2,3塁</li>
<li>7：<a href="/npb/player?id=11652">井端</a>　外角低めの変化球を引っかけてサードゴロ 3アウトチェンジ</li>
</ul>
<div class="score yjS">
<p>得点:<b class="red">2</b> 、 ヒット:<span class="red">2</span> 、 四死球:1</p>
</div>
</div>
<div id="i2" class="item G clearfix"><!--チーム選択--><!--イニングid-->
<div class="title"><h3 class="yjS"><b>2回表</b>　巨人の攻撃</h3></div>
<ul>
<li>1：<a href="/npb/player?id=11635">高橋由</a>　外角のフォークボールを打つもファーストゴロ 1アウト</li>
<li>2：<a href="/npb/player?id=900397">長野</a>　外角のシュートを見送りフォアボールを選ぶ 1塁</li>
<li>3：<a href="/npb/player?id=11780">加藤</a>　ボテボテのセカンドゴロ 2アウト2塁</li>
<li>4：谷繁(捕):パスボール 3塁</li>
<li>5：<a href="/npb/player?id=400010">内海</a>　ランナー3塁からサードゴロ 3アウトチェンジ</li>
</ul>
<div class="score yjS">
<p>得点: 0、 ヒット:0、 四死球:1</p>
</div>
      
<div class="anker"><a href="#wrapper">ページトップへ</a></div>
</div>
<div id="ii2" class="item D clearfix"><!--チーム選択--><!--イニングid-->
<div class="title"><h3 class="yjS"><b>2回裏</b>　中日の攻撃</h3></div>
<ul>
<li>1：<a href="/npb/player?id=700034">堂上直</a>　外角のチェンジアップを打つもショートゴロ 1アウト</li>
<li>2：<a href="/npb/player?id=1000138">大野</a>　外角のストレートを打つもショートゴロ 2アウト</li>
<li>3：<a href="/npb/player?id=900410">大島</a>　ファーストゴロ 3アウトチェンジ</li>
</ul>
<div class="score yjS">
<p>得点:0 、 ヒット:0 、 四死球:0</p>
</div>
</div>
<div id="i3" class="item G clearfix"><!--チーム選択--><!--イニングid-->
<div class="title"><h3 class="yjS"><b>3回表</b>　巨人の攻撃</h3></div>
<ul>
<li>1：<a href="/npb/player?id=800002">中井</a>　センターへのヒットを放つ 1塁</li>
<li>2：<a href="/npb/player?id=11541">谷</a>　外角のフォークボールを打つも1-6-3のダブルプレー 2アウト</li>
<li>3：<a href="/npb/player?id=700003">坂本</a>　見逃し三振でバッターアウト！ 3アウトチェンジ</li>
</ul>
<div class="score yjS">
<p>得点: 0、 ヒット:<span class="red">1</span>、 四死球:0</p>
</div>
      
<div class="anker"><a href="#wrapper">ページトップへ</a></div>
</div>
<div id="ii3" class="item D clearfix"><!--チーム選択--><!--イニングid-->
<div class="title"><h3 class="yjS"><b>3回裏</b>　中日の攻撃</h3></div>
<ul>
<li>1：<a href="/npb/player?id=11436">荒木</a>　レフトへのヒットを放つ 1塁</li>
<li>2：<a href="/npb/player?id=1300004">クラーク</a>　空振り三振に倒れるもスタートを切っていた一塁走者荒木が盗塁成功 1アウト2塁</li>
<li>3：<b class="red"><a href="/npb/player?id=11558">和田</a>　1アウト2塁の3-2からライトへタイムリーツーベース！ 中3-0巨 2塁</b></li>
<li>4：<a href="/npb/player?id=600004">平田</a>　外角の変化球を打つもセカンドゴロ 2アウト3塁</li>
<li>5：<a href="/npb/player?id=10278">谷繁</a>　2アウト3塁からど真ん中の真っ直ぐを打つもサードゴロ 3アウトチェンジ</li>
</ul>
<div class="score yjS">
<p>得点:<b class="red">1</b> 、 ヒット:<span class="red">2</span> 、 四死球:0</p>
</div>
</div>
<div id="i4" class="item G clearfix"><!--チーム選択--><!--イニングid-->
<div class="title"><h3 class="yjS"><b>4回表</b>　巨人の攻撃</h3></div>
<ul>
<li>1：<a href="/npb/player?id=12049">阿部</a>　高めの真っ直ぐを打つもショートフライ 1アウト</li>
<li>2：<a href="/npb/player?id=20182">村田</a>　ボテボテのセカンドゴロ 2アウト</li>
<li>3：<a href="/npb/player?id=11635">高橋由</a>　見逃し三振でバッターアウト！ 3アウトチェンジ</li>
</ul>
<div class="score yjS">
<p>得点: 0、 ヒット:0、 四死球:0</p>
</div>
      
<div class="anker"><a href="#wrapper">ページトップへ</a></div>
</div>
<div id="ii4" class="item D clearfix"><!--チーム選択--><!--イニングid-->
<div class="title"><h3 class="yjS"><b>4回裏</b>　中日の攻撃</h3></div>
<ul>
<li>1：<a href="/npb/player?id=11652">井端</a>　セカンドへの内野安打 1塁</li>
<li>2：<a href="/npb/player?id=700034">堂上直</a>　セカンドゴロ 1アウト2塁</li>
<li>3：<a href="/npb/player?id=1000138">大野</a>　1アウト2塁から送りバント失敗</li>
<li>4：2塁走者井端は走塁死 2アウト1塁</li>
<li>5：<a href="/npb/player?id=900410">大島</a>　ライトへのヒットで出塁 1,3塁</li>
<li>6：<b class="red"><a href="/npb/player?id=11436">荒木</a>　ランナー1,3塁の2-1からセンターへのタイムリーヒット 中4-0巨 1,3塁</b></li>
<li>7：<a href="/npb/player?id=1300004">クラーク</a>　死球を受ける 満塁</li>
<li>8：<b class="green">投手交代:内海→笠原　守備交代:ライト亀井</b></li>
<li>9：<b class="red"><a href="/npb/player?id=11558">和田</a>　2アウト満塁の3-1から押し出しのフォアボール 中5-0巨 満塁</b></li>
<li>10：<a href="/npb/player?id=600004">平田</a>　高めのスライダーを打つもショートフライ 3アウトチェンジ</li>
</ul>
<div class="score yjS">
<p>得点:<b class="red">2</b> 、 ヒット:<span class="red">3</span> 、 四死球:2</p>
</div>
</div>
<div id="i5" class="item G clearfix"><!--チーム選択--><!--イニングid-->
<div class="title"><h3 class="yjS"><b>5回表</b>　巨人の攻撃</h3></div>
<ul>
<li>1：<a href="/npb/player?id=900397">長野</a>　外角のフォークボールを打つもショートゴロ 1アウト</li>
<li>2：<a href="/npb/player?id=11780">加藤</a>　ライトへのファウルフライに倒れる 2アウト</li>
<li>3：<a href="/npb/player?id=500037">亀井</a>　内角のフォークボールを打つもライトフライ 3アウトチェンジ</li>
</ul>
<div class="score yjS">
<p>得点: 0、 ヒット:0、 四死球:0</p>
</div>
      
<div class="anker"><a href="#wrapper">ページトップへ</a></div>
</div>
<div id="ii5" class="item D clearfix"><!--チーム選択--><!--イニングid-->
<div class="title"><h3 class="yjS"><b>5回裏</b>　中日の攻撃</h3></div>
<ul>
<li>1：<b class="red"><a href="/npb/player?id=10278">谷繁</a>　カウント1-0からレフトスタンドへのホームラン 中6-0巨</b></li>
<li>2：<a href="/npb/player?id=11652">井端</a>　内角の真っ直ぐを打つもライトフライ 1アウト</li>
<li>3：<a href="/npb/player?id=700034">堂上直</a>　低めの真っ直ぐを打つもセンターフライ 2アウト</li>
<li>4：<a href="/npb/player?id=1000138">大野</a>　一度もバットを振ることなく見逃し三振でバッターアウト！ 3アウトチェンジ</li>
</ul>
<div class="score yjS">
<p>得点:<b class="red">1</b> 、 ヒット:<span class="red">1</span> 、 四死球:0</p>
</div>
</div>
<div id="i6" class="item G clearfix"><!--チーム選択--><!--イニングid-->
<div class="title"><h3 class="yjS"><b>6回表</b>　巨人の攻撃</h3></div>
<ul>
<li>1：<a href="/npb/player?id=800002">中井</a>　低めのフォークボールを打つもレフトフライ 1アウト</li>
<li>2：<a href="/npb/player?id=11541">谷</a>　レフトへの二塁打 2塁</li>
<li>3：<a href="/npb/player?id=700003">坂本</a>　ファウルフライをクラーク(一)が捕球してバッターアウト 2アウト</li>
<li>4：<a href="/npb/player?id=12049">阿部</a>　ショートゴロ 3アウトチェンジ</li>
</ul>
<div class="score yjS">
<p>得点: 0、 ヒット:<span class="red">1</span>、 四死球:0</p>
</div>
      
<div class="anker"><a href="#wrapper">ページトップへ</a></div>
</div>
<div id="ii6" class="item D clearfix"><!--チーム選択--><!--イニングid-->
<div class="title"><h3 class="yjS"><b>6回裏</b>　中日の攻撃</h3></div>
<ul>
<li>1：<b class="green">ピッチャー笠原に代わって速球でねじ伏せるアコスタがマウンドにあがる　守備交代:レフトボウカー</b></li>
<li>2：<a href="/npb/player?id=900410">大島</a>　低めのチェンジアップを打つもショートゴロ 1アウト</li>
<li>3：<a href="/npb/player?id=11436">荒木</a>　内角の変化球を打つもピッチャーフライ 2アウト</li>
<li>4：<a href="/npb/player?id=1300004">クラーク</a>　内角の変化球に見逃し三振 3アウトチェンジ</li>
</ul>
<div class="score yjS">
<p>得点:0 、 ヒット:0 、 四死球:0</p>
</div>
</div>
<div id="i7" class="item G clearfix"><!--チーム選択--><!--イニングid-->
<div class="title"><h3 class="yjS"><b>7回表</b>　巨人の攻撃</h3></div>
<ul>
<li>1：<b class="red"><a href="/npb/player?id=20182">村田</a>　カウント1-1から左中間へのホームラン 中6-1巨</b></li>
<li>2：<a href="/npb/player?id=1200006">ボウカー</a>　ボテボテのサードゴロ 1アウト</li>
<li>3：<a href="/npb/player?id=900397">長野</a>　ライトへのヒットを放つ 1塁</li>
<li>4：<a href="/npb/player?id=11780">加藤</a>　内角のスライダーを打つも6-4-3のダブルプレー 3アウトチェンジ</li>
</ul>
<div class="score yjS">
<p>得点: <b class="red">1</b>、 ヒット:<span class="red">2</span>、 四死球:0</p>
</div>
      
<div class="anker"><a href="#wrapper">ページトップへ</a></div>
</div>
<div id="ii7" class="item D clearfix"><!--チーム選択--><!--イニングid-->
<div class="title"><h3 class="yjS"><b>7回裏</b>　中日の攻撃</h3></div>
<ul>
<li>1：<a href="/npb/player?id=11558">和田</a>　つまった打球はショートゴロ 1アウト</li>
<li>2：<b class="red"><a href="/npb/player?id=600004">平田</a>　カウント1-2からバックスクリーンに飛び込むホームランを放つ 中7-1巨</b></li>
<li>3：<a href="/npb/player?id=10278">谷繁</a>　152キロの真っ直ぐを打つもファーストゴロ 2アウト</li>
<li>4：<a href="/npb/player?id=11652">井端</a>　粘りを見せて8球目に四球を選ぶ 1塁</li>
<li>5：<a href="/npb/player?id=700034">堂上直</a>　内角のストレートを打つもショートゴロ 3アウトチェンジ</li>
</ul>
<div class="score yjS">
<p>得点:<b class="red">1</b> 、 ヒット:<span class="red">1</span> 、 四死球:1</p>
</div>
</div>
<div id="i8" class="item G clearfix"><!--チーム選択--><!--イニングid-->
<div class="title"><h3 class="yjS"><b>8回表</b>　巨人の攻撃</h3></div>
<ul>
<li>1：<b class="green">投手交代:大野→マドリガル　守備交代:レフト藤井</b></li>
<li>2：<a href="/npb/player?id=500037">亀井</a>　ど真ん中のストレートを打つもショートフライ 1アウト</li>
<li>3：<a href="/npb/player?id=800002">中井</a>　外角の変化球を打つもセンターフライ 2アウト</li>
<li>4：<b class="green">アコスタ→代打:石井</b></li>
<li>5：<a href="/npb/player?id=11530">石井</a>　外角のフォークボールを打つもレフトフライ 3アウトチェンジ</li>
</ul>
<div class="score yjS">
<p>得点: 0、 ヒット:0、 四死球:0</p>
</div>
      
<div class="anker"><a href="#wrapper">ページトップへ</a></div>
</div>
<div id="ii8" class="item D clearfix"><!--チーム選択--><!--イニングid-->
<div class="title"><h3 class="yjS"><b>8回裏</b>　中日の攻撃</h3></div>
<ul>
<li>1：<b class="green">投手交代:アコスタ→高木京</b></li>
<li>2：<a href="/npb/player?id=600079">藤井</a>　内角の真っ直ぐに見逃し三振 1アウト</li>
<li>3：<a href="/npb/player?id=900410">大島</a>　内野安打 1塁</li>
<li>4：<a href="/npb/player?id=11436">荒木</a>　レフトへのヒットで出塁 1,3塁</li>
<li>5：<a href="/npb/player?id=1300004">クラーク</a>　内角のストレートを見送りフォアボールを選ぶ 満塁</li>
<li>6：<b class="green">マドリガル→代打:山崎</b></li>
<li>7：<a href="/npb/player?id=10236">山崎</a>　内角のストレートを打つもレフトフライ 2アウト</li>
<li>8：<b class="red"><a href="/npb/player?id=600004">平田</a>　ランナーフルベースの3-2からレフトへ2点タイムリーツーベース！ 中9-1巨 2,3塁</b></li>
<li>9：<a href="/npb/player?id=10278">谷繁</a>　カウント2-2から高めの変化球に見逃し三振でバッターアウト！ 3アウトチェンジ</li>
</ul>
<div class="score yjS">
<p>得点:<b class="red">2</b> 、 ヒット:<span class="red">3</span> 、 四死球:1</p>
</div>
</div>
<div id="i9" class="item G clearfix"><!--チーム選択--><!--イニングid-->
<div class="title"><h3 class="yjS"><b>9回表</b>　巨人の攻撃</h3></div>
<ul>
<li>1：<b class="green">投手交代:マドリガル→浅尾</b></li>
<li>2：<a href="/npb/player?id=700003">坂本</a>　セカンドゴロ 1アウト</li>
<li>3：<a href="/npb/player?id=12049">阿部</a>　外角の球を打つもサードフライ 2アウト</li>
<li>4：<a href="/npb/player?id=20182">村田</a>　ピッチャー浅尾のグラブを弾くもピッチャーゴロに倒れる ゲームセット</li>
<li>5：試合終了</li>
</ul>
<div class="score yjS">
<p>得点: 0、 ヒット:0、 四死球:0</p>
</div>
      
<div class="anker"><a href="#wrapper">ページトップへ</a></div>
</div>
</div>
<!-- テキスト速報 -->

<div id="yads_67572_1441_position_02"></div>
</div><!--/#main-->
<!--main end-->

<!--sub start-->
<div id="sub">
<!-- SpaceID=0 robot -->
<!--/#pos-lrec-->

<!-- 他球団モジュール -->
<div class="yjSNLiveCommonsubtitle"><h4 class="yjS"><span>7/12(金)　そのほかの試合</span></h4></div>
<div id="yjSNLiveOthergame">
<table width=100% cellpadding=0 cellspacing=0 border=0>
<tr><td class=''><a alt='そのほかの試合' href='/npb/game/2013071201/'><dl>
<dt><b>ヤ</b></dt>
<dd><b>11</b> - 9</dd>
<dt>広</dt>
</dl>
<div class="none">結果</div></a></td>
<td class='act'><dl>
<dt><b>中</b></dt>
<dd><b>9</b> - 1</dd>
<dt>巨</dt>
</dl>
<div>観戦中</div></td>
<td class=''><a alt='そのほかの試合' href='/npb/game/2013071203/'><dl>
<dt><b>神</b></dt>
<dd><b>3</b> - 2</dd>
<dt>Ｄ</dt>
</dl>
<div class="none">結果</div></a></td>
</tr><tr><td class=''><a alt='そのほかの試合' href='/npb/game/2013071204/'><dl>
<dt>日</dt>
<dd>1 - <b>4</b></dd>
<dt><b>ロ</b></dt>
</dl>
<div class="none">結果</div></a></td>
<td class=''><a alt='そのほかの試合' href='/npb/game/2013071205/'><dl>
<dt>楽</dt>
<dd>3 - <b>4</b></dd>
<dt><b>西</b></dt>
</dl>
<div class="none">結果</div></a></td>
<td class=''><a alt='そのほかの試合' href='/npb/game/2013071206/'><dl>
<dt>ソ</dt>
<dd>2 - <b>7</b></dd>
<dt><b>オ</b></dt>
</dl>
<div class="none">結果</div></a></td>
</tr></table>
</div>

<!-- /他球団モジュール -->
<!--打順-->
<div class="yjSNLiveCommonsubtitle"><h4 class="yjS"><span>打順</span></h4></div>
<div id="yjSNLiveBattinglist" class="clearfix">

<table class="column-left" width=100% cellpadding=0 cellspacing=0 border=0>
<tr class="teamborder">
<th colspan=3 class="G">&nbsp;</th>
<th colspan=3 class="D">&nbsp;</th>
</tr>
<tr class="teamlogo">
<th colspan=3 class="G"><a href="/npb/teams/1/">巨人</a></th>
<th colspan=3 class="D"><a href="/npb/teams/4/">中日</a></th>
</tr>

<tr>
<td class="nm">1</td>
<td>二</td>
<td class="pn"><a href="/npb/player?id=800002">中井大介</a></td>
<td class="nm">1</td>
<td>中</td>
<td class="pn"><a href="/npb/player?id=900410">大島洋平</a></td>
</tr>
<tr>
<td class="nm">2</td>
<td>投</td>
<td class="pn"><a href="/npb/player?id=1100040">高木京介</a></td>
<td class="nm">2</td>
<td>二</td>
<td class="pn"><a href="/npb/player?id=11436">荒木雅博</a></td>
</tr>
<tr>
<td class="nm">3</td>
<td>遊</td>
<td class="pn"><a href="/npb/player?id=700003">坂本勇人</a></td>
<td class="nm">3</td>
<td>一</td>
<td class="pn"><a href="/npb/player?id=1300004">クラーク</a></td>
</tr>
<tr>
<td class="nm">4</td>
<td>一</td>
<td class="pn"><a href="/npb/player?id=12049">阿部慎之助</a></td>
<td class="nm">4</td>
<td>投</td>
<td class="pn"><a href="/npb/player?id=700037">浅尾拓也</a></td>
</tr>
<tr>
<td class="nm act">5</td>
<td class="act">三</td>
<td class="pn act"><a href="/npb/player?id=20182">村田修一</a></td>
<td class="nm">5</td>
<td>右</td>
<td class="pn"><a href="/npb/player?id=600004">平田良介</a></td>
</tr>
<tr>
<td class="nm">6</td>
<td>左</td>
<td class="pn"><a href="/npb/player?id=1200006">ボウカー</a></td>
<td class="nm">6</td>
<td>捕</td>
<td class="pn"><a href="/npb/player?id=10278">谷繁元信</a></td>
</tr>
<tr>
<td class="nm">7</td>
<td>中</td>
<td class="pn"><a href="/npb/player?id=900397">長野久義</a></td>
<td class="nm">7</td>
<td>遊</td>
<td class="pn"><a href="/npb/player?id=11652">井端弘和</a></td>
</tr>
<tr>
<td class="nm">8</td>
<td>捕</td>
<td class="pn"><a href="/npb/player?id=11780">加藤健</a></td>
<td class="nm">8</td>
<td>三</td>
<td class="pn"><a href="/npb/player?id=700034">堂上直倫</a></td>
</tr>
<tr>
<td class="nm">9</td>
<td>右</td>
<td class="pn"><a href="/npb/player?id=500037">亀井善行</a></td>
<td class="nm">9</td>
<td>左</td>
<td class="pn"><a href="/npb/player?id=600079">藤井淳志</a></td>
</tr>

</table>

</div>

<!--打順-->

<!--ゲーム差-->
<!--ゲーム差-->


<!--球団情報-->

<!-- /新IM -->

</div><!--/#contents-body-->

 
</div><!-- Facebook -->
<div id="fb-root"></div>
<!-- / Facebook -->
</body>
</html>
