<!DOCTYPE html PUBLIC "-//W3C//DTD XHTML 1.0 Transitional//EN" "http://www.w3.org/TR/xhtml1/DTD/xhtml1-transitional.dtd">
<html lang="ja" xmlns:og="http://ogp.me/ns#" xmlns:mixi="http://mixi-platform.com/ns#" xmlns:fb="http://www.facebook.com/2008/fbml">
<head>
<!---京--->
<meta http-equiv="Content-Type" content="text/html; charset=utf-8">
<meta http-equiv="Content-Style-Type" content="text/css">
<meta http-equiv="Content-Script-Type" content="text/javascript">
<title>Yahoo!スポーツ - プロ野球</title>
<meta name="description" content="ＤｅＮＡ vs 広島のテキスト速報。一球速報、結果、セ・リーグ、パ・リーグの日程、順位、個人成績、プロ野球に関連した最新ニュース、写真ニュースなどの情報が満載な、Yahoo!スポーツ プロ野球サイトのテキスト速報ページです。">
<meta name="keywords" content="テキスト速報,速報,中継,ＤｅＮＡ,広島,プロ野球,野球">
<link rel="stylesheet" href="http://i.yimg.jp/images/sports/baseball/npb/live/css/master-npb-live-common.css" type="text/css" media="all">
<link rel="stylesheet" href="http://i.yimg.jp/images/sports/baseball/npb/css/master-npb-common.css" type="text/css" media="all">


<meta property="og:title"       content="Yahoo!プロ野球 - 2013年7月11日 ＤｅＮＡvs.広島 テキスト速報" />
<meta property="og:type"        content="website" />
<meta property="og:url"         content="http://baseball.yahoo.co.jp/npb/game/2013071101/text" /> 
<meta property="og:image"       content="http://i.yimg.jp/images/sports/promo/pc/facebook/baseball_76x76.png" />
<meta property="og:site_name"   content="Yahoo!スポーツ" />
<meta property="og:description" content="" />
<meta property="og:locale"      content="ja_JP" />
<meta property="fb:app_id"      content="215456371901325" />
<link rel="apple-touch-icon" href="http://i.yimg.jp/images/sports/promo/pc/facebook/baseball.png">
<script type="text/javascript" src="http://i.yimg.jp/images/sports/js/jquery-1.3.2.min.js"></script><script type="text/javascript" src="http://i.yimg.jp/images/sports/v1/js/sports.global-1.1.1.js"></script>
</head>
<body class="yj950-2">

<div id="wrapper"><div id="contents-body" class="yjSNLive">
<!--main start-->
<div id="main">

<!-- ローカルナビ -->
<div id="ch-navi" class="clearfix mb5p">
<ul class="clearfix">

<li><span><a href="/npb/game/2013071101/top"">試合トップ</a></span></li><!--ナビアクティブ-->

<li class="gray"><span><a>一球速報</a></span></li>


<li class="on"><span><a>テキスト速報</a></span></li>


<li><span><a href="/npb/game/2013071101/stats">投打詳細</a></span></li>

 
<li><span><a href="http://rd.yahoo.co.jp/media/sports/baseball/npb/live/tab/comment/SIG=11uq5hl7c/*http%3A//textream.yahoo.co.jp/rd/sports/npb/?game=2013071101">コメント</a></span></li>


</ul>
<em><a href="/npb/schedule/?date=20130711">7月11日（木）</a>ＤｅＮＡ vs. 広島</em>
</div>

<!-- /ローカルナビ -->

<!-- スコアボード -->
<div id="yjSNLiveTextscoreboard">

<div class="inner">
<table width="100%" cellspacing="0" cellpadding="0" border="0">

<tbody><tr class="chs-title yjS">
<th>&nbsp;</th>
<th>1</th>
<th>2</th>
<th>3</th>
<th>4</th>
<th>5</th>
<th>6</th>
<th>7</th>
<th>8</th>
<th>9</th>
<th>計</th>
<th>安</th>
<th>失</th>
</tr>
<tr class="yjMS">
<th class="C">
<b><a href="/npb/teams/6/">広島</a></b></th><!--チーム選択-->


<td>
<a href=http://rd.yahoo.co.jp/media/sports/baseball/npb/live/sokuho/SIG=11opdfi8s/*http%3A//baseball.yahoo.co.jp/npb/game/2013071101/text#i1>1</a>
</td>
<td>
<a href=http://rd.yahoo.co.jp/media/sports/baseball/npb/live/sokuho/SIG=11opdfi8s/*http%3A//baseball.yahoo.co.jp/npb/game/2013071101/text#i2>0</a>
</td>
<td>
<a href=http://rd.yahoo.co.jp/media/sports/baseball/npb/live/sokuho/SIG=11opdfi8s/*http%3A//baseball.yahoo.co.jp/npb/game/2013071101/text#i3>2</a>
</td>
<td>
<a href=http://rd.yahoo.co.jp/media/sports/baseball/npb/live/sokuho/SIG=11opdfi8s/*http%3A//baseball.yahoo.co.jp/npb/game/2013071101/text#i4>3</a>
</td>
<td>
<a href=http://rd.yahoo.co.jp/media/sports/baseball/npb/live/sokuho/SIG=11opdfi8s/*http%3A//baseball.yahoo.co.jp/npb/game/2013071101/text#i5>0</a>
</td>
<td>
<a href=http://rd.yahoo.co.jp/media/sports/baseball/npb/live/sokuho/SIG=11opdfi8s/*http%3A//baseball.yahoo.co.jp/npb/game/2013071101/text#i6>0</a>
</td>
<td>
<a href=http://rd.yahoo.co.jp/media/sports/baseball/npb/live/sokuho/SIG=11opdfi8s/*http%3A//baseball.yahoo.co.jp/npb/game/2013071101/text#i7>0</a>
</td>
<td>
<a href=http://rd.yahoo.co.jp/media/sports/baseball/npb/live/sokuho/SIG=11opdfi8s/*http%3A//baseball.yahoo.co.jp/npb/game/2013071101/text#i8>1</a>
</td>
<td>
<a href=http://rd.yahoo.co.jp/media/sports/baseball/npb/live/sokuho/SIG=11opdfi8s/*http%3A//baseball.yahoo.co.jp/npb/game/2013071101/text#i9>0</a>
</td>
<td class="sum">7</td>
<td class="fwn">10</td>
<td class="fwn">1</td>
</tr>
<tr class="yjMS">
<th class="DB">

<b><a href="/npb/teams/3/">ＤｅＮＡ</a></b></th><!--チーム選択-->
<td>
<a href=http://rd.yahoo.co.jp/media/sports/baseball/npb/live/sokuho/SIG=11opdfi8s/*http%3A//baseball.yahoo.co.jp/npb/game/2013071101/text#ii1>0</a>
</td>
<td>
<a href=http://rd.yahoo.co.jp/media/sports/baseball/npb/live/sokuho/SIG=11opdfi8s/*http%3A//baseball.yahoo.co.jp/npb/game/2013071101/text#ii2>0</a>
</td>
<td>
<a href=http://rd.yahoo.co.jp/media/sports/baseball/npb/live/sokuho/SIG=11opdfi8s/*http%3A//baseball.yahoo.co.jp/npb/game/2013071101/text#ii3>0</a>
</td>
<td>
<a href=http://rd.yahoo.co.jp/media/sports/baseball/npb/live/sokuho/SIG=11opdfi8s/*http%3A//baseball.yahoo.co.jp/npb/game/2013071101/text#ii4>0</a>
</td>
<td>
<a href=http://rd.yahoo.co.jp/media/sports/baseball/npb/live/sokuho/SIG=11opdfi8s/*http%3A//baseball.yahoo.co.jp/npb/game/2013071101/text#ii5>0</a>
</td>
<td>
<a href=http://rd.yahoo.co.jp/media/sports/baseball/npb/live/sokuho/SIG=11opdfi8s/*http%3A//baseball.yahoo.co.jp/npb/game/2013071101/text#ii6>0</a>
</td>
<td>
<a href=http://rd.yahoo.co.jp/media/sports/baseball/npb/live/sokuho/SIG=11opdfi8s/*http%3A//baseball.yahoo.co.jp/npb/game/2013071101/text#ii7>3</a>
</td>
<td>
<a href=http://rd.yahoo.co.jp/media/sports/baseball/npb/live/sokuho/SIG=11opdfi8s/*http%3A//baseball.yahoo.co.jp/npb/game/2013071101/text#ii8>0</a>
</td>
<td>
<a href=http://rd.yahoo.co.jp/media/sports/baseball/npb/live/sokuho/SIG=11opdfi8s/*http%3A//baseball.yahoo.co.jp/npb/game/2013071101/text#ii9>0</a>
</td>
<td class="sum">3</td>
<td class="fwn">5</td>
<td class="fwn">0</td>
</tr>

</tbody></table>
</div>


<div class="navi clearfix">

<div class="column-left">
</div>

<div class="column-right">

<div class="reflesh clearfix">
<ul class="clearfix">
<li class="auto" title="自動更新"><a id="btn_auto" href="http://rd.yahoo.co.jp/media/sports/baseball/npb/live/auto/SIG=11opdfi8s/*http%3A//baseball.yahoo.co.jp/npb/game/2013071101/text?manual=2"><i>自動更新</i></a></li>
<li class="manual-on" title="手動更新"><a><i>手動更新</i></a></li>
<li title="更新" class="btn_reflesh"><a href="http://rd.yahoo.co.jp/media/sports/baseball/npb/live/refresh/SIG=11opdfi8s/*http%3A//baseball.yahoo.co.jp/npb/game/2013071101/text?manual=1"><i>更新</i></a></li>
</ul>
<em>自動更新：30秒</em>
</div>

</div>
</div>

</div>
<!-- /スコアボード -->


<!-- テキスト速報 -->
<div class="yjSportsCommonTitle"><h3 class="yjS"><span><strong>テキスト速報</strong></span></h3></div><div id="yjSNLiveTextlive" class="yjMS">

<div id="i1" class="item C clearfix"><!--チーム選択--><!--イニングid-->
<div class="title"><h3 class="yjS"><b>1回表</b>　広島の攻撃</h3></div>
<ul>
<li>1：試合開始</li>
<li>2：<a href="/npb/player?id=1200133">ルイス</a>　ど真ん中のストレートに空振り三振でバッターアウト 1アウト</li>
<li>3：<a href="/npb/player?id=1100082">菊池</a>　レフトへのツーベース 2塁</li>
<li>4：<a href="/npb/player?id=800043">丸</a>　1アウト2塁からど真ん中のストレートを打つもレフトフライ 2アウト</li>
<li>5：<b class="red"><a href="/npb/player?id=1300016">キラ</a>　2アウト2塁からライトへのタイムリーヒットで広島先制！ Ｄ0-1広 1塁</b></li>
<li>6：<a href="/npb/player?id=800041">松山</a>　ど真ん中の落ちる球を打つもセカンドゴロ 3アウトチェンジ</li>
</ul>
<div class="score yjS">
<p>得点: <b class="red">1</b>、 ヒット:<span class="red">2</span>、 四死球:0</p>
</div>
      
<div class="anker"><a href="#wrapper">ページトップへ</a></div>
</div>
<div id="yads_67572_1441_position_01"></div><div id="ii1" class="item DB clearfix"><!--チーム選択--><!--イニングid-->
<div class="title"><h3 class="yjS"><b>1回裏</b>　ＤｅＮＡの攻撃</h3></div>
<ul>
<li>1：<a href="/npb/player?id=1000095">荒波</a>　空振りの三振を喫する 1アウト</li>
<li>2：<a href="/npb/player?id=900051">山崎</a>　ライトへのヒットで出塁 1塁</li>
<li>3：<a href="/npb/player?id=1300006">モーガン</a>　内角のストレートを打つもセンターフライ</li>
<li>4：1塁走者山崎も戻れずダブルプレー！ 3アウトチェンジ</li>
</ul>
<div class="score yjS">
<p>得点:0 、 ヒット:<span class="red">1</span> 、 四死球:0</p>
</div>
</div>
<div id="i2" class="item C clearfix"><!--チーム選択--><!--イニングid-->
<div class="title"><h3 class="yjS"><b>2回表</b>　広島の攻撃</h3></div>
<ul>
<li>1：<a href="/npb/player?id=600038">梵</a>　センターへのヒットを放つ 1塁</li>
<li>2：一塁走者梵:盗塁成功 2塁</li>
<li>3：<a href="/npb/player?id=900430">堂林</a>　死球を受ける 1,2塁</li>
<li>4：<a href="/npb/player?id=12186">石原</a>　ファウルフライを宮崎(三)がつかんでバッターアウト 1アウト</li>
<li>5：<a href="/npb/player?id=1100009">バリントン</a>　見事送りバントを成功させる 2アウト2,3塁</li>
<li>6：<a href="/npb/player?id=1200133">ルイス</a>　外角のシュートを見送り四球を選ぶ 満塁</li>
<li>7：<a href="/npb/player?id=1100082">菊池</a>　外角のスライダーを打つもライトフライ 3アウトチェンジ</li>
</ul>
<div class="score yjS">
<p>得点: 0、 ヒット:<span class="red">1</span>、 四死球:2</p>
</div>
      
<div class="anker"><a href="#wrapper">ページトップへ</a></div>
</div>
<div id="ii2" class="item DB clearfix"><!--チーム選択--><!--イニングid-->
<div class="title"><h3 class="yjS"><b>2回裏</b>　ＤｅＮＡの攻撃</h3></div>
<ul>
<li>1：<a href="/npb/player?id=500518">ブランコ</a>　空振りの三振を喫する 1アウト</li>
<li>2：<a href="/npb/player?id=1000002">筒香</a>　内角のチェンジアップに見逃し三振 2アウト</li>
<li>3：<a href="/npb/player?id=500052">石川</a>　高めのストレートを打つもファーストゴロ 3アウトチェンジ</li>
</ul>
<div class="score yjS">
<p>得点:0 、 ヒット:0 、 四死球:0</p>
</div>
</div>
<div id="i3" class="item C clearfix"><!--チーム選択--><!--イニングid-->
<div class="title"><h3 class="yjS"><b>3回表</b>　広島の攻撃</h3></div>
<ul>
<li>1：<a href="/npb/player?id=800043">丸</a>　レフトへのヒットで出塁 1塁</li>
<li>2：<b class="red"><a href="/npb/player?id=1300016">キラ</a>　0-1からバックスクリーンに飛び込む２ランホームランを放つ Ｄ0-3広</b></li>
<li>3：<a href="/npb/player?id=800041">松山</a>　ライトへのツーベース 2塁</li>
<li>4：<a href="/npb/player?id=600038">梵</a>　空振りの三振を喫する 1アウト</li>
<li>5：<a href="/npb/player?id=900430">堂林</a>　外角の変化球を打つもセカンドゴロ 2アウト3塁</li>
<li>6：<a href="/npb/player?id=12186">石原</a>　敬遠ぎみのフォアボールで歩かされる 1,3塁</li>
<li>7：<a href="/npb/player?id=1100009">バリントン</a>　カウント1-2から外角のストレートに空振り三振でバッターアウト 3アウトチェンジ</li>
</ul>
<div class="score yjS">
<p>得点: <b class="red">2</b>、 ヒット:<span class="red">3</span>、 四死球:1</p>
</div>
      
<div class="anker"><a href="#wrapper">ページトップへ</a></div>
</div>
<div id="ii3" class="item DB clearfix"><!--チーム選択--><!--イニングid-->
<div class="title"><h3 class="yjS"><b>3回裏</b>　ＤｅＮＡの攻撃</h3></div>
<ul>
<li>1：<a href="/npb/player?id=1200053">宮崎</a>　サードゴロ 1アウト</li>
<li>2：<a href="/npb/player?id=11430">鶴岡一</a>　内角の変化球に見逃し三振 2アウト</li>
<li>3：<a href="/npb/player?id=1000117">須田</a>　内角のスライダーに見逃し三振でバッターアウト！ 3アウトチェンジ</li>
</ul>
<div class="score yjS">
<p>得点:0 、 ヒット:0 、 四死球:0</p>
</div>
</div>
<div id="i4" class="item C clearfix"><!--チーム選択--><!--イニングid-->
<div class="title"><h3 class="yjS"><b>4回表</b>　広島の攻撃</h3></div>
<ul>
<li>1：<a href="/npb/player?id=1200133">ルイス</a>　あたりそこないの打球がショートへ転がり内野安打で出塁 1塁</li>
<li>2：<a href="/npb/player?id=1100082">菊池</a>　見事送りバントを決める 1アウト2塁</li>
<li>3：鶴岡一(捕):パスボール 3塁</li>
<li>4：<a href="/npb/player?id=800043">丸</a>　一度もバットを振ることなくストレートのフォアボールを選ぶ 1,3塁</li>
<li>5：<b class="green">投手交代:須田→田中</b></li>
<li>6：<b class="red"><a href="/npb/player?id=1300016">キラ</a>　1アウト1,3塁の0-1からスタンド上段に飛び込む３ランホームランを放つ Ｄ0-6広</b></li>
<li>7：<a href="/npb/player?id=800041">松山</a>　空振りの三振を喫する 2アウト</li>
<li>8：<a href="/npb/player?id=600038">梵</a>　内角のストレートを打つもサードライナー 3アウトチェンジ</li>
</ul>
<div class="score yjS">
<p>得点: <b class="red">3</b>、 ヒット:<span class="red">2</span>、 四死球:1</p>
</div>
      
<div class="anker"><a href="#wrapper">ページトップへ</a></div>
</div>
<div id="ii4" class="item DB clearfix"><!--チーム選択--><!--イニングid-->
<div class="title"><h3 class="yjS"><b>4回裏</b>　ＤｅＮＡの攻撃</h3></div>
<ul>
<li>1：<a href="/npb/player?id=1000095">荒波</a>　高めのストレートを打つもライトフライ 1アウト</li>
<li>2：<a href="/npb/player?id=900051">山崎</a>　高めのチェンジアップを打つもサードゴロ 2アウト</li>
<li>3：<a href="/npb/player?id=1300006">モーガン</a>　レフトへのツーベース 2塁</li>
<li>4：<a href="/npb/player?id=500518">ブランコ</a>　ファウルフライを石原(捕)がつかんでバッターアウト 3アウトチェンジ</li>
</ul>
<div class="score yjS">
<p>得点:0 、 ヒット:<span class="red">1</span> 、 四死球:0</p>
</div>
</div>
<div id="i5" class="item C clearfix"><!--チーム選択--><!--イニングid-->
<div class="title"><h3 class="yjS"><b>5回表</b>　広島の攻撃</h3></div>
<ul>
<li>1：<a href="/npb/player?id=900430">堂林</a>　外角の落ちる球を打つもファーストライナー 1アウト</li>
<li>2：<a href="/npb/player?id=12186">石原</a>　外角のストレートを打つもショートゴロ 2アウト</li>
<li>3：<a href="/npb/player?id=1100009">バリントン</a>　一度もバットを振ることなく見逃し三振 3アウトチェンジ</li>
</ul>
<div class="score yjS">
<p>得点: 0、 ヒット:0、 四死球:0</p>
</div>
      
<div class="anker"><a href="#wrapper">ページトップへ</a></div>
</div>
<div id="ii5" class="item DB clearfix"><!--チーム選択--><!--イニングid-->
<div class="title"><h3 class="yjS"><b>5回裏</b>　ＤｅＮＡの攻撃</h3></div>
<ul>
<li>1：<a href="/npb/player?id=1000002">筒香</a>　内角のストレートを打つもショートフライ 1アウト</li>
<li>2：<a href="/npb/player?id=500052">石川</a>　デッドボールを受ける 1塁</li>
<li>3：<a href="/npb/player?id=1200053">宮崎</a>　ど真ん中のチェンジアップを打つもショートゴロ 2アウト1塁</li>
<li>4：<a href="/npb/player?id=11430">鶴岡一</a>　外角のストレートを打つもライトフライ 3アウトチェンジ</li>
</ul>
<div class="score yjS">
<p>得点:0 、 ヒット:0 、 四死球:1</p>
</div>
</div>
<div id="i6" class="item C clearfix"><!--チーム選択--><!--イニングid-->
<div class="title"><h3 class="yjS"><b>6回表</b>　広島の攻撃</h3></div>
<ul>
<li>1：<a href="/npb/player?id=1200133">ルイス</a>　空振りの三振を喫する 1アウト</li>
<li>2：<a href="/npb/player?id=1100082">菊池</a>　空振りの三振を喫する 2アウト</li>
<li>3：<a href="/npb/player?id=800043">丸</a>　一度もバットを振ることなくフォアボールを選ぶ 1塁</li>
<li>4：<a href="/npb/player?id=1300016">キラ</a>　外角のスライダーを打つもセンターフライ 3アウトチェンジ</li>
</ul>
<div class="score yjS">
<p>得点: 0、 ヒット:0、 四死球:1</p>
</div>
      
<div class="anker"><a href="#wrapper">ページトップへ</a></div>
</div>
<div id="ii6" class="item DB clearfix"><!--チーム選択--><!--イニングid-->
<div class="title"><h3 class="yjS"><b>6回裏</b>　ＤｅＮＡの攻撃</h3></div>
<ul>
<li>1：<b class="green">田中→代打:金城</b></li>
<li>2：<a href="/npb/player?id=11763">金城</a>　キラ(一)のファンブルにより出塁する 1塁</li>
<li>3：<a href="/npb/player?id=1000095">荒波</a>　外角の真っ直ぐを打つも6-4-3のダブルプレー 2アウト</li>
<li>4：<a href="/npb/player?id=900051">山崎</a>　ボテボテのセカンドゴロ 3アウトチェンジ</li>
</ul>
<div class="score yjS">
<p>得点:0 、 ヒット:0 、 四死球:0</p>
</div>
</div>
<div id="i7" class="item C clearfix"><!--チーム選択--><!--イニングid-->
<div class="title"><h3 class="yjS"><b>7回表</b>　広島の攻撃</h3></div>
<ul>
<li>1：<b class="green">投手交代:田中→菊地</b></li>
<li>2：<a href="/npb/player?id=800041">松山</a>　ど真ん中のフォークボールを打つもレフトフライ 1アウト</li>
<li>3：<a href="/npb/player?id=600038">梵</a>　ど真ん中の変化球を打つもセンターフライ 2アウト</li>
<li>4：<a href="/npb/player?id=900430">堂林</a>　外角の真っ直ぐを打つもライトフライ 3アウトチェンジ</li>
</ul>
<div class="score yjS">
<p>得点: 0、 ヒット:0、 四死球:0</p>
</div>
      
<div class="anker"><a href="#wrapper">ページトップへ</a></div>
</div>
<div id="ii7" class="item DB clearfix"><!--チーム選択--><!--イニングid-->
<div class="title"><h3 class="yjS"><b>7回裏</b>　ＤｅＮＡの攻撃</h3></div>
<ul>
<li>1：<a href="/npb/player?id=1300006">モーガン</a>　ライトへのヒット 1塁</li>
<li>2：<a href="/npb/player?id=500518">ブランコ</a>　ライトへのヒットを放つ 1,2塁</li>
<li>3：<a href="/npb/player?id=1000002">筒香</a>　内角のスライダーを打つもショートフライ 1アウト</li>
<li>4：<b class="red"><a href="/npb/player?id=500052">石川</a>　ランナー1,2塁からスタンド中段に飛び込む３ランホームランを放つ Ｄ3-6広</b></li>
<li>5：<a href="/npb/player?id=1200053">宮崎</a>　ど真ん中の変化球を打つもサードライナー 2アウト</li>
<li>6：<a href="/npb/player?id=11430">鶴岡一</a>　ど真ん中のストレートを打つもセカンドゴロ 3アウトチェンジ</li>
</ul>
<div class="score yjS">
<p>得点:<b class="red">3</b> 、 ヒット:<span class="red">3</span> 、 四死球:0</p>
</div>
</div>
<div id="i8" class="item C clearfix"><!--チーム選択--><!--イニングid-->
<div class="title"><h3 class="yjS"><b>8回表</b>　広島の攻撃</h3></div>
<ul>
<li>1：<a href="/npb/player?id=12186">石原</a>　レフトへのヒットで出塁 1塁</li>
<li>2：<b class="green">バリントン→代打:小窪</b></li>
<li>3：<a href="/npb/player?id=800040">小窪</a>　送りバント失敗 1アウト1塁</li>
<li>4：<b class="green">1塁小窪→代走:赤松</b></li>
<li>5：<b class="red"><a href="/npb/player?id=1200133">ルイス</a>　カウント0-1からタイムリーツーベース！ Ｄ3-7広 2塁</b></li>
<li>6：二塁走者ルイス:盗塁成功 3塁</li>
<li>7：<a href="/npb/player?id=1100082">菊池</a>　ワンバウンドした球を空振り三振 2アウト</li>
<li>8：<a href="/npb/player?id=800043">丸</a>　カウント1-2から高めのカットボールに空振り三振 3アウトチェンジ</li>
</ul>
<div class="score yjS">
<p>得点: <b class="red">1</b>、 ヒット:<span class="red">2</span>、 四死球:0</p>
</div>
      
<div class="anker"><a href="#wrapper">ページトップへ</a></div>
</div>
<div id="ii8" class="item DB clearfix"><!--チーム選択--><!--イニングid-->
<div class="title"><h3 class="yjS"><b>8回裏</b>　ＤｅＮＡの攻撃</h3></div>
<ul>
<li>1：<b class="green">投手交代:バリントン→今村　守備変更:丸センター→ライト　守備変更:松山ライト→レフト　守備変更:赤松→センター</b></li>
<li>2：<b class="green">菊地→代打:下園</b></li>
<li>3：<a href="/npb/player?id=700030">下園</a>　ど真ん中の変化球を打つもファーストゴロ 1アウト</li>
<li>4：<a href="/npb/player?id=1000095">荒波</a>　内角のストレートを打つもショートフライ 2アウト</li>
<li>5：<a href="/npb/player?id=900051">山崎</a>　空振りの三振を喫する 3アウトチェンジ</li>
</ul>
<div class="score yjS">
<p>得点:0 、 ヒット:0 、 四死球:0</p>
</div>
</div>
<div id="i9" class="item C clearfix"><!--チーム選択--><!--イニングid-->
<div class="title"><h3 class="yjS"><b>9回表</b>　広島の攻撃</h3></div>
<ul>
<li>1：<b class="green">投手交代:菊地→ソーサ</b></li>
<li>2：<a href="/npb/player?id=1300016">キラ</a>　ワンバウンドした球を空振り三振 1アウト</li>
<li>3：<a href="/npb/player?id=800041">松山</a>　7球粘るも外角低めのスライダーに空振り三振 2アウト</li>
<li>4：<a href="/npb/player?id=600038">梵</a>　154キロのストレートを打つもセンターフライ 3アウトチェンジ</li>
</ul>
<div class="score yjS">
<p>得点: 0、 ヒット:0、 四死球:0</p>
</div>
      
<div class="anker"><a href="#wrapper">ページトップへ</a></div>
</div>
<div id="ii9" class="item DB clearfix"><!--チーム選択--><!--イニングid-->
<div class="title"><h3 class="yjS"><b>9回裏</b>　ＤｅＮＡの攻撃</h3></div>
<ul>
<li>1：<b class="green">投手交代:今村→ミコライオ　迎がレフトの守備につく　「安心と信頼のフィールディング」木村がファーストの守備につく</b></li>
<li>2：<a href="/npb/player?id=1300006">モーガン</a>　空振りの三振を喫する 1アウト</li>
<li>3：<a href="/npb/player?id=500518">ブランコ</a>　空振り三振でバッターアウト 2アウト</li>
<li>4：<a href="/npb/player?id=1000002">筒香</a>　内角のスライダーを打つもサードゴロ ゲームセット</li>
<li>5：試合終了</li>
</ul>
<div class="score yjS">
<p>得点:0 、 ヒット:0 、 四死球:0</p>
</div>
</div>
</div>
<!-- テキスト速報 -->

<div id="yads_67572_1441_position_02"></div>
</div><!--/#main-->
<!--main end-->

<!--sub start-->
<div id="sub">
<!-- SpaceID=0 robot -->
<!--/#pos-lrec-->

<!-- 他球団モジュール -->
<div class="yjSNLiveCommonsubtitle"><h4 class="yjS"><span>7/11(木)　そのほかの試合</span></h4></div>
<div id="yjSNLiveOthergame">
<table width=100% cellpadding=0 cellspacing=0 border=0>
<tr><td class='act'><dl>
<dt>Ｄ</dt>
<dd>3 - <b>7</b></dd>
<dt><b>広</b></dt>
</dl>
<div>観戦中</div></td>
<td class=''><a alt='そのほかの試合' href='/npb/game/2013071102/'><dl>
<dt><b>楽</b></dt>
<dd><b>3</b> - 0</dd>
<dt>日</dt>
</dl>
<div class="none">結果</div></a></td>
<td class='nogame'>&nbsp;</td></tr><tr><td class='nogame'>&nbsp;</td><td class='nogame'>&nbsp;</td><td class='nogame'>&nbsp;</td></tr></table>
</div>

<!-- /他球団モジュール -->
<!--打順-->
<div class="yjSNLiveCommonsubtitle"><h4 class="yjS"><span>打順</span></h4></div>
<div id="yjSNLiveBattinglist" class="clearfix">

<table class="column-left" width=100% cellpadding=0 cellspacing=0 border=0>
<tr class="teamborder">
<th colspan=3 class="C">&nbsp;</th>
<th colspan=3 class="DB">&nbsp;</th>
</tr>
<tr class="teamlogo">
<th colspan=3 class="C"><a href="/npb/teams/6/">広島</a></th>
<th colspan=3 class="DB"><a href="/npb/teams/3/">ＤｅＮＡ</a></th>
</tr>

<tr>
<td class="nm">1</td>
<td>左</td>
<td class="pn"><a href="/npb/player?id=11917">迎祐一郎</a></td>
<td class="nm">1</td>
<td>右</td>
<td class="pn"><a href="/npb/player?id=1000095">荒波翔</a></td>
</tr>
<tr>
<td class="nm">2</td>
<td>二</td>
<td class="pn"><a href="/npb/player?id=1100082">菊池涼介</a></td>
<td class="nm">2</td>
<td>遊</td>
<td class="pn"><a href="/npb/player?id=900051">山崎憲晴</a></td>
</tr>
<tr>
<td class="nm">3</td>
<td>右</td>
<td class="pn"><a href="/npb/player?id=800043">丸佳浩</a></td>
<td class="nm">3</td>
<td>中</td>
<td class="pn"><a href="/npb/player?id=1300006">モーガン</a></td>
</tr>
<tr>
<td class="nm">4</td>
<td>一</td>
<td class="pn"><a href="/npb/player?id=20185">木村昇吾</a></td>
<td class="nm">4</td>
<td>一</td>
<td class="pn"><a href="/npb/player?id=500518">ブランコ</a></td>
</tr>
<tr>
<td class="nm">5</td>
<td>投</td>
<td class="pn"><a href="/npb/player?id=1200008">ミコライオ</a></td>
<td class="nm act">5</td>
<td class="act">左</td>
<td class="pn act"><a href="/npb/player?id=1000002">筒香嘉智</a></td>
</tr>
<tr>
<td class="nm">6</td>
<td>遊</td>
<td class="pn"><a href="/npb/player?id=600038">梵英心</a></td>
<td class="nm">6</td>
<td>二</td>
<td class="pn"><a href="/npb/player?id=500052">石川雄洋</a></td>
</tr>
<tr>
<td class="nm">7</td>
<td>三</td>
<td class="pn"><a href="/npb/player?id=900430">堂林翔太</a></td>
<td class="nm">7</td>
<td>三</td>
<td class="pn"><a href="/npb/player?id=1200053">宮崎敏郎</a></td>
</tr>
<tr>
<td class="nm">8</td>
<td>捕</td>
<td class="pn"><a href="/npb/player?id=12186">石原慶幸</a></td>
<td class="nm">8</td>
<td>捕</td>
<td class="pn"><a href="/npb/player?id=11430">鶴岡一成</a></td>
</tr>
<tr>
<td class="nm">9</td>
<td>中</td>
<td class="pn"><a href="/npb/player?id=500068">赤松真人</a></td>
<td class="nm">9</td>
<td>投</td>
<td class="pn"><a href="/npb/player?id=1200019">ソーサ</a></td>
</tr>

</table>

</div>

<!--打順-->

<!--ゲーム差-->
<!--ゲーム差-->


<!--球団情報-->

<!-- /新IM -->

</div><!--/#contents-body-->

 
</div><!-- Facebook -->
<div id="fb-root"></div>
<!-- / Facebook -->
</body>
</html>
