<!DOCTYPE html PUBLIC "-//W3C//DTD XHTML 1.0 Transitional//EN" "http://www.w3.org/TR/xhtml1/DTD/xhtml1-transitional.dtd">
<html lang="ja" xmlns:og="http://ogp.me/ns#" xmlns:mixi="http://mixi-platform.com/ns#" xmlns:fb="http://www.facebook.com/2008/fbml">
<head>
<!---京--->
<meta http-equiv="Content-Type" content="text/html; charset=utf-8">
<meta http-equiv="Content-Style-Type" content="text/css">
<meta http-equiv="Content-Script-Type" content="text/javascript">
<title>Yahoo!スポーツ - プロ野球</title>
<meta name="description" content="ソフトバンク vs 楽天のテキスト速報。一球速報、結果、セ・リーグ、パ・リーグの日程、順位、個人成績、プロ野球に関連した最新ニュース、写真ニュースなどの情報が満載な、Yahoo!スポーツ プロ野球サイトのテキスト速報ページです。">
<meta name="keywords" content="テキスト速報,速報,中継,ソフトバンク,楽天,プロ野球,野球">
<link rel="stylesheet" href="http://i.yimg.jp/images/sports/baseball/npb/live/css/master-npb-live-common.css" type="text/css" media="all">
<link rel="stylesheet" href="http://i.yimg.jp/images/sports/baseball/npb/css/master-npb-common.css" type="text/css" media="all">


<meta property="og:title"       content="Yahoo!プロ野球 - 2013年7月7日 ソフトバンクvs.楽天 テキスト速報" />
<meta property="og:type"        content="website" />
<meta property="og:url"         content="http://baseball.yahoo.co.jp/npb/game/2013070706/text" /> 
<meta property="og:image"       content="http://i.yimg.jp/images/sports/promo/pc/facebook/baseball_76x76.png" />
<meta property="og:site_name"   content="Yahoo!スポーツ" />
<meta property="og:description" content="" />
<meta property="og:locale"      content="ja_JP" />
<meta property="fb:app_id"      content="215456371901325" />
<link rel="apple-touch-icon" href="http://i.yimg.jp/images/sports/promo/pc/facebook/baseball.png">
<script type="text/javascript" src="http://i.yimg.jp/images/sports/js/jquery-1.3.2.min.js"></script><script type="text/javascript" src="http://i.yimg.jp/images/sports/v1/js/sports.global-1.1.1.js"></script>
</head>
<body class="yj950-2">

<div id="wrapper"><div id="contents-body" class="yjSNLive">
<!--main start-->
<div id="main">

<!-- ローカルナビ -->
<div id="ch-navi" class="clearfix mb5p">
<ul class="clearfix">

<li><span><a href="/npb/game/2013070706/top"">試合トップ</a></span></li><!--ナビアクティブ-->

<li class="gray"><span><a>一球速報</a></span></li>


<li class="on"><span><a>テキスト速報</a></span></li>


<li><span><a href="/npb/game/2013070706/stats">投打詳細</a></span></li>

 
<li><span><a href="http://rd.yahoo.co.jp/media/sports/baseball/npb/live/tab/comment/SIG=11udsaa4h/*http%3A//textream.yahoo.co.jp/rd/sports/npb/?game=2013070706">コメント</a></span></li>


</ul>
<em><a href="/npb/schedule/?date=20130707">7月7日（日）</a>ソフトバンク vs. 楽天</em>
</div>

<!-- /ローカルナビ -->

<!-- スコアボード -->
<div id="yjSNLiveTextscoreboard">

<div class="inner">
<table width="100%" cellspacing="0" cellpadding="0" border="0">

<tbody><tr class="chs-title yjS">
<th>&nbsp;</th>
<th>1</th>
<th>2</th>
<th>3</th>
<th>4</th>
<th>5</th>
<th>6</th>
<th>7</th>
<th>8</th>
<th>9</th>
<th>計</th>
<th>安</th>
<th>失</th>
</tr>
<tr class="yjMS">
<th class="E">
<b><a href="/npb/teams/376/">楽天</a></b></th><!--チーム選択-->


<td>
<a href=http://rd.yahoo.co.jp/media/sports/baseball/npb/live/sokuho/SIG=11obu2mr0/*http%3A//baseball.yahoo.co.jp/npb/game/2013070706/text#i1>0</a>
</td>
<td>
<a href=http://rd.yahoo.co.jp/media/sports/baseball/npb/live/sokuho/SIG=11obu2mr0/*http%3A//baseball.yahoo.co.jp/npb/game/2013070706/text#i2>0</a>
</td>
<td>
<a href=http://rd.yahoo.co.jp/media/sports/baseball/npb/live/sokuho/SIG=11obu2mr0/*http%3A//baseball.yahoo.co.jp/npb/game/2013070706/text#i3>0</a>
</td>
<td>
<a href=http://rd.yahoo.co.jp/media/sports/baseball/npb/live/sokuho/SIG=11obu2mr0/*http%3A//baseball.yahoo.co.jp/npb/game/2013070706/text#i4>0</a>
</td>
<td>
<a href=http://rd.yahoo.co.jp/media/sports/baseball/npb/live/sokuho/SIG=11obu2mr0/*http%3A//baseball.yahoo.co.jp/npb/game/2013070706/text#i5>0</a>
</td>
<td>
<a href=http://rd.yahoo.co.jp/media/sports/baseball/npb/live/sokuho/SIG=11obu2mr0/*http%3A//baseball.yahoo.co.jp/npb/game/2013070706/text#i6>0</a>
</td>
<td>
<a href=http://rd.yahoo.co.jp/media/sports/baseball/npb/live/sokuho/SIG=11obu2mr0/*http%3A//baseball.yahoo.co.jp/npb/game/2013070706/text#i7>0</a>
</td>
<td>
<a href=http://rd.yahoo.co.jp/media/sports/baseball/npb/live/sokuho/SIG=11obu2mr0/*http%3A//baseball.yahoo.co.jp/npb/game/2013070706/text#i8>6</a>
</td>
<td>
<a href=http://rd.yahoo.co.jp/media/sports/baseball/npb/live/sokuho/SIG=11obu2mr0/*http%3A//baseball.yahoo.co.jp/npb/game/2013070706/text#i9>1</a>
</td>
<td class="sum">7</td>
<td class="fwn">8</td>
<td class="fwn">0</td>
</tr>
<tr class="yjMS">
<th class="H">

<b><a href="/npb/teams/12/">ソフトバンク</a></b></th><!--チーム選択-->
<td>
<a href=http://rd.yahoo.co.jp/media/sports/baseball/npb/live/sokuho/SIG=11obu2mr0/*http%3A//baseball.yahoo.co.jp/npb/game/2013070706/text#ii1>0</a>
</td>
<td>
<a href=http://rd.yahoo.co.jp/media/sports/baseball/npb/live/sokuho/SIG=11obu2mr0/*http%3A//baseball.yahoo.co.jp/npb/game/2013070706/text#ii2>0</a>
</td>
<td>
<a href=http://rd.yahoo.co.jp/media/sports/baseball/npb/live/sokuho/SIG=11obu2mr0/*http%3A//baseball.yahoo.co.jp/npb/game/2013070706/text#ii3>0</a>
</td>
<td>
<a href=http://rd.yahoo.co.jp/media/sports/baseball/npb/live/sokuho/SIG=11obu2mr0/*http%3A//baseball.yahoo.co.jp/npb/game/2013070706/text#ii4>0</a>
</td>
<td>
<a href=http://rd.yahoo.co.jp/media/sports/baseball/npb/live/sokuho/SIG=11obu2mr0/*http%3A//baseball.yahoo.co.jp/npb/game/2013070706/text#ii5>0</a>
</td>
<td>
<a href=http://rd.yahoo.co.jp/media/sports/baseball/npb/live/sokuho/SIG=11obu2mr0/*http%3A//baseball.yahoo.co.jp/npb/game/2013070706/text#ii6>0</a>
</td>
<td>
<a href=http://rd.yahoo.co.jp/media/sports/baseball/npb/live/sokuho/SIG=11obu2mr0/*http%3A//baseball.yahoo.co.jp/npb/game/2013070706/text#ii7>0</a>
</td>
<td>
<a href=http://rd.yahoo.co.jp/media/sports/baseball/npb/live/sokuho/SIG=11obu2mr0/*http%3A//baseball.yahoo.co.jp/npb/game/2013070706/text#ii8>0</a>
</td>
<td>
<a href=http://rd.yahoo.co.jp/media/sports/baseball/npb/live/sokuho/SIG=11obu2mr0/*http%3A//baseball.yahoo.co.jp/npb/game/2013070706/text#ii9>0</a>
</td>
<td class="sum">0</td>
<td class="fwn">3</td>
<td class="fwn">0</td>
</tr>

</tbody></table>
</div>


<div class="navi clearfix">

<div class="column-left">
</div>

<div class="column-right">

<div class="reflesh clearfix">
<ul class="clearfix">
<li class="auto" title="自動更新"><a id="btn_auto" href="http://rd.yahoo.co.jp/media/sports/baseball/npb/live/auto/SIG=11obu2mr0/*http%3A//baseball.yahoo.co.jp/npb/game/2013070706/text?manual=2"><i>自動更新</i></a></li>
<li class="manual-on" title="手動更新"><a><i>手動更新</i></a></li>
<li title="更新" class="btn_reflesh"><a href="http://rd.yahoo.co.jp/media/sports/baseball/npb/live/refresh/SIG=11obu2mr0/*http%3A//baseball.yahoo.co.jp/npb/game/2013070706/text?manual=1"><i>更新</i></a></li>
</ul>
<em>自動更新：30秒</em>
</div>

</div>
</div>

</div>
<!-- /スコアボード -->


<!-- テキスト速報 -->
<div class="yjSportsCommonTitle"><h3 class="yjS"><span><strong>テキスト速報</strong></span></h3></div><div id="yjSNLiveTextlive" class="yjMS">

<div id="i1" class="item E clearfix"><!--チーム選択--><!--イニングid-->
<div class="title"><h3 class="yjS"><b>1回表</b>　楽天の攻撃</h3></div>
<ul>
<li>1：試合開始</li>
<li>2：<a href="/npb/player?id=800084">聖沢</a>　レフトへのヒットで出塁 1塁</li>
<li>3：<a href="/npb/player?id=500051">藤田</a>　セカンドゴロ 1アウト2塁</li>
<li>4：<a href="/npb/player?id=600020">銀次</a>　セカンドゴロ 2アウト3塁</li>
<li>5：<a href="/npb/player?id=1200129">ジョーンズ</a>　一打先制の場面で空振り三振！決定機を逃す 3アウトチェンジ</li>
</ul>
<div class="score yjS">
<p>得点: 0、 ヒット:<span class="red">1</span>、 四死球:0</p>
</div>
      
<div class="anker"><a href="#wrapper">ページトップへ</a></div>
</div>
<div id="yads_67572_1441_position_01"></div><div id="ii1" class="item H clearfix"><!--チーム選択--><!--イニングid-->
<div class="title"><h3 class="yjS"><b>1回裏</b>　ソフトバンクの攻撃</h3></div>
<ul>
<li>1：<a href="/npb/player?id=800081">中村</a>　内角高めのカットボールを打つもファーストライナー 1アウト</li>
<li>2：<a href="/npb/player?id=600087">本多</a>　センターへのヒットで出塁 1塁</li>
<li>3：<a href="/npb/player?id=11983">内川</a>　ショートゴロ 2アウト2塁</li>
<li>4：<a href="/npb/player?id=600084">松田</a>　一度もバットを振ることなくフォアボールを選ぶ 1,2塁</li>
<li>5：<a href="/npb/player?id=700101">長谷川</a>　一打先制の場面でショートフライ 3アウトチェンジ</li>
</ul>
<div class="score yjS">
<p>得点:0 、 ヒット:<span class="red">1</span> 、 四死球:1</p>
</div>
</div>
<div id="i2" class="item E clearfix"><!--チーム選択--><!--イニングid-->
<div class="title"><h3 class="yjS"><b>2回表</b>　楽天の攻撃</h3></div>
<ul>
<li>1：<a href="/npb/player?id=1200136">マギー</a>　空振り三振でバッターアウト 1アウト</li>
<li>2：<a href="/npb/player?id=20240">中島</a>　セカンドフライ 2アウト</li>
<li>3：<a href="/npb/player?id=11270">松井</a>　ショートゴロ 3アウトチェンジ</li>
</ul>
<div class="score yjS">
<p>得点: 0、 ヒット:0、 四死球:0</p>
</div>
      
<div class="anker"><a href="#wrapper">ページトップへ</a></div>
</div>
<div id="ii2" class="item H clearfix"><!--チーム選択--><!--イニングid-->
<div class="title"><h3 class="yjS"><b>2回裏</b>　ソフトバンクの攻撃</h3></div>
<ul>
<li>1：<a href="/npb/player?id=500012">江川</a>　空振りの三振を喫する 1アウト</li>
<li>2：<a href="/npb/player?id=1000035">今宮</a>　ショートゴロ 2アウト</li>
<li>3：<a href="/npb/player?id=700095">福田</a>　空振り三振 3アウトチェンジ</li>
</ul>
<div class="score yjS">
<p>得点:0 、 ヒット:0 、 四死球:0</p>
</div>
</div>
<div id="i3" class="item E clearfix"><!--チーム選択--><!--イニングid-->
<div class="title"><h3 class="yjS"><b>3回表</b>　楽天の攻撃</h3></div>
<ul>
<li>1：<a href="/npb/player?id=1100132">島内</a>　三塁線へ意表をついたセーフティバントを決める 1塁</li>
<li>2：<a href="/npb/player?id=1100130">岡島</a>　バント失敗でダブルプレー！ 2アウト</li>
<li>3：<a href="/npb/player?id=800084">聖沢</a>　外角のストレートを見送りフォアボールを選ぶ 1塁</li>
<li>4：一塁走者聖沢:盗塁を試みるもアウト 3アウトチェンジ</li>
</ul>
<div class="score yjS">
<p>得点: 0、 ヒット:<span class="red">1</span>、 四死球:1</p>
</div>
      
<div class="anker"><a href="#wrapper">ページトップへ</a></div>
</div>
<div id="ii3" class="item H clearfix"><!--チーム選択--><!--イニングid-->
<div class="title"><h3 class="yjS"><b>3回裏</b>　ソフトバンクの攻撃</h3></div>
<ul>
<li>1：<a href="/npb/player?id=12055">山崎</a>　つまった打球はセカンドゴロ 1アウト</li>
<li>2：<a href="/npb/player?id=800081">中村</a>　一度もバットを振ることなくフォアボールを選ぶ 1塁</li>
<li>3：<a href="/npb/player?id=600087">本多</a>　デッドボールを受ける 1,2塁</li>
<li>4：<a href="/npb/player?id=11983">内川</a>　外角低めの変化球を引っかけてサードゴロ 2アウト2,3塁</li>
<li>5：<a href="/npb/player?id=600084">松田</a>　一度もバットを振ることなくフォアボールを選ぶ 満塁</li>
<li>6：<a href="/npb/player?id=700101">長谷川</a>　一打先制の場面でワンバウンドした球に空振り、三振を喫する 3アウトチェンジ</li>
</ul>
<div class="score yjS">
<p>得点:0 、 ヒット:0 、 四死球:3</p>
</div>
</div>
<div id="i4" class="item E clearfix"><!--チーム選択--><!--イニングid-->
<div class="title"><h3 class="yjS"><b>4回表</b>　楽天の攻撃</h3></div>
<ul>
<li>1：<a href="/npb/player?id=500051">藤田</a>　高めのストレートを打つもレフトフライ 1アウト</li>
<li>2：<a href="/npb/player?id=600020">銀次</a>　セカンドゴロ 2アウト</li>
<li>3：<a href="/npb/player?id=1200129">ジョーンズ</a>　高めのストレートを打つもレフトフライ 3アウトチェンジ</li>
</ul>
<div class="score yjS">
<p>得点: 0、 ヒット:0、 四死球:0</p>
</div>
      
<div class="anker"><a href="#wrapper">ページトップへ</a></div>
</div>
<div id="ii4" class="item H clearfix"><!--チーム選択--><!--イニングid-->
<div class="title"><h3 class="yjS"><b>4回裏</b>　ソフトバンクの攻撃</h3></div>
<ul>
<li>1：<a href="/npb/player?id=500012">江川</a>　高めのシュートを打つもレフトフライ 1アウト</li>
<li>2：<a href="/npb/player?id=1000035">今宮</a>　外角低めのチェンジアップを打つもライトフライ 2アウト</li>
<li>3：<a href="/npb/player?id=700095">福田</a>　ショートフライ 3アウトチェンジ</li>
</ul>
<div class="score yjS">
<p>得点:0 、 ヒット:0 、 四死球:0</p>
</div>
</div>
<div id="i5" class="item E clearfix"><!--チーム選択--><!--イニングid-->
<div class="title"><h3 class="yjS"><b>5回表</b>　楽天の攻撃</h3></div>
<ul>
<li>1：<a href="/npb/player?id=1200136">マギー</a>　センターへのヒットで出塁 1塁</li>
<li>2：<a href="/npb/player?id=20240">中島</a>　見事送りバントを成功させる 1アウト2塁</li>
<li>3：<a href="/npb/player?id=11270">松井</a>　1アウト2塁から低めの球をセンターへ打ってヒット 1,3塁</li>
<li>4：<a href="/npb/player?id=1100132">島内</a>　1アウト1,3塁から外角低めの球を打つもセカンドライナー</li>
<li>5：1塁走者松井は塁を飛び出しておりダブルプレー！ 3アウトチェンジ</li>
</ul>
<div class="score yjS">
<p>得点: 0、 ヒット:<span class="red">2</span>、 四死球:0</p>
</div>
      
<div class="anker"><a href="#wrapper">ページトップへ</a></div>
</div>
<div id="ii5" class="item H clearfix"><!--チーム選択--><!--イニングid-->
<div class="title"><h3 class="yjS"><b>5回裏</b>　ソフトバンクの攻撃</h3></div>
<ul>
<li>1：<a href="/npb/player?id=12055">山崎</a>　つまった打球はショートゴロ 1アウト</li>
<li>2：<a href="/npb/player?id=800081">中村</a>　外角低めのチェンジアップを打つもレフトフライ 2アウト</li>
<li>3：<a href="/npb/player?id=600087">本多</a>　セカンドゴロ 3アウトチェンジ</li>
</ul>
<div class="score yjS">
<p>得点:0 、 ヒット:0 、 四死球:0</p>
</div>
</div>
<div id="i6" class="item E clearfix"><!--チーム選択--><!--イニングid-->
<div class="title"><h3 class="yjS"><b>6回表</b>　楽天の攻撃</h3></div>
<ul>
<li>1：<a href="/npb/player?id=1100130">岡島</a>　セカンドゴロ 1アウト</li>
<li>2：<a href="/npb/player?id=800084">聖沢</a>　つまった打球はサードゴロ 2アウト</li>
<li>3：<a href="/npb/player?id=500051">藤田</a>　一度もバットを振ることなくフォアボールを選ぶ 1塁</li>
<li>4：<a href="/npb/player?id=600020">銀次</a>　ど真ん中の球を打つもレフトフライ 3アウトチェンジ</li>
</ul>
<div class="score yjS">
<p>得点: 0、 ヒット:0、 四死球:1</p>
</div>
      
<div class="anker"><a href="#wrapper">ページトップへ</a></div>
</div>
<div id="ii6" class="item H clearfix"><!--チーム選択--><!--イニングid-->
<div class="title"><h3 class="yjS"><b>6回裏</b>　ソフトバンクの攻撃</h3></div>
<ul>
<li>1：<a href="/npb/player?id=11983">内川</a>　ショートゴロ 1アウト</li>
<li>2：<a href="/npb/player?id=600084">松田</a>　サードゴロ 2アウト</li>
<li>3：<a href="/npb/player?id=700101">長谷川</a>　デッドボールを受ける 1塁</li>
<li>4：一塁走者長谷川:すかさず初球から走って盗塁成功 2塁</li>
<li>5：<a href="/npb/player?id=500012">江川</a>　高めの球を打つもセンターフライ 3アウトチェンジ</li>
</ul>
<div class="score yjS">
<p>得点:0 、 ヒット:0 、 四死球:1</p>
</div>
</div>
<div id="i7" class="item E clearfix"><!--チーム選択--><!--イニングid-->
<div class="title"><h3 class="yjS"><b>7回表</b>　楽天の攻撃</h3></div>
<ul>
<li>1：<a href="/npb/player?id=1200129">ジョーンズ</a>　ワンバウンドした球を空振り三振 1アウト</li>
<li>2：<a href="/npb/player?id=1200136">マギー</a>　粘りを見せるも8球目を空振り、三振を喫する 2アウト</li>
<li>3：<a href="/npb/player?id=20240">中島</a>　サードゴロ 3アウトチェンジ</li>
</ul>
<div class="score yjS">
<p>得点: 0、 ヒット:0、 四死球:0</p>
</div>
      
<div class="anker"><a href="#wrapper">ページトップへ</a></div>
</div>
<div id="ii7" class="item H clearfix"><!--チーム選択--><!--イニングid-->
<div class="title"><h3 class="yjS"><b>7回裏</b>　ソフトバンクの攻撃</h3></div>
<ul>
<li>1：<b class="green">「フィールド周遊」森山がレフトの守備につく</b></li>
<li>2：<a href="/npb/player?id=1000035">今宮</a>　つまった打球はサードへの平凡なゴロとなる 1アウト</li>
<li>3：<a href="/npb/player?id=700095">福田</a>　空振り三振 2アウト</li>
<li>4：<a href="/npb/player?id=12055">山崎</a>　四球を選ぶ 1塁</li>
<li>5：<a href="/npb/player?id=800081">中村</a>　サードフライ 3アウトチェンジ</li>
</ul>
<div class="score yjS">
<p>得点:0 、 ヒット:0 、 四死球:1</p>
</div>
</div>
<div id="i8" class="item E clearfix"><!--チーム選択--><!--イニングid-->
<div class="title"><h3 class="yjS"><b>8回表</b>　楽天の攻撃</h3></div>
<ul>
<li>1：<a href="/npb/player?id=11270">松井</a>　一度もバットを振ることなくストレートのフォアボールを選ぶ 1塁</li>
<li>2：<a href="/npb/player?id=1100132">島内</a>　レフトへのヒットで出塁 1,2塁</li>
<li>3：<a href="/npb/player?id=1100130">岡島</a>　外角のストレートを見送りフォアボール。ソフトバンク、満塁のピンチをまねく 満塁</li>
<li>4：<a href="/npb/player?id=800084">聖沢</a>　外角低めの球を打つもショートライナー 1アウト</li>
<li>5：<b class="red"><a href="/npb/player?id=500051">藤田</a>　1アウト満塁から本多(二)のフィルダースチョイスで楽天1点をあげる ソ0-1楽 満塁</b></li>
<li>6：<b class="red"><a href="/npb/player?id=600020">銀次</a>　ランナーフルベースの1-0からレフトへのタイムリーヒット ソ0-2楽 満塁</b></li>
<li>7：<b class="green">投手交代:帆足→金沢</b></li>
<li>8：<b class="red"><a href="/npb/player?id=1200129">ジョーンズ</a>　ランナーフルベースの1-0から左中間への満塁ホームラン ソ0-6楽</b></li>
<li>9：<a href="/npb/player?id=1200136">マギー</a>　ショートゴロ 2アウト</li>
<li>10：<a href="/npb/player?id=600068">森山</a>　内角低めの球を打つもライトフライ 3アウトチェンジ</li>
</ul>
<div class="score yjS">
<p>得点: <b class="red">6</b>、 ヒット:<span class="red">3</span>、 四死球:2</p>
</div>
      
<div class="anker"><a href="#wrapper">ページトップへ</a></div>
</div>
<div id="ii8" class="item H clearfix"><!--チーム選択--><!--イニングid-->
<div class="title"><h3 class="yjS"><b>8回裏</b>　ソフトバンクの攻撃</h3></div>
<ul>
<li>1：<b class="green">ピッチャーダックワースに代わって「局面打開のスライダー」青山がマウンドにあがる　守備交代:ショート岩崎　守備交代:サード仲沢</b></li>
<li>2：<a href="/npb/player?id=600087">本多</a>　ショートへの内野安打 1塁</li>
<li>3：<a href="/npb/player?id=11983">内川</a>　空振り三振でバッターアウト 1アウト</li>
<li>4：<a href="/npb/player?id=600084">松田</a>　外角のストレートを打つもライトフライ 2アウト</li>
<li>5：<a href="/npb/player?id=700101">長谷川</a>　ファーストゴロ 3アウトチェンジ</li>
</ul>
<div class="score yjS">
<p>得点:0 、 ヒット:<span class="red">1</span> 、 四死球:0</p>
</div>
</div>
<div id="i9" class="item E clearfix"><!--チーム選択--><!--イニングid-->
<div class="title"><h3 class="yjS"><b>9回表</b>　楽天の攻撃</h3></div>
<ul>
<li>1：<b class="green">ピッチャー金沢に代わって「闘志を込めた剛速球」星野がマウンドにあがる　「城島二世」と名高い山下がキャッチャーの守備につく</b></li>
<li>2：<a href="/npb/player?id=900016">仲沢</a>　内角の真っ直ぐに見逃し三振 1アウト</li>
<li>3：<b class="red"><a href="/npb/player?id=1100132">島内</a>　カウント1-1から右中間へのランニングホームラン ソ0-7楽</b></li>
<li>4：<a href="/npb/player?id=1100130">岡島</a>　ショートゴロ 2アウト</li>
<li>5：<b class="green">聖沢→代打:枡田</b></li>
<li>6：<a href="/npb/player?id=600021">枡田</a>　低めの真っ直ぐを打つもレフトフライ 3アウトチェンジ</li>
</ul>
<div class="score yjS">
<p>得点: <b class="red">1</b>、 ヒット:<span class="red">1</span>、 四死球:0</p>
</div>
      
<div class="anker"><a href="#wrapper">ページトップへ</a></div>
</div>
<div id="ii9" class="item H clearfix"><!--チーム選択--><!--イニングid-->
<div class="title"><h3 class="yjS"><b>9回裏</b>　ソフトバンクの攻撃</h3></div>
<ul>
<li>1：<b class="green">ピッチャー青山に代わって「杜のシンボル」斎藤がマウンドにあがる　守備変更:枡田→レフト　守備変更:森山レフト→センター</b></li>
<li>2：<a href="/npb/player?id=500012">江川</a>　ライトへのヒットを放つ 1塁</li>
<li>3：<a href="/npb/player?id=1000035">今宮</a>　内角の真っ直ぐを見送りフォアボールを選ぶ 1,2塁</li>
<li>4：<b class="green">福田→代打:吉村</b></li>
<li>5：<a href="/npb/player?id=20183">吉村</a>　ランナー1,2塁から5-4-3のダブルプレー 2アウト3塁</li>
<li>6：<a href="/npb/player?id=1000113">山下</a>　ファーストゴロ ゲームセット</li>
<li>7：試合終了</li>
</ul>
<div class="score yjS">
<p>得点:0 、 ヒット:<span class="red">1</span> 、 四死球:1</p>
</div>
</div>
</div>
<!-- テキスト速報 -->

<div id="yads_67572_1441_position_02"></div>
</div><!--/#main-->
<!--main end-->

<!--sub start-->
<div id="sub">
<!-- SpaceID=0 robot -->
<!--/#pos-lrec-->

<!-- 他球団モジュール -->
<div class="yjSNLiveCommonsubtitle"><h4 class="yjS"><span>7/7(日)　そのほかの試合</span></h4></div>
<div id="yjSNLiveOthergame">
<table width=100% cellpadding=0 cellspacing=0 border=0>
<tr><td class=''><a alt='そのほかの試合' href='/npb/game/2013070704/'><dl>
<dt><b>日</b></dt>
<dd><b>6</b> - 1</dd>
<dt>オ</dt>
</dl>
<div class="none">結果</div></a></td>
<td class=''><a alt='そのほかの試合' href='/npb/game/2013070705/'><dl>
<dt><b>西</b></dt>
<dd><b>11</b> - 2</dd>
<dt>ロ</dt>
</dl>
<div class="none">結果</div></a></td>
<td class='act'><dl>
<dt>ソ</dt>
<dd>0 - <b>7</b></dd>
<dt><b>楽</b></dt>
</dl>
<div>観戦中</div></td>
</tr><tr><td class=''><a alt='そのほかの試合' href='/npb/game/2013070703/'><dl>
<dt>広</dt>
<dd>0 - <b>4</b></dd>
<dt><b>神</b></dt>
</dl>
<div class="none">結果</div></a></td>
<td class=''><a alt='そのほかの試合' href='/npb/game/2013070701/'><dl>
<dt><b>巨</b></dt>
<dd><b>2</b> - 0</dd>
<dt>Ｄ</dt>
</dl>
<div class="none">結果</div></a></td>
<td class=''><a alt='そのほかの試合' href='/npb/game/2013070702/'><dl>
<dt>中</dt>
<dd>3 - <b>5</b></dd>
<dt><b>ヤ</b></dt>
</dl>
<div class="none">結果</div></a></td>
</tr></table>
</div>

<!-- /他球団モジュール -->
<!--打順-->
<div class="yjSNLiveCommonsubtitle"><h4 class="yjS"><span>打順</span></h4></div>
<div id="yjSNLiveBattinglist" class="clearfix">

<table class="column-left" width=100% cellpadding=0 cellspacing=0 border=0>
<tr class="teamborder">
<th colspan=3 class="E">&nbsp;</th>
<th colspan=3 class="H">&nbsp;</th>
</tr>
<tr class="teamlogo">
<th colspan=3 class="E"><a href="/npb/teams/376/">楽天</a></th>
<th colspan=3 class="H"><a href="/npb/teams/12/">ソフトバンク</a></th>
</tr>

<tr>
<td class="nm">1</td>
<td>左</td>
<td class="pn"><a href="/npb/player?id=600021">枡田慎太郎</a></td>
<td class="nm">1</td>
<td>一</td>
<td class="pn"><a href="/npb/player?id=800081">中村晃</a></td>
</tr>
<tr>
<td class="nm">2</td>
<td>二</td>
<td class="pn"><a href="/npb/player?id=500051">藤田一也</a></td>
<td class="nm">2</td>
<td>二</td>
<td class="pn"><a href="/npb/player?id=600087">本多雄一</a></td>
</tr>
<tr>
<td class="nm">3</td>
<td>一</td>
<td class="pn"><a href="/npb/player?id=600020">銀次</a></td>
<td class="nm">3</td>
<td>指</td>
<td class="pn"><a href="/npb/player?id=11983">内川聖一</a></td>
</tr>
<tr>
<td class="nm">4</td>
<td>指</td>
<td class="pn"><a href="/npb/player?id=1200129">ジョーンズ</a></td>
<td class="nm">4</td>
<td>三</td>
<td class="pn"><a href="/npb/player?id=600084">松田宣浩</a></td>
</tr>
<tr>
<td class="nm">5</td>
<td>遊</td>
<td class="pn"><a href="/npb/player?id=700039">岩崎達郎</a></td>
<td class="nm">5</td>
<td>中</td>
<td class="pn"><a href="/npb/player?id=700101">長谷川勇也</a></td>
</tr>
<tr>
<td class="nm">6</td>
<td>中</td>
<td class="pn"><a href="/npb/player?id=600068">森山周</a></td>
<td class="nm">6</td>
<td>左</td>
<td class="pn"><a href="/npb/player?id=500012">江川智晃</a></td>
</tr>
<tr>
<td class="nm">7</td>
<td>三</td>
<td class="pn"><a href="/npb/player?id=900016">仲沢広基</a></td>
<td class="nm">7</td>
<td>遊</td>
<td class="pn"><a href="/npb/player?id=1000035">今宮健太</a></td>
</tr>
<tr>
<td class="nm">8</td>
<td>右</td>
<td class="pn"><a href="/npb/player?id=1100132">島内宏明</a></td>
<td class="nm">8</td>
<td>代</td>
<td class="pn"><a href="/npb/player?id=20183">吉村裕基</a></td>
</tr>
<tr>
<td class="nm">9</td>
<td>捕</td>
<td class="pn"><a href="/npb/player?id=1100130">岡島豪郎</a></td>
<td class="nm act">9</td>
<td class="act">捕</td>
<td class="pn act"><a href="/npb/player?id=1000113">山下斐紹</a></td>
</tr>

</table>

</div>

<!--打順-->

<!--ゲーム差-->
<!--ゲーム差-->


<!--球団情報-->

<!-- /新IM -->

</div><!--/#contents-body-->

 
</div><!-- Facebook -->
<div id="fb-root"></div>
<!-- / Facebook -->
</body>
</html>
