<!DOCTYPE html PUBLIC "-//W3C//DTD XHTML 1.0 Transitional//EN" "http://www.w3.org/TR/xhtml1/DTD/xhtml1-transitional.dtd">
<html lang="ja" xmlns:og="http://ogp.me/ns#" xmlns:mixi="http://mixi-platform.com/ns#" xmlns:fb="http://www.facebook.com/2008/fbml">
<head>
<!---京--->
<meta http-equiv="Content-Type" content="text/html; charset=utf-8">
<meta http-equiv="Content-Style-Type" content="text/css">
<meta http-equiv="Content-Script-Type" content="text/javascript">
<title>Yahoo!スポーツ - プロ野球</title>
<meta name="description" content="阪神 vs 中日のテキスト速報。一球速報、結果、セ・リーグ、パ・リーグの日程、順位、個人成績、プロ野球に関連した最新ニュース、写真ニュースなどの情報が満載な、Yahoo!スポーツ プロ野球サイトのテキスト速報ページです。">
<meta name="keywords" content="テキスト速報,速報,中継,阪神,中日,プロ野球,野球">
<link rel="stylesheet" href="http://i.yimg.jp/images/sports/baseball/npb/live/css/master-npb-live-common.css" type="text/css" media="all">
<link rel="stylesheet" href="http://i.yimg.jp/images/sports/baseball/npb/css/master-npb-common.css" type="text/css" media="all">


<meta property="og:title"       content="Yahoo!プロ野球 - 2013年7月9日 阪神vs.中日 テキスト速報" />
<meta property="og:type"        content="website" />
<meta property="og:url"         content="http://baseball.yahoo.co.jp/npb/game/2013070903/text" /> 
<meta property="og:image"       content="http://i.yimg.jp/images/sports/promo/pc/facebook/baseball_76x76.png" />
<meta property="og:site_name"   content="Yahoo!スポーツ" />
<meta property="og:description" content="" />
<meta property="og:locale"      content="ja_JP" />
<meta property="fb:app_id"      content="215456371901325" />
<link rel="apple-touch-icon" href="http://i.yimg.jp/images/sports/promo/pc/facebook/baseball.png">
<script type="text/javascript" src="http://i.yimg.jp/images/sports/js/jquery-1.3.2.min.js"></script><script type="text/javascript" src="http://i.yimg.jp/images/sports/v1/js/sports.global-1.1.1.js"></script>
</head>
<body class="yj950-2">

<div id="wrapper"><div id="contents-body" class="yjSNLive">
<!--main start-->
<div id="main">

<!-- ローカルナビ -->
<div id="ch-navi" class="clearfix mb5p">
<ul class="clearfix">

<li><span><a href="/npb/game/2013070903/top"">試合トップ</a></span></li><!--ナビアクティブ-->

<li class="gray"><span><a>一球速報</a></span></li>


<li class="on"><span><a>テキスト速報</a></span></li>


<li><span><a href="/npb/game/2013070903/stats">投打詳細</a></span></li>

 
<li><span><a href="http://rd.yahoo.co.jp/media/sports/baseball/npb/live/tab/comment/SIG=11u88tk2e/*http%3A//textream.yahoo.co.jp/rd/sports/npb/?game=2013070903">コメント</a></span></li>


</ul>
<em><a href="/npb/schedule/?date=20130709">7月9日（火）</a>阪神 vs. 中日</em>
</div>

<!-- /ローカルナビ -->

<!-- スコアボード -->
<div id="yjSNLiveTextscoreboard">

<div class="inner">
<table width="100%" cellspacing="0" cellpadding="0" border="0">

<tbody><tr class="chs-title yjS">
<th>&nbsp;</th>
<th>1</th>
<th>2</th>
<th>3</th>
<th>4</th>
<th>5</th>
<th>6</th>
<th>7</th>
<th>8</th>
<th>9</th>
<th>計</th>
<th>安</th>
<th>失</th>
</tr>
<tr class="yjMS">
<th class="D">
<b><a href="/npb/teams/4/">中日</a></b></th><!--チーム選択-->


<td>
<a href=http://rd.yahoo.co.jp/media/sports/baseball/npb/live/sokuho/SIG=11oratasu/*http%3A//baseball.yahoo.co.jp/npb/game/2013070903/text#i1>0</a>
</td>
<td>
<a href=http://rd.yahoo.co.jp/media/sports/baseball/npb/live/sokuho/SIG=11oratasu/*http%3A//baseball.yahoo.co.jp/npb/game/2013070903/text#i2>0</a>
</td>
<td>
<a href=http://rd.yahoo.co.jp/media/sports/baseball/npb/live/sokuho/SIG=11oratasu/*http%3A//baseball.yahoo.co.jp/npb/game/2013070903/text#i3>0</a>
</td>
<td>
<a href=http://rd.yahoo.co.jp/media/sports/baseball/npb/live/sokuho/SIG=11oratasu/*http%3A//baseball.yahoo.co.jp/npb/game/2013070903/text#i4>1</a>
</td>
<td>
<a href=http://rd.yahoo.co.jp/media/sports/baseball/npb/live/sokuho/SIG=11oratasu/*http%3A//baseball.yahoo.co.jp/npb/game/2013070903/text#i5>0</a>
</td>
<td>
<a href=http://rd.yahoo.co.jp/media/sports/baseball/npb/live/sokuho/SIG=11oratasu/*http%3A//baseball.yahoo.co.jp/npb/game/2013070903/text#i6>0</a>
</td>
<td>
<a href=http://rd.yahoo.co.jp/media/sports/baseball/npb/live/sokuho/SIG=11oratasu/*http%3A//baseball.yahoo.co.jp/npb/game/2013070903/text#i7>1</a>
</td>
<td>
<a href=http://rd.yahoo.co.jp/media/sports/baseball/npb/live/sokuho/SIG=11oratasu/*http%3A//baseball.yahoo.co.jp/npb/game/2013070903/text#i8>0</a>
</td>
<td>
<a href=http://rd.yahoo.co.jp/media/sports/baseball/npb/live/sokuho/SIG=11oratasu/*http%3A//baseball.yahoo.co.jp/npb/game/2013070903/text#i9>0</a>
</td>
<td class="sum">2</td>
<td class="fwn">9</td>
<td class="fwn">1</td>
</tr>
<tr class="yjMS">
<th class="T">

<b><a href="/npb/teams/5/">阪神</a></b></th><!--チーム選択-->
<td>
<a href=http://rd.yahoo.co.jp/media/sports/baseball/npb/live/sokuho/SIG=11oratasu/*http%3A//baseball.yahoo.co.jp/npb/game/2013070903/text#ii1>3</a>
</td>
<td>
<a href=http://rd.yahoo.co.jp/media/sports/baseball/npb/live/sokuho/SIG=11oratasu/*http%3A//baseball.yahoo.co.jp/npb/game/2013070903/text#ii2>0</a>
</td>
<td>
<a href=http://rd.yahoo.co.jp/media/sports/baseball/npb/live/sokuho/SIG=11oratasu/*http%3A//baseball.yahoo.co.jp/npb/game/2013070903/text#ii3>0</a>
</td>
<td>
<a href=http://rd.yahoo.co.jp/media/sports/baseball/npb/live/sokuho/SIG=11oratasu/*http%3A//baseball.yahoo.co.jp/npb/game/2013070903/text#ii4>0</a>
</td>
<td>
<a href=http://rd.yahoo.co.jp/media/sports/baseball/npb/live/sokuho/SIG=11oratasu/*http%3A//baseball.yahoo.co.jp/npb/game/2013070903/text#ii5>0</a>
</td>
<td>
<a href=http://rd.yahoo.co.jp/media/sports/baseball/npb/live/sokuho/SIG=11oratasu/*http%3A//baseball.yahoo.co.jp/npb/game/2013070903/text#ii6>2</a>
</td>
<td>
<a href=http://rd.yahoo.co.jp/media/sports/baseball/npb/live/sokuho/SIG=11oratasu/*http%3A//baseball.yahoo.co.jp/npb/game/2013070903/text#ii7>0</a>
</td>
<td>
<a href=http://rd.yahoo.co.jp/media/sports/baseball/npb/live/sokuho/SIG=11oratasu/*http%3A//baseball.yahoo.co.jp/npb/game/2013070903/text#ii8>1</a>
</td>
<td>
<a href=http://rd.yahoo.co.jp/media/sports/baseball/npb/live/sokuho/SIG=11oratasu/*http%3A//baseball.yahoo.co.jp/npb/game/2013070903/text#ii9>X</a>
</td>
<td class="sum">6</td>
<td class="fwn">12</td>
<td class="fwn">1</td>
</tr>

</tbody></table>
</div>


<div class="navi clearfix">

<div class="column-left">
</div>

<div class="column-right">

<div class="reflesh clearfix">
<ul class="clearfix">
<li class="auto" title="自動更新"><a id="btn_auto" href="http://rd.yahoo.co.jp/media/sports/baseball/npb/live/auto/SIG=11oratasu/*http%3A//baseball.yahoo.co.jp/npb/game/2013070903/text?manual=2"><i>自動更新</i></a></li>
<li class="manual-on" title="手動更新"><a><i>手動更新</i></a></li>
<li title="更新" class="btn_reflesh"><a href="http://rd.yahoo.co.jp/media/sports/baseball/npb/live/refresh/SIG=11oratasu/*http%3A//baseball.yahoo.co.jp/npb/game/2013070903/text?manual=1"><i>更新</i></a></li>
</ul>
<em>自動更新：30秒</em>
</div>

</div>
</div>

</div>
<!-- /スコアボード -->


<!-- テキスト速報 -->
<div class="yjSportsCommonTitle"><h3 class="yjS"><span><strong>テキスト速報</strong></span></h3></div><div id="yjSNLiveTextlive" class="yjMS">

<div id="i1" class="item D clearfix"><!--チーム選択--><!--イニングid-->
<div class="title"><h3 class="yjS"><b>1回表</b>　中日の攻撃</h3></div>
<ul>
<li>1：試合開始</li>
<li>2：<a href="/npb/player?id=900410">大島</a>　ショートゴロ 1アウト</li>
<li>3：<a href="/npb/player?id=11436">荒木</a>　外角のストレートを打つもセカンドゴロ 2アウト</li>
<li>4：<a href="/npb/player?id=1300004">クラーク</a>　ファーストゴロ 3アウトチェンジ</li>
</ul>
<div class="score yjS">
<p>得点: 0、 ヒット:0、 四死球:0</p>
</div>
      
<div class="anker"><a href="#wrapper">ページトップへ</a></div>
</div>
<div id="yads_67572_1441_position_01"></div><div id="ii1" class="item T clearfix"><!--チーム選択--><!--イニングid-->
<div class="title"><h3 class="yjS"><b>1回裏</b>　阪神の攻撃</h3></div>
<ul>
<li>1：<a href="/npb/player?id=20219">西岡</a>　外角のストレートを打つもレフトフライ 1アウト</li>
<li>2：<a href="/npb/player?id=600003">大和</a>　レフトへのヒットを放つ 1塁</li>
<li>3：一塁走者大和:すかさず初球から走って盗塁成功 2塁</li>
<li>4：<a href="/npb/player?id=400001">鳥谷</a>　ランナー2塁からレフトへのヒットで出塁 1,3塁</li>
<li>5：<b class="red"><a href="/npb/player?id=500612">マートン</a>　1アウト1,3塁の2-0からレフトへの先制タイムリーヒット！ 神1-0中 1,2塁</b></li>
<li>6：<b class="red"><a href="/npb/player?id=11802">新井貴</a>　1アウト1,2塁からセンターへ2点タイムリーツーベース！ 神3-0中 2塁</b></li>
<li>7：<a href="/npb/player?id=600023">今成</a>　ランナー2塁からセンターへのヒットで出塁 1,3塁</li>
<li>8：<a href="/npb/player?id=400040">坂</a>　ワンバウンドした球を空振り三振 2アウト</li>
<li>9：<a href="/npb/player?id=11747">藤井彰</a>　サードゴロ 3アウトチェンジ</li>
</ul>
<div class="score yjS">
<p>得点:<b class="red">3</b> 、 ヒット:<span class="red">5</span> 、 四死球:0</p>
</div>
</div>
<div id="i2" class="item D clearfix"><!--チーム選択--><!--イニングid-->
<div class="title"><h3 class="yjS"><b>2回表</b>　中日の攻撃</h3></div>
<ul>
<li>1：<a href="/npb/player?id=11558">和田</a>　外角のストレートを打つもセカンドゴロ 1アウト</li>
<li>2：<a href="/npb/player?id=600004">平田</a>　粘りを見せて10球目にフォアボールを選ぶ 1塁</li>
<li>3：<a href="/npb/player?id=11511">森野</a>　空振りの三振を喫する 2アウト</li>
<li>4：<a href="/npb/player?id=11652">井端</a>　外角のフォークボールを打つもサードゴロ 3アウトチェンジ</li>
</ul>
<div class="score yjS">
<p>得点: 0、 ヒット:0、 四死球:1</p>
</div>
      
<div class="anker"><a href="#wrapper">ページトップへ</a></div>
</div>
<div id="ii2" class="item T clearfix"><!--チーム選択--><!--イニングid-->
<div class="title"><h3 class="yjS"><b>2回裏</b>　阪神の攻撃</h3></div>
<ul>
<li>1：<a href="/npb/player?id=500038">能見</a>　高めのストレートを打つもレフトフライ 1アウト</li>
<li>2：<a href="/npb/player?id=20219">西岡</a>　ライトへのツーベース 2塁</li>
<li>3：<a href="/npb/player?id=600003">大和</a>　内角のフォークボールを打つもセカンドゴロ 2アウト3塁</li>
<li>4：<a href="/npb/player?id=400001">鳥谷</a>　ランナー3塁から外角のフォークボールを打つもセカンドゴロ 3アウトチェンジ</li>
</ul>
<div class="score yjS">
<p>得点:0 、 ヒット:<span class="red">1</span> 、 四死球:0</p>
</div>
</div>
<div id="i3" class="item D clearfix"><!--チーム選択--><!--イニングid-->
<div class="title"><h3 class="yjS"><b>3回表</b>　中日の攻撃</h3></div>
<ul>
<li>1：<a href="/npb/player?id=10278">谷繁</a>　外角のストレートを打つもライトフライ 1アウト</li>
<li>2：<a href="/npb/player?id=1100071">田島</a>　空振りの三振を喫する 2アウト</li>
<li>3：<a href="/npb/player?id=900410">大島</a>　ど真ん中のストレートをライトへ打ってヒット 1塁</li>
<li>4：<a href="/npb/player?id=11436">荒木</a>　ど真ん中の真っ直ぐを打つもレフトフライ 3アウトチェンジ</li>
</ul>
<div class="score yjS">
<p>得点: 0、 ヒット:<span class="red">1</span>、 四死球:0</p>
</div>
      
<div class="anker"><a href="#wrapper">ページトップへ</a></div>
</div>
<div id="ii3" class="item T clearfix"><!--チーム選択--><!--イニングid-->
<div class="title"><h3 class="yjS"><b>3回裏</b>　阪神の攻撃</h3></div>
<ul>
<li>1：<a href="/npb/player?id=500612">マートン</a>　ファウルフライを平田(右)が捕球してバッターアウト 1アウト</li>
<li>2：<a href="/npb/player?id=11802">新井貴</a>　ピッチャーゴロ 2アウト</li>
<li>3：<a href="/npb/player?id=600023">今成</a>　セカンドゴロ 3アウトチェンジ</li>
</ul>
<div class="score yjS">
<p>得点:0 、 ヒット:0 、 四死球:0</p>
</div>
</div>
<div id="i4" class="item D clearfix"><!--チーム選択--><!--イニングid-->
<div class="title"><h3 class="yjS"><b>4回表</b>　中日の攻撃</h3></div>
<ul>
<li>1：<a href="/npb/player?id=1300004">クラーク</a>　外角の変化球に見逃し三振 1アウト</li>
<li>2：<a href="/npb/player?id=11558">和田</a>　高めの落ちる球を打つもサードゴロ 2アウト</li>
<li>3：<b class="red"><a href="/npb/player?id=600004">平田</a>　バックスクリーンに飛び込むホームランを放つ 神3-1中</b></li>
<li>4：<a href="/npb/player?id=11511">森野</a>　外角のスライダーに見逃し三振 3アウトチェンジ</li>
</ul>
<div class="score yjS">
<p>得点: <b class="red">1</b>、 ヒット:<span class="red">1</span>、 四死球:0</p>
</div>
      
<div class="anker"><a href="#wrapper">ページトップへ</a></div>
</div>
<div id="ii4" class="item T clearfix"><!--チーム選択--><!--イニングid-->
<div class="title"><h3 class="yjS"><b>4回裏</b>　阪神の攻撃</h3></div>
<ul>
<li>1：<b class="green">守備交代:サード堂上直</b></li>
<li>2：<a href="/npb/player?id=400040">坂</a>　ど真ん中のストレートを打つもショートゴロ 1アウト</li>
<li>3：<a href="/npb/player?id=11747">藤井彰</a>　ど真ん中のストレートを打つもセンターフライ 2アウト</li>
<li>4：<a href="/npb/player?id=500038">能見</a>　空振りの三振を喫する 3アウトチェンジ</li>
</ul>
<div class="score yjS">
<p>得点:0 、 ヒット:0 、 四死球:0</p>
</div>
</div>
<div id="i5" class="item D clearfix"><!--チーム選択--><!--イニングid-->
<div class="title"><h3 class="yjS"><b>5回表</b>　中日の攻撃</h3></div>
<ul>
<li>1：<a href="/npb/player?id=11652">井端</a>　ライトへのヒットで出塁 1塁</li>
<li>2：<a href="/npb/player?id=10278">谷繁</a>　低めのチェンジアップに空振り三振でバッターアウト 1アウト</li>
<li>3：<b class="green">田島→代打:山崎</b></li>
<li>4：<a href="/npb/player?id=10236">山崎</a>　バットを折りながらもライトへヒットを放つ 1,2塁</li>
<li>5：<a href="/npb/player?id=900410">大島</a>　外角の落ちる球に空振り三振でバッターアウト 2アウト</li>
<li>6：<a href="/npb/player?id=11436">荒木</a>　外角のストレートを打つもピッチャーゴロ 3アウトチェンジ</li>
</ul>
<div class="score yjS">
<p>得点: 0、 ヒット:<span class="red">2</span>、 四死球:0</p>
</div>
      
<div class="anker"><a href="#wrapper">ページトップへ</a></div>
</div>
<div id="ii5" class="item T clearfix"><!--チーム選択--><!--イニングid-->
<div class="title"><h3 class="yjS"><b>5回裏</b>　阪神の攻撃</h3></div>
<ul>
<li>1：<b class="green">投手交代:田島→岡田</b></li>
<li>2：<a href="/npb/player?id=20219">西岡</a>　ピッチャーゴロ 1アウト</li>
<li>3：<a href="/npb/player?id=600003">大和</a>　空振りの三振を喫する 2アウト</li>
<li>4：<a href="/npb/player?id=400001">鳥谷</a>　外角のストレートを打つもサードゴロ 3アウトチェンジ</li>
</ul>
<div class="score yjS">
<p>得点:0 、 ヒット:0 、 四死球:0</p>
</div>
</div>
<div id="i6" class="item D clearfix"><!--チーム選択--><!--イニングid-->
<div class="title"><h3 class="yjS"><b>6回表</b>　中日の攻撃</h3></div>
<ul>
<li>1：<a href="/npb/player?id=1300004">クラーク</a>　外角のフォークボールに空振り三振でバッターアウト 1アウト</li>
<li>2：<a href="/npb/player?id=11558">和田</a>　外角の真っ直ぐを打つもライトフライ 2アウト</li>
<li>3：<a href="/npb/player?id=600004">平田</a>　センターへのヒットを放つ 1塁</li>
<li>4：<a href="/npb/player?id=700034">堂上直</a>　外角のチェンジアップを打つもレフトフライ 3アウトチェンジ</li>
</ul>
<div class="score yjS">
<p>得点: 0、 ヒット:<span class="red">1</span>、 四死球:0</p>
</div>
      
<div class="anker"><a href="#wrapper">ページトップへ</a></div>
</div>
<div id="ii6" class="item T clearfix"><!--チーム選択--><!--イニングid-->
<div class="title"><h3 class="yjS"><b>6回裏</b>　阪神の攻撃</h3></div>
<ul>
<li>1：<a href="/npb/player?id=500612">マートン</a>　ライトへのヒットで出塁 1塁</li>
<li>2：<b class="red"><a href="/npb/player?id=11802">新井貴</a>　フルカウントからレフトスタンドへの２ランホームラン 神5-1中</b></li>
<li>3：<a href="/npb/player?id=600023">今成</a>　外角のストレートを見送り四球を選ぶ 1塁</li>
<li>4：<b class="green">1塁走者今成に代わり、快足で魅せる俊介</b></li>
<li>5：<a href="/npb/player?id=400040">坂</a>　外角の真っ直ぐを打つもサードゴロ 1アウト2塁</li>
<li>6：<b class="green">投手交代:岡田→鈴木</b></li>
<li>7：<a href="/npb/player?id=11747">藤井彰</a>　ランナー2塁から外角のストレートを打つもセンターフライ 2アウト3塁</li>
<li>8：<a href="/npb/player?id=500038">能見</a>　一度もバットを振ることなくフォアボールを選ぶ 1,3塁</li>
<li>9：<a href="/npb/player?id=20219">西岡</a>　セカンドゴロ 3アウトチェンジ</li>
</ul>
<div class="score yjS">
<p>得点:<b class="red">2</b> 、 ヒット:<span class="red">2</span> 、 四死球:2</p>
</div>
</div>
<div id="i7" class="item D clearfix"><!--チーム選択--><!--イニングid-->
<div class="title"><h3 class="yjS"><b>7回表</b>　中日の攻撃</h3></div>
<ul>
<li>1：<b class="green">守備変更:俊介→ライト</b></li>
<li>2：<a href="/npb/player?id=11652">井端</a>　センターへのヒットを放つ 1塁</li>
<li>3：<a href="/npb/player?id=10278">谷繁</a>　内角の球を打つもレフトフライ 1アウト</li>
<li>4：<b class="green">バッター鈴木に代わり、夢をかける藤井</b></li>
<li>5：<a href="/npb/player?id=600079">藤井</a>　一度もバットを振ることなくストレートのフォアボールを選ぶ 1,2塁</li>
<li>6：<a href="/npb/player?id=900410">大島</a>　1アウト1,2塁からセンターへのヒットを放つ 満塁</li>
<li>7：<b class="red"><a href="/npb/player?id=11436">荒木</a>　セカンドゴロの間に中日1点をあげる 神5-2中 2アウト1,3塁</b></li>
<li>8：<a href="/npb/player?id=1300004">クラーク</a>　カウント1-2から低めのフォークボールに空振り三振 3アウトチェンジ</li>
</ul>
<div class="score yjS">
<p>得点: <b class="red">1</b>、 ヒット:<span class="red">2</span>、 四死球:1</p>
</div>
      
<div class="anker"><a href="#wrapper">ページトップへ</a></div>
</div>
<div id="ii7" class="item T clearfix"><!--チーム選択--><!--イニングid-->
<div class="title"><h3 class="yjS"><b>7回裏</b>　阪神の攻撃</h3></div>
<ul>
<li>1：<b class="green">投手交代:鈴木→高橋聡</b></li>
<li>2：<a href="/npb/player?id=600003">大和</a>　空振りの三振を喫する 1アウト</li>
<li>3：<a href="/npb/player?id=400001">鳥谷</a>　ハーフスイングを取られて空振りするも、これがワイルドピッチとなり振り逃げ 1塁</li>
<li>4：<a href="/npb/player?id=500612">マートン</a>　ライトへのツーベース 2,3塁</li>
<li>5：<a href="/npb/player?id=11802">新井貴</a>　低めのフォークボールに空振り三振でバッターアウト 2アウト</li>
<li>6：平田(右):ファウルフライを落球</li>
<li>7：<a href="/npb/player?id=1000001">俊介</a>　カウント1-2から外角の落ちる球に空振り三振！決定機を逃す 3アウトチェンジ</li>
</ul>
<div class="score yjS">
<p>得点:0 、 ヒット:<span class="red">1</span> 、 四死球:0</p>
</div>
</div>
<div id="i8" class="item D clearfix"><!--チーム選択--><!--イニングid-->
<div class="title"><h3 class="yjS"><b>8回表</b>　中日の攻撃</h3></div>
<ul>
<li>1：<b class="green">ピッチャー能見に代わって味方を安堵させる安藤がマウンドにあがる</b></li>
<li>2：<a href="/npb/player?id=11558">和田</a>　低めのストレートを打つもセカンドゴロ 1アウト</li>
<li>3：<a href="/npb/player?id=600004">平田</a>　内角のストレートを打つもサードゴロ 2アウト</li>
<li>4：<a href="/npb/player?id=700034">堂上直</a>　センターへのスリーベース 3塁</li>
<li>5：<a href="/npb/player?id=11652">井端</a>　カウント1-2からワンバウンドした球に空振り、三振を喫する 3アウトチェンジ</li>
</ul>
<div class="score yjS">
<p>得点: 0、 ヒット:<span class="red">1</span>、 四死球:0</p>
</div>
      
<div class="anker"><a href="#wrapper">ページトップへ</a></div>
</div>
<div id="ii8" class="item T clearfix"><!--チーム選択--><!--イニングid-->
<div class="title"><h3 class="yjS"><b>8回裏</b>　阪神の攻撃</h3></div>
<ul>
<li>1：<b class="green">投手交代:高橋聡→小林</b></li>
<li>2：<a href="/npb/player?id=400040">坂</a>　センターへの二塁打 2塁</li>
<li>3：<a href="/npb/player?id=11747">藤井彰</a>　見事送りバントを決める 1アウト3塁</li>
<li>4：<b class="green">安藤→代打:関本</b></li>
<li>5：<b class="green">投手交代:小林→小熊</b></li>
<li>6：<a href="/npb/player?id=11534">関本</a>　ファウルフライを平田(右)がつかんでバッターアウト 2アウト</li>
<li>7：<b class="red"><a href="/npb/player?id=20219">西岡</a>　ランナー3塁の0-2からレフトへのタイムリーヒット 神6-2中 1塁</b></li>
<li>8：<a href="/npb/player?id=600003">大和</a>　レフトへのヒットを放つ 1,3塁</li>
<li>9：<a href="/npb/player?id=400001">鳥谷</a>　高めのストレートを打つもライトフライ 3アウトチェンジ</li>
</ul>
<div class="score yjS">
<p>得点:<b class="red">1</b> 、 ヒット:<span class="red">3</span> 、 四死球:0</p>
</div>
</div>
<div id="i9" class="item D clearfix"><!--チーム選択--><!--イニングid-->
<div class="title"><h3 class="yjS"><b>9回表</b>　中日の攻撃</h3></div>
<ul>
<li>1：<b class="green">投手交代:安藤→ボイヤー　守備変更:坂サード→セカンド　守備変更:関本→サード</b></li>
<li>2：<a href="/npb/player?id=10278">谷繁</a>　外角のストレートを打つもセカンドゴロ 1アウト</li>
<li>3：<b class="green">小熊→代打:松井雅</b></li>
<li>4：<a href="/npb/player?id=900411">松井雅</a>　ど真ん中のカーブを打つもセカンドゴロ 2アウト</li>
<li>5：<a href="/npb/player?id=900410">大島</a>　センターへのヒットを放つ</li>
<li>6：大和(中):後逸 2塁</li>
<li>7：<a href="/npb/player?id=11436">荒木</a>　高めのストレートを打つもショートゴロ ゲームセット</li>
<li>8：試合終了</li>
</ul>
<div class="score yjS">
<p>得点: 0、 ヒット:<span class="red">1</span>、 四死球:0</p>
</div>
      
<div class="anker"><a href="#wrapper">ページトップへ</a></div>
</div>
</div>
<!-- テキスト速報 -->

<div id="yads_67572_1441_position_02"></div>
</div><!--/#main-->
<!--main end-->

<!--sub start-->
<div id="sub">
<!-- SpaceID=0 robot -->
<!--/#pos-lrec-->

<!-- 他球団モジュール -->
<div class="yjSNLiveCommonsubtitle"><h4 class="yjS"><span>7/9(火)　そのほかの試合</span></h4></div>
<div id="yjSNLiveOthergame">
<table width=100% cellpadding=0 cellspacing=0 border=0>
<tr><td class=''><a alt='そのほかの試合' href='/npb/game/2013070901/'><dl>
<dt><b>巨</b></dt>
<dd><b>6</b> - 3</dd>
<dt>ヤ</dt>
</dl>
<div class="none">結果</div></a></td>
<td class=''><a alt='そのほかの試合' href='/npb/game/2013070902/'><dl>
<dt>Ｄ</dt>
<dd>2 - <b>4</b></dd>
<dt><b>広</b></dt>
</dl>
<div class="none">結果</div></a></td>
<td class=''><a alt='そのほかの試合' href='/npb/game/2013070904/'><dl>
<dt><b>楽</b></dt>
<dd><b>5</b> - 0</dd>
<dt>日</dt>
</dl>
<div class="none">結果</div></a></td>
</tr><tr><td class=''><a alt='そのほかの試合' href='/npb/game/2013070905/'><dl>
<dt>西</dt>
<dd>4 - <b>5</b></dd>
<dt><b>ソ</b></dt>
</dl>
<div class="none">結果</div></a></td>
<td class=''><a alt='そのほかの試合' href='/npb/game/2013070906/'><dl>
<dt>ロ</dt>
<dd>3 - 3</dd>
<dt>オ</dt>
</dl>
<div class="none">結果</div></a></td>
<td class='act'><dl>
<dt><b>神</b></dt>
<dd><b>6</b> - 2</dd>
<dt>中</dt>
</dl>
<div>観戦中</div></td>
</tr></table>
</div>

<!-- /他球団モジュール -->
<!--打順-->
<div class="yjSNLiveCommonsubtitle"><h4 class="yjS"><span>打順</span></h4></div>
<div id="yjSNLiveBattinglist" class="clearfix">

<table class="column-left" width=100% cellpadding=0 cellspacing=0 border=0>
<tr class="teamborder">
<th colspan=3 class="D">&nbsp;</th>
<th colspan=3 class="T">&nbsp;</th>
</tr>
<tr class="teamlogo">
<th colspan=3 class="D"><a href="/npb/teams/4/">中日</a></th>
<th colspan=3 class="T"><a href="/npb/teams/5/">阪神</a></th>
</tr>

<tr>
<td class="nm">1</td>
<td>中</td>
<td class="pn"><a href="/npb/player?id=900410">大島洋平</a></td>
<td class="nm">1</td>
<td>投</td>
<td class="pn"><a href="/npb/player?id=1300014">ボイヤー</a></td>
</tr>
<tr>
<td class="nm act">2</td>
<td class="act">二</td>
<td class="pn act"><a href="/npb/player?id=11436">荒木雅博</a></td>
<td class="nm">2</td>
<td>中</td>
<td class="pn"><a href="/npb/player?id=600003">大和</a></td>
</tr>
<tr>
<td class="nm">3</td>
<td>一</td>
<td class="pn"><a href="/npb/player?id=1300004">クラーク</a></td>
<td class="nm">3</td>
<td>遊</td>
<td class="pn"><a href="/npb/player?id=400001">鳥谷敬</a></td>
</tr>
<tr>
<td class="nm">4</td>
<td>左</td>
<td class="pn"><a href="/npb/player?id=11558">和田一浩</a></td>
<td class="nm">4</td>
<td>左</td>
<td class="pn"><a href="/npb/player?id=500612">マートン</a></td>
</tr>
<tr>
<td class="nm">5</td>
<td>右</td>
<td class="pn"><a href="/npb/player?id=600004">平田良介</a></td>
<td class="nm">5</td>
<td>一</td>
<td class="pn"><a href="/npb/player?id=11802">新井貴浩</a></td>
</tr>
<tr>
<td class="nm">6</td>
<td>三</td>
<td class="pn"><a href="/npb/player?id=700034">堂上直倫</a></td>
<td class="nm">6</td>
<td>右</td>
<td class="pn"><a href="/npb/player?id=1000001">俊介</a></td>
</tr>
<tr>
<td class="nm">7</td>
<td>遊</td>
<td class="pn"><a href="/npb/player?id=11652">井端弘和</a></td>
<td class="nm">7</td>
<td>二</td>
<td class="pn"><a href="/npb/player?id=400040">坂克彦</a></td>
</tr>
<tr>
<td class="nm">8</td>
<td>捕</td>
<td class="pn"><a href="/npb/player?id=10278">谷繁元信</a></td>
<td class="nm">8</td>
<td>捕</td>
<td class="pn"><a href="/npb/player?id=11747">藤井彰人</a></td>
</tr>
<tr>
<td class="nm">9</td>
<td>代</td>
<td class="pn"><a href="/npb/player?id=900411">松井雅人</a></td>
<td class="nm">9</td>
<td>三</td>
<td class="pn"><a href="/npb/player?id=11534">関本賢太郎</a></td>
</tr>

</table>

</div>

<!--打順-->

<!--ゲーム差-->
<!--ゲーム差-->


<!--球団情報-->

<!-- /新IM -->

</div><!--/#contents-body-->

 
</div><!-- Facebook -->
<div id="fb-root"></div>
<!-- / Facebook -->
</body>
</html>
