<!DOCTYPE html PUBLIC "-//W3C//DTD XHTML 1.0 Transitional//EN" "http://www.w3.org/TR/xhtml1/DTD/xhtml1-transitional.dtd">
<html lang="ja" xmlns:og="http://ogp.me/ns#" xmlns:mixi="http://mixi-platform.com/ns#" xmlns:fb="http://www.facebook.com/2008/fbml">
<head>
<!---京--->
<meta http-equiv="Content-Type" content="text/html; charset=utf-8">
<meta http-equiv="Content-Style-Type" content="text/css">
<meta http-equiv="Content-Script-Type" content="text/javascript">
<title>Yahoo!スポーツ - プロ野球</title>
<meta name="description" content="オリックス vs 西武のテキスト速報。一球速報、結果、セ・リーグ、パ・リーグの日程、順位、個人成績、プロ野球に関連した最新ニュース、写真ニュースなどの情報が満載な、Yahoo!スポーツ プロ野球サイトのテキスト速報ページです。">
<meta name="keywords" content="テキスト速報,速報,中継,オリックス,西武,プロ野球,野球">
<link rel="stylesheet" href="http://i.yimg.jp/images/sports/baseball/npb/live/css/master-npb-live-common.css" type="text/css" media="all">
<link rel="stylesheet" href="http://i.yimg.jp/images/sports/baseball/npb/css/master-npb-common.css" type="text/css" media="all">


<meta property="og:title"       content="Yahoo!プロ野球 - 2013年7月2日 オリックスvs.西武 テキスト速報" />
<meta property="og:type"        content="website" />
<meta property="og:url"         content="http://baseball.yahoo.co.jp/npb/game/2013070205/text" /> 
<meta property="og:image"       content="http://i.yimg.jp/images/sports/promo/pc/facebook/baseball_76x76.png" />
<meta property="og:site_name"   content="Yahoo!スポーツ" />
<meta property="og:description" content="" />
<meta property="og:locale"      content="ja_JP" />
<meta property="fb:app_id"      content="215456371901325" />
<link rel="apple-touch-icon" href="http://i.yimg.jp/images/sports/promo/pc/facebook/baseball.png">
<script type="text/javascript" src="http://i.yimg.jp/images/sports/js/jquery-1.3.2.min.js"></script><script type="text/javascript" src="http://i.yimg.jp/images/sports/v1/js/sports.global-1.1.1.js"></script>
</head>
<body class="yj950-2">

<div id="wrapper"><div id="contents-body" class="yjSNLive">
<!--main start-->
<div id="main">

<!-- ローカルナビ -->
<div id="ch-navi" class="clearfix mb5p">
<ul class="clearfix">

<li><span><a href="/npb/game/2013070205/top"">試合トップ</a></span></li><!--ナビアクティブ-->

<li class="gray"><span><a>一球速報</a></span></li>


<li class="on"><span><a>テキスト速報</a></span></li>


<li><span><a href="/npb/game/2013070205/stats">投打詳細</a></span></li>

 
<li><span><a href="http://rd.yahoo.co.jp/media/sports/baseball/npb/live/tab/comment/SIG=11u6ban3i/*http%3A//textream.yahoo.co.jp/rd/sports/npb/?game=2013070205">コメント</a></span></li>


</ul>
<em><a href="/npb/schedule/?date=20130702">7月2日（火）</a>オリックス vs. 西武</em>
</div>

<!-- /ローカルナビ -->

<!-- スコアボード -->
<div id="yjSNLiveTextscoreboard">

<div class="inner">
<table width="100%" cellspacing="0" cellpadding="0" border="0">

<tbody><tr class="chs-title yjS">
<th>&nbsp;</th>
<th>1</th>
<th>2</th>
<th>3</th>
<th>4</th>
<th>5</th>
<th>6</th>
<th>7</th>
<th>8</th>
<th>9</th>
<th>計</th>
<th>安</th>
<th>失</th>
</tr>
<tr class="yjMS">
<th class="L">
<b><a href="/npb/teams/7/">西武</a></b></th><!--チーム選択-->


<td>
<a href=http://rd.yahoo.co.jp/media/sports/baseball/npb/live/sokuho/SIG=11oboe6uj/*http%3A//baseball.yahoo.co.jp/npb/game/2013070205/text#i1>0</a>
</td>
<td>
<a href=http://rd.yahoo.co.jp/media/sports/baseball/npb/live/sokuho/SIG=11oboe6uj/*http%3A//baseball.yahoo.co.jp/npb/game/2013070205/text#i2>1</a>
</td>
<td>
<a href=http://rd.yahoo.co.jp/media/sports/baseball/npb/live/sokuho/SIG=11oboe6uj/*http%3A//baseball.yahoo.co.jp/npb/game/2013070205/text#i3>0</a>
</td>
<td>
<a href=http://rd.yahoo.co.jp/media/sports/baseball/npb/live/sokuho/SIG=11oboe6uj/*http%3A//baseball.yahoo.co.jp/npb/game/2013070205/text#i4>0</a>
</td>
<td>
<a href=http://rd.yahoo.co.jp/media/sports/baseball/npb/live/sokuho/SIG=11oboe6uj/*http%3A//baseball.yahoo.co.jp/npb/game/2013070205/text#i5>0</a>
</td>
<td>
<a href=http://rd.yahoo.co.jp/media/sports/baseball/npb/live/sokuho/SIG=11oboe6uj/*http%3A//baseball.yahoo.co.jp/npb/game/2013070205/text#i6>0</a>
</td>
<td>
<a href=http://rd.yahoo.co.jp/media/sports/baseball/npb/live/sokuho/SIG=11oboe6uj/*http%3A//baseball.yahoo.co.jp/npb/game/2013070205/text#i7>0</a>
</td>
<td>
<a href=http://rd.yahoo.co.jp/media/sports/baseball/npb/live/sokuho/SIG=11oboe6uj/*http%3A//baseball.yahoo.co.jp/npb/game/2013070205/text#i8>1</a>
</td>
<td>
<a href=http://rd.yahoo.co.jp/media/sports/baseball/npb/live/sokuho/SIG=11oboe6uj/*http%3A//baseball.yahoo.co.jp/npb/game/2013070205/text#i9>1</a>
</td>
<td class="sum">3</td>
<td class="fwn">9</td>
<td class="fwn">1</td>
</tr>
<tr class="yjMS">
<th class="Bs">

<b><a href="/npb/teams/11/">オリックス</a></b></th><!--チーム選択-->
<td>
<a href=http://rd.yahoo.co.jp/media/sports/baseball/npb/live/sokuho/SIG=11oboe6uj/*http%3A//baseball.yahoo.co.jp/npb/game/2013070205/text#ii1>0</a>
</td>
<td>
<a href=http://rd.yahoo.co.jp/media/sports/baseball/npb/live/sokuho/SIG=11oboe6uj/*http%3A//baseball.yahoo.co.jp/npb/game/2013070205/text#ii2>1</a>
</td>
<td>
<a href=http://rd.yahoo.co.jp/media/sports/baseball/npb/live/sokuho/SIG=11oboe6uj/*http%3A//baseball.yahoo.co.jp/npb/game/2013070205/text#ii3>0</a>
</td>
<td>
<a href=http://rd.yahoo.co.jp/media/sports/baseball/npb/live/sokuho/SIG=11oboe6uj/*http%3A//baseball.yahoo.co.jp/npb/game/2013070205/text#ii4>0</a>
</td>
<td>
<a href=http://rd.yahoo.co.jp/media/sports/baseball/npb/live/sokuho/SIG=11oboe6uj/*http%3A//baseball.yahoo.co.jp/npb/game/2013070205/text#ii5>0</a>
</td>
<td>
<a href=http://rd.yahoo.co.jp/media/sports/baseball/npb/live/sokuho/SIG=11oboe6uj/*http%3A//baseball.yahoo.co.jp/npb/game/2013070205/text#ii6>1</a>
</td>
<td>
<a href=http://rd.yahoo.co.jp/media/sports/baseball/npb/live/sokuho/SIG=11oboe6uj/*http%3A//baseball.yahoo.co.jp/npb/game/2013070205/text#ii7>1</a>
</td>
<td>
<a href=http://rd.yahoo.co.jp/media/sports/baseball/npb/live/sokuho/SIG=11oboe6uj/*http%3A//baseball.yahoo.co.jp/npb/game/2013070205/text#ii8>1</a>
</td>
<td>
<a href=http://rd.yahoo.co.jp/media/sports/baseball/npb/live/sokuho/SIG=11oboe6uj/*http%3A//baseball.yahoo.co.jp/npb/game/2013070205/text#ii9>X</a>
</td>
<td class="sum">4</td>
<td class="fwn">8</td>
<td class="fwn">1</td>
</tr>

</tbody></table>
</div>


<div class="navi clearfix">

<div class="column-left">
</div>

<div class="column-right">

<div class="reflesh clearfix">
<ul class="clearfix">
<li class="auto" title="自動更新"><a id="btn_auto" href="http://rd.yahoo.co.jp/media/sports/baseball/npb/live/auto/SIG=11oboe6uj/*http%3A//baseball.yahoo.co.jp/npb/game/2013070205/text?manual=2"><i>自動更新</i></a></li>
<li class="manual-on" title="手動更新"><a><i>手動更新</i></a></li>
<li title="更新" class="btn_reflesh"><a href="http://rd.yahoo.co.jp/media/sports/baseball/npb/live/refresh/SIG=11oboe6uj/*http%3A//baseball.yahoo.co.jp/npb/game/2013070205/text?manual=1"><i>更新</i></a></li>
</ul>
<em>自動更新：30秒</em>
</div>

</div>
</div>

</div>
<!-- /スコアボード -->


<!-- テキスト速報 -->
<div class="yjSportsCommonTitle"><h3 class="yjS"><span><strong>テキスト速報</strong></span></h3></div><div id="yjSNLiveTextlive" class="yjMS">

<div id="i1" class="item L clearfix"><!--チーム選択--><!--イニングid-->
<div class="title"><h3 class="yjS"><b>1回表</b>　西武の攻撃</h3></div>
<ul>
<li>1：試合開始</li>
<li>2：<a href="/npb/player?id=1200011">ヘルマン</a>　ワンバウンドした球に空振り、三振を喫する 1アウト</li>
<li>3：<a href="/npb/player?id=1200083">金子</a>　内角のストレートを見送りフォアボールを選ぶ 1塁</li>
<li>4：<a href="/npb/player?id=12102">栗山</a>　外角のフォークボールに空振り三振 2アウト</li>
<li>5：一塁走者金子:盗塁成功 2塁</li>
<li>6：<a href="/npb/player?id=900056">浅村</a>　一打先制の場面で外角の真っ直ぐに空振り三振！決定機を逃す 3アウトチェンジ</li>
</ul>
<div class="score yjS">
<p>得点: 0、 ヒット:0、 四死球:1</p>
</div>
      
<div class="anker"><a href="#wrapper">ページトップへ</a></div>
</div>
<div id="yads_67572_1441_position_01"></div><div id="ii1" class="item Bs clearfix"><!--チーム選択--><!--イニングid-->
<div class="title"><h3 class="yjS"><b>1回裏</b>　オリックスの攻撃</h3></div>
<ul>
<li>1：<a href="/npb/player?id=1000108">駿太</a>　高めのスライダーを打つもセンターフライ 1アウト</li>
<li>2：<a href="/npb/player?id=700067">原拓</a>　内角のストレートを打つもライトフライ 2アウト</li>
<li>3：<a href="/npb/player?id=400057">糸井</a>　ど真ん中のストレートを打つもライトフライ 3アウトチェンジ</li>
</ul>
<div class="score yjS">
<p>得点:0 、 ヒット:0 、 四死球:0</p>
</div>
</div>
<div id="i2" class="item L clearfix"><!--チーム選択--><!--イニングid-->
<div class="title"><h3 class="yjS"><b>2回表</b>　西武の攻撃</h3></div>
<ul>
<li>1：<a href="/npb/player?id=1000150">秋山</a>　ライトへのヒットを放つ 1塁</li>
<li>2：<a href="/npb/player?id=700077">大崎</a>　送りバントを試みるもフライとなりアウト 1アウト</li>
<li>3：一塁走者秋山:盗塁成功 2塁</li>
<li>4：<a href="/npb/player?id=1200125">スピリー</a>　ど真ん中のフォークボールに空振り三振でバッターアウト 2アウト</li>
<li>5：<a href="/npb/player?id=600026">炭谷</a>　一度もバットを振ることなくストレートのフォアボールを選ぶ 1,2塁</li>
<li>6：<a href="/npb/player?id=800015">鬼崎</a>　内角のストレートを見送りフォアボールを選ぶ 満塁</li>
<li>7：<b class="red"><a href="/npb/player?id=1200011">ヘルマン</a>　2アウト満塁の3-2から押し出しのフォアボール オ0-1西 満塁</b></li>
<li>8：<a href="/npb/player?id=1200083">金子</a>　カウント1-2からワンバウンドした球を空振り三振 3アウトチェンジ</li>
</ul>
<div class="score yjS">
<p>得点: <b class="red">1</b>、 ヒット:<span class="red">1</span>、 四死球:3</p>
</div>
      
<div class="anker"><a href="#wrapper">ページトップへ</a></div>
</div>
<div id="ii2" class="item Bs clearfix"><!--チーム選択--><!--イニングid-->
<div class="title"><h3 class="yjS"><b>2回裏</b>　オリックスの攻撃</h3></div>
<ul>
<li>1：<a href="/npb/player?id=700389">李大浩</a>　フェンス直撃のツーベースを放つ 2塁</li>
<li>2：<a href="/npb/player?id=20199">坂口</a>　外角の変化球を打つもファーストゴロ 1アウト3塁</li>
<li>3：<a href="/npb/player?id=800103">バルディリス</a>　高めのつり球に空振り三振 2アウト</li>
<li>4：<a href="/npb/player?id=12129">後藤</a>　外角のシュートを見送りフォアボールを選ぶ 1,3塁</li>
<li>5：<b class="red"><a href="/npb/player?id=600024">Ｔ－岡田</a>　ランナー1,3塁からレフトへのタイムリーツーベースでオリックス同点 オ1-1西 2,3塁</b></li>
<li>6：<a href="/npb/player?id=800075">伊藤</a>　ランナー2,3塁から外角のスライダーを打つもレフトフライ 3アウトチェンジ</li>
</ul>
<div class="score yjS">
<p>得点:<b class="red">1</b> 、 ヒット:<span class="red">2</span> 、 四死球:1</p>
</div>
</div>
<div id="i3" class="item L clearfix"><!--チーム選択--><!--イニングid-->
<div class="title"><h3 class="yjS"><b>3回表</b>　西武の攻撃</h3></div>
<ul>
<li>1：<a href="/npb/player?id=12102">栗山</a>　内角のスライダーを打つもサードフライ 1アウト</li>
<li>2：<a href="/npb/player?id=900056">浅村</a>　ショートへの内野安打 1塁</li>
<li>3：<a href="/npb/player?id=1000150">秋山</a>　外角のシュートを打つもレフトフライ 2アウト</li>
<li>4：<a href="/npb/player?id=700077">大崎</a>　内角の真っ直ぐを打つもライトフライ 3アウトチェンジ</li>
</ul>
<div class="score yjS">
<p>得点: 0、 ヒット:<span class="red">1</span>、 四死球:0</p>
</div>
      
<div class="anker"><a href="#wrapper">ページトップへ</a></div>
</div>
<div id="ii3" class="item Bs clearfix"><!--チーム選択--><!--イニングid-->
<div class="title"><h3 class="yjS"><b>3回裏</b>　オリックスの攻撃</h3></div>
<ul>
<li>1：<a href="/npb/player?id=1000108">駿太</a>　外角のチェンジアップを打つもファーストゴロ 1アウト</li>
<li>2：<a href="/npb/player?id=700067">原拓</a>　内角の真っ直ぐを打つもファーストゴロ 2アウト</li>
<li>3：<a href="/npb/player?id=400057">糸井</a>　高めのスライダーを打つもセカンドゴロ 3アウトチェンジ</li>
</ul>
<div class="score yjS">
<p>得点:0 、 ヒット:0 、 四死球:0</p>
</div>
</div>
<div id="i4" class="item L clearfix"><!--チーム選択--><!--イニングid-->
<div class="title"><h3 class="yjS"><b>4回表</b>　西武の攻撃</h3></div>
<ul>
<li>1：<a href="/npb/player?id=1200125">スピリー</a>　高めのシュートを打つもセカンドゴロ 1アウト</li>
<li>2：<a href="/npb/player?id=600026">炭谷</a>　ハーフスイングを取られて空振りの三振を喫する 2アウト</li>
<li>3：<a href="/npb/player?id=800015">鬼崎</a>　センターへのヒットを放つ 1塁</li>
<li>4：<a href="/npb/player?id=1200011">ヘルマン</a>　内角の真っ直ぐをレフトへ打ってヒット 1,3塁</li>
<li>5：<a href="/npb/player?id=1200083">金子</a>　カウント0-2から外角のフォークボールに空振り三振！決定機を逃す 3アウトチェンジ</li>
</ul>
<div class="score yjS">
<p>得点: 0、 ヒット:<span class="red">2</span>、 四死球:0</p>
</div>
      
<div class="anker"><a href="#wrapper">ページトップへ</a></div>
</div>
<div id="ii4" class="item Bs clearfix"><!--チーム選択--><!--イニングid-->
<div class="title"><h3 class="yjS"><b>4回裏</b>　オリックスの攻撃</h3></div>
<ul>
<li>1：<a href="/npb/player?id=700389">李大浩</a>　ヘルマン(三)の後逸により出塁する 1塁</li>
<li>2：<a href="/npb/player?id=20199">坂口</a>　外角のストレートを打つも1-6-3のダブルプレー 2アウト</li>
<li>3：<a href="/npb/player?id=800103">バルディリス</a>　低めの変化球を打つもサードゴロ 3アウトチェンジ</li>
</ul>
<div class="score yjS">
<p>得点:0 、 ヒット:0 、 四死球:0</p>
</div>
</div>
<div id="i5" class="item L clearfix"><!--チーム選択--><!--イニングid-->
<div class="title"><h3 class="yjS"><b>5回表</b>　西武の攻撃</h3></div>
<ul>
<li>1：<a href="/npb/player?id=12102">栗山</a>　外角の落ちる球を打つもセカンドゴロ 1アウト</li>
<li>2：<a href="/npb/player?id=900056">浅村</a>　内角の真っ直ぐを打つもライトフライ 2アウト</li>
<li>3：<a href="/npb/player?id=1000150">秋山</a>　外角の落ちる球を打つもショートゴロ 3アウトチェンジ</li>
</ul>
<div class="score yjS">
<p>得点: 0、 ヒット:0、 四死球:0</p>
</div>
      
<div class="anker"><a href="#wrapper">ページトップへ</a></div>
</div>
<div id="ii5" class="item Bs clearfix"><!--チーム選択--><!--イニングid-->
<div class="title"><h3 class="yjS"><b>5回裏</b>　オリックスの攻撃</h3></div>
<ul>
<li>1：<a href="/npb/player?id=12129">後藤</a>　内角のスライダーを打つもライトフライ 1アウト</li>
<li>2：<a href="/npb/player?id=600024">Ｔ－岡田</a>　センターへポテンヒットを放つ 1塁</li>
<li>3：<a href="/npb/player?id=800075">伊藤</a>　見事送りバントを成功させる 2アウト2塁</li>
<li>4：<a href="/npb/player?id=1000108">駿太</a>　ランナー2塁から外角の真っ直ぐを打つもレフトフライ 3アウトチェンジ</li>
</ul>
<div class="score yjS">
<p>得点:0 、 ヒット:<span class="red">1</span> 、 四死球:0</p>
</div>
</div>
<div id="i6" class="item L clearfix"><!--チーム選択--><!--イニングid-->
<div class="title"><h3 class="yjS"><b>6回表</b>　西武の攻撃</h3></div>
<ul>
<li>1：<a href="/npb/player?id=700077">大崎</a>　外角のカーブに空振り三振 1アウト</li>
<li>2：<a href="/npb/player?id=1200125">スピリー</a>　外角のストレートを見送りフォアボールを選ぶ 1塁</li>
<li>3：<a href="/npb/player?id=600026">炭谷</a>　高めのチェンジアップを打つもショートゴロ 2アウト1塁</li>
<li>4：<a href="/npb/player?id=800015">鬼崎</a>　内角の変化球を打つもセンターフライ 3アウトチェンジ</li>
</ul>
<div class="score yjS">
<p>得点: 0、 ヒット:0、 四死球:1</p>
</div>
      
<div class="anker"><a href="#wrapper">ページトップへ</a></div>
</div>
<div id="ii6" class="item Bs clearfix"><!--チーム選択--><!--イニングid-->
<div class="title"><h3 class="yjS"><b>6回裏</b>　オリックスの攻撃</h3></div>
<ul>
<li>1：<a href="/npb/player?id=700067">原拓</a>　叩きつける打球で内野安打 1塁</li>
<li>2：<b class="red"><a href="/npb/player?id=400057">糸井</a>　カウント1-1からセンターへの勝ち越しタイムリーツーベース！ オ2-1西 2塁</b></li>
<li>3：<a href="/npb/player?id=700389">李大浩</a>　一度もバットを振ることなくストレートのフォアボールを選ぶ 1,2塁</li>
<li>4：<a href="/npb/player?id=20199">坂口</a>　見事送りバントを成功させる 1アウト2,3塁</li>
<li>5：<a href="/npb/player?id=800103">バルディリス</a>　一度もバットを振ることなくストレートのフォアボールを選ぶ 満塁</li>
<li>6：<a href="/npb/player?id=12129">後藤</a>　内角のストレートを打つもライトフライ 2アウト</li>
<li>7：<a href="/npb/player?id=600024">Ｔ－岡田</a>　ど真ん中のストレートを打つもセンターフライ 3アウトチェンジ</li>
</ul>
<div class="score yjS">
<p>得点:<b class="red">1</b> 、 ヒット:<span class="red">2</span> 、 四死球:2</p>
</div>
</div>
<div id="i7" class="item L clearfix"><!--チーム選択--><!--イニングid-->
<div class="title"><h3 class="yjS"><b>7回表</b>　西武の攻撃</h3></div>
<ul>
<li>1：<a href="/npb/player?id=1200011">ヘルマン</a>　外角のストレートを打つもセカンドゴロ 1アウト</li>
<li>2：<a href="/npb/player?id=1200083">金子</a>　高めのスライダーを打つもレフトフライ 2アウト</li>
<li>3：<a href="/npb/player?id=12102">栗山</a>　センターへのヒットを放つ 1塁</li>
<li>4：<a href="/npb/player?id=900056">浅村</a>　ど真ん中の真っ直ぐを打つもライトフライ 3アウトチェンジ</li>
</ul>
<div class="score yjS">
<p>得点: 0、 ヒット:<span class="red">1</span>、 四死球:0</p>
</div>
      
<div class="anker"><a href="#wrapper">ページトップへ</a></div>
</div>
<div id="ii7" class="item Bs clearfix"><!--チーム選択--><!--イニングid-->
<div class="title"><h3 class="yjS"><b>7回裏</b>　オリックスの攻撃</h3></div>
<ul>
<li>1：<a href="/npb/player?id=800075">伊藤</a>　低めのチェンジアップを打つもセンターフライ 1アウト</li>
<li>2：<b class="red"><a href="/npb/player?id=1000108">駿太</a>　フルカウントからライトスタンドへのホームラン オ3-1西</b></li>
<li>3：<a href="/npb/player?id=700067">原拓</a>　外角のスライダーに空振り三振でバッターアウト 2アウト</li>
<li>4：<a href="/npb/player?id=400057">糸井</a>　一度もバットを振ることなくストレートのフォアボールを選ぶ 1塁</li>
<li>5：<a href="/npb/player?id=700389">李大浩</a>　外角のスライダーを打つもライトフライ 3アウトチェンジ</li>
</ul>
<div class="score yjS">
<p>得点:<b class="red">1</b> 、 ヒット:<span class="red">1</span> 、 四死球:1</p>
</div>
</div>
<div id="i8" class="item L clearfix"><!--チーム選択--><!--イニングid-->
<div class="title"><h3 class="yjS"><b>8回表</b>　西武の攻撃</h3></div>
<ul>
<li>1：<b class="green">ピッチャー金子千尋に代わって佐藤達がマウンドにあがる</b></li>
<li>2：<a href="/npb/player?id=1000150">秋山</a>　ファウルフライをバルディリス(三)がつかんでバッターアウト 1アウト</li>
<li>3：<a href="/npb/player?id=700077">大崎</a>　ハーフスイングを取られて空振り三振 2アウト</li>
<li>4：<a href="/npb/player?id=1200125">スピリー</a>　粘りを見せて8球目に四球を選ぶ 1塁</li>
<li>5：<b class="green">炭谷→代打:上本</b></li>
<li>6：<a href="/npb/player?id=20191">上本</a>　ライトへのヒットを放つ 1,3塁</li>
<li>7：<b class="red"><a href="/npb/player?id=800015">鬼崎</a>　ランナー1,3塁の2-2からサードへのタイムリー内野安打 オ3-2西 1,2塁</b></li>
<li>8：<b class="green">2塁上本→代走:林崎</b></li>
<li>9：<a href="/npb/player?id=1200011">ヘルマン</a>　ファウルフライを李大浩(一)が捕球してバッターアウト 3アウトチェンジ</li>
</ul>
<div class="score yjS">
<p>得点: <b class="red">1</b>、 ヒット:<span class="red">2</span>、 四死球:1</p>
</div>
      
<div class="anker"><a href="#wrapper">ページトップへ</a></div>
</div>
<div id="ii8" class="item Bs clearfix"><!--チーム選択--><!--イニングid-->
<div class="title"><h3 class="yjS"><b>8回裏</b>　オリックスの攻撃</h3></div>
<ul>
<li>1：<b class="green">ピッチャー牧田に代わって川崎がマウンドにあがる　守備交代:キャッチャー星孝</b></li>
<li>2：<a href="/npb/player?id=20199">坂口</a>　センターへの二塁打 2塁</li>
<li>3：<a href="/npb/player?id=800103">バルディリス</a>　外角のチェンジアップを打つもセカンドフライ 1アウト</li>
<li>4：<b class="green">後藤→代打:山本</b></li>
<li>5：<b class="green">ピッチャー川崎に代わって「速球派リリーフ」増田がマウンドにあがる</b></li>
<li>6：<a href="/npb/player?id=900019">山本</a>　空振りの三振を喫する 2アウト</li>
<li>7：<b class="red"><a href="/npb/player?id=600024">Ｔ－岡田</a>　ランナー2塁の2-1からセンターへのタイムリーヒット オ4-2西 1塁</b></li>
<li>8：<b class="green">1塁走者Ｔ－岡田に代わり、「快速ソルジャー」深江</b></li>
<li>9：<a href="/npb/player?id=800075">伊藤</a>　一度もバットを振ることなくフォアボールを選ぶ 1,2塁</li>
<li>10：<a href="/npb/player?id=1000108">駿太</a>　高めの変化球を打つもセンターフライ 3アウトチェンジ</li>
</ul>
<div class="score yjS">
<p>得点:<b class="red">1</b> 、 ヒット:<span class="red">2</span> 、 四死球:1</p>
</div>
</div>
<div id="i9" class="item L clearfix"><!--チーム選択--><!--イニングid-->
<div class="title"><h3 class="yjS"><b>9回表</b>　西武の攻撃</h3></div>
<ul>
<li>1：<b class="green">ピッチャー佐藤達に代わって平野佳がマウンドにあがる　堅守を見せる安達がショートの守備につく　守備変更:原拓ショート→セカンド　守備変更:山本→サード</b></li>
<li>2：<a href="/npb/player?id=1200083">金子</a>　センターへのヒットで出塁 1塁</li>
<li>3：<a href="/npb/player?id=12102">栗山</a>　レフトへのヒットを放つ 1,2塁</li>
<li>4：<a href="/npb/player?id=900056">浅村</a>　内角のストレートに見逃し三振 1アウト</li>
<li>5：<b class="red"><a href="/npb/player?id=1000150">秋山</a>　ショートゴロの間に西武1点をあげる</b></li>
<li>6：<b class="red">原拓(二):送球ミス オ4-3西 2アウト1塁</b></li>
<li>7：<a href="/npb/player?id=700077">大崎</a>　一発出れば逆転の場面で外角のストレートを打つもピッチャーゴロ ゲームセット</li>
<li>8：試合終了</li>
</ul>
<div class="score yjS">
<p>得点: <b class="red">1</b>、 ヒット:<span class="red">2</span>、 四死球:0</p>
</div>
      
<div class="anker"><a href="#wrapper">ページトップへ</a></div>
</div>
</div>
<!-- テキスト速報 -->

<div id="yads_67572_1441_position_02"></div>
</div><!--/#main-->
<!--main end-->

<!--sub start-->
<div id="sub">
<!-- SpaceID=0 robot -->
<!--/#pos-lrec-->

<!-- 他球団モジュール -->
<div class="yjSNLiveCommonsubtitle"><h4 class="yjS"><span>7/2(火)　そのほかの試合</span></h4></div>
<div id="yjSNLiveOthergame">
<table width=100% cellpadding=0 cellspacing=0 border=0>
<tr><td class=''><a alt='そのほかの試合' href='/npb/game/2013070201/'><dl>
<dt>Ｄ</dt>
<dd>0 - <b>5</b></dd>
<dt><b>ヤ</b></dt>
</dl>
<div class="none">結果</div></a></td>
<td class=''><a alt='そのほかの試合' href='/npb/game/2013070202/'><dl>
<dt>中</dt>
<dd>5 - <b>8</b></dd>
<dt><b>広</b></dt>
</dl>
<div class="none">結果</div></a></td>
<td class=''><a alt='そのほかの試合' href='/npb/game/2013070203/'><dl>
<dt>神</dt>
<dd>2 - <b>3</b></dd>
<dt><b>巨</b></dt>
</dl>
<div class="none">結果</div></a></td>
</tr><tr><td class=''><a alt='そのほかの試合' href='/npb/game/2013070204/'><dl>
<dt><b>楽</b></dt>
<dd><b>7</b> - 0</dd>
<dt>ロ</dt>
</dl>
<div class="none">結果</div></a></td>
<td class='act'><dl>
<dt><b>オ</b></dt>
<dd><b>4</b> - 3</dd>
<dt>西</dt>
</dl>
<div>観戦中</div></td>
<td class='nogame'>&nbsp;</td></tr></table>
</div>

<!-- /他球団モジュール -->
<!--打順-->
<div class="yjSNLiveCommonsubtitle"><h4 class="yjS"><span>打順</span></h4></div>
<div id="yjSNLiveBattinglist" class="clearfix">

<table class="column-left" width=100% cellpadding=0 cellspacing=0 border=0>
<tr class="teamborder">
<th colspan=3 class="L">&nbsp;</th>
<th colspan=3 class="Bs">&nbsp;</th>
</tr>
<tr class="teamlogo">
<th colspan=3 class="L"><a href="/npb/teams/7/">西武</a></th>
<th colspan=3 class="Bs"><a href="/npb/teams/11/">オリックス</a></th>
</tr>

<tr>
<td class="nm">1</td>
<td>三</td>
<td class="pn"><a href="/npb/player?id=1200011">ヘルマン</a></td>
<td class="nm">1</td>
<td>中</td>
<td class="pn"><a href="/npb/player?id=1000108">駿太</a></td>
</tr>
<tr>
<td class="nm">2</td>
<td>二</td>
<td class="pn"><a href="/npb/player?id=1200083">金子侑司</a></td>
<td class="nm">2</td>
<td>二</td>
<td class="pn"><a href="/npb/player?id=700067">原拓也</a></td>
</tr>
<tr>
<td class="nm">3</td>
<td>左</td>
<td class="pn"><a href="/npb/player?id=12102">栗山巧</a></td>
<td class="nm">3</td>
<td>右</td>
<td class="pn"><a href="/npb/player?id=400057">糸井嘉男</a></td>
</tr>
<tr>
<td class="nm">4</td>
<td>一</td>
<td class="pn"><a href="/npb/player?id=900056">浅村栄斗</a></td>
<td class="nm">4</td>
<td>一</td>
<td class="pn"><a href="/npb/player?id=700389">李大浩</a></td>
</tr>
<tr>
<td class="nm">5</td>
<td>中</td>
<td class="pn"><a href="/npb/player?id=1000150">秋山翔吾</a></td>
<td class="nm">5</td>
<td>左</td>
<td class="pn"><a href="/npb/player?id=20199">坂口智隆</a></td>
</tr>
<tr>
<td class="nm act">6</td>
<td class="act">指</td>
<td class="pn act"><a href="/npb/player?id=700077">大崎雄太朗</a></td>
<td class="nm">6</td>
<td>遊</td>
<td class="pn"><a href="/npb/player?id=1100105">安達了一</a></td>
</tr>
<tr>
<td class="nm">7</td>
<td>右</td>
<td class="pn"><a href="/npb/player?id=1200125">スピリー</a></td>
<td class="nm">7</td>
<td>三</td>
<td class="pn"><a href="/npb/player?id=900019">山本和作</a></td>
</tr>
<tr>
<td class="nm">8</td>
<td>捕</td>
<td class="pn"><a href="/npb/player?id=500036">星孝典</a></td>
<td class="nm">8</td>
<td>指</td>
<td class="pn"><a href="/npb/player?id=1000112">深江真登</a></td>
</tr>
<tr>
<td class="nm">9</td>
<td>遊</td>
<td class="pn"><a href="/npb/player?id=800015">鬼崎裕司</a></td>
<td class="nm">9</td>
<td>捕</td>
<td class="pn"><a href="/npb/player?id=800075">伊藤光</a></td>
</tr>

</table>

</div>

<!--打順-->

<!--ゲーム差-->
<!--ゲーム差-->


<!--球団情報-->

<!-- /新IM -->

</div><!--/#contents-body-->

 
</div><!-- Facebook -->
<div id="fb-root"></div>
<!-- / Facebook -->
</body>
</html>
