<!DOCTYPE html PUBLIC "-//W3C//DTD XHTML 1.0 Transitional//EN" "http://www.w3.org/TR/xhtml1/DTD/xhtml1-transitional.dtd">
<html lang="ja" xmlns:og="http://ogp.me/ns#" xmlns:mixi="http://mixi-platform.com/ns#" xmlns:fb="http://www.facebook.com/2008/fbml">
<head>
<!---京--->
<meta http-equiv="Content-Type" content="text/html; charset=utf-8">
<meta http-equiv="Content-Style-Type" content="text/css">
<meta http-equiv="Content-Script-Type" content="text/javascript">
<title>Yahoo!スポーツ - プロ野球</title>
<meta name="description" content="ソフトバンク vs 日本ハムのテキスト速報。一球速報、結果、セ・リーグ、パ・リーグの日程、順位、個人成績、プロ野球に関連した最新ニュース、写真ニュースなどの情報が満載な、Yahoo!スポーツ プロ野球サイトのテキスト速報ページです。">
<meta name="keywords" content="テキスト速報,速報,中継,ソフトバンク,日本ハム,プロ野球,野球">
<link rel="stylesheet" href="http://i.yimg.jp/images/sports/baseball/npb/live/css/master-npb-live-common.css" type="text/css" media="all">
<link rel="stylesheet" href="http://i.yimg.jp/images/sports/baseball/npb/css/master-npb-common.css" type="text/css" media="all">


<meta property="og:title"       content="Yahoo!プロ野球 - 2013年7月4日 ソフトバンクvs.日本ハム テキスト速報" />
<meta property="og:type"        content="website" />
<meta property="og:url"         content="http://baseball.yahoo.co.jp/npb/game/2013070406/text" /> 
<meta property="og:image"       content="http://i.yimg.jp/images/sports/promo/pc/facebook/baseball_76x76.png" />
<meta property="og:site_name"   content="Yahoo!スポーツ" />
<meta property="og:description" content="" />
<meta property="og:locale"      content="ja_JP" />
<meta property="fb:app_id"      content="215456371901325" />
<link rel="apple-touch-icon" href="http://i.yimg.jp/images/sports/promo/pc/facebook/baseball.png">
<script type="text/javascript" src="http://i.yimg.jp/images/sports/js/jquery-1.3.2.min.js"></script><script type="text/javascript" src="http://i.yimg.jp/images/sports/v1/js/sports.global-1.1.1.js"></script>
</head>
<body class="yj950-2">

<div id="wrapper"><div id="contents-body" class="yjSNLive">
<!--main start-->
<div id="main">

<!-- ローカルナビ -->
<div id="ch-navi" class="clearfix mb5p">
<ul class="clearfix">

<li><span><a href="/npb/game/2013070406/top"">試合トップ</a></span></li><!--ナビアクティブ-->

<li class="gray"><span><a>一球速報</a></span></li>


<li class="on"><span><a>テキスト速報</a></span></li>


<li><span><a href="/npb/game/2013070406/stats">投打詳細</a></span></li>

 
<li><span><a href="http://rd.yahoo.co.jp/media/sports/baseball/npb/live/tab/comment/SIG=11u2mn1ov/*http%3A//textream.yahoo.co.jp/rd/sports/npb/?game=2013070406">コメント</a></span></li>


</ul>
<em><a href="/npb/schedule/?date=20130704">7月4日（木）</a>ソフトバンク vs. 日本ハム</em>
</div>

<!-- /ローカルナビ -->

<!-- スコアボード -->
<div id="yjSNLiveTextscoreboard">

<div class="inner">
<table width="100%" cellspacing="0" cellpadding="0" border="0">

<tbody><tr class="chs-title yjS">
<th>&nbsp;</th>
<th>1</th>
<th>2</th>
<th>3</th>
<th>4</th>
<th>5</th>
<th>6</th>
<th>7</th>
<th>8</th>
<th>9</th>
<th>計</th>
<th>安</th>
<th>失</th>
</tr>
<tr class="yjMS">
<th class="F">
<b><a href="/npb/teams/8/">日本ハム</a></b></th><!--チーム選択-->


<td>
<a href=http://rd.yahoo.co.jp/media/sports/baseball/npb/live/sokuho/SIG=11oq96hut/*http%3A//baseball.yahoo.co.jp/npb/game/2013070406/text#i1>0</a>
</td>
<td>
<a href=http://rd.yahoo.co.jp/media/sports/baseball/npb/live/sokuho/SIG=11oq96hut/*http%3A//baseball.yahoo.co.jp/npb/game/2013070406/text#i2>0</a>
</td>
<td>
<a href=http://rd.yahoo.co.jp/media/sports/baseball/npb/live/sokuho/SIG=11oq96hut/*http%3A//baseball.yahoo.co.jp/npb/game/2013070406/text#i3>2</a>
</td>
<td>
<a href=http://rd.yahoo.co.jp/media/sports/baseball/npb/live/sokuho/SIG=11oq96hut/*http%3A//baseball.yahoo.co.jp/npb/game/2013070406/text#i4>0</a>
</td>
<td>
<a href=http://rd.yahoo.co.jp/media/sports/baseball/npb/live/sokuho/SIG=11oq96hut/*http%3A//baseball.yahoo.co.jp/npb/game/2013070406/text#i5>0</a>
</td>
<td>
<a href=http://rd.yahoo.co.jp/media/sports/baseball/npb/live/sokuho/SIG=11oq96hut/*http%3A//baseball.yahoo.co.jp/npb/game/2013070406/text#i6>0</a>
</td>
<td>
<a href=http://rd.yahoo.co.jp/media/sports/baseball/npb/live/sokuho/SIG=11oq96hut/*http%3A//baseball.yahoo.co.jp/npb/game/2013070406/text#i7>0</a>
</td>
<td>
<a href=http://rd.yahoo.co.jp/media/sports/baseball/npb/live/sokuho/SIG=11oq96hut/*http%3A//baseball.yahoo.co.jp/npb/game/2013070406/text#i8>2</a>
</td>
<td>
<a href=http://rd.yahoo.co.jp/media/sports/baseball/npb/live/sokuho/SIG=11oq96hut/*http%3A//baseball.yahoo.co.jp/npb/game/2013070406/text#i9>0</a>
</td>
<td class="sum">4</td>
<td class="fwn">10</td>
<td class="fwn">0</td>
</tr>
<tr class="yjMS">
<th class="H">

<b><a href="/npb/teams/12/">ソフトバンク</a></b></th><!--チーム選択-->
<td>
<a href=http://rd.yahoo.co.jp/media/sports/baseball/npb/live/sokuho/SIG=11oq96hut/*http%3A//baseball.yahoo.co.jp/npb/game/2013070406/text#ii1>0</a>
</td>
<td>
<a href=http://rd.yahoo.co.jp/media/sports/baseball/npb/live/sokuho/SIG=11oq96hut/*http%3A//baseball.yahoo.co.jp/npb/game/2013070406/text#ii2>0</a>
</td>
<td>
<a href=http://rd.yahoo.co.jp/media/sports/baseball/npb/live/sokuho/SIG=11oq96hut/*http%3A//baseball.yahoo.co.jp/npb/game/2013070406/text#ii3>0</a>
</td>
<td>
<a href=http://rd.yahoo.co.jp/media/sports/baseball/npb/live/sokuho/SIG=11oq96hut/*http%3A//baseball.yahoo.co.jp/npb/game/2013070406/text#ii4>0</a>
</td>
<td>
<a href=http://rd.yahoo.co.jp/media/sports/baseball/npb/live/sokuho/SIG=11oq96hut/*http%3A//baseball.yahoo.co.jp/npb/game/2013070406/text#ii5>0</a>
</td>
<td>
<a href=http://rd.yahoo.co.jp/media/sports/baseball/npb/live/sokuho/SIG=11oq96hut/*http%3A//baseball.yahoo.co.jp/npb/game/2013070406/text#ii6>1</a>
</td>
<td>
<a href=http://rd.yahoo.co.jp/media/sports/baseball/npb/live/sokuho/SIG=11oq96hut/*http%3A//baseball.yahoo.co.jp/npb/game/2013070406/text#ii7>0</a>
</td>
<td>
<a href=http://rd.yahoo.co.jp/media/sports/baseball/npb/live/sokuho/SIG=11oq96hut/*http%3A//baseball.yahoo.co.jp/npb/game/2013070406/text#ii8>2</a>
</td>
<td>
<a href=http://rd.yahoo.co.jp/media/sports/baseball/npb/live/sokuho/SIG=11oq96hut/*http%3A//baseball.yahoo.co.jp/npb/game/2013070406/text#ii9>0</a>
</td>
<td class="sum">3</td>
<td class="fwn">12</td>
<td class="fwn">0</td>
</tr>

</tbody></table>
</div>


<div class="navi clearfix">

<div class="column-left">
</div>

<div class="column-right">

<div class="reflesh clearfix">
<ul class="clearfix">
<li class="auto" title="自動更新"><a id="btn_auto" href="http://rd.yahoo.co.jp/media/sports/baseball/npb/live/auto/SIG=11oq96hut/*http%3A//baseball.yahoo.co.jp/npb/game/2013070406/text?manual=2"><i>自動更新</i></a></li>
<li class="manual-on" title="手動更新"><a><i>手動更新</i></a></li>
<li title="更新" class="btn_reflesh"><a href="http://rd.yahoo.co.jp/media/sports/baseball/npb/live/refresh/SIG=11oq96hut/*http%3A//baseball.yahoo.co.jp/npb/game/2013070406/text?manual=1"><i>更新</i></a></li>
</ul>
<em>自動更新：30秒</em>
</div>

</div>
</div>

</div>
<!-- /スコアボード -->


<!-- テキスト速報 -->
<div class="yjSportsCommonTitle"><h3 class="yjS"><span><strong>テキスト速報</strong></span></h3></div><div id="yjSNLiveTextlive" class="yjMS">

<div id="i1" class="item F clearfix"><!--チーム選択--><!--イニングid-->
<div class="title"><h3 class="yjS"><b>1回表</b>　日本ハムの攻撃</h3></div>
<ul>
<li>1：試合開始</li>
<li>2：<a href="/npb/player?id=600037">陽</a>　内角高めのストレートを打つもセンターフライ 1アウト</li>
<li>3：<a href="/npb/player?id=700094">大引</a>　内角の球を打つもレフトフライ 2アウト</li>
<li>4：<a href="/npb/player?id=11331">稲葉</a>　内角の真っ直ぐを打つもライトフライ 3アウトチェンジ</li>
</ul>
<div class="score yjS">
<p>得点: 0、 ヒット:0、 四死球:0</p>
</div>
      
<div class="anker"><a href="#wrapper">ページトップへ</a></div>
</div>
<div id="yads_67572_1441_position_01"></div><div id="ii1" class="item H clearfix"><!--チーム選択--><!--イニングid-->
<div class="title"><h3 class="yjS"><b>1回裏</b>　ソフトバンクの攻撃</h3></div>
<ul>
<li>1：<a href="/npb/player?id=800081">中村</a>　低めのストレートを見送りフォアボールを選ぶ 1塁</li>
<li>2：<a href="/npb/player?id=600087">本多</a>　レフトへのヒットで出塁 1,2塁</li>
<li>3：<a href="/npb/player?id=11983">内川</a>　ファーストゴロ 1アウト2,3塁</li>
<li>4：<a href="/npb/player?id=600084">松田</a>　ランナー2,3塁から内角高めの変化球を打つもサードライナー 2アウト</li>
<li>5：<a href="/npb/player?id=700101">長谷川</a>　一打先制の場面で高めのボール球につられて空振り三振 3アウトチェンジ</li>
</ul>
<div class="score yjS">
<p>得点:0 、 ヒット:<span class="red">1</span> 、 四死球:1</p>
</div>
</div>
<div id="i2" class="item F clearfix"><!--チーム選択--><!--イニングid-->
<div class="title"><h3 class="yjS"><b>2回表</b>　日本ハムの攻撃</h3></div>
<ul>
<li>1：<a href="/npb/player?id=800054">中田</a>　外角の変化球を打つもライトフライ 1アウト</li>
<li>2：<a href="/npb/player?id=20227">小谷野</a>　フェンス直撃の二塁打を放つ 2塁</li>
<li>3：<a href="/npb/player?id=700063">今浪</a>　ファーストゴロ 2アウト3塁</li>
<li>4：<a href="/npb/player?id=20225">鶴岡</a>　一打先制の場面で高めの真っ直ぐを打つもライトフライ 3アウトチェンジ</li>
</ul>
<div class="score yjS">
<p>得点: 0、 ヒット:<span class="red">1</span>、 四死球:0</p>
</div>
      
<div class="anker"><a href="#wrapper">ページトップへ</a></div>
</div>
<div id="ii2" class="item H clearfix"><!--チーム選択--><!--イニングid-->
<div class="title"><h3 class="yjS"><b>2回裏</b>　ソフトバンクの攻撃</h3></div>
<ul>
<li>1：<a href="/npb/player?id=500012">江川</a>　外角低めにズバっと決まり見逃し三振 1アウト</li>
<li>2：<a href="/npb/player?id=1200126">ラヘア</a>　外角のストレートを打つもレフトフライ 2アウト</li>
<li>3：<a href="/npb/player?id=1000035">今宮</a>　153キロのストレートを打つもセカンドフライ 3アウトチェンジ</li>
</ul>
<div class="score yjS">
<p>得点:0 、 ヒット:0 、 四死球:0</p>
</div>
</div>
<div id="i3" class="item F clearfix"><!--チーム選択--><!--イニングid-->
<div class="title"><h3 class="yjS"><b>3回表</b>　日本ハムの攻撃</h3></div>
<ul>
<li>1：<a href="/npb/player?id=1000103">谷口</a>　空振りの三振を喫する 1アウト</li>
<li>2：<a href="/npb/player?id=900069">中島卓</a>　レフトへのヒットを放つ 1塁</li>
<li>3：<a href="/npb/player?id=600037">陽</a>　ショートゴロ 2アウト2塁</li>
<li>4：<b class="red"><a href="/npb/player?id=700094">大引</a>　ランナー2塁からレフトへの先制タイムリーヒット！ ソ0-1日 2塁</b></li>
<li>5：<b class="red"><a href="/npb/player?id=11331">稲葉</a>　2アウト2塁の3-2からタイムリーツーベース！ ソ0-2日 2塁</b></li>
<li>6：<a href="/npb/player?id=800054">中田</a>　内角低めのストレートを打つもセンターフライ 3アウトチェンジ</li>
</ul>
<div class="score yjS">
<p>得点: <b class="red">2</b>、 ヒット:<span class="red">3</span>、 四死球:0</p>
</div>
      
<div class="anker"><a href="#wrapper">ページトップへ</a></div>
</div>
<div id="ii3" class="item H clearfix"><!--チーム選択--><!--イニングid-->
<div class="title"><h3 class="yjS"><b>3回裏</b>　ソフトバンクの攻撃</h3></div>
<ul>
<li>1：<a href="/npb/player?id=12100">細川</a>　セカンドゴロ 1アウト</li>
<li>2：<a href="/npb/player?id=800081">中村</a>　内角のスライダーを打つもショートフライ 2アウト</li>
<li>3：<a href="/npb/player?id=600087">本多</a>　レフトへのヒットで出塁 1塁</li>
<li>4：一塁走者本多:盗塁成功 2塁</li>
<li>5：二塁走者本多:盗塁成功 3塁</li>
<li>6：<a href="/npb/player?id=11983">内川</a>　7球粘った末に四球を選ぶ 1,3塁</li>
<li>7：<a href="/npb/player?id=600084">松田</a>　ど真ん中のストレートを打つもセンターフライ 3アウトチェンジ</li>
</ul>
<div class="score yjS">
<p>得点:0 、 ヒット:<span class="red">1</span> 、 四死球:1</p>
</div>
</div>
<div id="i4" class="item F clearfix"><!--チーム選択--><!--イニングid-->
<div class="title"><h3 class="yjS"><b>4回表</b>　日本ハムの攻撃</h3></div>
<ul>
<li>1：<a href="/npb/player?id=20227">小谷野</a>　サードゴロ 1アウト</li>
<li>2：<a href="/npb/player?id=700063">今浪</a>　外角の真っ直ぐに空振り三振でバッターアウト 2アウト</li>
<li>3：<a href="/npb/player?id=20225">鶴岡</a>　サードゴロ 3アウトチェンジ</li>
</ul>
<div class="score yjS">
<p>得点: 0、 ヒット:0、 四死球:0</p>
</div>
      
<div class="anker"><a href="#wrapper">ページトップへ</a></div>
</div>
<div id="ii4" class="item H clearfix"><!--チーム選択--><!--イニングid-->
<div class="title"><h3 class="yjS"><b>4回裏</b>　ソフトバンクの攻撃</h3></div>
<ul>
<li>1：<a href="/npb/player?id=700101">長谷川</a>　センターへのヒットで出塁 1塁</li>
<li>2：<a href="/npb/player?id=500012">江川</a>　4-6-3のダブルプレー 2アウト</li>
<li>3：<a href="/npb/player?id=1200126">ラヘア</a>　外角のストレートを打つもセンターフライ 3アウトチェンジ</li>
</ul>
<div class="score yjS">
<p>得点:0 、 ヒット:<span class="red">1</span> 、 四死球:0</p>
</div>
</div>
<div id="i5" class="item F clearfix"><!--チーム選択--><!--イニングid-->
<div class="title"><h3 class="yjS"><b>5回表</b>　日本ハムの攻撃</h3></div>
<ul>
<li>1：<a href="/npb/player?id=1000103">谷口</a>　ボテボテのファーストゴロ 1アウト</li>
<li>2：<a href="/npb/player?id=900069">中島卓</a>　ショートゴロ 2アウト</li>
<li>3：<a href="/npb/player?id=600037">陽</a>　死球を受ける 1塁</li>
<li>4：一塁走者陽:盗塁成功 2塁</li>
<li>5：<a href="/npb/player?id=700094">大引</a>　外角のカーブに全くタイミング合わず空振り三振！決定機を逃す 3アウトチェンジ</li>
</ul>
<div class="score yjS">
<p>得点: 0、 ヒット:0、 四死球:1</p>
</div>
      
<div class="anker"><a href="#wrapper">ページトップへ</a></div>
</div>
<div id="ii5" class="item H clearfix"><!--チーム選択--><!--イニングid-->
<div class="title"><h3 class="yjS"><b>5回裏</b>　ソフトバンクの攻撃</h3></div>
<ul>
<li>1：<a href="/npb/player?id=1000035">今宮</a>　ボテボテのサードゴロ 1アウト</li>
<li>2：<a href="/npb/player?id=12100">細川</a>　150キロの真っ直ぐを打つもセンターフライ 2アウト</li>
<li>3：<a href="/npb/player?id=800081">中村</a>　センターへのヒットで出塁 1塁</li>
<li>4：<a href="/npb/player?id=600087">本多</a>　ショートゴロ 3アウトチェンジ</li>
</ul>
<div class="score yjS">
<p>得点:0 、 ヒット:<span class="red">1</span> 、 四死球:0</p>
</div>
</div>
<div id="i6" class="item F clearfix"><!--チーム選択--><!--イニングid-->
<div class="title"><h3 class="yjS"><b>6回表</b>　日本ハムの攻撃</h3></div>
<ul>
<li>1：<a href="/npb/player?id=11331">稲葉</a>　外角のストレートを打つもセンターフライ 1アウト</li>
<li>2：<a href="/npb/player?id=800054">中田</a>　サードゴロ 2アウト</li>
<li>3：<a href="/npb/player?id=20227">小谷野</a>　ど真ん中のスライダーを打つもセンターフライ 3アウトチェンジ</li>
</ul>
<div class="score yjS">
<p>得点: 0、 ヒット:0、 四死球:0</p>
</div>
      
<div class="anker"><a href="#wrapper">ページトップへ</a></div>
</div>
<div id="ii6" class="item H clearfix"><!--チーム選択--><!--イニングid-->
<div class="title"><h3 class="yjS"><b>6回裏</b>　ソフトバンクの攻撃</h3></div>
<ul>
<li>1：<a href="/npb/player?id=11983">内川</a>　セカンドゴロ 1アウト</li>
<li>2：<a href="/npb/player?id=600084">松田</a>　つまった打球はセカンドゴロ 2アウト</li>
<li>3：<a href="/npb/player?id=700101">長谷川</a>　センターへのヒットで出塁 1塁</li>
<li>4：<a href="/npb/player?id=500012">江川</a>　粘りを見せて8球目にフォアボールを選ぶ 1,2塁</li>
<li>5：<b class="red"><a href="/npb/player?id=1200126">ラヘア</a>　2アウト1,2塁の1-2からセンターへのタイムリーヒット ソ1-2日 1,3塁</b></li>
<li>6：<a href="/npb/player?id=1000035">今宮</a>　一度もバットを振ることなくストレートのフォアボールを選ぶ 満塁</li>
<li>7：<b class="green">バッター細川に代わり、「若鷹軍団のラッキーボーイ」福田</b></li>
<li>8：<b class="green">投手交代:大谷→石井</b></li>
<li>9：<b class="green">代打福田に代わり、パンチ力が魅力の中西</b></li>
<li>10：<a href="/npb/player?id=500010">中西</a>　一打逆転の場面でサードゴロ 3アウトチェンジ</li>
</ul>
<div class="score yjS">
<p>得点:<b class="red">1</b> 、 ヒット:<span class="red">2</span> 、 四死球:2</p>
</div>
</div>
<div id="i7" class="item F clearfix"><!--チーム選択--><!--イニングid-->
<div class="title"><h3 class="yjS"><b>7回表</b>　日本ハムの攻撃</h3></div>
<ul>
<li>1：<b class="green">守備交代:キャッチャー山崎</b></li>
<li>2：<a href="/npb/player?id=700063">今浪</a>　ショートへの内野安打 1塁</li>
<li>3：<a href="/npb/player?id=20225">鶴岡</a>　送りバントを試みるもファウルフライとなりアウト 1アウト</li>
<li>4：<a href="/npb/player?id=1000103">谷口</a>　低めの落ちる球を打つもセカンドゴロ 2アウト2塁</li>
<li>5：<a href="/npb/player?id=900069">中島卓</a>　セカンドゴロ 3アウトチェンジ</li>
</ul>
<div class="score yjS">
<p>得点: 0、 ヒット:<span class="red">1</span>、 四死球:0</p>
</div>
      
<div class="anker"><a href="#wrapper">ページトップへ</a></div>
</div>
<div id="ii7" class="item H clearfix"><!--チーム選択--><!--イニングid-->
<div class="title"><h3 class="yjS"><b>7回裏</b>　ソフトバンクの攻撃</h3></div>
<ul>
<li>1：<b class="green">ピッチャー石井に代わって宮西がマウンドにあがる</b></li>
<li>2：<a href="/npb/player?id=800081">中村</a>　外角のストレートを打つもピッチャーゴロ 1アウト</li>
<li>3：<a href="/npb/player?id=600087">本多</a>　ヒット 1塁</li>
<li>4：<a href="/npb/player?id=11983">内川</a>　外角のストレートを打つもライトフライ 2アウト</li>
<li>5：宮西(投):暴投 2塁</li>
<li>6：<a href="/npb/player?id=600084">松田</a>　敬遠ぎみのフォアボールで歩かされる 1,2塁</li>
<li>7：<a href="/npb/player?id=700101">長谷川</a>　一打同点の場面でセカンドゴロ 3アウトチェンジ</li>
</ul>
<div class="score yjS">
<p>得点:0 、 ヒット:<span class="red">1</span> 、 四死球:1</p>
</div>
</div>
<div id="i8" class="item F clearfix"><!--チーム選択--><!--イニングid-->
<div class="title"><h3 class="yjS"><b>8回表</b>　日本ハムの攻撃</h3></div>
<ul>
<li>1：<a href="/npb/player?id=600037">陽</a>　内角のストレートを打つもライトフライ 1アウト</li>
<li>2：<a href="/npb/player?id=700094">大引</a>　デッドボールを受ける 1塁</li>
<li>3：<b class="green">投手交代:大場→森福</b></li>
<li>4：<a href="/npb/player?id=11331">稲葉</a>　外角の変化球を打つもライトフライ 2アウト</li>
<li>5：<b class="red"><a href="/npb/player?id=800054">中田</a>　カウント2-0からレフトスタンドへの２ランホームラン ソ1-4日</b></li>
<li>6：<a href="/npb/player?id=20227">小谷野</a>　内野安打 1塁</li>
<li>7：<b class="green">バッター今浪に代わり、監督の思いに応える飯山</b></li>
<li>8：<a href="/npb/player?id=11686">飯山</a>　センターへのヒット 1,2塁</li>
<li>9：<b class="green">ピッチャー森福に代わって「まかふしぎな投球」嘉弥真がマウンドにあがる</b></li>
<li>10：<a href="/npb/player?id=20225">鶴岡</a>　ランナー1,2塁からヒット 満塁</li>
<li>11：<a href="/npb/player?id=1000103">谷口</a>　カウント2-2から空振りの三振を喫する 3アウトチェンジ</li>
</ul>
<div class="score yjS">
<p>得点: <b class="red">2</b>、 ヒット:<span class="red">4</span>、 四死球:1</p>
</div>
      
<div class="anker"><a href="#wrapper">ページトップへ</a></div>
</div>
<div id="ii8" class="item H clearfix"><!--チーム選択--><!--イニングid-->
<div class="title"><h3 class="yjS"><b>8回裏</b>　ソフトバンクの攻撃</h3></div>
<ul>
<li>1：<b class="green">ピッチャー宮西に代わって増井がマウンドにあがる　守備変更:飯山→サード</b></li>
<li>2：<a href="/npb/player?id=500012">江川</a>　150キロの真っ直ぐを打つもライトフライ 1アウト</li>
<li>3：<a href="/npb/player?id=1200126">ラヘア</a>　外角のフォークボールに空振り三振でバッターアウト 2アウト</li>
<li>4：<a href="/npb/player?id=1000035">今宮</a>　ライトへのヒットで出塁 1塁</li>
<li>5：<a href="/npb/player?id=12055">山崎</a>　外角高めの球をレフトへ打ってヒット 1,2塁</li>
<li>6：<b class="red"><a href="/npb/player?id=800081">中村</a>　ランナー1,2塁の1-1からタイムリーツーベース！ ソ2-4日 2,3塁</b></li>
<li>7：<b class="red"><a href="/npb/player?id=600087">本多</a>　2アウト2,3塁の2-2からライトへのタイムリーヒット ソ3-4日 1,3塁</b></li>
<li>8：<a href="/npb/player?id=11983">内川</a>　一打同点の場面で151キロのストレートを打つもセカンドゴロ 3アウトチェンジ</li>
</ul>
<div class="score yjS">
<p>得点:<b class="red">2</b> 、 ヒット:<span class="red">4</span> 、 四死球:0</p>
</div>
</div>
<div id="i9" class="item F clearfix"><!--チーム選択--><!--イニングid-->
<div class="title"><h3 class="yjS"><b>9回表</b>　日本ハムの攻撃</h3></div>
<ul>
<li>1：<a href="/npb/player?id=900069">中島卓</a>　レフトへのヒットを放つ 1塁</li>
<li>2：<b class="green">投手交代:嘉弥真→金沢</b></li>
<li>3：<a href="/npb/player?id=600037">陽</a>　ショートゴロ 1アウト2塁</li>
<li>4：<a href="/npb/player?id=700094">大引</a>　右打ちのバッティングを見せセカンドゴロ 2アウト3塁</li>
<li>5：<a href="/npb/player?id=11331">稲葉</a>　2アウト3塁から高めのフォークボールを打つもセンターフライ 3アウトチェンジ</li>
</ul>
<div class="score yjS">
<p>得点: 0、 ヒット:<span class="red">1</span>、 四死球:0</p>
</div>
      
<div class="anker"><a href="#wrapper">ページトップへ</a></div>
</div>
<div id="ii9" class="item H clearfix"><!--チーム選択--><!--イニングid-->
<div class="title"><h3 class="yjS"><b>9回裏</b>　ソフトバンクの攻撃</h3></div>
<ul>
<li>1：<b class="green">ピッチャー増井に代わって「北の守護神」武田久がマウンドにあがる</b></li>
<li>2：<a href="/npb/player?id=600084">松田</a>　内角のシュートを打つもサードゴロ 1アウト</li>
<li>3：<a href="/npb/player?id=700101">長谷川</a>　ワンバウンドした球を空振り三振 2アウト</li>
<li>4：<a href="/npb/player?id=500012">江川</a>　内角のシュートをレフトへ打ってヒット 1塁</li>
<li>5：<a href="/npb/player?id=1200126">ラヘア</a>　一発出れば逆転サヨナラの場面で外角の落ちる球に空振り三振でバッターアウト ゲームセット</li>
<li>6：試合終了</li>
</ul>
<div class="score yjS">
<p>得点:0 、 ヒット:<span class="red">1</span> 、 四死球:0</p>
</div>
</div>
</div>
<!-- テキスト速報 -->

<div id="yads_67572_1441_position_02"></div>
</div><!--/#main-->
<!--main end-->

<!--sub start-->
<div id="sub">
<!-- SpaceID=0 robot -->
<!--/#pos-lrec-->

<!-- 他球団モジュール -->
<div class="yjSNLiveCommonsubtitle"><h4 class="yjS"><span>7/4(木)　そのほかの試合</span></h4></div>
<div id="yjSNLiveOthergame">
<table width=100% cellpadding=0 cellspacing=0 border=0>
<tr><td class=''><a alt='そのほかの試合' href='/npb/game/2013070401/'><dl>
<dt><b>Ｄ</b></dt>
<dd><b>7</b> - 0</dd>
<dt>ヤ</dt>
</dl>
<div class="none">結果</div></a></td>
<td class=''><a alt='そのほかの試合' href='/npb/game/2013070402/'><dl>
<dt><b>中</b></dt>
<dd><b>6</b> - 2</dd>
<dt>広</dt>
</dl>
<div class="none">結果</div></a></td>
<td class=''><a alt='そのほかの試合' href='/npb/game/2013070403/'><dl>
<dt>神</dt>
<dd>0 - <b>1</b></dd>
<dt><b>巨</b></dt>
</dl>
<div class="none">結果</div></a></td>
</tr><tr><td class=''><a alt='そのほかの試合' href='/npb/game/2013070404/'><dl>
<dt><b>楽</b></dt>
<dd><b>8</b> - 4</dd>
<dt>ロ</dt>
</dl>
<div class="none">結果</div></a></td>
<td class=''><a alt='そのほかの試合' href='/npb/game/2013070405/'><dl>
<dt>オ</dt>
<dd>2 - <b>7</b></dd>
<dt><b>西</b></dt>
</dl>
<div class="none">結果</div></a></td>
<td class='act'><dl>
<dt>ソ</dt>
<dd>3 - <b>4</b></dd>
<dt><b>日</b></dt>
</dl>
<div>観戦中</div></td>
</tr></table>
</div>

<!-- /他球団モジュール -->
<!--打順-->
<div class="yjSNLiveCommonsubtitle"><h4 class="yjS"><span>打順</span></h4></div>
<div id="yjSNLiveBattinglist" class="clearfix">

<table class="column-left" width=100% cellpadding=0 cellspacing=0 border=0>
<tr class="teamborder">
<th colspan=3 class="F">&nbsp;</th>
<th colspan=3 class="H">&nbsp;</th>
</tr>
<tr class="teamlogo">
<th colspan=3 class="F"><a href="/npb/teams/8/">日本ハム</a></th>
<th colspan=3 class="H"><a href="/npb/teams/12/">ソフトバンク</a></th>
</tr>

<tr>
<td class="nm">1</td>
<td>中</td>
<td class="pn"><a href="/npb/player?id=600037">陽岱鋼</a></td>
<td class="nm">1</td>
<td>左</td>
<td class="pn"><a href="/npb/player?id=800081">中村晃</a></td>
</tr>
<tr>
<td class="nm">2</td>
<td>遊</td>
<td class="pn"><a href="/npb/player?id=700094">大引啓次</a></td>
<td class="nm">2</td>
<td>二</td>
<td class="pn"><a href="/npb/player?id=600087">本多雄一</a></td>
</tr>
<tr>
<td class="nm">3</td>
<td>指</td>
<td class="pn"><a href="/npb/player?id=11331">稲葉篤紀</a></td>
<td class="nm">3</td>
<td>指</td>
<td class="pn"><a href="/npb/player?id=11983">内川聖一</a></td>
</tr>
<tr>
<td class="nm">4</td>
<td>左</td>
<td class="pn"><a href="/npb/player?id=800054">中田翔</a></td>
<td class="nm">4</td>
<td>三</td>
<td class="pn"><a href="/npb/player?id=600084">松田宣浩</a></td>
</tr>
<tr>
<td class="nm">5</td>
<td>一</td>
<td class="pn"><a href="/npb/player?id=20227">小谷野栄一</a></td>
<td class="nm">5</td>
<td>中</td>
<td class="pn"><a href="/npb/player?id=700101">長谷川勇也</a></td>
</tr>
<tr>
<td class="nm">6</td>
<td>三</td>
<td class="pn"><a href="/npb/player?id=11686">飯山裕志</a></td>
<td class="nm">6</td>
<td>右</td>
<td class="pn"><a href="/npb/player?id=500012">江川智晃</a></td>
</tr>
<tr>
<td class="nm">7</td>
<td>捕</td>
<td class="pn"><a href="/npb/player?id=20225">鶴岡慎也</a></td>
<td class="nm act">7</td>
<td class="act">一</td>
<td class="pn act"><a href="/npb/player?id=1200126">ラヘア</a></td>
</tr>
<tr>
<td class="nm">8</td>
<td>右</td>
<td class="pn"><a href="/npb/player?id=1000103">谷口雄也</a></td>
<td class="nm">8</td>
<td>遊</td>
<td class="pn"><a href="/npb/player?id=1000035">今宮健太</a></td>
</tr>
<tr>
<td class="nm">9</td>
<td>二</td>
<td class="pn"><a href="/npb/player?id=900069">中島卓也</a></td>
<td class="nm">9</td>
<td>捕</td>
<td class="pn"><a href="/npb/player?id=12055">山崎勝己</a></td>
</tr>

</table>

</div>

<!--打順-->

<!--ゲーム差-->
<!--ゲーム差-->


<!--球団情報-->

<!-- /新IM -->

</div><!--/#contents-body-->

 
</div><!-- Facebook -->
<div id="fb-root"></div>
<!-- / Facebook -->
</body>
</html>
