<!DOCTYPE html PUBLIC "-//W3C//DTD XHTML 1.0 Transitional//EN" "http://www.w3.org/TR/xhtml1/DTD/xhtml1-transitional.dtd">
<html lang="ja" xmlns:og="http://ogp.me/ns#" xmlns:mixi="http://mixi-platform.com/ns#" xmlns:fb="http://www.facebook.com/2008/fbml">
<head>
<!---京--->
<meta http-equiv="Content-Type" content="text/html; charset=utf-8">
<meta http-equiv="Content-Style-Type" content="text/css">
<meta http-equiv="Content-Script-Type" content="text/javascript">
<title>Yahoo!スポーツ - プロ野球</title>
<meta name="description" content="オリックス vs 西武のテキスト速報。一球速報、結果、セ・リーグ、パ・リーグの日程、順位、個人成績、プロ野球に関連した最新ニュース、写真ニュースなどの情報が満載な、Yahoo!スポーツ プロ野球サイトのテキスト速報ページです。">
<meta name="keywords" content="テキスト速報,速報,中継,オリックス,西武,プロ野球,野球">
<link rel="stylesheet" href="http://i.yimg.jp/images/sports/baseball/npb/live/css/master-npb-live-common.css" type="text/css" media="all">
<link rel="stylesheet" href="http://i.yimg.jp/images/sports/baseball/npb/css/master-npb-common.css" type="text/css" media="all">


<meta property="og:title"       content="Yahoo!プロ野球 - 2013年7月3日 オリックスvs.西武 テキスト速報" />
<meta property="og:type"        content="website" />
<meta property="og:url"         content="http://baseball.yahoo.co.jp/npb/game/2013070305/text" /> 
<meta property="og:image"       content="http://i.yimg.jp/images/sports/promo/pc/facebook/baseball_76x76.png" />
<meta property="og:site_name"   content="Yahoo!スポーツ" />
<meta property="og:description" content="" />
<meta property="og:locale"      content="ja_JP" />
<meta property="fb:app_id"      content="215456371901325" />
<link rel="apple-touch-icon" href="http://i.yimg.jp/images/sports/promo/pc/facebook/baseball.png">
<script type="text/javascript" src="http://i.yimg.jp/images/sports/js/jquery-1.3.2.min.js"></script><script type="text/javascript" src="http://i.yimg.jp/images/sports/v1/js/sports.global-1.1.1.js"></script>
</head>
<body class="yj950-2">

<div id="wrapper"><div id="contents-body" class="yjSNLive">
<!--main start-->
<div id="main">

<!-- ローカルナビ -->
<div id="ch-navi" class="clearfix mb5p">
<ul class="clearfix">

<li><span><a href="/npb/game/2013070305/top"">試合トップ</a></span></li><!--ナビアクティブ-->

<li class="gray"><span><a>一球速報</a></span></li>


<li class="on"><span><a>テキスト速報</a></span></li>


<li><span><a href="/npb/game/2013070305/stats">投打詳細</a></span></li>

 
<li><span><a href="http://rd.yahoo.co.jp/media/sports/baseball/npb/live/tab/comment/SIG=11u66ka33/*http%3A//textream.yahoo.co.jp/rd/sports/npb/?game=2013070305">コメント</a></span></li>


</ul>
<em><a href="/npb/schedule/?date=20130703">7月3日（水）</a>オリックス vs. 西武</em>
</div>

<!-- /ローカルナビ -->

<!-- スコアボード -->
<div id="yjSNLiveTextscoreboard">

<div class="inner">
<table width="100%" cellspacing="0" cellpadding="0" border="0">

<tbody><tr class="chs-title yjS">
<th>&nbsp;</th>
<th>1</th>
<th>2</th>
<th>3</th>
<th>4</th>
<th>5</th>
<th>6</th>
<th>7</th>
<th>8</th>
<th>9</th>
<th>計</th>
<th>安</th>
<th>失</th>
</tr>
<tr class="yjMS">
<th class="L">
<b><a href="/npb/teams/7/">西武</a></b></th><!--チーム選択-->


<td>
<a href=http://rd.yahoo.co.jp/media/sports/baseball/npb/live/sokuho/SIG=11ohssmdn/*http%3A//baseball.yahoo.co.jp/npb/game/2013070305/text#i1>0</a>
</td>
<td>
<a href=http://rd.yahoo.co.jp/media/sports/baseball/npb/live/sokuho/SIG=11ohssmdn/*http%3A//baseball.yahoo.co.jp/npb/game/2013070305/text#i2>0</a>
</td>
<td>
<a href=http://rd.yahoo.co.jp/media/sports/baseball/npb/live/sokuho/SIG=11ohssmdn/*http%3A//baseball.yahoo.co.jp/npb/game/2013070305/text#i3>3</a>
</td>
<td>
<a href=http://rd.yahoo.co.jp/media/sports/baseball/npb/live/sokuho/SIG=11ohssmdn/*http%3A//baseball.yahoo.co.jp/npb/game/2013070305/text#i4>0</a>
</td>
<td>
<a href=http://rd.yahoo.co.jp/media/sports/baseball/npb/live/sokuho/SIG=11ohssmdn/*http%3A//baseball.yahoo.co.jp/npb/game/2013070305/text#i5>5</a>
</td>
<td>
<a href=http://rd.yahoo.co.jp/media/sports/baseball/npb/live/sokuho/SIG=11ohssmdn/*http%3A//baseball.yahoo.co.jp/npb/game/2013070305/text#i6>1</a>
</td>
<td>
<a href=http://rd.yahoo.co.jp/media/sports/baseball/npb/live/sokuho/SIG=11ohssmdn/*http%3A//baseball.yahoo.co.jp/npb/game/2013070305/text#i7>0</a>
</td>
<td>
<a href=http://rd.yahoo.co.jp/media/sports/baseball/npb/live/sokuho/SIG=11ohssmdn/*http%3A//baseball.yahoo.co.jp/npb/game/2013070305/text#i8>0</a>
</td>
<td>
<a href=http://rd.yahoo.co.jp/media/sports/baseball/npb/live/sokuho/SIG=11ohssmdn/*http%3A//baseball.yahoo.co.jp/npb/game/2013070305/text#i9>0</a>
</td>
<td class="sum">9</td>
<td class="fwn">11</td>
<td class="fwn">0</td>
</tr>
<tr class="yjMS">
<th class="Bs">

<b><a href="/npb/teams/11/">オリックス</a></b></th><!--チーム選択-->
<td>
<a href=http://rd.yahoo.co.jp/media/sports/baseball/npb/live/sokuho/SIG=11ohssmdn/*http%3A//baseball.yahoo.co.jp/npb/game/2013070305/text#ii1>0</a>
</td>
<td>
<a href=http://rd.yahoo.co.jp/media/sports/baseball/npb/live/sokuho/SIG=11ohssmdn/*http%3A//baseball.yahoo.co.jp/npb/game/2013070305/text#ii2>0</a>
</td>
<td>
<a href=http://rd.yahoo.co.jp/media/sports/baseball/npb/live/sokuho/SIG=11ohssmdn/*http%3A//baseball.yahoo.co.jp/npb/game/2013070305/text#ii3>0</a>
</td>
<td>
<a href=http://rd.yahoo.co.jp/media/sports/baseball/npb/live/sokuho/SIG=11ohssmdn/*http%3A//baseball.yahoo.co.jp/npb/game/2013070305/text#ii4>0</a>
</td>
<td>
<a href=http://rd.yahoo.co.jp/media/sports/baseball/npb/live/sokuho/SIG=11ohssmdn/*http%3A//baseball.yahoo.co.jp/npb/game/2013070305/text#ii5>2</a>
</td>
<td>
<a href=http://rd.yahoo.co.jp/media/sports/baseball/npb/live/sokuho/SIG=11ohssmdn/*http%3A//baseball.yahoo.co.jp/npb/game/2013070305/text#ii6>0</a>
</td>
<td>
<a href=http://rd.yahoo.co.jp/media/sports/baseball/npb/live/sokuho/SIG=11ohssmdn/*http%3A//baseball.yahoo.co.jp/npb/game/2013070305/text#ii7>2</a>
</td>
<td>
<a href=http://rd.yahoo.co.jp/media/sports/baseball/npb/live/sokuho/SIG=11ohssmdn/*http%3A//baseball.yahoo.co.jp/npb/game/2013070305/text#ii8>0</a>
</td>
<td>
<a href=http://rd.yahoo.co.jp/media/sports/baseball/npb/live/sokuho/SIG=11ohssmdn/*http%3A//baseball.yahoo.co.jp/npb/game/2013070305/text#ii9>0</a>
</td>
<td class="sum">4</td>
<td class="fwn">4</td>
<td class="fwn">1</td>
</tr>

</tbody></table>
</div>


<div class="navi clearfix">

<div class="column-left">
</div>

<div class="column-right">

<div class="reflesh clearfix">
<ul class="clearfix">
<li class="auto" title="自動更新"><a id="btn_auto" href="http://rd.yahoo.co.jp/media/sports/baseball/npb/live/auto/SIG=11ohssmdn/*http%3A//baseball.yahoo.co.jp/npb/game/2013070305/text?manual=2"><i>自動更新</i></a></li>
<li class="manual-on" title="手動更新"><a><i>手動更新</i></a></li>
<li title="更新" class="btn_reflesh"><a href="http://rd.yahoo.co.jp/media/sports/baseball/npb/live/refresh/SIG=11ohssmdn/*http%3A//baseball.yahoo.co.jp/npb/game/2013070305/text?manual=1"><i>更新</i></a></li>
</ul>
<em>自動更新：30秒</em>
</div>

</div>
</div>

</div>
<!-- /スコアボード -->


<!-- テキスト速報 -->
<div class="yjSportsCommonTitle"><h3 class="yjS"><span><strong>テキスト速報</strong></span></h3></div><div id="yjSNLiveTextlive" class="yjMS">

<div id="i1" class="item L clearfix"><!--チーム選択--><!--イニングid-->
<div class="title"><h3 class="yjS"><b>1回表</b>　西武の攻撃</h3></div>
<ul>
<li>1：試合開始</li>
<li>2：<a href="/npb/player?id=1200011">ヘルマン</a>　センターへのヒットで出塁 1塁</li>
<li>3：<a href="/npb/player?id=1200083">金子</a>　バルディリス(三)のファンブルにより出塁する 1,2塁</li>
<li>4：<a href="/npb/player?id=12102">栗山</a>　外角の真っ直ぐに見逃し三振 1アウト</li>
<li>5：二塁走者ヘルマン:盗塁成功 1,3塁</li>
<li>6：<a href="/npb/player?id=900056">浅村</a>　外角の真っ直ぐを見送り四球を選ぶ 満塁</li>
<li>7：<a href="/npb/player?id=1200125">スピリー</a>　内角のストレートを打つもダブルプレー 3アウトチェンジ</li>
</ul>
<div class="score yjS">
<p>得点: 0、 ヒット:<span class="red">1</span>、 四死球:1</p>
</div>
      
<div class="anker"><a href="#wrapper">ページトップへ</a></div>
</div>
<div id="yads_67572_1441_position_01"></div><div id="ii1" class="item Bs clearfix"><!--チーム選択--><!--イニングid-->
<div class="title"><h3 class="yjS"><b>1回裏</b>　オリックスの攻撃</h3></div>
<ul>
<li>1：<a href="/npb/player?id=1000108">駿太</a>　低めのチェンジアップに空振り三振でバッターアウト 1アウト</li>
<li>2：<a href="/npb/player?id=700067">原拓</a>　内角の真っ直ぐを打つもライトフライ 2アウト</li>
<li>3：<a href="/npb/player?id=400057">糸井</a>　外角のストレートを打つもライトフライ 3アウトチェンジ</li>
</ul>
<div class="score yjS">
<p>得点:0 、 ヒット:0 、 四死球:0</p>
</div>
</div>
<div id="i2" class="item L clearfix"><!--チーム選択--><!--イニングid-->
<div class="title"><h3 class="yjS"><b>2回表</b>　西武の攻撃</h3></div>
<ul>
<li>1：<a href="/npb/player?id=1000150">秋山</a>　外角のスライダーを打つもセカンドライナー 1アウト</li>
<li>2：<a href="/npb/player?id=1000152">林崎</a>　内角のストレートを打つもファーストフライ 2アウト</li>
<li>3：<a href="/npb/player?id=600026">炭谷</a>　外角のストレートを打つもセカンドゴロ 3アウトチェンジ</li>
</ul>
<div class="score yjS">
<p>得点: 0、 ヒット:0、 四死球:0</p>
</div>
      
<div class="anker"><a href="#wrapper">ページトップへ</a></div>
</div>
<div id="ii2" class="item Bs clearfix"><!--チーム選択--><!--イニングid-->
<div class="title"><h3 class="yjS"><b>2回裏</b>　オリックスの攻撃</h3></div>
<ul>
<li>1：<a href="/npb/player?id=700389">李大浩</a>　外角のチェンジアップに空振り三振でバッターアウト 1アウト</li>
<li>2：<a href="/npb/player?id=20199">坂口</a>　高めのストレートを打つもレフトフライ 2アウト</li>
<li>3：<a href="/npb/player?id=800103">バルディリス</a>　内角のストレートに見逃し三振 3アウトチェンジ</li>
</ul>
<div class="score yjS">
<p>得点:0 、 ヒット:0 、 四死球:0</p>
</div>
</div>
<div id="i3" class="item L clearfix"><!--チーム選択--><!--イニングid-->
<div class="title"><h3 class="yjS"><b>3回表</b>　西武の攻撃</h3></div>
<ul>
<li>1：<a href="/npb/player?id=800015">鬼崎</a>　ハーフスイングを取られて空振り三振でバッターアウト 1アウト</li>
<li>2：<a href="/npb/player?id=1200011">ヘルマン</a>　センターへのヒットで出塁 1塁</li>
<li>3：一塁走者ヘルマン:盗塁成功 2塁</li>
<li>4：<a href="/npb/player?id=1200083">金子</a>　ワンバウンドした球を空振り三振 2アウト</li>
<li>5：<b class="red"><a href="/npb/player?id=12102">栗山</a>　ランナー2塁の2-1からライトへのタイムリーヒットで西武先制！ オ0-1西 1塁</b></li>
<li>6：<b class="red"><a href="/npb/player?id=900056">浅村</a>　1-1から左中間への２ランホームラン オ0-3西</b></li>
<li>7：<a href="/npb/player?id=1200125">スピリー</a>　高めのストレートを打つもライトフライ 3アウトチェンジ</li>
</ul>
<div class="score yjS">
<p>得点: <b class="red">3</b>、 ヒット:<span class="red">3</span>、 四死球:0</p>
</div>
      
<div class="anker"><a href="#wrapper">ページトップへ</a></div>
</div>
<div id="ii3" class="item Bs clearfix"><!--チーム選択--><!--イニングid-->
<div class="title"><h3 class="yjS"><b>3回裏</b>　オリックスの攻撃</h3></div>
<ul>
<li>1：<a href="/npb/player?id=600024">Ｔ－岡田</a>　外角のストレートに見逃し三振 1アウト</li>
<li>2：<a href="/npb/player?id=1100105">安達</a>　内角のスライダーを打つもレフトフライ 2アウト</li>
<li>3：<a href="/npb/player?id=1200100">伏見</a>　外角のスライダーを打つもセカンドゴロ 3アウトチェンジ</li>
</ul>
<div class="score yjS">
<p>得点:0 、 ヒット:0 、 四死球:0</p>
</div>
</div>
<div id="i4" class="item L clearfix"><!--チーム選択--><!--イニングid-->
<div class="title"><h3 class="yjS"><b>4回表</b>　西武の攻撃</h3></div>
<ul>
<li>1：<a href="/npb/player?id=1000150">秋山</a>　ボテボテのファーストゴロ 1アウト</li>
<li>2：<a href="/npb/player?id=1000152">林崎</a>　内角のストレートを打つもサードゴロ 2アウト</li>
<li>3：<a href="/npb/player?id=600026">炭谷</a>　低めの真っ直ぐを打つもセカンドゴロ 3アウトチェンジ</li>
</ul>
<div class="score yjS">
<p>得点: 0、 ヒット:0、 四死球:0</p>
</div>
      
<div class="anker"><a href="#wrapper">ページトップへ</a></div>
</div>
<div id="ii4" class="item Bs clearfix"><!--チーム選択--><!--イニングid-->
<div class="title"><h3 class="yjS"><b>4回裏</b>　オリックスの攻撃</h3></div>
<ul>
<li>1：<a href="/npb/player?id=1000108">駿太</a>　外角のストレートを打つもセンターフライ 1アウト</li>
<li>2：<a href="/npb/player?id=700067">原拓</a>　低めのチェンジアップを見送り四球を選ぶ 1塁</li>
<li>3：<a href="/npb/player?id=400057">糸井</a>　内角のスライダーを打つもライトフライ 2アウト</li>
<li>4：<a href="/npb/player?id=700389">李大浩</a>　内角のストレートを打つもレフトフライ 3アウトチェンジ</li>
</ul>
<div class="score yjS">
<p>得点:0 、 ヒット:0 、 四死球:1</p>
</div>
</div>
<div id="i5" class="item L clearfix"><!--チーム選択--><!--イニングid-->
<div class="title"><h3 class="yjS"><b>5回表</b>　西武の攻撃</h3></div>
<ul>
<li>1：<a href="/npb/player?id=800015">鬼崎</a>　つまった打球はピッチャーへの平凡なゴロとなる 1アウト</li>
<li>2：<a href="/npb/player?id=1200011">ヘルマン</a>　一度もバットを振ることなくフォアボールを選ぶ 1塁</li>
<li>3：<a href="/npb/player?id=1200083">金子</a>　低めのストレートを打つもショートゴロ 2アウト2塁</li>
<li>4：<a href="/npb/player?id=12102">栗山</a>　粘りを見せて8球目にフォアボールを選ぶ 1,2塁</li>
<li>5：<b class="green">投手交代:松葉→森本</b></li>
<li>6：<a href="/npb/player?id=900056">浅村</a>　一度もバットを振ることなくストレートのフォアボールを選ぶ 満塁</li>
<li>7：<b class="red"><a href="/npb/player?id=1200125">スピリー</a>　暴投による振り逃げの間に三塁走者生還 オ0-4西 満塁</b></li>
<li>8：<b class="red"><a href="/npb/player?id=1000150">秋山</a>　2アウト満塁の0-1からライトへのタイムリーヒット オ0-6西 1,3塁</b></li>
<li>9：<a href="/npb/player?id=1000152">林崎</a>　フォアボールを選ぶ 満塁</li>
<li>10：<b class="red"><a href="/npb/player?id=600026">炭谷</a>　ランナーフルベースの1-2からレフトへのタイムリーヒット オ0-8西 1,2塁</b></li>
<li>11：<b class="green">投手交代:森本→前田</b></li>
<li>12：<a href="/npb/player?id=800015">鬼崎</a>　カウント1-2からワンバウンドした球を空振り三振 3アウトチェンジ</li>
</ul>
<div class="score yjS">
<p>得点: <b class="red">5</b>、 ヒット:<span class="red">2</span>、 四死球:4</p>
</div>
      
<div class="anker"><a href="#wrapper">ページトップへ</a></div>
</div>
<div id="ii5" class="item Bs clearfix"><!--チーム選択--><!--イニングid-->
<div class="title"><h3 class="yjS"><b>5回裏</b>　オリックスの攻撃</h3></div>
<ul>
<li>1：<a href="/npb/player?id=20199">坂口</a>　外角の落ちる球を打つもサードフライ 1アウト</li>
<li>2：<a href="/npb/player?id=800103">バルディリス</a>　ど真ん中のチェンジアップを打つもキャッチャーフライ 2アウト</li>
<li>3：<a href="/npb/player?id=600024">Ｔ－岡田</a>　ワイルドピッチによる振り逃げ 1塁</li>
<li>4：<b class="red"><a href="/npb/player?id=1100105">安達</a>　2-2からレフトスタンドへの２ランホームラン オ2-8西</b></li>
<li>5：<a href="/npb/player?id=1200100">伏見</a>　センターへのヒットで出塁 1塁</li>
<li>6：<a href="/npb/player?id=1000108">駿太</a>　外角のチェンジアップを打つもセカンドゴロ 3アウトチェンジ</li>
</ul>
<div class="score yjS">
<p>得点:<b class="red">2</b> 、 ヒット:<span class="red">2</span> 、 四死球:0</p>
</div>
</div>
<div id="i6" class="item L clearfix"><!--チーム選択--><!--イニングid-->
<div class="title"><h3 class="yjS"><b>6回表</b>　西武の攻撃</h3></div>
<ul>
<li>1：<a href="/npb/player?id=1200011">ヘルマン</a>　内角のカーブを打つもサードゴロ 1アウト</li>
<li>2：<a href="/npb/player?id=1200083">金子</a>　ライトへのヒットを放つ 1塁</li>
<li>3：<a href="/npb/player?id=12102">栗山</a>　外角のスライダーを打つもレフトフライ 2アウト</li>
<li>4：一塁走者金子:盗塁成功 2塁</li>
<li>5：<b class="red"><a href="/npb/player?id=900056">浅村</a>　2アウト2塁の1-1からライトへのタイムリーヒット オ2-9西 2塁</b></li>
<li>6：<a href="/npb/player?id=1200125">スピリー</a>　ランナー2塁からショートへの内野安打 1,3塁</li>
<li>7：<a href="/npb/player?id=1000150">秋山</a>　2アウト1,3塁から高めの変化球を打つもレフトフライ 3アウトチェンジ</li>
</ul>
<div class="score yjS">
<p>得点: <b class="red">1</b>、 ヒット:<span class="red">3</span>、 四死球:0</p>
</div>
      
<div class="anker"><a href="#wrapper">ページトップへ</a></div>
</div>
<div id="ii6" class="item Bs clearfix"><!--チーム選択--><!--イニングid-->
<div class="title"><h3 class="yjS"><b>6回裏</b>　オリックスの攻撃</h3></div>
<ul>
<li>1：<a href="/npb/player?id=700067">原拓</a>　ワンバウンドした球を空振り三振 1アウト</li>
<li>2：<a href="/npb/player?id=400057">糸井</a>　低めの変化球に空振り三振でバッターアウト 2アウト</li>
<li>3：<a href="/npb/player?id=700389">李大浩</a>　ボテボテのピッチャーゴロ 3アウトチェンジ</li>
</ul>
<div class="score yjS">
<p>得点:0 、 ヒット:0 、 四死球:0</p>
</div>
</div>
<div id="i7" class="item L clearfix"><!--チーム選択--><!--イニングid-->
<div class="title"><h3 class="yjS"><b>7回表</b>　西武の攻撃</h3></div>
<ul>
<li>1：<b class="green">広範なポジションを守る山本がファーストの守備につく</b></li>
<li>2：<a href="/npb/player?id=1000152">林崎</a>　センターへのヒットで出塁 1塁</li>
<li>3：<a href="/npb/player?id=600026">炭谷</a>　低めの変化球を打つも4-6-3のダブルプレー 2アウト</li>
<li>4：<a href="/npb/player?id=800015">鬼崎</a>　ワンバウンドした球を空振り三振 3アウトチェンジ</li>
</ul>
<div class="score yjS">
<p>得点: 0、 ヒット:<span class="red">1</span>、 四死球:0</p>
</div>
      
<div class="anker"><a href="#wrapper">ページトップへ</a></div>
</div>
<div id="ii7" class="item Bs clearfix"><!--チーム選択--><!--イニングid-->
<div class="title"><h3 class="yjS"><b>7回裏</b>　オリックスの攻撃</h3></div>
<ul>
<li>1：<a href="/npb/player?id=20199">坂口</a>　ライトへのヒットで出塁 1塁</li>
<li>2：<b class="red"><a href="/npb/player?id=800103">バルディリス</a>　カウント2-1からレフトスタンドへの２ランホームラン オ4-9西</b></li>
<li>3：<a href="/npb/player?id=600024">Ｔ－岡田</a>　ボテボテのピッチャーゴロ 1アウト</li>
<li>4：<a href="/npb/player?id=1100105">安達</a>　内角のストレートを打つもレフトフライ 2アウト</li>
<li>5：<a href="/npb/player?id=1200100">伏見</a>　つまった打球はショートゴロ 3アウトチェンジ</li>
</ul>
<div class="score yjS">
<p>得点:<b class="red">2</b> 、 ヒット:<span class="red">2</span> 、 四死球:0</p>
</div>
</div>
<div id="i8" class="item L clearfix"><!--チーム選択--><!--イニングid-->
<div class="title"><h3 class="yjS"><b>8回表</b>　西武の攻撃</h3></div>
<ul>
<li>1：<b class="green">ピッチャー前田に代わって丁寧に低めに集める小松がマウンドにあがる</b></li>
<li>2：<a href="/npb/player?id=1200011">ヘルマン</a>　低めのフォークボールを打つもサードゴロ 1アウト</li>
<li>3：<a href="/npb/player?id=1200083">金子</a>　一度もバットを振ることなく四球を選ぶ 1塁</li>
<li>4：一塁走者金子:盗塁を試みるもアウト 2アウト</li>
<li>5：<a href="/npb/player?id=12102">栗山</a>　空振りの三振を喫する 3アウトチェンジ</li>
</ul>
<div class="score yjS">
<p>得点: 0、 ヒット:0、 四死球:1</p>
</div>
      
<div class="anker"><a href="#wrapper">ページトップへ</a></div>
</div>
<div id="ii8" class="item Bs clearfix"><!--チーム選択--><!--イニングid-->
<div class="title"><h3 class="yjS"><b>8回裏</b>　オリックスの攻撃</h3></div>
<ul>
<li>1：<b class="green">投手交代:野上→ウィリアムス　守備交代:ショート永江　守備変更:鬼崎ショート→セカンド</b></li>
<li>2：<b class="green">駿太→代打:宮崎</b></li>
<li>3：<a href="/npb/player?id=1000110">宮崎</a>　外角のシュートに見逃し三振でバッターアウト！ 1アウト</li>
<li>4：<b class="green">原拓→代打:高橋信</b></li>
<li>5：<a href="/npb/player?id=11548">高橋信</a>　死球を受ける 1塁</li>
<li>6：<a href="/npb/player?id=400057">糸井</a>　ど真ん中のカットボールを打つもセンターフライ 2アウト</li>
<li>7：<a href="/npb/player?id=900019">山本</a>　空振りの三振を喫する 3アウトチェンジ</li>
</ul>
<div class="score yjS">
<p>得点:0 、 ヒット:0 、 四死球:1</p>
</div>
</div>
<div id="i9" class="item L clearfix"><!--チーム選択--><!--イニングid-->
<div class="title"><h3 class="yjS"><b>9回表</b>　西武の攻撃</h3></div>
<ul>
<li>1：<b class="green">守備変更:宮崎→レフト　守備変更:高橋信→ファースト　守備変更:山本ファースト→ショート　守備変更:坂口レフト→センター　守備変更:安達ショート→セカンド</b></li>
<li>2：<a href="/npb/player?id=900056">浅村</a>　レフトへのヒットで出塁 1塁</li>
<li>3：<a href="/npb/player?id=1200125">スピリー</a>　内角のフォークボールに空振り三振でバッターアウト 1アウト</li>
<li>4：<a href="/npb/player?id=1000150">秋山</a>　内角の真っ直ぐに見逃し三振 2アウト</li>
<li>5：<a href="/npb/player?id=1000152">林崎</a>　内角のストレートを打つもライトフライ 3アウトチェンジ</li>
</ul>
<div class="score yjS">
<p>得点: 0、 ヒット:<span class="red">1</span>、 四死球:0</p>
</div>
      
<div class="anker"><a href="#wrapper">ページトップへ</a></div>
</div>
<div id="ii9" class="item Bs clearfix"><!--チーム選択--><!--イニングid-->
<div class="title"><h3 class="yjS"><b>9回裏</b>　オリックスの攻撃</h3></div>
<ul>
<li>1：<b class="green">投手交代:ウィリアムス→サファテ　守備交代:ライト熊代</b></li>
<li>2：<a href="/npb/player?id=20199">坂口</a>　外角のストレートを打つもセカンドゴロ 1アウト</li>
<li>3：<a href="/npb/player?id=800103">バルディリス</a>　8球粘るも外角高めのストレートに空振り三振 2アウト</li>
<li>4：<a href="/npb/player?id=600024">Ｔ－岡田</a>　ワンバウンドした球に空振り、三振を喫する ゲームセット</li>
<li>5：試合終了</li>
</ul>
<div class="score yjS">
<p>得点:0 、 ヒット:0 、 四死球:0</p>
</div>
</div>
</div>
<!-- テキスト速報 -->

<div id="yads_67572_1441_position_02"></div>
</div><!--/#main-->
<!--main end-->

<!--sub start-->
<div id="sub">
<!-- SpaceID=0 robot -->
<!--/#pos-lrec-->

<!-- 他球団モジュール -->
<div class="yjSNLiveCommonsubtitle"><h4 class="yjS"><span>7/3(水)　そのほかの試合</span></h4></div>
<div id="yjSNLiveOthergame">
<table width=100% cellpadding=0 cellspacing=0 border=0>
<tr><td class=''><a alt='そのほかの試合' href='/npb/game/2013070301/'><dl>
<dt>Ｄ</dt>
<dd>6 - <b>8</b></dd>
<dt><b>ヤ</b></dt>
</dl>
<div class="none">結果</div></a></td>
<td class=''><a alt='そのほかの試合' href='/npb/game/2013070302/'><dl>
<dt>中</dt>
<dd>2 - <b>3</b></dd>
<dt><b>広</b></dt>
</dl>
<div class="none">結果</div></a></td>
<td class=''><a alt='そのほかの試合' href='/npb/game/2013070303/'><dl>
<dt>神</dt>
<dd> - </dd>
<dt>巨</dt>
</dl>
<div class="none">中止</div></a></td>
</tr><tr><td class=''><a alt='そのほかの試合' href='/npb/game/2013070304/'><dl>
<dt>楽</dt>
<dd> - </dd>
<dt>ロ</dt>
</dl>
<div class="none">中止</div></a></td>
<td class='act'><dl>
<dt>オ</dt>
<dd>4 - <b>9</b></dd>
<dt><b>西</b></dt>
</dl>
<div>観戦中</div></td>
<td class=''><a alt='そのほかの試合' href='/npb/game/2013070306/'><dl>
<dt>ソ</dt>
<dd>3 - <b>6</b></dd>
<dt><b>日</b></dt>
</dl>
<div class="none">結果</div></a></td>
</tr></table>
</div>

<!-- /他球団モジュール -->
<!--打順-->
<div class="yjSNLiveCommonsubtitle"><h4 class="yjS"><span>打順</span></h4></div>
<div id="yjSNLiveBattinglist" class="clearfix">

<table class="column-left" width=100% cellpadding=0 cellspacing=0 border=0>
<tr class="teamborder">
<th colspan=3 class="L">&nbsp;</th>
<th colspan=3 class="Bs">&nbsp;</th>
</tr>
<tr class="teamlogo">
<th colspan=3 class="L"><a href="/npb/teams/7/">西武</a></th>
<th colspan=3 class="Bs"><a href="/npb/teams/11/">オリックス</a></th>
</tr>

<tr>
<td class="nm">1</td>
<td>指</td>
<td class="pn"><a href="/npb/player?id=1200011">ヘルマン</a></td>
<td class="nm">1</td>
<td>左</td>
<td class="pn"><a href="/npb/player?id=1000110">宮崎祐樹</a></td>
</tr>
<tr>
<td class="nm">2</td>
<td>遊</td>
<td class="pn"><a href="/npb/player?id=1100092">永江恭平</a></td>
<td class="nm">2</td>
<td>一</td>
<td class="pn"><a href="/npb/player?id=11548">高橋信二</a></td>
</tr>
<tr>
<td class="nm">3</td>
<td>左</td>
<td class="pn"><a href="/npb/player?id=12102">栗山巧</a></td>
<td class="nm">3</td>
<td>右</td>
<td class="pn"><a href="/npb/player?id=400057">糸井嘉男</a></td>
</tr>
<tr>
<td class="nm">4</td>
<td>一</td>
<td class="pn"><a href="/npb/player?id=900056">浅村栄斗</a></td>
<td class="nm">4</td>
<td>遊</td>
<td class="pn"><a href="/npb/player?id=900019">山本和作</a></td>
</tr>
<tr>
<td class="nm">5</td>
<td>右</td>
<td class="pn"><a href="/npb/player?id=1000153">熊代聖人</a></td>
<td class="nm">5</td>
<td>中</td>
<td class="pn"><a href="/npb/player?id=20199">坂口智隆</a></td>
</tr>
<tr>
<td class="nm">6</td>
<td>中</td>
<td class="pn"><a href="/npb/player?id=1000150">秋山翔吾</a></td>
<td class="nm">6</td>
<td>三</td>
<td class="pn"><a href="/npb/player?id=800103">バルディリス</a></td>
</tr>
<tr>
<td class="nm">7</td>
<td>三</td>
<td class="pn"><a href="/npb/player?id=1000152">林崎遼</a></td>
<td class="nm act">7</td>
<td class="act">指</td>
<td class="pn act"><a href="/npb/player?id=600024">Ｔ−岡田</a></td>
</tr>
<tr>
<td class="nm">8</td>
<td>捕</td>
<td class="pn"><a href="/npb/player?id=600026">炭谷銀仁朗</a></td>
<td class="nm">8</td>
<td>二</td>
<td class="pn"><a href="/npb/player?id=1100105">安達了一</a></td>
</tr>
<tr>
<td class="nm">9</td>
<td>二</td>
<td class="pn"><a href="/npb/player?id=800015">鬼崎裕司</a></td>
<td class="nm">9</td>
<td>捕</td>
<td class="pn"><a href="/npb/player?id=1200100">伏見寅威</a></td>
</tr>

</table>

</div>

<!--打順-->

<!--ゲーム差-->
<!--ゲーム差-->


<!--球団情報-->

<!-- /新IM -->

</div><!--/#contents-body-->

 
</div><!-- Facebook -->
<div id="fb-root"></div>
<!-- / Facebook -->
</body>
</html>
